{"C:\\Users\\lasit\\OneDrive\\Documents\\IDEs\\VS Code\\Task-Management-System\\notifications-management\\src\\config\\emailConfig.js": {"path":"C:\\Users\\lasit\\OneDrive\\Documents\\IDEs\\VS Code\\Task-Management-System\\notifications-management\\src\\config\\emailConfig.js","statementMap":{"0":{"start":{"line":1,"column":19},"end":{"line":1,"column":40}},"1":{"start":{"line":3,"column":0},"end":{"line":3,"column":27}},"2":{"start":{"line":11,"column":37},"end":{"line":11,"column":48}},"3":{"start":{"line":13,"column":4},"end":{"line":19,"column":5}},"4":{"start":{"line":14,"column":8},"end":{"line":17,"column":10}},"5":{"start":{"line":18,"column":8},"end":{"line":18,"column":20}},"6":{"start":{"line":21,"column":4},"end":{"line":27,"column":7}},"7":{"start":{"line":30,"column":20},"end":{"line":30,"column":39}},"8":{"start":{"line":32,"column":0},"end":{"line":32,"column":29}}},"fnMap":{"0":{"name":"createTransporter","decl":{"start":{"line":10,"column":9},"end":{"line":10,"column":26}},"loc":{"start":{"line":10,"column":29},"end":{"line":28,"column":1}},"line":10}},"branchMap":{"0":{"loc":{"start":{"line":13,"column":4},"end":{"line":19,"column":5}},"type":"if","locations":[{"start":{"line":13,"column":4},"end":{"line":19,"column":5}},{"start":{},"end":{}}],"line":13},"1":{"loc":{"start":{"line":13,"column":8},"end":{"line":13,"column":32}},"type":"binary-expr","locations":[{"start":{"line":13,"column":8},"end":{"line":13,"column":18}},{"start":{"line":13,"column":22},"end":{"line":13,"column":32}}],"line":13}},"s":{"0":1,"1":1,"2":1,"3":1,"4":0,"5":0,"6":1,"7":1,"8":1},"f":{"0":1},"b":{"0":[0,1],"1":[1,1]},"_coverageSchema":"1a1c01bbd47fc00a2c39e90264f33305004495a9","hash":"46ff92e29e13e4cb51ef208e3981af422fb7c1fa"}
,"C:\\Users\\lasit\\OneDrive\\Documents\\IDEs\\VS Code\\Task-Management-System\\notifications-management\\src\\controllers\\notificationController.js": {"path":"C:\\Users\\lasit\\OneDrive\\Documents\\IDEs\\VS Code\\Task-Management-System\\notifications-management\\src\\controllers\\notificationController.js","statementMap":{"0":{"start":{"line":1,"column":30},"end":{"line":1,"column":59}},"1":{"start":{"line":4,"column":18},"end":{"line":4,"column":45}},"2":{"start":{"line":5,"column":4},"end":{"line":5,"column":27}},"3":{"start":{"line":6,"column":4},"end":{"line":6,"column":17}},"4":{"start":{"line":16,"column":8},"end":{"line":16,"column":43}},"5":{"start":{"line":18,"column":8},"end":{"line":18,"column":65}},"6":{"start":{"line":19,"column":8},"end":{"line":19,"column":71}},"7":{"start":{"line":20,"column":8},"end":{"line":20,"column":69}},"8":{"start":{"line":21,"column":8},"end":{"line":21,"column":53}},"9":{"start":{"line":22,"column":8},"end":{"line":22,"column":59}},"10":{"start":{"line":23,"column":8},"end":{"line":23,"column":69}},"11":{"start":{"line":24,"column":8},"end":{"line":24,"column":61}},"12":{"start":{"line":25,"column":8},"end":{"line":25,"column":61}},"13":{"start":{"line":26,"column":8},"end":{"line":26,"column":67}},"14":{"start":{"line":30,"column":8},"end":{"line":45,"column":36}},"15":{"start":{"line":31,"column":73},"end":{"line":31,"column":82}},"16":{"start":{"line":32,"column":12},"end":{"line":34,"column":13}},"17":{"start":{"line":33,"column":16},"end":{"line":33,"column":45}},"18":{"start":{"line":36,"column":33},"end":{"line":36,"column":98}},"19":{"start":{"line":37,"column":27},"end":{"line":43,"column":14}},"20":{"start":{"line":44,"column":12},"end":{"line":44,"column":115}},"21":{"start":{"line":45,"column":24},"end":{"line":45,"column":34}},"22":{"start":{"line":49,"column":8},"end":{"line":52,"column":36}},"23":{"start":{"line":50,"column":33},"end":{"line":50,"column":99}},"24":{"start":{"line":51,"column":12},"end":{"line":51,"column":72}},"25":{"start":{"line":52,"column":24},"end":{"line":52,"column":34}},"26":{"start":{"line":56,"column":8},"end":{"line":59,"column":36}},"27":{"start":{"line":57,"column":33},"end":{"line":57,"column":80}},"28":{"start":{"line":58,"column":12},"end":{"line":58,"column":121}},"29":{"start":{"line":59,"column":24},"end":{"line":59,"column":34}},"30":{"start":{"line":63,"column":8},"end":{"line":66,"column":36}},"31":{"start":{"line":64,"column":33},"end":{"line":64,"column":90}},"32":{"start":{"line":65,"column":12},"end":{"line":65,"column":125}},"33":{"start":{"line":66,"column":24},"end":{"line":66,"column":34}},"34":{"start":{"line":70,"column":8},"end":{"line":78,"column":36}},"35":{"start":{"line":71,"column":36},"end":{"line":71,"column":44}},"36":{"start":{"line":72,"column":12},"end":{"line":74,"column":13}},"37":{"start":{"line":73,"column":16},"end":{"line":73,"column":45}},"38":{"start":{"line":76,"column":27},"end":{"line":76,"column":72}},"39":{"start":{"line":77,"column":12},"end":{"line":77,"column":110}},"40":{"start":{"line":78,"column":24},"end":{"line":78,"column":34}},"41":{"start":{"line":82,"column":8},"end":{"line":85,"column":36}},"42":{"start":{"line":83,"column":12},"end":{"line":83,"column":78}},"43":{"start":{"line":84,"column":12},"end":{"line":84,"column":101}},"44":{"start":{"line":85,"column":24},"end":{"line":85,"column":34}},"45":{"start":{"line":89,"column":8},"end":{"line":97,"column":36}},"46":{"start":{"line":90,"column":36},"end":{"line":90,"column":45}},"47":{"start":{"line":91,"column":12},"end":{"line":93,"column":13}},"48":{"start":{"line":92,"column":16},"end":{"line":92,"column":45}},"49":{"start":{"line":95,"column":27},"end":{"line":95,"column":73}},"50":{"start":{"line":96,"column":12},"end":{"line":96,"column":66}},"51":{"start":{"line":97,"column":24},"end":{"line":97,"column":34}},"52":{"start":{"line":101,"column":8},"end":{"line":108,"column":36}},"53":{"start":{"line":102,"column":12},"end":{"line":104,"column":13}},"54":{"start":{"line":103,"column":16},"end":{"line":103,"column":45}},"55":{"start":{"line":106,"column":26},"end":{"line":106,"column":102}},"56":{"start":{"line":107,"column":12},"end":{"line":107,"column":113}},"57":{"start":{"line":108,"column":24},"end":{"line":108,"column":34}},"58":{"start":{"line":112,"column":8},"end":{"line":119,"column":36}},"59":{"start":{"line":113,"column":12},"end":{"line":115,"column":13}},"60":{"start":{"line":114,"column":16},"end":{"line":114,"column":45}},"61":{"start":{"line":117,"column":26},"end":{"line":117,"column":115}},"62":{"start":{"line":118,"column":12},"end":{"line":118,"column":113}},"63":{"start":{"line":119,"column":24},"end":{"line":119,"column":34}},"64":{"start":{"line":123,"column":0},"end":{"line":123,"column":40}}},"fnMap":{"0":{"name":"createForbiddenError","decl":{"start":{"line":3,"column":9},"end":{"line":3,"column":29}},"loc":{"start":{"line":3,"column":32},"end":{"line":7,"column":1}},"line":3},"1":{"name":"(anonymous_1)","decl":{"start":{"line":15,"column":4},"end":{"line":15,"column":5}},"loc":{"start":{"line":15,"column":37},"end":{"line":27,"column":5}},"line":15},"2":{"name":"(anonymous_2)","decl":{"start":{"line":29,"column":4},"end":{"line":29,"column":5}},"loc":{"start":{"line":29,"column":43},"end":{"line":46,"column":5}},"line":29},"3":{"name":"(anonymous_3)","decl":{"start":{"line":48,"column":4},"end":{"line":48,"column":5}},"loc":{"start":{"line":48,"column":46},"end":{"line":53,"column":5}},"line":48},"4":{"name":"(anonymous_4)","decl":{"start":{"line":55,"column":4},"end":{"line":55,"column":5}},"loc":{"start":{"line":55,"column":45},"end":{"line":60,"column":5}},"line":55},"5":{"name":"(anonymous_5)","decl":{"start":{"line":62,"column":4},"end":{"line":62,"column":5}},"loc":{"start":{"line":62,"column":37},"end":{"line":67,"column":5}},"line":62},"6":{"name":"(anonymous_6)","decl":{"start":{"line":69,"column":4},"end":{"line":69,"column":5}},"loc":{"start":{"line":69,"column":40},"end":{"line":79,"column":5}},"line":69},"7":{"name":"(anonymous_7)","decl":{"start":{"line":81,"column":4},"end":{"line":81,"column":5}},"loc":{"start":{"line":81,"column":45},"end":{"line":86,"column":5}},"line":81},"8":{"name":"(anonymous_8)","decl":{"start":{"line":88,"column":4},"end":{"line":88,"column":5}},"loc":{"start":{"line":88,"column":41},"end":{"line":98,"column":5}},"line":88},"9":{"name":"(anonymous_9)","decl":{"start":{"line":100,"column":4},"end":{"line":100,"column":5}},"loc":{"start":{"line":100,"column":41},"end":{"line":109,"column":5}},"line":100},"10":{"name":"(anonymous_10)","decl":{"start":{"line":111,"column":4},"end":{"line":111,"column":5}},"loc":{"start":{"line":111,"column":44},"end":{"line":120,"column":5}},"line":111}},"branchMap":{"0":{"loc":{"start":{"line":32,"column":12},"end":{"line":34,"column":13}},"type":"if","locations":[{"start":{"line":32,"column":12},"end":{"line":34,"column":13}},{"start":{},"end":{}}],"line":32},"1":{"loc":{"start":{"line":32,"column":16},"end":{"line":32,"column":58}},"type":"binary-expr","locations":[{"start":{"line":32,"column":16},"end":{"line":32,"column":27}},{"start":{"line":32,"column":31},"end":{"line":32,"column":58}}],"line":32},"2":{"loc":{"start":{"line":36,"column":33},"end":{"line":36,"column":98}},"type":"cond-expr","locations":[{"start":{"line":36,"column":53},"end":{"line":36,"column":57}},{"start":{"line":36,"column":60},"end":{"line":36,"column":98}}],"line":36},"3":{"loc":{"start":{"line":36,"column":60},"end":{"line":36,"column":98}},"type":"cond-expr","locations":[{"start":{"line":36,"column":81},"end":{"line":36,"column":86}},{"start":{"line":36,"column":89},"end":{"line":36,"column":98}}],"line":36},"4":{"loc":{"start":{"line":42,"column":22},"end":{"line":42,"column":39}},"type":"binary-expr","locations":[{"start":{"line":42,"column":22},"end":{"line":42,"column":34}},{"start":{"line":42,"column":38},"end":{"line":42,"column":39}}],"line":42},"5":{"loc":{"start":{"line":42,"column":48},"end":{"line":42,"column":67}},"type":"binary-expr","locations":[{"start":{"line":42,"column":48},"end":{"line":42,"column":61}},{"start":{"line":42,"column":65},"end":{"line":42,"column":67}}],"line":42},"6":{"loc":{"start":{"line":72,"column":12},"end":{"line":74,"column":13}},"type":"if","locations":[{"start":{"line":72,"column":12},"end":{"line":74,"column":13}},{"start":{},"end":{}}],"line":72},"7":{"loc":{"start":{"line":91,"column":12},"end":{"line":93,"column":13}},"type":"if","locations":[{"start":{"line":91,"column":12},"end":{"line":93,"column":13}},{"start":{},"end":{}}],"line":91},"8":{"loc":{"start":{"line":91,"column":16},"end":{"line":91,"column":58}},"type":"binary-expr","locations":[{"start":{"line":91,"column":16},"end":{"line":91,"column":27}},{"start":{"line":91,"column":31},"end":{"line":91,"column":58}}],"line":91},"9":{"loc":{"start":{"line":102,"column":12},"end":{"line":104,"column":13}},"type":"if","locations":[{"start":{"line":102,"column":12},"end":{"line":104,"column":13}},{"start":{},"end":{}}],"line":102},"10":{"loc":{"start":{"line":106,"column":79},"end":{"line":106,"column":101}},"type":"binary-expr","locations":[{"start":{"line":106,"column":79},"end":{"line":106,"column":93}},{"start":{"line":106,"column":97},"end":{"line":106,"column":101}}],"line":106},"11":{"loc":{"start":{"line":113,"column":12},"end":{"line":115,"column":13}},"type":"if","locations":[{"start":{"line":113,"column":12},"end":{"line":115,"column":13}},{"start":{},"end":{}}],"line":113},"12":{"loc":{"start":{"line":117,"column":92},"end":{"line":117,"column":114}},"type":"binary-expr","locations":[{"start":{"line":117,"column":92},"end":{"line":117,"column":106}},{"start":{"line":117,"column":110},"end":{"line":117,"column":114}}],"line":117}},"s":{"0":2,"1":5,"2":5,"3":5,"4":35,"5":35,"6":35,"7":35,"8":35,"9":35,"10":35,"11":35,"12":35,"13":35,"14":7,"15":7,"16":7,"17":2,"18":5,"19":5,"20":4,"21":3,"22":3,"23":3,"24":2,"25":1,"26":2,"27":2,"28":2,"29":0,"30":2,"31":2,"32":2,"33":0,"34":3,"35":3,"36":3,"37":1,"38":2,"39":2,"40":1,"41":2,"42":2,"43":2,"44":0,"45":3,"46":3,"47":3,"48":1,"49":2,"50":2,"51":1,"52":2,"53":2,"54":0,"55":2,"56":2,"57":0,"58":3,"59":3,"60":1,"61":2,"62":2,"63":1,"64":2},"f":{"0":5,"1":35,"2":7,"3":3,"4":2,"5":2,"6":3,"7":2,"8":3,"9":2,"10":3},"b":{"0":[2,5],"1":[7,3],"2":[0,5],"3":[2,3],"4":[5,5],"5":[5,5],"6":[1,2],"7":[1,2],"8":[3,3],"9":[0,2],"10":[2,1],"11":[1,2],"12":[2,1]},"_coverageSchema":"1a1c01bbd47fc00a2c39e90264f33305004495a9","hash":"c4ec84b489e86929a7ed4729ebc70066c34fd457"}
,"C:\\Users\\lasit\\OneDrive\\Documents\\IDEs\\VS Code\\Task-Management-System\\notifications-management\\src\\middleware\\auth.js": {"path":"C:\\Users\\lasit\\OneDrive\\Documents\\IDEs\\VS Code\\Task-Management-System\\notifications-management\\src\\middleware\\auth.js","statementMap":{"0":{"start":{"line":1,"column":12},"end":{"line":1,"column":35}},"1":{"start":{"line":4,"column":4},"end":{"line":31,"column":5}},"2":{"start":{"line":5,"column":27},"end":{"line":5,"column":52}},"3":{"start":{"line":7,"column":8},"end":{"line":12,"column":9}},"4":{"start":{"line":8,"column":12},"end":{"line":11,"column":15}},"5":{"start":{"line":14,"column":22},"end":{"line":14,"column":46}},"6":{"start":{"line":15,"column":24},"end":{"line":15,"column":65}},"7":{"start":{"line":17,"column":8},"end":{"line":22,"column":10}},"8":{"start":{"line":24,"column":8},"end":{"line":24,"column":15}},"9":{"start":{"line":26,"column":8},"end":{"line":28,"column":9}},"10":{"start":{"line":27,"column":12},"end":{"line":27,"column":87}},"11":{"start":{"line":30,"column":8},"end":{"line":30,"column":83}},"12":{"start":{"line":35,"column":28},"end":{"line":35,"column":62}},"13":{"start":{"line":36,"column":26},"end":{"line":36,"column":65}},"14":{"start":{"line":37,"column":24},"end":{"line":37,"column":53}},"15":{"start":{"line":39,"column":4},"end":{"line":44,"column":5}},"16":{"start":{"line":40,"column":8},"end":{"line":43,"column":11}},"17":{"start":{"line":46,"column":4},"end":{"line":51,"column":5}},"18":{"start":{"line":47,"column":8},"end":{"line":50,"column":11}},"19":{"start":{"line":53,"column":4},"end":{"line":53,"column":48}},"20":{"start":{"line":54,"column":4},"end":{"line":54,"column":11}},"21":{"start":{"line":57,"column":0},"end":{"line":57,"column":53}}},"fnMap":{"0":{"name":"protect","decl":{"start":{"line":3,"column":9},"end":{"line":3,"column":16}},"loc":{"start":{"line":3,"column":33},"end":{"line":32,"column":1}},"line":3},"1":{"name":"protectInternalService","decl":{"start":{"line":34,"column":9},"end":{"line":34,"column":31}},"loc":{"start":{"line":34,"column":48},"end":{"line":55,"column":1}},"line":34}},"branchMap":{"0":{"loc":{"start":{"line":7,"column":8},"end":{"line":12,"column":9}},"type":"if","locations":[{"start":{"line":7,"column":8},"end":{"line":12,"column":9}},{"start":{},"end":{}}],"line":7},"1":{"loc":{"start":{"line":7,"column":12},"end":{"line":7,"column":60}},"type":"binary-expr","locations":[{"start":{"line":7,"column":12},"end":{"line":7,"column":23}},{"start":{"line":7,"column":27},"end":{"line":7,"column":60}}],"line":7},"2":{"loc":{"start":{"line":19,"column":18},"end":{"line":19,"column":48}},"type":"binary-expr","locations":[{"start":{"line":19,"column":18},"end":{"line":19,"column":30}},{"start":{"line":19,"column":34},"end":{"line":19,"column":48}}],"line":19},"3":{"loc":{"start":{"line":20,"column":19},"end":{"line":20,"column":38}},"type":"binary-expr","locations":[{"start":{"line":20,"column":19},"end":{"line":20,"column":32}},{"start":{"line":20,"column":36},"end":{"line":20,"column":38}}],"line":20},"4":{"loc":{"start":{"line":21,"column":18},"end":{"line":21,"column":40}},"type":"binary-expr","locations":[{"start":{"line":21,"column":18},"end":{"line":21,"column":30}},{"start":{"line":21,"column":34},"end":{"line":21,"column":40}}],"line":21},"5":{"loc":{"start":{"line":26,"column":8},"end":{"line":28,"column":9}},"type":"if","locations":[{"start":{"line":26,"column":8},"end":{"line":28,"column":9}},{"start":{},"end":{}}],"line":26},"6":{"loc":{"start":{"line":39,"column":4},"end":{"line":44,"column":5}},"type":"if","locations":[{"start":{"line":39,"column":4},"end":{"line":44,"column":5}},{"start":{},"end":{}}],"line":39},"7":{"loc":{"start":{"line":46,"column":4},"end":{"line":51,"column":5}},"type":"if","locations":[{"start":{"line":46,"column":4},"end":{"line":51,"column":5}},{"start":{},"end":{}}],"line":46},"8":{"loc":{"start":{"line":46,"column":8},"end":{"line":46,"column":75}},"type":"binary-expr","locations":[{"start":{"line":46,"column":8},"end":{"line":46,"column":20}},{"start":{"line":46,"column":24},"end":{"line":46,"column":38}},{"start":{"line":46,"column":42},"end":{"line":46,"column":75}}],"line":46}},"s":{"0":1,"1":15,"2":15,"3":15,"4":1,"5":14,"6":14,"7":14,"8":14,"9":0,"10":0,"11":0,"12":4,"13":4,"14":4,"15":4,"16":0,"17":4,"18":1,"19":3,"20":3,"21":1},"f":{"0":15,"1":4},"b":{"0":[1,14],"1":[15,14],"2":[14,0],"3":[14,0],"4":[14,0],"5":[0,0],"6":[0,4],"7":[1,3],"8":[4,3,3]},"_coverageSchema":"1a1c01bbd47fc00a2c39e90264f33305004495a9","hash":"93d37f5c27a37a3c556ae9bce72f0c8964ca18ea"}
,"C:\\Users\\lasit\\OneDrive\\Documents\\IDEs\\VS Code\\Task-Management-System\\notifications-management\\src\\middleware\\errorHandler.js": {"path":"C:\\Users\\lasit\\OneDrive\\Documents\\IDEs\\VS Code\\Task-Management-System\\notifications-management\\src\\middleware\\errorHandler.js","statementMap":{"0":{"start":{"line":7,"column":21},"end":{"line":17,"column":1}},"1":{"start":{"line":8,"column":4},"end":{"line":8,"column":43}},"2":{"start":{"line":10,"column":23},"end":{"line":10,"column":44}},"3":{"start":{"line":12,"column":4},"end":{"line":16,"column":7}},"4":{"start":{"line":19,"column":0},"end":{"line":19,"column":34}}},"fnMap":{"0":{"name":"(anonymous_0)","decl":{"start":{"line":7,"column":21},"end":{"line":7,"column":22}},"loc":{"start":{"line":7,"column":47},"end":{"line":17,"column":1}},"line":7}},"branchMap":{"0":{"loc":{"start":{"line":10,"column":23},"end":{"line":10,"column":44}},"type":"binary-expr","locations":[{"start":{"line":10,"column":23},"end":{"line":10,"column":37}},{"start":{"line":10,"column":41},"end":{"line":10,"column":44}}],"line":10},"1":{"loc":{"start":{"line":14,"column":17},"end":{"line":14,"column":55}},"type":"binary-expr","locations":[{"start":{"line":14,"column":17},"end":{"line":14,"column":28}},{"start":{"line":14,"column":32},"end":{"line":14,"column":55}}],"line":14},"2":{"loc":{"start":{"line":15,"column":12},"end":{"line":15,"column":74}},"type":"binary-expr","locations":[{"start":{"line":15,"column":12},"end":{"line":15,"column":50}},{"start":{"line":15,"column":54},"end":{"line":15,"column":74}}],"line":15}},"s":{"0":2,"1":3,"2":3,"3":3,"4":2},"f":{"0":3},"b":{"0":[3,0],"1":[3,0],"2":[3,1]},"_coverageSchema":"1a1c01bbd47fc00a2c39e90264f33305004495a9","hash":"2e02ed7480ab31780ac968659235dd0920dc6f05"}
,"C:\\Users\\lasit\\OneDrive\\Documents\\IDEs\\VS Code\\Task-Management-System\\notifications-management\\src\\middleware\\validators.js": {"path":"C:\\Users\\lasit\\OneDrive\\Documents\\IDEs\\VS Code\\Task-Management-System\\notifications-management\\src\\middleware\\validators.js","statementMap":{"0":{"start":{"line":1,"column":31},"end":{"line":1,"column":59}},"1":{"start":{"line":2,"column":86},"end":{"line":2,"column":115}},"2":{"start":{"line":8,"column":31},"end":{"line":19,"column":1}},"3":{"start":{"line":9,"column":33},"end":{"line":9,"column":61}},"4":{"start":{"line":10,"column":19},"end":{"line":10,"column":40}},"5":{"start":{"line":11,"column":4},"end":{"line":17,"column":5}},"6":{"start":{"line":12,"column":8},"end":{"line":16,"column":11}},"7":{"start":{"line":15,"column":47},"end":{"line":15,"column":80}},"8":{"start":{"line":18,"column":4},"end":{"line":18,"column":11}},"9":{"start":{"line":24,"column":35},"end":{"line":40,"column":1}},"10":{"start":{"line":45,"column":34},"end":{"line":55,"column":1}},"11":{"start":{"line":60,"column":25},"end":{"line":64,"column":1}},"12":{"start":{"line":69,"column":28},"end":{"line":73,"column":1}},"13":{"start":{"line":75,"column":0},"end":{"line":81,"column":2}}},"fnMap":{"0":{"name":"(anonymous_0)","decl":{"start":{"line":8,"column":31},"end":{"line":8,"column":32}},"loc":{"start":{"line":8,"column":51},"end":{"line":19,"column":1}},"line":8},"1":{"name":"(anonymous_1)","decl":{"start":{"line":15,"column":39},"end":{"line":15,"column":40}},"loc":{"start":{"line":15,"column":47},"end":{"line":15,"column":80}},"line":15}},"branchMap":{"0":{"loc":{"start":{"line":11,"column":4},"end":{"line":17,"column":5}},"type":"if","locations":[{"start":{"line":11,"column":4},"end":{"line":17,"column":5}},{"start":{},"end":{}}],"line":11}},"s":{"0":2,"1":2,"2":2,"3":18,"4":18,"5":18,"6":11,"7":14,"8":7,"9":2,"10":2,"11":2,"12":2,"13":2},"f":{"0":18,"1":14},"b":{"0":[11,7]},"_coverageSchema":"1a1c01bbd47fc00a2c39e90264f33305004495a9","hash":"90f89fcccfd8a284e485a90e906f4daf86a93103"}
,"C:\\Users\\lasit\\OneDrive\\Documents\\IDEs\\VS Code\\Task-Management-System\\notifications-management\\src\\services\\emailService.js": {"path":"C:\\Users\\lasit\\OneDrive\\Documents\\IDEs\\VS Code\\Task-Management-System\\notifications-management\\src\\services\\emailService.js","statementMap":{"0":{"start":{"line":1,"column":20},"end":{"line":1,"column":52}},"1":{"start":{"line":2,"column":30},"end":{"line":2,"column":64}},"2":{"start":{"line":4,"column":0},"end":{"line":4,"column":27}},"3":{"start":{"line":6,"column":21},"end":{"line":6,"column":83}},"4":{"start":{"line":16,"column":4},"end":{"line":18,"column":5}},"5":{"start":{"line":17,"column":8},"end":{"line":17,"column":15}},"6":{"start":{"line":20,"column":27},"end":{"line":20,"column":65}},"7":{"start":{"line":21,"column":4},"end":{"line":23,"column":5}},"8":{"start":{"line":22,"column":8},"end":{"line":22,"column":15}},"9":{"start":{"line":25,"column":4},"end":{"line":37,"column":5}},"10":{"start":{"line":26,"column":40},"end":{"line":26,"column":71}},"11":{"start":{"line":28,"column":8},"end":{"line":34,"column":11}},"12":{"start":{"line":36,"column":8},"end":{"line":36,"column":116}},"13":{"start":{"line":40,"column":0},"end":{"line":40,"column":43}}},"fnMap":{"0":{"name":"sendNotificationEmail","decl":{"start":{"line":15,"column":15},"end":{"line":15,"column":36}},"loc":{"start":{"line":15,"column":51},"end":{"line":38,"column":1}},"line":15}},"branchMap":{"0":{"loc":{"start":{"line":6,"column":21},"end":{"line":6,"column":83}},"type":"binary-expr","locations":[{"start":{"line":6,"column":21},"end":{"line":6,"column":42}},{"start":{"line":6,"column":46},"end":{"line":6,"column":83}}],"line":6},"1":{"loc":{"start":{"line":16,"column":4},"end":{"line":18,"column":5}},"type":"if","locations":[{"start":{"line":16,"column":4},"end":{"line":18,"column":5}},{"start":{},"end":{}}],"line":16},"2":{"loc":{"start":{"line":21,"column":4},"end":{"line":23,"column":5}},"type":"if","locations":[{"start":{"line":21,"column":4},"end":{"line":23,"column":5}},{"start":{},"end":{}}],"line":21}},"s":{"0":6,"1":6,"2":6,"3":6,"4":5,"5":2,"6":3,"7":3,"8":1,"9":2,"10":2,"11":2,"12":1,"13":6},"f":{"0":5},"b":{"0":[6,0],"1":[2,3],"2":[1,2]},"_coverageSchema":"1a1c01bbd47fc00a2c39e90264f33305004495a9","hash":"1db0aa606fa8e048af7d272de79d2ac2417b289d"}
,"C:\\Users\\lasit\\OneDrive\\Documents\\IDEs\\VS Code\\Task-Management-System\\notifications-management\\src\\services\\notificationService.js": {"path":"C:\\Users\\lasit\\OneDrive\\Documents\\IDEs\\VS Code\\Task-Management-System\\notifications-management\\src\\services\\notificationService.js","statementMap":{"0":{"start":{"line":1,"column":30},"end":{"line":1,"column":59}},"1":{"start":{"line":2,"column":34},"end":{"line":2,"column":59}},"2":{"start":{"line":5,"column":18},"end":{"line":5,"column":69}},"3":{"start":{"line":6,"column":4},"end":{"line":6,"column":27}},"4":{"start":{"line":7,"column":4},"end":{"line":7,"column":17}},"5":{"start":{"line":17,"column":8},"end":{"line":17,"column":46}},"6":{"start":{"line":18,"column":8},"end":{"line":18,"column":42}},"7":{"start":{"line":25,"column":23},"end":{"line":25,"column":25}},"8":{"start":{"line":26,"column":8},"end":{"line":26,"column":58}},"9":{"start":{"line":26,"column":25},"end":{"line":26,"column":58}},"10":{"start":{"line":27,"column":8},"end":{"line":27,"column":37}},"11":{"start":{"line":27,"column":18},"end":{"line":27,"column":37}},"12":{"start":{"line":28,"column":8},"end":{"line":28,"column":64}},"13":{"start":{"line":28,"column":41},"end":{"line":28,"column":64}},"14":{"start":{"line":29,"column":8},"end":{"line":29,"column":49}},"15":{"start":{"line":29,"column":22},"end":{"line":29,"column":49}},"16":{"start":{"line":31,"column":21},"end":{"line":31,"column":39}},"17":{"start":{"line":33,"column":39},"end":{"line":36,"column":10}},"18":{"start":{"line":38,"column":8},"end":{"line":46,"column":10}},"19":{"start":{"line":53,"column":23},"end":{"line":53,"column":75}},"20":{"start":{"line":54,"column":29},"end":{"line":54,"column":75}},"21":{"start":{"line":55,"column":8},"end":{"line":57,"column":9}},"22":{"start":{"line":56,"column":12},"end":{"line":56,"column":40}},"23":{"start":{"line":58,"column":8},"end":{"line":58,"column":28}},"24":{"start":{"line":66,"column":29},"end":{"line":66,"column":65}},"25":{"start":{"line":67,"column":22},"end":{"line":67,"column":45}},"26":{"start":{"line":68,"column":8},"end":{"line":68,"column":42}},"27":{"start":{"line":69,"column":8},"end":{"line":69,"column":21}},"28":{"start":{"line":79,"column":8},"end":{"line":104,"column":9}},"29":{"start":{"line":80,"column":26},"end":{"line":80,"column":100}},"30":{"start":{"line":82,"column":33},"end":{"line":82,"column":66}},"31":{"start":{"line":83,"column":12},"end":{"line":83,"column":38}},"32":{"start":{"line":83,"column":31},"end":{"line":83,"column":38}},"33":{"start":{"line":86,"column":12},"end":{"line":91,"column":13}},"34":{"start":{"line":87,"column":34},"end":{"line":89,"column":58}},"35":{"start":{"line":90,"column":16},"end":{"line":90,"column":67}},"36":{"start":{"line":90,"column":60},"end":{"line":90,"column":67}},"37":{"start":{"line":94,"column":35},"end":{"line":94,"column":93}},"38":{"start":{"line":95,"column":12},"end":{"line":95,"column":40}},"39":{"start":{"line":95,"column":33},"end":{"line":95,"column":40}},"40":{"start":{"line":97,"column":29},"end":{"line":100,"column":13}},"41":{"start":{"line":101,"column":12},"end":{"line":101,"column":50}},"42":{"start":{"line":103,"column":12},"end":{"line":103,"column":129}},"43":{"start":{"line":111,"column":23},"end":{"line":111,"column":75}},"44":{"start":{"line":112,"column":29},"end":{"line":116,"column":16}},"45":{"start":{"line":118,"column":8},"end":{"line":120,"column":9}},"46":{"start":{"line":119,"column":12},"end":{"line":119,"column":40}},"47":{"start":{"line":121,"column":8},"end":{"line":121,"column":28}},"48":{"start":{"line":128,"column":23},"end":{"line":131,"column":9}},"49":{"start":{"line":132,"column":8},"end":{"line":132,"column":55}},"50":{"start":{"line":139,"column":23},"end":{"line":139,"column":75}},"51":{"start":{"line":140,"column":29},"end":{"line":140,"column":84}},"52":{"start":{"line":141,"column":8},"end":{"line":143,"column":9}},"53":{"start":{"line":142,"column":12},"end":{"line":142,"column":40}},"54":{"start":{"line":144,"column":8},"end":{"line":144,"column":28}},"55":{"start":{"line":151,"column":22},"end":{"line":151,"column":92}},"56":{"start":{"line":152,"column":8},"end":{"line":152,"column":25}},"57":{"start":{"line":162,"column":23},"end":{"line":162,"column":51}},"58":{"start":{"line":163,"column":8},"end":{"line":165,"column":9}},"59":{"start":{"line":164,"column":12},"end":{"line":164,"column":40}},"60":{"start":{"line":166,"column":22},"end":{"line":170,"column":16}},"61":{"start":{"line":171,"column":8},"end":{"line":171,"column":21}},"62":{"start":{"line":182,"column":27},"end":{"line":182,"column":46}},"63":{"start":{"line":183,"column":8},"end":{"line":185,"column":9}},"64":{"start":{"line":184,"column":12},"end":{"line":184,"column":45}},"65":{"start":{"line":186,"column":22},"end":{"line":190,"column":16}},"66":{"start":{"line":191,"column":8},"end":{"line":191,"column":21}},"67":{"start":{"line":195,"column":0},"end":{"line":195,"column":37}}},"fnMap":{"0":{"name":"createNotFoundError","decl":{"start":{"line":4,"column":9},"end":{"line":4,"column":28}},"loc":{"start":{"line":4,"column":31},"end":{"line":8,"column":1}},"line":4},"1":{"name":"(anonymous_1)","decl":{"start":{"line":16,"column":4},"end":{"line":16,"column":5}},"loc":{"start":{"line":16,"column":52},"end":{"line":19,"column":5}},"line":16},"2":{"name":"(anonymous_2)","decl":{"start":{"line":24,"column":4},"end":{"line":24,"column":5}},"loc":{"start":{"line":24,"column":93},"end":{"line":47,"column":5}},"line":24},"3":{"name":"(anonymous_3)","decl":{"start":{"line":52,"column":4},"end":{"line":52,"column":5}},"loc":{"start":{"line":52,"column":54},"end":{"line":59,"column":5}},"line":52},"4":{"name":"(anonymous_4)","decl":{"start":{"line":65,"column":4},"end":{"line":65,"column":5}},"loc":{"start":{"line":65,"column":35},"end":{"line":70,"column":5}},"line":65},"5":{"name":"(anonymous_5)","decl":{"start":{"line":78,"column":4},"end":{"line":78,"column":5}},"loc":{"start":{"line":78,"column":40},"end":{"line":105,"column":5}},"line":78},"6":{"name":"(anonymous_6)","decl":{"start":{"line":110,"column":4},"end":{"line":110,"column":5}},"loc":{"start":{"line":110,"column":45},"end":{"line":122,"column":5}},"line":110},"7":{"name":"(anonymous_7)","decl":{"start":{"line":127,"column":4},"end":{"line":127,"column":5}},"loc":{"start":{"line":127,"column":37},"end":{"line":133,"column":5}},"line":127},"8":{"name":"(anonymous_8)","decl":{"start":{"line":138,"column":4},"end":{"line":138,"column":5}},"loc":{"start":{"line":138,"column":53},"end":{"line":145,"column":5}},"line":138},"9":{"name":"(anonymous_9)","decl":{"start":{"line":150,"column":4},"end":{"line":150,"column":5}},"loc":{"start":{"line":150,"column":38},"end":{"line":153,"column":5}},"line":150},"10":{"name":"(anonymous_10)","decl":{"start":{"line":161,"column":4},"end":{"line":161,"column":5}},"loc":{"start":{"line":161,"column":51},"end":{"line":172,"column":5}},"line":161},"11":{"name":"(anonymous_11)","decl":{"start":{"line":181,"column":4},"end":{"line":181,"column":5}},"loc":{"start":{"line":181,"column":60},"end":{"line":192,"column":5}},"line":181}},"branchMap":{"0":{"loc":{"start":{"line":24,"column":69},"end":{"line":24,"column":77}},"type":"default-arg","locations":[{"start":{"line":24,"column":76},"end":{"line":24,"column":77}}],"line":24},"1":{"loc":{"start":{"line":24,"column":79},"end":{"line":24,"column":89}},"type":"default-arg","locations":[{"start":{"line":24,"column":87},"end":{"line":24,"column":89}}],"line":24},"2":{"loc":{"start":{"line":26,"column":8},"end":{"line":26,"column":58}},"type":"if","locations":[{"start":{"line":26,"column":8},"end":{"line":26,"column":58}},{"start":{},"end":{}}],"line":26},"3":{"loc":{"start":{"line":27,"column":8},"end":{"line":27,"column":37}},"type":"if","locations":[{"start":{"line":27,"column":8},"end":{"line":27,"column":37}},{"start":{},"end":{}}],"line":27},"4":{"loc":{"start":{"line":28,"column":8},"end":{"line":28,"column":64}},"type":"if","locations":[{"start":{"line":28,"column":8},"end":{"line":28,"column":64}},{"start":{},"end":{}}],"line":28},"5":{"loc":{"start":{"line":29,"column":8},"end":{"line":29,"column":49}},"type":"if","locations":[{"start":{"line":29,"column":8},"end":{"line":29,"column":49}},{"start":{},"end":{}}],"line":29},"6":{"loc":{"start":{"line":52,"column":34},"end":{"line":52,"column":52}},"type":"default-arg","locations":[{"start":{"line":52,"column":48},"end":{"line":52,"column":52}}],"line":52},"7":{"loc":{"start":{"line":53,"column":23},"end":{"line":53,"column":75}},"type":"cond-expr","locations":[{"start":{"line":53,"column":37},"end":{"line":53,"column":61}},{"start":{"line":53,"column":64},"end":{"line":53,"column":75}}],"line":53},"8":{"loc":{"start":{"line":55,"column":8},"end":{"line":57,"column":9}},"type":"if","locations":[{"start":{"line":55,"column":8},"end":{"line":57,"column":9}},{"start":{},"end":{}}],"line":55},"9":{"loc":{"start":{"line":82,"column":33},"end":{"line":82,"column":66}},"type":"cond-expr","locations":[{"start":{"line":82,"column":41},"end":{"line":82,"column":59}},{"start":{"line":82,"column":62},"end":{"line":82,"column":66}}],"line":82},"10":{"loc":{"start":{"line":83,"column":12},"end":{"line":83,"column":38}},"type":"if","locations":[{"start":{"line":83,"column":12},"end":{"line":83,"column":38}},{"start":{},"end":{}}],"line":83},"11":{"loc":{"start":{"line":86,"column":12},"end":{"line":91,"column":13}},"type":"if","locations":[{"start":{"line":86,"column":12},"end":{"line":91,"column":13}},{"start":{},"end":{}}],"line":86},"12":{"loc":{"start":{"line":87,"column":34},"end":{"line":89,"column":58}},"type":"cond-expr","locations":[{"start":{"line":88,"column":22},"end":{"line":88,"column":62}},{"start":{"line":89,"column":22},"end":{"line":89,"column":58}}],"line":87},"13":{"loc":{"start":{"line":90,"column":16},"end":{"line":90,"column":67}},"type":"if","locations":[{"start":{"line":90,"column":16},"end":{"line":90,"column":67}},{"start":{},"end":{}}],"line":90},"14":{"loc":{"start":{"line":90,"column":20},"end":{"line":90,"column":58}},"type":"binary-expr","locations":[{"start":{"line":90,"column":20},"end":{"line":90,"column":29}},{"start":{"line":90,"column":33},"end":{"line":90,"column":58}}],"line":90},"15":{"loc":{"start":{"line":94,"column":35},"end":{"line":94,"column":93}},"type":"binary-expr","locations":[{"start":{"line":94,"column":35},"end":{"line":94,"column":51}},{"start":{"line":94,"column":55},"end":{"line":94,"column":93}}],"line":94},"16":{"loc":{"start":{"line":95,"column":12},"end":{"line":95,"column":40}},"type":"if","locations":[{"start":{"line":95,"column":12},"end":{"line":95,"column":40}},{"start":{},"end":{}}],"line":95},"17":{"loc":{"start":{"line":99,"column":32},"end":{"line":99,"column":59}},"type":"binary-expr","locations":[{"start":{"line":99,"column":32},"end":{"line":99,"column":53}},{"start":{"line":99,"column":57},"end":{"line":99,"column":59}}],"line":99},"18":{"loc":{"start":{"line":110,"column":25},"end":{"line":110,"column":43}},"type":"default-arg","locations":[{"start":{"line":110,"column":39},"end":{"line":110,"column":43}}],"line":110},"19":{"loc":{"start":{"line":111,"column":23},"end":{"line":111,"column":75}},"type":"cond-expr","locations":[{"start":{"line":111,"column":37},"end":{"line":111,"column":61}},{"start":{"line":111,"column":64},"end":{"line":111,"column":75}}],"line":111},"20":{"loc":{"start":{"line":118,"column":8},"end":{"line":120,"column":9}},"type":"if","locations":[{"start":{"line":118,"column":8},"end":{"line":120,"column":9}},{"start":{},"end":{}}],"line":118},"21":{"loc":{"start":{"line":138,"column":33},"end":{"line":138,"column":51}},"type":"default-arg","locations":[{"start":{"line":138,"column":47},"end":{"line":138,"column":51}}],"line":138},"22":{"loc":{"start":{"line":139,"column":23},"end":{"line":139,"column":75}},"type":"cond-expr","locations":[{"start":{"line":139,"column":37},"end":{"line":139,"column":61}},{"start":{"line":139,"column":64},"end":{"line":139,"column":75}}],"line":139},"23":{"loc":{"start":{"line":141,"column":8},"end":{"line":143,"column":9}},"type":"if","locations":[{"start":{"line":141,"column":8},"end":{"line":143,"column":9}},{"start":{},"end":{}}],"line":141},"24":{"loc":{"start":{"line":161,"column":33},"end":{"line":161,"column":49}},"type":"default-arg","locations":[{"start":{"line":161,"column":45},"end":{"line":161,"column":49}}],"line":161},"25":{"loc":{"start":{"line":163,"column":8},"end":{"line":165,"column":9}},"type":"if","locations":[{"start":{"line":163,"column":8},"end":{"line":165,"column":9}},{"start":{},"end":{}}],"line":163},"26":{"loc":{"start":{"line":181,"column":42},"end":{"line":181,"column":58}},"type":"default-arg","locations":[{"start":{"line":181,"column":54},"end":{"line":181,"column":58}}],"line":181},"27":{"loc":{"start":{"line":183,"column":8},"end":{"line":185,"column":9}},"type":"if","locations":[{"start":{"line":183,"column":8},"end":{"line":185,"column":9}},{"start":{},"end":{}}],"line":183}},"s":{"0":2,"1":2,"2":3,"3":3,"4":3,"5":51,"6":51,"7":10,"8":10,"9":4,"10":10,"11":3,"12":10,"13":3,"14":10,"15":2,"16":10,"17":10,"18":10,"19":4,"20":4,"21":4,"22":1,"23":3,"24":8,"25":8,"26":8,"27":8,"28":8,"29":8,"30":8,"31":8,"32":1,"33":7,"34":4,"35":4,"36":1,"37":6,"38":6,"39":3,"40":3,"41":3,"42":0,"43":4,"44":4,"45":4,"46":1,"47":3,"48":2,"49":2,"50":4,"51":4,"52":4,"53":1,"54":3,"55":3,"56":3,"57":4,"58":4,"59":2,"60":4,"61":4,"62":3,"63":3,"64":2,"65":3,"66":3,"67":2},"f":{"0":3,"1":51,"2":10,"3":4,"4":8,"5":8,"6":4,"7":2,"8":4,"9":3,"10":4,"11":3},"b":{"0":[6],"1":[6],"2":[4,6],"3":[3,7],"4":[3,7],"5":[2,8],"6":[2],"7":[2,2],"8":[1,3],"9":[6,2],"10":[1,7],"11":[4,3],"12":[0,4],"13":[1,3],"14":[4,1],"15":[6,5],"16":[3,3],"17":[3,0],"18":[2],"19":[2,2],"20":[1,3],"21":[2],"22":[2,2],"23":[1,3],"24":[2],"25":[2,2],"26":[1],"27":[2,1]},"_coverageSchema":"1a1c01bbd47fc00a2c39e90264f33305004495a9","hash":"b59da4596b65dbd87fb9b175a3ca9a8587e0d1db"}
,"C:\\Users\\lasit\\OneDrive\\Documents\\IDEs\\VS Code\\Task-Management-System\\notifications-management\\src\\utils\\constants.js": {"path":"C:\\Users\\lasit\\OneDrive\\Documents\\IDEs\\VS Code\\Task-Management-System\\notifications-management\\src\\utils\\constants.js","statementMap":{"0":{"start":{"line":6,"column":27},"end":{"line":13,"column":2}},"1":{"start":{"line":15,"column":32},"end":{"line":20,"column":2}},"2":{"start":{"line":22,"column":33},"end":{"line":22,"column":66}},"3":{"start":{"line":23,"column":37},"end":{"line":23,"column":75}},"4":{"start":{"line":25,"column":26},"end":{"line":36,"column":2}},"5":{"start":{"line":38,"column":0},"end":{"line":44,"column":2}}},"fnMap":{},"branchMap":{},"s":{"0":4,"1":4,"2":4,"3":4,"4":4,"5":4},"f":{},"b":{},"_coverageSchema":"1a1c01bbd47fc00a2c39e90264f33305004495a9","hash":"17242ef00ea95b8d2570564ce8c438ad40c61f43"}
,"C:\\Users\\lasit\\OneDrive\\Documents\\IDEs\\VS Code\\Task-Management-System\\notifications-management\\src\\utils\\emailTemplates.js": {"path":"C:\\Users\\lasit\\OneDrive\\Documents\\IDEs\\VS Code\\Task-Management-System\\notifications-management\\src\\utils\\emailTemplates.js","statementMap":{"0":{"start":{"line":7,"column":17},"end":{"line":7,"column":29}},"1":{"start":{"line":8,"column":20},"end":{"line":8,"column":29}},"2":{"start":{"line":17,"column":4},"end":{"line":55,"column":9}},"3":{"start":{"line":59,"column":4},"end":{"line":59,"column":98}},"4":{"start":{"line":63,"column":4},"end":{"line":63,"column":26}},"5":{"start":{"line":63,"column":16},"end":{"line":63,"column":26}},"6":{"start":{"line":64,"column":4},"end":{"line":67,"column":11}},"7":{"start":{"line":71,"column":21},"end":{"line":71,"column":50}},"8":{"start":{"line":72,"column":4},"end":{"line":72,"column":29}},"9":{"start":{"line":72,"column":19},"end":{"line":72,"column":29}},"10":{"start":{"line":73,"column":4},"end":{"line":73,"column":108}},"11":{"start":{"line":77,"column":4},"end":{"line":77,"column":30}},"12":{"start":{"line":77,"column":18},"end":{"line":77,"column":30}},"13":{"start":{"line":78,"column":4},"end":{"line":78,"column":126}},"14":{"start":{"line":86,"column":52},"end":{"line":86,"column":79}},"15":{"start":{"line":87,"column":20},"end":{"line":87,"column":87}},"16":{"start":{"line":88,"column":17},"end":{"line":96,"column":5}},"17":{"start":{"line":97,"column":17},"end":{"line":97,"column":184}},"18":{"start":{"line":98,"column":4},"end":{"line":98,"column":35}},"19":{"start":{"line":102,"column":26},"end":{"line":102,"column":53}},"20":{"start":{"line":103,"column":20},"end":{"line":103,"column":74}},"21":{"start":{"line":104,"column":17},"end":{"line":108,"column":5}},"22":{"start":{"line":109,"column":17},"end":{"line":109,"column":96}},"23":{"start":{"line":110,"column":4},"end":{"line":110,"column":35}},"24":{"start":{"line":114,"column":50},"end":{"line":114,"column":77}},"25":{"start":{"line":115,"column":23},"end":{"line":119,"column":5}},"26":{"start":{"line":120,"column":18},"end":{"line":120,"column":49}},"27":{"start":{"line":121,"column":20},"end":{"line":121,"column":88}},"28":{"start":{"line":122,"column":17},"end":{"line":129,"column":5}},"29":{"start":{"line":130,"column":17},"end":{"line":130,"column":145}},"30":{"start":{"line":131,"column":4},"end":{"line":131,"column":35}},"31":{"start":{"line":135,"column":41},"end":{"line":135,"column":68}},"32":{"start":{"line":136,"column":20},"end":{"line":136,"column":76}},"33":{"start":{"line":137,"column":17},"end":{"line":144,"column":5}},"34":{"start":{"line":145,"column":17},"end":{"line":145,"column":127}},"35":{"start":{"line":146,"column":4},"end":{"line":146,"column":35}},"36":{"start":{"line":150,"column":20},"end":{"line":150,"column":70}},"37":{"start":{"line":151,"column":17},"end":{"line":151,"column":75}},"38":{"start":{"line":152,"column":17},"end":{"line":152,"column":67}},"39":{"start":{"line":153,"column":4},"end":{"line":153,"column":35}},"40":{"start":{"line":157,"column":20},"end":{"line":157,"column":71}},"41":{"start":{"line":158,"column":17},"end":{"line":158,"column":75}},"42":{"start":{"line":159,"column":17},"end":{"line":159,"column":67}},"43":{"start":{"line":160,"column":4},"end":{"line":160,"column":35}},"44":{"start":{"line":167,"column":21},"end":{"line":174,"column":1}},"45":{"start":{"line":182,"column":20},"end":{"line":182,"column":74}},"46":{"start":{"line":183,"column":4},"end":{"line":183,"column":33}},"47":{"start":{"line":186,"column":0},"end":{"line":186,"column":39}}},"fnMap":{"0":{"name":"buildHtmlCard","decl":{"start":{"line":16,"column":9},"end":{"line":16,"column":22}},"loc":{"start":{"line":16,"column":49},"end":{"line":56,"column":1}},"line":16},"1":{"name":"p","decl":{"start":{"line":58,"column":9},"end":{"line":58,"column":10}},"loc":{"start":{"line":58,"column":17},"end":{"line":60,"column":1}},"line":58},"2":{"name":"metaRow","decl":{"start":{"line":62,"column":9},"end":{"line":62,"column":16}},"loc":{"start":{"line":62,"column":31},"end":{"line":68,"column":1}},"line":62},"3":{"name":"metaTable","decl":{"start":{"line":70,"column":9},"end":{"line":70,"column":18}},"loc":{"start":{"line":70,"column":25},"end":{"line":74,"column":1}},"line":70},"4":{"name":"formatDeadline","decl":{"start":{"line":76,"column":9},"end":{"line":76,"column":23}},"loc":{"start":{"line":76,"column":33},"end":{"line":79,"column":1}},"line":76},"5":{"name":"templateTaskAssigned","decl":{"start":{"line":85,"column":9},"end":{"line":85,"column":29}},"loc":{"start":{"line":85,"column":44},"end":{"line":99,"column":1}},"line":85},"6":{"name":"templateTaskUpdated","decl":{"start":{"line":101,"column":9},"end":{"line":101,"column":28}},"loc":{"start":{"line":101,"column":43},"end":{"line":111,"column":1}},"line":101},"7":{"name":"templateDeadlineReminder","decl":{"start":{"line":113,"column":9},"end":{"line":113,"column":33}},"loc":{"start":{"line":113,"column":48},"end":{"line":132,"column":1}},"line":113},"8":{"name":"templateCommentAdded","decl":{"start":{"line":134,"column":9},"end":{"line":134,"column":29}},"loc":{"start":{"line":134,"column":44},"end":{"line":147,"column":1}},"line":134},"9":{"name":"templateTeamUpdate","decl":{"start":{"line":149,"column":9},"end":{"line":149,"column":27}},"loc":{"start":{"line":149,"column":42},"end":{"line":154,"column":1}},"line":149},"10":{"name":"templateSystemAlert","decl":{"start":{"line":156,"column":9},"end":{"line":156,"column":28}},"loc":{"start":{"line":156,"column":43},"end":{"line":161,"column":1}},"line":156},"11":{"name":"buildEmailPayload","decl":{"start":{"line":181,"column":9},"end":{"line":181,"column":26}},"loc":{"start":{"line":181,"column":41},"end":{"line":184,"column":1}},"line":181}},"branchMap":{"0":{"loc":{"start":{"line":16,"column":36},"end":{"line":16,"column":47}},"type":"default-arg","locations":[{"start":{"line":16,"column":45},"end":{"line":16,"column":47}}],"line":16},"1":{"loc":{"start":{"line":46,"column":18},"end":{"line":46,"column":143}},"type":"binary-expr","locations":[{"start":{"line":46,"column":18},"end":{"line":46,"column":24}},{"start":{"line":46,"column":28},"end":{"line":46,"column":143}}],"line":46},"2":{"loc":{"start":{"line":63,"column":4},"end":{"line":63,"column":26}},"type":"if","locations":[{"start":{"line":63,"column":4},"end":{"line":63,"column":26}},{"start":{},"end":{}}],"line":63},"3":{"loc":{"start":{"line":72,"column":4},"end":{"line":72,"column":29}},"type":"if","locations":[{"start":{"line":72,"column":4},"end":{"line":72,"column":29}},{"start":{},"end":{}}],"line":72},"4":{"loc":{"start":{"line":77,"column":4},"end":{"line":77,"column":30}},"type":"if","locations":[{"start":{"line":77,"column":4},"end":{"line":77,"column":30}},{"start":{},"end":{}}],"line":77},"5":{"loc":{"start":{"line":86,"column":52},"end":{"line":86,"column":79}},"type":"binary-expr","locations":[{"start":{"line":86,"column":52},"end":{"line":86,"column":73}},{"start":{"line":86,"column":77},"end":{"line":86,"column":79}}],"line":86},"6":{"loc":{"start":{"line":87,"column":64},"end":{"line":87,"column":85}},"type":"binary-expr","locations":[{"start":{"line":87,"column":64},"end":{"line":87,"column":73}},{"start":{"line":87,"column":77},"end":{"line":87,"column":85}}],"line":87},"7":{"loc":{"start":{"line":97,"column":78},"end":{"line":97,"column":94}},"type":"binary-expr","locations":[{"start":{"line":97,"column":78},"end":{"line":97,"column":87}},{"start":{"line":97,"column":91},"end":{"line":97,"column":94}}],"line":97},"8":{"loc":{"start":{"line":97,"column":112},"end":{"line":97,"column":133}},"type":"binary-expr","locations":[{"start":{"line":97,"column":112},"end":{"line":97,"column":126}},{"start":{"line":97,"column":130},"end":{"line":97,"column":133}}],"line":97},"9":{"loc":{"start":{"line":97,"column":148},"end":{"line":97,"column":182}},"type":"binary-expr","locations":[{"start":{"line":97,"column":148},"end":{"line":97,"column":172}},{"start":{"line":97,"column":176},"end":{"line":97,"column":182}}],"line":97},"10":{"loc":{"start":{"line":102,"column":26},"end":{"line":102,"column":53}},"type":"binary-expr","locations":[{"start":{"line":102,"column":26},"end":{"line":102,"column":47}},{"start":{"line":102,"column":51},"end":{"line":102,"column":53}}],"line":102},"11":{"loc":{"start":{"line":103,"column":51},"end":{"line":103,"column":72}},"type":"binary-expr","locations":[{"start":{"line":103,"column":51},"end":{"line":103,"column":60}},{"start":{"line":103,"column":64},"end":{"line":103,"column":72}}],"line":103},"12":{"loc":{"start":{"line":109,"column":78},"end":{"line":109,"column":94}},"type":"binary-expr","locations":[{"start":{"line":109,"column":78},"end":{"line":109,"column":87}},{"start":{"line":109,"column":91},"end":{"line":109,"column":94}}],"line":109},"13":{"loc":{"start":{"line":114,"column":50},"end":{"line":114,"column":77}},"type":"binary-expr","locations":[{"start":{"line":114,"column":50},"end":{"line":114,"column":71}},{"start":{"line":114,"column":75},"end":{"line":114,"column":77}}],"line":114},"14":{"loc":{"start":{"line":120,"column":18},"end":{"line":120,"column":49}},"type":"binary-expr","locations":[{"start":{"line":120,"column":18},"end":{"line":120,"column":42}},{"start":{"line":120,"column":46},"end":{"line":120,"column":49}}],"line":120},"15":{"loc":{"start":{"line":121,"column":65},"end":{"line":121,"column":86}},"type":"binary-expr","locations":[{"start":{"line":121,"column":65},"end":{"line":121,"column":74}},{"start":{"line":121,"column":78},"end":{"line":121,"column":86}}],"line":121},"16":{"loc":{"start":{"line":130,"column":78},"end":{"line":130,"column":94}},"type":"binary-expr","locations":[{"start":{"line":130,"column":78},"end":{"line":130,"column":87}},{"start":{"line":130,"column":91},"end":{"line":130,"column":94}}],"line":130},"17":{"loc":{"start":{"line":130,"column":109},"end":{"line":130,"column":143}},"type":"binary-expr","locations":[{"start":{"line":130,"column":109},"end":{"line":130,"column":133}},{"start":{"line":130,"column":137},"end":{"line":130,"column":143}}],"line":130},"18":{"loc":{"start":{"line":135,"column":41},"end":{"line":135,"column":68}},"type":"binary-expr","locations":[{"start":{"line":135,"column":41},"end":{"line":135,"column":62}},{"start":{"line":135,"column":66},"end":{"line":135,"column":68}}],"line":135},"19":{"loc":{"start":{"line":136,"column":53},"end":{"line":136,"column":74}},"type":"binary-expr","locations":[{"start":{"line":136,"column":53},"end":{"line":136,"column":62}},{"start":{"line":136,"column":66},"end":{"line":136,"column":74}}],"line":136},"20":{"loc":{"start":{"line":145,"column":78},"end":{"line":145,"column":94}},"type":"binary-expr","locations":[{"start":{"line":145,"column":78},"end":{"line":145,"column":87}},{"start":{"line":145,"column":91},"end":{"line":145,"column":94}}],"line":145},"21":{"loc":{"start":{"line":145,"column":105},"end":{"line":145,"column":125}},"type":"binary-expr","locations":[{"start":{"line":145,"column":105},"end":{"line":145,"column":118}},{"start":{"line":145,"column":122},"end":{"line":145,"column":125}}],"line":145},"22":{"loc":{"start":{"line":182,"column":20},"end":{"line":182,"column":74}},"type":"binary-expr","locations":[{"start":{"line":182,"column":20},"end":{"line":182,"column":51}},{"start":{"line":182,"column":55},"end":{"line":182,"column":74}}],"line":182}},"s":{"0":1,"1":1,"2":0,"3":0,"4":0,"5":0,"6":0,"7":0,"8":0,"9":0,"10":0,"11":0,"12":0,"13":0,"14":0,"15":0,"16":0,"17":0,"18":0,"19":0,"20":0,"21":0,"22":0,"23":0,"24":0,"25":0,"26":0,"27":0,"28":0,"29":0,"30":0,"31":0,"32":0,"33":0,"34":0,"35":0,"36":0,"37":0,"38":0,"39":0,"40":0,"41":0,"42":0,"43":0,"44":1,"45":0,"46":0,"47":1},"f":{"0":0,"1":0,"2":0,"3":0,"4":0,"5":0,"6":0,"7":0,"8":0,"9":0,"10":0,"11":0},"b":{"0":[0],"1":[0,0],"2":[0,0],"3":[0,0],"4":[0,0],"5":[0,0],"6":[0,0],"7":[0,0],"8":[0,0],"9":[0,0],"10":[0,0],"11":[0,0],"12":[0,0],"13":[0,0],"14":[0,0],"15":[0,0],"16":[0,0],"17":[0,0],"18":[0,0],"19":[0,0],"20":[0,0],"21":[0,0],"22":[0,0]},"_coverageSchema":"1a1c01bbd47fc00a2c39e90264f33305004495a9","hash":"8a31a805e1a033d37c315884b49d3b51bb8b7d60"}
}
