TN:
SF:src\config\emailConfig.js
FN:10,createTransporter
FNF:1
FNH:1
FNDA:1,createTransporter
DA:1,1
DA:3,1
DA:11,1
DA:13,1
DA:14,0
DA:18,0
DA:21,1
DA:30,1
DA:32,1
LF:9
LH:7
BRDA:13,0,0,0
BRDA:13,0,1,1
BRDA:13,1,0,1
BRDA:13,1,1,1
BRF:4
BRH:3
end_of_record
TN:
SF:src\controllers\notificationController.js
FN:3,createForbiddenError
FN:15,(anonymous_1)
FN:29,(anonymous_2)
FN:48,(anonymous_3)
FN:55,(anonymous_4)
FN:62,(anonymous_5)
FN:69,(anonymous_6)
FN:81,(anonymous_7)
FN:88,(anonymous_8)
FN:100,(anonymous_9)
FN:111,(anonymous_10)
FNF:11
FNH:11
FNDA:5,createForbiddenError
FNDA:35,(anonymous_1)
FNDA:7,(anonymous_2)
FNDA:3,(anonymous_3)
FNDA:2,(anonymous_4)
FNDA:2,(anonymous_5)
FNDA:3,(anonymous_6)
FNDA:2,(anonymous_7)
FNDA:3,(anonymous_8)
FNDA:2,(anonymous_9)
FNDA:3,(anonymous_10)
DA:1,2
DA:4,5
DA:5,5
DA:6,5
DA:16,35
DA:18,35
DA:19,35
DA:20,35
DA:21,35
DA:22,35
DA:23,35
DA:24,35
DA:25,35
DA:26,35
DA:30,7
DA:31,7
DA:32,7
DA:33,2
DA:36,5
DA:37,5
DA:44,4
DA:45,3
DA:49,3
DA:50,3
DA:51,2
DA:52,1
DA:56,2
DA:57,2
DA:58,2
DA:59,0
DA:63,2
DA:64,2
DA:65,2
DA:66,0
DA:70,3
DA:71,3
DA:72,3
DA:73,1
DA:76,2
DA:77,2
DA:78,1
DA:82,2
DA:83,2
DA:84,2
DA:85,0
DA:89,3
DA:90,3
DA:91,3
DA:92,1
DA:95,2
DA:96,2
DA:97,1
DA:101,2
DA:102,2
DA:103,0
DA:106,2
DA:107,2
DA:108,0
DA:112,3
DA:113,3
DA:114,1
DA:117,2
DA:118,2
DA:119,1
DA:123,2
LF:65
LH:60
BRDA:32,0,0,2
BRDA:32,0,1,5
BRDA:32,1,0,7
BRDA:32,1,1,3
BRDA:36,2,0,0
BRDA:36,2,1,5
BRDA:36,3,0,2
BRDA:36,3,1,3
BRDA:42,4,0,5
BRDA:42,4,1,5
BRDA:42,5,0,5
BRDA:42,5,1,5
BRDA:72,6,0,1
BRDA:72,6,1,2
BRDA:91,7,0,1
BRDA:91,7,1,2
BRDA:91,8,0,3
BRDA:91,8,1,3
BRDA:102,9,0,0
BRDA:102,9,1,2
BRDA:106,10,0,2
BRDA:106,10,1,1
BRDA:113,11,0,1
BRDA:113,11,1,2
BRDA:117,12,0,2
BRDA:117,12,1,1
BRF:26
BRH:24
end_of_record
TN:
SF:src\middleware\auth.js
FN:3,protect
FN:34,protectInternalService
FNF:2
FNH:2
FNDA:15,protect
FNDA:4,protectInternalService
DA:1,1
DA:4,15
DA:5,15
DA:7,15
DA:8,1
DA:14,14
DA:15,14
DA:17,14
DA:24,14
DA:26,0
DA:27,0
DA:30,0
DA:35,4
DA:36,4
DA:37,4
DA:39,4
DA:40,0
DA:46,4
DA:47,1
DA:53,3
DA:54,3
DA:57,1
LF:22
LH:18
BRDA:7,0,0,1
BRDA:7,0,1,14
BRDA:7,1,0,15
BRDA:7,1,1,14
BRDA:19,2,0,14
BRDA:19,2,1,0
BRDA:20,3,0,14
BRDA:20,3,1,0
BRDA:21,4,0,14
BRDA:21,4,1,0
BRDA:26,5,0,0
BRDA:26,5,1,0
BRDA:39,6,0,0
BRDA:39,6,1,4
BRDA:46,7,0,1
BRDA:46,7,1,3
BRDA:46,8,0,4
BRDA:46,8,1,3
BRDA:46,8,2,3
BRF:19
BRH:13
end_of_record
TN:
SF:src\middleware\errorHandler.js
FN:7,(anonymous_0)
FNF:1
FNH:1
FNDA:3,(anonymous_0)
DA:7,2
DA:8,3
DA:10,3
DA:12,3
DA:19,2
LF:5
LH:5
BRDA:10,0,0,3
BRDA:10,0,1,0
BRDA:14,1,0,3
BRDA:14,1,1,0
BRDA:15,2,0,3
BRDA:15,2,1,1
BRF:6
BRH:4
end_of_record
TN:
SF:src\middleware\validators.js
FN:8,(anonymous_0)
FN:15,(anonymous_1)
FNF:2
FNH:2
FNDA:18,(anonymous_0)
FNDA:14,(anonymous_1)
DA:1,2
DA:2,2
DA:8,2
DA:9,18
DA:10,18
DA:11,18
DA:12,11
DA:15,14
DA:18,7
DA:24,2
DA:45,2
DA:60,2
DA:69,2
DA:75,2
LF:14
LH:14
BRDA:11,0,0,11
BRDA:11,0,1,7
BRF:2
BRH:2
end_of_record
TN:
SF:src\services\emailService.js
FN:15,sendNotificationEmail
FNF:1
FNH:1
FNDA:5,sendNotificationEmail
DA:1,6
DA:2,6
DA:4,6
DA:6,6
DA:16,5
DA:17,2
DA:20,3
DA:21,3
DA:22,1
DA:25,2
DA:26,2
DA:28,2
DA:36,1
DA:40,6
LF:14
LH:14
BRDA:6,0,0,6
BRDA:6,0,1,0
BRDA:16,1,0,2
BRDA:16,1,1,3
BRDA:21,2,0,1
BRDA:21,2,1,2
BRF:6
BRH:5
end_of_record
TN:
SF:src\services\notificationService.js
FN:4,createNotFoundError
FN:16,(anonymous_1)
FN:24,(anonymous_2)
FN:52,(anonymous_3)
FN:65,(anonymous_4)
FN:78,(anonymous_5)
FN:110,(anonymous_6)
FN:127,(anonymous_7)
FN:138,(anonymous_8)
FN:150,(anonymous_9)
FN:161,(anonymous_10)
FN:181,(anonymous_11)
FNF:12
FNH:12
FNDA:3,createNotFoundError
FNDA:51,(anonymous_1)
FNDA:10,(anonymous_2)
FNDA:4,(anonymous_3)
FNDA:8,(anonymous_4)
FNDA:8,(anonymous_5)
FNDA:4,(anonymous_6)
FNDA:2,(anonymous_7)
FNDA:4,(anonymous_8)
FNDA:3,(anonymous_9)
FNDA:4,(anonymous_10)
FNDA:3,(anonymous_11)
DA:1,2
DA:2,2
DA:5,3
DA:6,3
DA:7,3
DA:17,51
DA:18,51
DA:25,10
DA:26,10
DA:27,10
DA:28,10
DA:29,10
DA:31,10
DA:33,10
DA:38,10
DA:53,4
DA:54,4
DA:55,4
DA:56,1
DA:58,3
DA:66,8
DA:67,8
DA:68,8
DA:69,8
DA:79,8
DA:80,8
DA:82,8
DA:83,8
DA:86,7
DA:87,4
DA:90,4
DA:94,6
DA:95,6
DA:97,3
DA:101,3
DA:103,0
DA:111,4
DA:112,4
DA:118,4
DA:119,1
DA:121,3
DA:128,2
DA:132,2
DA:139,4
DA:140,4
DA:141,4
DA:142,1
DA:144,3
DA:151,3
DA:152,3
DA:162,4
DA:163,4
DA:164,2
DA:166,4
DA:171,4
DA:182,3
DA:183,3
DA:184,2
DA:186,3
DA:191,3
DA:195,2
LF:61
LH:60
BRDA:24,0,0,6
BRDA:24,1,0,6
BRDA:26,2,0,4
BRDA:26,2,1,6
BRDA:27,3,0,3
BRDA:27,3,1,7
BRDA:28,4,0,3
BRDA:28,4,1,7
BRDA:29,5,0,2
BRDA:29,5,1,8
BRDA:52,6,0,2
BRDA:53,7,0,2
BRDA:53,7,1,2
BRDA:55,8,0,1
BRDA:55,8,1,3
BRDA:82,9,0,6
BRDA:82,9,1,2
BRDA:83,10,0,1
BRDA:83,10,1,7
BRDA:86,11,0,4
BRDA:86,11,1,3
BRDA:87,12,0,0
BRDA:87,12,1,4
BRDA:90,13,0,1
BRDA:90,13,1,3
BRDA:90,14,0,4
BRDA:90,14,1,1
BRDA:94,15,0,6
BRDA:94,15,1,5
BRDA:95,16,0,3
BRDA:95,16,1,3
BRDA:99,17,0,3
BRDA:99,17,1,0
BRDA:110,18,0,2
BRDA:111,19,0,2
BRDA:111,19,1,2
BRDA:118,20,0,1
BRDA:118,20,1,3
BRDA:138,21,0,2
BRDA:139,22,0,2
BRDA:139,22,1,2
BRDA:141,23,0,1
BRDA:141,23,1,3
BRDA:161,24,0,2
BRDA:163,25,0,2
BRDA:163,25,1,2
BRDA:181,26,0,1
BRDA:183,27,0,2
BRDA:183,27,1,1
BRF:49
BRH:47
end_of_record
TN:
SF:src\utils\constants.js
FNF:0
FNH:0
DA:6,4
DA:15,4
DA:22,4
DA:23,4
DA:25,4
DA:38,4
LF:6
LH:6
BRF:0
BRH:0
end_of_record
TN:
SF:src\utils\emailTemplates.js
FN:16,buildHtmlCard
FN:58,p
FN:62,metaRow
FN:70,metaTable
FN:76,formatDeadline
FN:85,templateTaskAssigned
FN:101,templateTaskUpdated
FN:113,templateDeadlineReminder
FN:134,templateCommentAdded
FN:149,templateTeamUpdate
FN:156,templateSystemAlert
FN:181,buildEmailPayload
FNF:12
FNH:0
FNDA:0,buildHtmlCard
FNDA:0,p
FNDA:0,metaRow
FNDA:0,metaTable
FNDA:0,formatDeadline
FNDA:0,templateTaskAssigned
FNDA:0,templateTaskUpdated
FNDA:0,templateDeadlineReminder
FNDA:0,templateCommentAdded
FNDA:0,templateTeamUpdate
FNDA:0,templateSystemAlert
FNDA:0,buildEmailPayload
DA:7,1
DA:8,1
DA:17,0
DA:59,0
DA:63,0
DA:64,0
DA:71,0
DA:72,0
DA:73,0
DA:77,0
DA:78,0
DA:86,0
DA:87,0
DA:88,0
DA:97,0
DA:98,0
DA:102,0
DA:103,0
DA:104,0
DA:109,0
DA:110,0
DA:114,0
DA:115,0
DA:120,0
DA:121,0
DA:122,0
DA:130,0
DA:131,0
DA:135,0
DA:136,0
DA:137,0
DA:145,0
DA:146,0
DA:150,0
DA:151,0
DA:152,0
DA:153,0
DA:157,0
DA:158,0
DA:159,0
DA:160,0
DA:167,1
DA:182,0
DA:183,0
DA:186,1
LF:45
LH:4
BRDA:16,0,0,0
BRDA:46,1,0,0
BRDA:46,1,1,0
BRDA:63,2,0,0
BRDA:63,2,1,0
BRDA:72,3,0,0
BRDA:72,3,1,0
BRDA:77,4,0,0
BRDA:77,4,1,0
BRDA:86,5,0,0
BRDA:86,5,1,0
BRDA:87,6,0,0
BRDA:87,6,1,0
BRDA:97,7,0,0
BRDA:97,7,1,0
BRDA:97,8,0,0
BRDA:97,8,1,0
BRDA:97,9,0,0
BRDA:97,9,1,0
BRDA:102,10,0,0
BRDA:102,10,1,0
BRDA:103,11,0,0
BRDA:103,11,1,0
BRDA:109,12,0,0
BRDA:109,12,1,0
BRDA:114,13,0,0
BRDA:114,13,1,0
BRDA:120,14,0,0
BRDA:120,14,1,0
BRDA:121,15,0,0
BRDA:121,15,1,0
BRDA:130,16,0,0
BRDA:130,16,1,0
BRDA:130,17,0,0
BRDA:130,17,1,0
BRDA:135,18,0,0
BRDA:135,18,1,0
BRDA:136,19,0,0
BRDA:136,19,1,0
BRDA:145,20,0,0
BRDA:145,20,1,0
BRDA:145,21,0,0
BRDA:145,21,1,0
BRDA:182,22,0,0
BRDA:182,22,1,0
BRF:45
BRH:0
end_of_record
