<?xml version="1.0" encoding="UTF-8"?>
<coverage generated="1773747649216" clover="3.2.0">
  <project timestamp="1773747649216" name="All files">
    <metrics statements="620" coveredstatements="489" conditionals="494" coveredconditionals="269" methods="91" coveredmethods="72" elements="1205" coveredelements="830" complexity="0" loc="620" ncloc="620" packages="7" files="14" classes="14"/>
    <package name="src">
      <metrics statements="24" coveredstatements="20" conditionals="6" coveredconditionals="4" methods="2" coveredmethods="1"/>
      <file name="app.js" path="C:\Users\lasit\OneDrive\Documents\IDEs\VS Code\Task-Management-System\task-management\src\app.js">
        <metrics statements="24" coveredstatements="20" conditionals="6" coveredconditionals="4" methods="2" coveredmethods="1"/>
        <line num="1" count="2" type="stmt"/>
        <line num="2" count="2" type="stmt"/>
        <line num="3" count="2" type="stmt"/>
        <line num="4" count="2" type="stmt"/>
        <line num="5" count="2" type="stmt"/>
        <line num="6" count="2" type="stmt"/>
        <line num="7" count="2" type="stmt"/>
        <line num="9" count="2" type="stmt"/>
        <line num="11" count="2" type="stmt"/>
        <line num="12" count="2" type="cond" truecount="2" falsecount="0"/>
        <line num="15" count="2" type="cond" truecount="1" falsecount="1"/>
        <line num="16" count="0" type="stmt"/>
        <line num="20" count="2" type="stmt"/>
        <line num="21" count="2" type="stmt"/>
        <line num="24" count="2" type="stmt"/>
        <line num="25" count="2" type="stmt"/>
        <line num="28" count="2" type="stmt"/>
        <line num="29" count="1" type="stmt"/>
        <line num="33" count="2" type="stmt"/>
        <line num="36" count="2" type="cond" truecount="1" falsecount="1"/>
        <line num="37" count="0" type="stmt"/>
        <line num="38" count="0" type="stmt"/>
        <line num="39" count="0" type="stmt"/>
        <line num="43" count="2" type="stmt"/>
      </file>
    </package>
    <package name="src.config">
      <metrics statements="8" coveredstatements="3" conditionals="0" coveredconditionals="0" methods="1" coveredmethods="0"/>
      <file name="db.js" path="C:\Users\lasit\OneDrive\Documents\IDEs\VS Code\Task-Management-System\task-management\src\config\db.js">
        <metrics statements="8" coveredstatements="3" conditionals="0" coveredconditionals="0" methods="1" coveredmethods="0"/>
        <line num="1" count="2" type="stmt"/>
        <line num="3" count="2" type="stmt"/>
        <line num="4" count="0" type="stmt"/>
        <line num="5" count="0" type="stmt"/>
        <line num="6" count="0" type="stmt"/>
        <line num="8" count="0" type="stmt"/>
        <line num="9" count="0" type="stmt"/>
        <line num="13" count="2" type="stmt"/>
      </file>
    </package>
    <package name="src.controllers">
      <metrics statements="242" coveredstatements="206" conditionals="202" coveredconditionals="136" methods="30" coveredmethods="30"/>
      <file name="boardController.js" path="C:\Users\lasit\OneDrive\Documents\IDEs\VS Code\Task-Management-System\task-management\src\controllers\boardController.js">
        <metrics statements="108" coveredstatements="95" conditionals="88" coveredconditionals="61" methods="15" coveredmethods="15"/>
        <line num="1" count="3" type="stmt"/>
        <line num="2" count="3" type="stmt"/>
        <line num="3" count="3" type="stmt"/>
        <line num="7" count="9" type="stmt"/>
        <line num="8" count="9" type="cond" truecount="2" falsecount="0"/>
        <line num="9" count="2" type="stmt"/>
        <line num="11" count="7" type="stmt"/>
        <line num="15" count="3" type="stmt"/>
        <line num="16" count="2" type="stmt"/>
        <line num="17" count="2" type="cond" truecount="1" falsecount="1"/>
        <line num="20" count="2" type="stmt"/>
        <line num="27" count="2" type="stmt"/>
        <line num="33" count="0" type="stmt"/>
        <line num="38" count="3" type="stmt"/>
        <line num="39" count="5" type="stmt"/>
        <line num="40" count="5" type="stmt"/>
        <line num="42" count="4" type="cond" truecount="2" falsecount="0"/>
        <line num="43" count="1" type="stmt"/>
        <line num="47" count="3" type="cond" truecount="1" falsecount="1"/>
        <line num="48" count="3" type="cond" truecount="2" falsecount="0"/>
        <line num="49" count="1" type="stmt"/>
        <line num="51" count="3" type="cond" truecount="2" falsecount="0"/>
        <line num="52" count="1" type="stmt"/>
        <line num="55" count="2" type="stmt"/>
        <line num="57" count="1" type="cond" truecount="1" falsecount="1"/>
        <line num="58" count="1" type="stmt"/>
        <line num="60" count="0" type="stmt"/>
        <line num="65" count="3" type="stmt"/>
        <line num="66" count="9" type="stmt"/>
        <line num="67" count="9" type="cond" truecount="2" falsecount="0"/>
        <line num="69" count="7" type="stmt"/>
        <line num="70" count="7" type="stmt"/>
        <line num="71" count="7" type="cond" truecount="1" falsecount="1"/>
        <line num="72" count="7" type="cond" truecount="1" falsecount="1"/>
        <line num="74" count="7" type="stmt"/>
        <line num="87" count="7" type="cond" truecount="1" falsecount="1"/>
        <line num="88" count="7" type="cond" truecount="2" falsecount="0"/>
        <line num="89" count="1" type="stmt"/>
        <line num="90" count="1" type="stmt"/>
        <line num="91" count="1" type="stmt"/>
        <line num="108" count="0" type="stmt"/>
        <line num="112" count="7" type="stmt"/>
        <line num="118" count="0" type="stmt"/>
        <line num="123" count="3" type="stmt"/>
        <line num="124" count="3" type="stmt"/>
        <line num="125" count="3" type="stmt"/>
        <line num="126" count="3" type="stmt"/>
        <line num="128" count="3" type="cond" truecount="1" falsecount="1"/>
        <line num="129" count="0" type="stmt"/>
        <line num="133" count="3" type="cond" truecount="1" falsecount="1"/>
        <line num="134" count="3" type="cond" truecount="2" falsecount="0"/>
        <line num="135" count="1" type="stmt"/>
        <line num="138" count="2" type="cond" truecount="2" falsecount="0"/>
        <line num="139" count="2" type="cond" truecount="2" falsecount="0"/>
        <line num="140" count="2" type="cond" truecount="1" falsecount="1"/>
        <line num="141" count="2" type="cond" truecount="1" falsecount="1"/>
        <line num="143" count="2" type="stmt"/>
        <line num="145" count="2" type="stmt"/>
        <line num="151" count="0" type="stmt"/>
        <line num="156" count="3" type="stmt"/>
        <line num="157" count="4" type="stmt"/>
        <line num="158" count="4" type="stmt"/>
        <line num="160" count="4" type="cond" truecount="2" falsecount="0"/>
        <line num="161" count="1" type="stmt"/>
        <line num="165" count="3" type="cond" truecount="1" falsecount="1"/>
        <line num="166" count="3" type="cond" truecount="2" falsecount="0"/>
        <line num="167" count="1" type="stmt"/>
        <line num="171" count="2" type="stmt"/>
        <line num="173" count="2" type="stmt"/>
        <line num="178" count="0" type="stmt"/>
        <line num="183" count="3" type="stmt"/>
        <line num="184" count="5" type="stmt"/>
        <line num="185" count="5" type="stmt"/>
        <line num="186" count="5" type="stmt"/>
        <line num="188" count="4" type="cond" truecount="1" falsecount="1"/>
        <line num="189" count="0" type="stmt"/>
        <line num="193" count="4" type="cond" truecount="1" falsecount="1"/>
        <line num="194" count="4" type="stmt"/>
        <line num="195" count="4" type="cond" truecount="1" falsecount="1"/>
        <line num="197" count="4" type="cond" truecount="2" falsecount="2"/>
        <line num="198" count="0" type="stmt"/>
        <line num="202" count="4" type="stmt"/>
        <line num="203" count="4" type="cond" truecount="2" falsecount="0"/>
        <line num="204" count="1" type="stmt"/>
        <line num="207" count="3" type="stmt"/>
        <line num="215" count="3" type="stmt"/>
        <line num="217" count="3" type="stmt"/>
        <line num="223" count="1" type="cond" truecount="2" falsecount="2"/>
        <line num="224" count="1" type="stmt"/>
        <line num="226" count="0" type="stmt"/>
        <line num="231" count="3" type="stmt"/>
        <line num="232" count="2" type="stmt"/>
        <line num="233" count="2" type="stmt"/>
        <line num="234" count="2" type="stmt"/>
        <line num="236" count="1" type="cond" truecount="1" falsecount="1"/>
        <line num="237" count="0" type="stmt"/>
        <line num="241" count="1" type="cond" truecount="1" falsecount="1"/>
        <line num="242" count="1" type="stmt"/>
        <line num="243" count="2" type="cond" truecount="1" falsecount="1"/>
        <line num="245" count="1" type="cond" truecount="2" falsecount="2"/>
        <line num="246" count="0" type="stmt"/>
        <line num="249" count="2" type="stmt"/>
        <line num="250" count="1" type="stmt"/>
        <line num="252" count="1" type="stmt"/>
        <line num="258" count="1" type="cond" truecount="2" falsecount="2"/>
        <line num="259" count="1" type="stmt"/>
        <line num="261" count="0" type="stmt"/>
        <line num="265" count="3" type="stmt"/>
      </file>
      <file name="taskController.js" path="C:\Users\lasit\OneDrive\Documents\IDEs\VS Code\Task-Management-System\task-management\src\controllers\taskController.js">
        <metrics statements="134" coveredstatements="111" conditionals="114" coveredconditionals="75" methods="15" coveredmethods="15"/>
        <line num="1" count="2" type="stmt"/>
        <line num="2" count="2" type="stmt"/>
        <line num="3" count="2" type="stmt"/>
        <line num="7" count="6" type="stmt"/>
        <line num="8" count="6" type="cond" truecount="2" falsecount="0"/>
        <line num="9" count="1" type="stmt"/>
        <line num="11" count="5" type="stmt"/>
        <line num="15" count="2" type="stmt"/>
        <line num="16" count="2" type="stmt"/>
        <line num="17" count="2" type="stmt"/>
        <line num="18" count="2" type="stmt"/>
        <line num="20" count="2" type="cond" truecount="2" falsecount="0"/>
        <line num="21" count="2" type="cond" truecount="1" falsecount="1"/>
        <line num="22" count="2" type="cond" truecount="1" falsecount="1"/>
        <line num="23" count="2" type="cond" truecount="1" falsecount="1"/>
        <line num="24" count="2" type="cond" truecount="1" falsecount="1"/>
        <line num="25" count="2" type="cond" truecount="1" falsecount="1"/>
        <line num="27" count="2" type="stmt"/>
        <line num="29" count="2" type="stmt"/>
        <line num="35" count="0" type="stmt"/>
        <line num="40" count="2" type="stmt"/>
        <line num="41" count="3" type="stmt"/>
        <line num="42" count="3" type="stmt"/>
        <line num="44" count="2" type="cond" truecount="2" falsecount="0"/>
        <line num="45" count="1" type="stmt"/>
        <line num="48" count="1" type="stmt"/>
        <line num="50" count="1" type="cond" truecount="1" falsecount="1"/>
        <line num="51" count="1" type="stmt"/>
        <line num="53" count="0" type="stmt"/>
        <line num="58" count="2" type="stmt"/>
        <line num="59" count="5" type="stmt"/>
        <line num="60" count="5" type="cond" truecount="2" falsecount="0"/>
        <line num="62" count="4" type="stmt"/>
        <line num="63" count="4" type="cond" truecount="1" falsecount="1"/>
        <line num="64" count="4" type="stmt"/>
        <line num="66" count="4" type="stmt"/>
        <line num="85" count="4" type="stmt"/>
        <line num="87" count="0" type="stmt"/>
        <line num="92" count="2" type="stmt"/>
        <line num="93" count="1" type="stmt"/>
        <line num="94" count="1" type="cond" truecount="1" falsecount="1"/>
        <line num="96" count="1" type="stmt"/>
        <line num="97" count="1" type="cond" truecount="1" falsecount="1"/>
        <line num="98" count="1" type="stmt"/>
        <line num="100" count="1" type="cond" truecount="1" falsecount="1"/>
        <line num="101" count="0" type="stmt"/>
        <line num="104" count="1" type="stmt"/>
        <line num="106" count="0" type="cond" truecount="0" falsecount="2"/>
        <line num="107" count="0" type="stmt"/>
        <line num="109" count="0" type="stmt"/>
        <line num="115" count="2" type="stmt"/>
        <line num="116" count="1" type="stmt"/>
        <line num="117" count="1" type="cond" truecount="1" falsecount="1"/>
        <line num="118" count="1" type="stmt"/>
        <line num="120" count="1" type="cond" truecount="1" falsecount="1"/>
        <line num="121" count="0" type="stmt"/>
        <line num="124" count="1" type="stmt"/>
        <line num="126" count="0" type="cond" truecount="0" falsecount="2"/>
        <line num="127" count="0" type="stmt"/>
        <line num="129" count="0" type="stmt"/>
        <line num="134" count="2" type="stmt"/>
        <line num="135" count="1" type="stmt"/>
        <line num="136" count="1" type="stmt"/>
        <line num="138" count="1" type="cond" truecount="1" falsecount="1"/>
        <line num="139" count="0" type="stmt"/>
        <line num="142" count="1" type="stmt"/>
        <line num="144" count="0" type="cond" truecount="0" falsecount="2"/>
        <line num="145" count="0" type="stmt"/>
        <line num="147" count="0" type="stmt"/>
        <line num="152" count="2" type="stmt"/>
        <line num="153" count="1" type="stmt"/>
        <line num="154" count="1" type="stmt"/>
        <line num="155" count="1" type="stmt"/>
        <line num="157" count="0" type="stmt"/>
        <line num="162" count="2" type="stmt"/>
        <line num="163" count="1" type="stmt"/>
        <line num="164" count="1" type="cond" truecount="1" falsecount="1"/>
        <line num="165" count="1" type="stmt"/>
        <line num="166" count="1" type="stmt"/>
        <line num="168" count="0" type="stmt"/>
        <line num="173" count="2" type="stmt"/>
        <line num="174" count="3" type="stmt"/>
        <line num="175" count="3" type="cond" truecount="1" falsecount="0"/>
        <line num="176" count="3" type="cond" truecount="1" falsecount="1"/>
        <line num="177" count="3" type="cond" truecount="2" falsecount="0"/>
        <line num="178" count="3" type="stmt"/>
        <line num="180" count="0" type="stmt"/>
        <line num="185" count="2" type="stmt"/>
        <line num="186" count="3" type="stmt"/>
        <line num="187" count="3" type="cond" truecount="1" falsecount="1"/>
        <line num="188" count="3" type="stmt"/>
        <line num="189" count="3" type="cond" truecount="4" falsecount="0"/>
        <line num="190" count="1" type="stmt"/>
        <line num="192" count="2" type="stmt"/>
        <line num="198" count="1" type="cond" truecount="1" falsecount="1"/>
        <line num="199" count="1" type="stmt"/>
        <line num="201" count="1" type="cond" truecount="2" falsecount="2"/>
        <line num="202" count="1" type="stmt"/>
        <line num="204" count="0" type="cond" truecount="0" falsecount="2"/>
        <line num="209" count="2" type="stmt"/>
        <line num="210" count="1" type="stmt"/>
        <line num="211" count="1" type="stmt"/>
        <line num="212" count="1" type="cond" truecount="1" falsecount="1"/>
        <line num="213" count="1" type="stmt"/>
        <line num="215" count="0" type="cond" truecount="0" falsecount="2"/>
        <line num="220" count="2" type="stmt"/>
        <line num="221" count="4" type="stmt"/>
        <line num="222" count="4" type="stmt"/>
        <line num="223" count="4" type="cond" truecount="4" falsecount="0"/>
        <line num="224" count="2" type="stmt"/>
        <line num="226" count="2" type="stmt"/>
        <line num="227" count="1" type="cond" truecount="1" falsecount="1"/>
        <line num="228" count="1" type="stmt"/>
        <line num="230" count="1" type="cond" truecount="2" falsecount="2"/>
        <line num="231" count="1" type="stmt"/>
        <line num="233" count="0" type="stmt"/>
        <line num="238" count="2" type="stmt"/>
        <line num="239" count="1" type="stmt"/>
        <line num="240" count="1" type="stmt"/>
        <line num="241" count="1" type="cond" truecount="1" falsecount="1"/>
        <line num="242" count="1" type="stmt"/>
        <line num="244" count="0" type="cond" truecount="0" falsecount="2"/>
        <line num="249" count="2" type="stmt"/>
        <line num="250" count="6" type="stmt"/>
        <line num="251" count="6" type="stmt"/>
        <line num="252" count="6" type="cond" truecount="5" falsecount="0"/>
        <line num="253" count="3" type="stmt"/>
        <line num="255" count="3" type="cond" truecount="2" falsecount="0"/>
        <line num="256" count="2" type="cond" truecount="1" falsecount="1"/>
        <line num="257" count="2" type="stmt"/>
        <line num="259" count="1" type="cond" truecount="2" falsecount="2"/>
        <line num="260" count="1" type="stmt"/>
        <line num="262" count="0" type="stmt"/>
        <line num="266" count="2" type="stmt"/>
      </file>
    </package>
    <package name="src.middleware">
      <metrics statements="24" coveredstatements="16" conditionals="22" coveredconditionals="8" methods="4" coveredmethods="1"/>
      <file name="auth.js" path="C:\Users\lasit\OneDrive\Documents\IDEs\VS Code\Task-Management-System\task-management\src\middleware\auth.js">
        <metrics statements="19" coveredstatements="14" conditionals="16" coveredconditionals="8" methods="3" coveredmethods="1"/>
        <line num="1" count="2" type="stmt"/>
        <line num="10" count="2" type="stmt"/>
        <line num="11" count="69" type="stmt"/>
        <line num="12" count="69" type="stmt"/>
        <line num="14" count="69" type="cond" truecount="4" falsecount="0"/>
        <line num="15" count="5" type="stmt"/>
        <line num="21" count="64" type="stmt"/>
        <line num="22" count="64" type="stmt"/>
        <line num="25" count="62" type="stmt"/>
        <line num="32" count="62" type="stmt"/>
        <line num="34" count="2" type="cond" truecount="1" falsecount="1"/>
        <line num="35" count="0" type="stmt"/>
        <line num="37" count="2" type="stmt"/>
        <line num="45" count="2" type="stmt"/>
        <line num="46" count="0" type="stmt"/>
        <line num="47" count="0" type="cond" truecount="0" falsecount="4"/>
        <line num="48" count="0" type="stmt"/>
        <line num="53" count="0" type="stmt"/>
        <line num="57" count="2" type="stmt"/>
      </file>
      <file name="errorHandler.js" path="C:\Users\lasit\OneDrive\Documents\IDEs\VS Code\Task-Management-System\task-management\src\middleware\errorHandler.js">
        <metrics statements="5" coveredstatements="2" conditionals="6" coveredconditionals="0" methods="1" coveredmethods="0"/>
        <line num="5" count="2" type="stmt"/>
        <line num="6" count="0" type="stmt"/>
        <line num="8" count="0" type="cond" truecount="0" falsecount="2"/>
        <line num="10" count="0" type="stmt"/>
        <line num="17" count="2" type="stmt"/>
      </file>
    </package>
    <package name="src.models">
      <metrics statements="26" coveredstatements="26" conditionals="0" coveredconditionals="0" methods="2" coveredmethods="2"/>
      <file name="Board.js" path="C:\Users\lasit\OneDrive\Documents\IDEs\VS Code\Task-Management-System\task-management\src\models\Board.js">
        <metrics statements="7" coveredstatements="7" conditionals="0" coveredconditionals="0" methods="0" coveredmethods="0"/>
        <line num="1" count="2" type="stmt"/>
        <line num="5" count="2" type="stmt"/>
        <line num="18" count="2" type="stmt"/>
        <line num="59" count="2" type="stmt"/>
        <line num="60" count="2" type="stmt"/>
        <line num="61" count="2" type="stmt"/>
        <line num="63" count="2" type="stmt"/>
      </file>
      <file name="Task.js" path="C:\Users\lasit\OneDrive\Documents\IDEs\VS Code\Task-Management-System\task-management\src\models\Task.js">
        <metrics statements="19" coveredstatements="19" conditionals="0" coveredconditionals="0" methods="2" coveredmethods="2"/>
        <line num="1" count="2" type="stmt"/>
        <line num="5" count="2" type="stmt"/>
        <line num="16" count="2" type="stmt"/>
        <line num="26" count="2" type="stmt"/>
        <line num="38" count="2" type="stmt"/>
        <line num="49" count="2" type="stmt"/>
        <line num="61" count="2" type="stmt"/>
        <line num="163" count="2" type="stmt"/>
        <line num="164" count="2" type="stmt"/>
        <line num="165" count="2" type="stmt"/>
        <line num="166" count="2" type="stmt"/>
        <line num="167" count="2" type="stmt"/>
        <line num="168" count="2" type="stmt"/>
        <line num="169" count="2" type="stmt"/>
        <line num="172" count="2" type="stmt"/>
        <line num="173" count="15" type="stmt"/>
        <line num="176" count="2" type="stmt"/>
        <line num="178" count="2" type="stmt"/>
        <line num="180" count="2" type="stmt"/>
      </file>
    </package>
    <package name="src.routes">
      <metrics statements="38" coveredstatements="38" conditionals="0" coveredconditionals="0" methods="0" coveredmethods="0"/>
      <file name="boardRoutes.js" path="C:\Users\lasit\OneDrive\Documents\IDEs\VS Code\Task-Management-System\task-management\src\routes\boardRoutes.js">
        <metrics statements="15" coveredstatements="15" conditionals="0" coveredconditionals="0" methods="0" coveredmethods="0"/>
        <line num="1" count="2" type="stmt"/>
        <line num="2" count="2" type="stmt"/>
        <line num="3" count="2" type="stmt"/>
        <line num="4" count="2" type="stmt"/>
        <line num="5" count="2" type="stmt"/>
        <line num="8" count="2" type="stmt"/>
        <line num="18" count="2" type="stmt"/>
        <line num="30" count="2" type="stmt"/>
        <line num="31" count="2" type="stmt"/>
        <line num="32" count="2" type="stmt"/>
        <line num="33" count="2" type="stmt"/>
        <line num="34" count="2" type="stmt"/>
        <line num="37" count="2" type="stmt"/>
        <line num="38" count="2" type="stmt"/>
        <line num="40" count="2" type="stmt"/>
      </file>
      <file name="taskRoutes.js" path="C:\Users\lasit\OneDrive\Documents\IDEs\VS Code\Task-Management-System\task-management\src\routes\taskRoutes.js">
        <metrics statements="23" coveredstatements="23" conditionals="0" coveredconditionals="0" methods="0" coveredmethods="0"/>
        <line num="1" count="2" type="stmt"/>
        <line num="2" count="2" type="stmt"/>
        <line num="3" count="2" type="stmt"/>
        <line num="19" count="2" type="stmt"/>
        <line num="20" count="2" type="stmt"/>
        <line num="23" count="2" type="stmt"/>
        <line num="35" count="2" type="stmt"/>
        <line num="50" count="2" type="stmt"/>
        <line num="51" count="2" type="stmt"/>
        <line num="52" count="2" type="stmt"/>
        <line num="55" count="2" type="stmt"/>
        <line num="56" count="2" type="stmt"/>
        <line num="57" count="2" type="stmt"/>
        <line num="58" count="2" type="stmt"/>
        <line num="59" count="2" type="stmt"/>
        <line num="60" count="2" type="stmt"/>
        <line num="63" count="2" type="stmt"/>
        <line num="64" count="2" type="stmt"/>
        <line num="67" count="2" type="stmt"/>
        <line num="68" count="2" type="stmt"/>
        <line num="71" count="2" type="stmt"/>
        <line num="73" count="2" type="stmt"/>
        <line num="75" count="2" type="stmt"/>
      </file>
    </package>
    <package name="src.services">
      <metrics statements="258" coveredstatements="180" conditionals="264" coveredconditionals="121" methods="52" coveredmethods="38"/>
      <file name="deadlineReminderService.js" path="C:\Users\lasit\OneDrive\Documents\IDEs\VS Code\Task-Management-System\task-management\src\services\deadlineReminderService.js">
        <metrics statements="66" coveredstatements="36" conditionals="43" coveredconditionals="15" methods="11" coveredmethods="6"/>
        <line num="1" count="4" type="stmt"/>
        <line num="2" count="4" type="stmt"/>
        <line num="4" count="4" type="stmt"/>
        <line num="10" count="4" type="stmt"/>
        <line num="13" count="2" type="stmt"/>
        <line num="17" count="2" type="cond" truecount="2" falsecount="0"/>
        <line num="21" count="5" type="stmt"/>
        <line num="23" count="5" type="cond" truecount="2" falsecount="0"/>
        <line num="24" count="1" type="stmt"/>
        <line num="27" count="4" type="stmt"/>
        <line num="29" count="4" type="cond" truecount="2" falsecount="0"/>
        <line num="30" count="3" type="stmt"/>
        <line num="33" count="1" type="cond" truecount="1" falsecount="1"/>
        <line num="34" count="1" type="stmt"/>
        <line num="37" count="0" type="stmt"/>
        <line num="41" count="1" type="stmt"/>
        <line num="42" count="1" type="stmt"/>
        <line num="47" count="1" type="stmt"/>
        <line num="53" count="1" type="stmt"/>
        <line num="71" count="2" type="stmt"/>
        <line num="72" count="2" type="stmt"/>
        <line num="78" count="2" type="stmt"/>
        <line num="80" count="2" type="stmt"/>
        <line num="81" count="2" type="stmt"/>
        <line num="82" count="2" type="cond" truecount="1" falsecount="1"/>
        <line num="83" count="0" type="stmt"/>
        <line num="86" count="2" type="cond" truecount="1" falsecount="1"/>
        <line num="88" count="2" type="stmt"/>
        <line num="89" count="2" type="stmt"/>
        <line num="90" count="2" type="cond" truecount="2" falsecount="0"/>
        <line num="91" count="1" type="stmt"/>
        <line num="94" count="1" type="stmt"/>
        <line num="95" count="1" type="stmt"/>
        <line num="96" count="1" type="stmt"/>
        <line num="102" count="1" type="stmt"/>
        <line num="104" count="0" type="stmt"/>
        <line num="108" count="2" type="stmt"/>
        <line num="111" count="2" type="stmt"/>
        <line num="115" count="0" type="cond" truecount="0" falsecount="5"/>
        <line num="116" count="0" type="stmt"/>
        <line num="119" count="0" type="stmt"/>
        <line num="120" count="0" type="cond" truecount="0" falsecount="2"/>
        <line num="121" count="0" type="stmt"/>
        <line num="124" count="0" type="cond" truecount="0" falsecount="2"/>
        <line num="126" count="0" type="stmt"/>
        <line num="127" count="0" type="stmt"/>
        <line num="128" count="0" type="cond" truecount="0" falsecount="2"/>
        <line num="129" count="0" type="stmt"/>
        <line num="132" count="0" type="stmt"/>
        <line num="133" count="0" type="stmt"/>
        <line num="134" count="0" type="stmt"/>
        <line num="141" count="0" type="stmt"/>
        <line num="145" count="0" type="stmt"/>
        <line num="148" count="0" type="cond" truecount="0" falsecount="1"/>
        <line num="149" count="0" type="cond" truecount="0" falsecount="2"/>
        <line num="150" count="0" type="stmt"/>
        <line num="153" count="0" type="cond" truecount="0" falsecount="2"/>
        <line num="154" count="0" type="stmt"/>
        <line num="155" count="0" type="stmt"/>
        <line num="156" count="0" type="stmt"/>
        <line num="158" count="0" type="stmt"/>
        <line num="162" count="0" type="stmt"/>
        <line num="166" count="0" type="cond" truecount="0" falsecount="2"/>
        <line num="167" count="0" type="stmt"/>
        <line num="168" count="0" type="stmt"/>
        <line num="172" count="4" type="stmt"/>
      </file>
      <file name="notificationService.js" path="C:\Users\lasit\OneDrive\Documents\IDEs\VS Code\Task-Management-System\task-management\src\services\notificationService.js">
        <metrics statements="15" coveredstatements="11" conditionals="16" coveredconditionals="8" methods="4" coveredmethods="2"/>
        <line num="1" count="2" type="stmt"/>
        <line num="3" count="2" type="cond" truecount="2" falsecount="0"/>
        <line num="4" count="2" type="cond" truecount="2" falsecount="0"/>
        <line num="7" count="2" type="stmt"/>
        <line num="12" count="2" type="cond" truecount="1" falsecount="1"/>
        <line num="13" count="2" type="stmt"/>
        <line num="16" count="2" type="cond" truecount="1" falsecount="1"/>
        <line num="17" count="0" type="stmt"/>
        <line num="20" count="2" type="stmt"/>
        <line num="24" count="2" type="stmt"/>
        <line num="33" count="2" type="cond" truecount="2" falsecount="0"/>
        <line num="37" count="0" type="cond" truecount="0" falsecount="4"/>
        <line num="38" count="0" type="stmt"/>
        <line num="41" count="0" type="stmt"/>
        <line num="44" count="2" type="stmt"/>
      </file>
      <file name="taskService.js" path="C:\Users\lasit\OneDrive\Documents\IDEs\VS Code\Task-Management-System\task-management\src\services\taskService.js">
        <metrics statements="137" coveredstatements="115" conditionals="173" coveredconditionals="83" methods="29" coveredmethods="26"/>
        <line num="1" count="3" type="stmt"/>
        <line num="5" count="3" type="stmt"/>
        <line num="6" count="3" type="stmt"/>
        <line num="9" count="5" type="stmt"/>
        <line num="25" count="5" type="stmt"/>
        <line num="26" count="4" type="stmt"/>
        <line num="44" count="6" type="cond" truecount="4" falsecount="0"/>
        <line num="45" count="4" type="stmt"/>
        <line num="48" count="2" type="stmt"/>
        <line num="49" count="3" type="stmt"/>
        <line num="50" count="3" type="stmt"/>
        <line num="52" count="2" type="cond" truecount="1" falsecount="1"/>
        <line num="53" count="2" type="stmt"/>
        <line num="56" count="2" type="cond" truecount="1" falsecount="1"/>
        <line num="57" count="0" type="stmt"/>
        <line num="60" count="2" type="stmt"/>
        <line num="61" count="2" type="stmt"/>
        <line num="63" count="0" type="stmt"/>
        <line num="69" count="16" type="stmt"/>
        <line num="83" count="6" type="stmt"/>
        <line num="86" count="6" type="cond" truecount="3" falsecount="1"/>
        <line num="87" count="6" type="stmt"/>
        <line num="96" count="6" type="stmt"/>
        <line num="100" count="6" type="stmt"/>
        <line num="101" count="6" type="stmt"/>
        <line num="102" count="6" type="stmt"/>
        <line num="103" count="6" type="stmt"/>
        <line num="111" count="2" type="stmt"/>
        <line num="113" count="2" type="cond" truecount="2" falsecount="0"/>
        <line num="114" count="2" type="cond" truecount="1" falsecount="1"/>
        <line num="115" count="2" type="cond" truecount="1" falsecount="1"/>
        <line num="116" count="2" type="cond" truecount="1" falsecount="1"/>
        <line num="118" count="2" type="cond" truecount="1" falsecount="1"/>
        <line num="119" count="2" type="cond" truecount="1" falsecount="1"/>
        <line num="120" count="2" type="cond" truecount="1" falsecount="1"/>
        <line num="121" count="2" type="cond" truecount="1" falsecount="1"/>
        <line num="122" count="2" type="cond" truecount="1" falsecount="1"/>
        <line num="124" count="2" type="stmt"/>
        <line num="131" count="3" type="stmt"/>
        <line num="138" count="1" type="stmt"/>
        <line num="139" count="1" type="cond" truecount="1" falsecount="1"/>
        <line num="141" count="1" type="stmt"/>
        <line num="142" count="1" type="stmt"/>
        <line num="144" count="1" type="cond" truecount="1" falsecount="5"/>
        <line num="146" count="1" type="stmt"/>
        <line num="147" count="8" type="cond" truecount="6" falsecount="2"/>
        <line num="148" count="2" type="stmt"/>
        <line num="152" count="1" type="cond" truecount="1" falsecount="1"/>
        <line num="153" count="0" type="cond" truecount="0" falsecount="2"/>
        <line num="154" count="0" type="cond" truecount="0" falsecount="2"/>
        <line num="155" count="0" type="cond" truecount="0" falsecount="2"/>
        <line num="159" count="1" type="stmt"/>
        <line num="160" count="1" type="cond" truecount="1" falsecount="1"/>
        <line num="162" count="1" type="stmt"/>
        <line num="164" count="1" type="cond" truecount="2" falsecount="2"/>
        <line num="165" count="0" type="stmt"/>
        <line num="166" count="0" type="stmt"/>
        <line num="168" count="0" type="stmt"/>
        <line num="172" count="1" type="stmt"/>
        <line num="179" count="1" type="stmt"/>
        <line num="180" count="1" type="cond" truecount="1" falsecount="1"/>
        <line num="182" count="1" type="stmt"/>
        <line num="183" count="1" type="stmt"/>
        <line num="185" count="1" type="cond" truecount="1" falsecount="5"/>
        <line num="187" count="1" type="stmt"/>
        <line num="188" count="6" type="cond" truecount="6" falsecount="2"/>
        <line num="189" count="1" type="stmt"/>
        <line num="193" count="1" type="cond" truecount="1" falsecount="1"/>
        <line num="194" count="0" type="cond" truecount="0" falsecount="2"/>
        <line num="195" count="0" type="cond" truecount="0" falsecount="2"/>
        <line num="196" count="0" type="cond" truecount="0" falsecount="2"/>
        <line num="200" count="1" type="stmt"/>
        <line num="201" count="1" type="cond" truecount="1" falsecount="1"/>
        <line num="203" count="1" type="stmt"/>
        <line num="205" count="1" type="cond" truecount="2" falsecount="2"/>
        <line num="206" count="0" type="stmt"/>
        <line num="207" count="0" type="stmt"/>
        <line num="209" count="0" type="stmt"/>
        <line num="213" count="1" type="stmt"/>
        <line num="220" count="1" type="stmt"/>
        <line num="229" count="3" type="stmt"/>
        <line num="230" count="2" type="cond" truecount="1" falsecount="1"/>
        <line num="232" count="2" type="stmt"/>
        <line num="233" count="2" type="cond" truecount="1" falsecount="1"/>
        <line num="234" count="0" type="stmt"/>
        <line num="235" count="0" type="stmt"/>
        <line num="236" count="0" type="stmt"/>
        <line num="239" count="2" type="stmt"/>
        <line num="240" count="2" type="stmt"/>
        <line num="241" count="2" type="stmt"/>
        <line num="243" count="2" type="stmt"/>
        <line num="244" count="2" type="stmt"/>
        <line num="246" count="0" type="stmt"/>
        <line num="249" count="2" type="cond" truecount="3" falsecount="1"/>
        <line num="250" count="2" type="stmt"/>
        <line num="251" count="2" type="stmt"/>
        <line num="253" count="0" type="stmt"/>
        <line num="257" count="2" type="stmt"/>
        <line num="264" count="1" type="stmt"/>
        <line num="265" count="1" type="cond" truecount="1" falsecount="1"/>
        <line num="267" count="1" type="stmt"/>
        <line num="268" count="1" type="stmt"/>
        <line num="270" count="1" type="cond" truecount="1" falsecount="1"/>
        <line num="271" count="1" type="stmt"/>
        <line num="274" count="1" type="stmt"/>
        <line num="283" count="2" type="stmt"/>
        <line num="284" count="1" type="cond" truecount="1" falsecount="1"/>
        <line num="286" count="1" type="stmt"/>
        <line num="293" count="1" type="stmt"/>
        <line num="294" count="1" type="stmt"/>
        <line num="295" count="1" type="stmt"/>
        <line num="302" count="1" type="stmt"/>
        <line num="303" count="1" type="cond" truecount="1" falsecount="1"/>
        <line num="305" count="1" type="stmt"/>
        <line num="306" count="1" type="cond" truecount="1" falsecount="1"/>
        <line num="307" count="0" type="stmt"/>
        <line num="308" count="0" type="stmt"/>
        <line num="309" count="0" type="stmt"/>
        <line num="312" count="1" type="stmt"/>
        <line num="313" count="1" type="stmt"/>
        <line num="314" count="1" type="stmt"/>
        <line num="323" count="3" type="stmt"/>
        <line num="324" count="2" type="cond" truecount="1" falsecount="1"/>
        <line num="326" count="2" type="stmt"/>
        <line num="334" count="2" type="stmt"/>
        <line num="335" count="2" type="stmt"/>
        <line num="342" count="1" type="stmt"/>
        <line num="343" count="1" type="cond" truecount="3" falsecount="3"/>
        <line num="344" count="1" type="cond" truecount="3" falsecount="3"/>
        <line num="345" count="1" type="cond" truecount="1" falsecount="1"/>
        <line num="347" count="1" type="stmt"/>
        <line num="358" count="1" type="stmt"/>
        <line num="359" count="1" type="stmt"/>
        <line num="360" count="1" type="cond" truecount="1" falsecount="1"/>
        <line num="361" count="1" type="stmt"/>
        <line num="364" count="1" type="stmt"/>
        <line num="367" count="3" type="stmt"/>
      </file>
      <file name="userService.js" path="C:\Users\lasit\OneDrive\Documents\IDEs\VS Code\Task-Management-System\task-management\src\services\userService.js">
        <metrics statements="40" coveredstatements="18" conditionals="32" coveredconditionals="15" methods="8" coveredmethods="4"/>
        <line num="1" count="2" type="stmt"/>
        <line num="11" count="2" type="cond" truecount="2" falsecount="0"/>
        <line num="18" count="4" type="stmt"/>
        <line num="19" count="4" type="stmt"/>
        <line num="20" count="4" type="cond" truecount="1" falsecount="1"/>
        <line num="21" count="4" type="stmt"/>
        <line num="24" count="4" type="stmt"/>
        <line num="30" count="4" type="cond" truecount="3" falsecount="1"/>
        <line num="31" count="4" type="stmt"/>
        <line num="39" count="0" type="stmt"/>
        <line num="41" count="0" type="stmt"/>
        <line num="42" count="0" type="stmt"/>
        <line num="50" count="0" type="stmt"/>
        <line num="51" count="0" type="stmt"/>
        <line num="55" count="0" type="cond" truecount="0" falsecount="4"/>
        <line num="56" count="0" type="stmt"/>
        <line num="57" count="0" type="stmt"/>
        <line num="65" count="0" type="stmt"/>
        <line num="67" count="0" type="stmt"/>
        <line num="68" count="0" type="stmt"/>
        <line num="76" count="0" type="stmt"/>
        <line num="77" count="0" type="stmt"/>
        <line num="78" count="0" type="cond" truecount="0" falsecount="2"/>
        <line num="80" count="0" type="stmt"/>
        <line num="81" count="0" type="stmt"/>
        <line num="89" count="0" type="stmt"/>
        <line num="90" count="0" type="stmt"/>
        <line num="91" count="0" type="stmt"/>
        <line num="93" count="0" type="stmt"/>
        <line num="104" count="3" type="stmt"/>
        <line num="105" count="3" type="stmt"/>
        <line num="107" count="3" type="cond" truecount="4" falsecount="0"/>
        <line num="108" count="1" type="stmt"/>
        <line num="111" count="2" type="stmt"/>
        <line num="112" count="2" type="stmt"/>
        <line num="113" count="2" type="cond" truecount="2" falsecount="0"/>
        <line num="117" count="2" type="stmt"/>
        <line num="119" count="0" type="stmt"/>
        <line num="120" count="0" type="stmt"/>
        <line num="124" count="2" type="stmt"/>
      </file>
    </package>
  </project>
</coverage>
