{"C:\\Users\\lasit\\OneDrive\\Documents\\IDEs\\VS Code\\Task-Management-System\\task-management\\src\\app.js": {"path":"C:\\Users\\lasit\\OneDrive\\Documents\\IDEs\\VS Code\\Task-Management-System\\task-management\\src\\app.js","statementMap":{"0":{"start":{"line":1,"column":16},"end":{"line":1,"column":34}},"1":{"start":{"line":2,"column":13},"end":{"line":2,"column":28}},"2":{"start":{"line":3,"column":18},"end":{"line":3,"column":40}},"3":{"start":{"line":4,"column":19},"end":{"line":4,"column":49}},"4":{"start":{"line":5,"column":20},"end":{"line":5,"column":51}},"5":{"start":{"line":6,"column":25},"end":{"line":6,"column":61}},"6":{"start":{"line":7,"column":43},"end":{"line":7,"column":88}},"7":{"start":{"line":9,"column":0},"end":{"line":9,"column":27}},"8":{"start":{"line":11,"column":12},"end":{"line":11,"column":21}},"9":{"start":{"line":12,"column":13},"end":{"line":12,"column":37}},"10":{"start":{"line":15,"column":0},"end":{"line":17,"column":1}},"11":{"start":{"line":16,"column":4},"end":{"line":16,"column":16}},"12":{"start":{"line":20,"column":0},"end":{"line":20,"column":16}},"13":{"start":{"line":21,"column":0},"end":{"line":21,"column":24}},"14":{"start":{"line":24,"column":0},"end":{"line":24,"column":34}},"15":{"start":{"line":25,"column":0},"end":{"line":25,"column":36}},"16":{"start":{"line":28,"column":0},"end":{"line":30,"column":3}},"17":{"start":{"line":29,"column":4},"end":{"line":29,"column":71}},"18":{"start":{"line":33,"column":0},"end":{"line":33,"column":22}},"19":{"start":{"line":36,"column":0},"end":{"line":41,"column":1}},"20":{"start":{"line":37,"column":4},"end":{"line":37,"column":37}},"21":{"start":{"line":38,"column":4},"end":{"line":40,"column":7}},"22":{"start":{"line":39,"column":8},"end":{"line":39,"column":71}},"23":{"start":{"line":43,"column":0},"end":{"line":43,"column":21}}},"fnMap":{"0":{"name":"(anonymous_0)","decl":{"start":{"line":28,"column":19},"end":{"line":28,"column":20}},"loc":{"start":{"line":28,"column":33},"end":{"line":30,"column":1}},"line":28},"1":{"name":"(anonymous_1)","decl":{"start":{"line":38,"column":21},"end":{"line":38,"column":22}},"loc":{"start":{"line":38,"column":27},"end":{"line":40,"column":5}},"line":38}},"branchMap":{"0":{"loc":{"start":{"line":12,"column":13},"end":{"line":12,"column":37}},"type":"binary-expr","locations":[{"start":{"line":12,"column":13},"end":{"line":12,"column":29}},{"start":{"line":12,"column":33},"end":{"line":12,"column":37}}],"line":12},"1":{"loc":{"start":{"line":15,"column":0},"end":{"line":17,"column":1}},"type":"if","locations":[{"start":{"line":15,"column":0},"end":{"line":17,"column":1}},{"start":{},"end":{}}],"line":15},"2":{"loc":{"start":{"line":36,"column":0},"end":{"line":41,"column":1}},"type":"if","locations":[{"start":{"line":36,"column":0},"end":{"line":41,"column":1}},{"start":{},"end":{}}],"line":36}},"s":{"0":2,"1":2,"2":2,"3":2,"4":2,"5":2,"6":2,"7":2,"8":2,"9":2,"10":2,"11":0,"12":2,"13":2,"14":2,"15":2,"16":2,"17":1,"18":2,"19":2,"20":0,"21":0,"22":0,"23":2},"f":{"0":1,"1":0},"b":{"0":[2,2],"1":[0,2],"2":[0,2]},"_coverageSchema":"1a1c01bbd47fc00a2c39e90264f33305004495a9","hash":"a8a4d4dfcb07ca2798b7c86a6272aa4e2a7a09d9"}
,"C:\\Users\\lasit\\OneDrive\\Documents\\IDEs\\VS Code\\Task-Management-System\\task-management\\src\\config\\db.js": {"path":"C:\\Users\\lasit\\OneDrive\\Documents\\IDEs\\VS Code\\Task-Management-System\\task-management\\src\\config\\db.js","statementMap":{"0":{"start":{"line":1,"column":17},"end":{"line":1,"column":36}},"1":{"start":{"line":3,"column":18},"end":{"line":11,"column":1}},"2":{"start":{"line":4,"column":4},"end":{"line":10,"column":5}},"3":{"start":{"line":5,"column":21},"end":{"line":5,"column":66}},"4":{"start":{"line":6,"column":8},"end":{"line":6,"column":66}},"5":{"start":{"line":8,"column":8},"end":{"line":8,"column":69}},"6":{"start":{"line":9,"column":8},"end":{"line":9,"column":24}},"7":{"start":{"line":13,"column":0},"end":{"line":13,"column":27}}},"fnMap":{"0":{"name":"(anonymous_0)","decl":{"start":{"line":3,"column":18},"end":{"line":3,"column":19}},"loc":{"start":{"line":3,"column":30},"end":{"line":11,"column":1}},"line":3}},"branchMap":{},"s":{"0":2,"1":2,"2":0,"3":0,"4":0,"5":0,"6":0,"7":2},"f":{"0":0},"b":{},"_coverageSchema":"1a1c01bbd47fc00a2c39e90264f33305004495a9","hash":"cd86afa215ba64d784cb7e4ecff8b1f6bbd1876e"}
,"C:\\Users\\lasit\\OneDrive\\Documents\\IDEs\\VS Code\\Task-Management-System\\task-management\\src\\controllers\\boardController.js": {"path":"C:\\Users\\lasit\\OneDrive\\Documents\\IDEs\\VS Code\\Task-Management-System\\task-management\\src\\controllers\\boardController.js","statementMap":{"0":{"start":{"line":1,"column":14},"end":{"line":1,"column":40}},"1":{"start":{"line":2,"column":29},"end":{"line":2,"column":57}},"2":{"start":{"line":3,"column":36},"end":{"line":3,"column":78}},"3":{"start":{"line":7,"column":19},"end":{"line":7,"column":40}},"4":{"start":{"line":8,"column":4},"end":{"line":10,"column":5}},"5":{"start":{"line":9,"column":8},"end":{"line":9,"column":80}},"6":{"start":{"line":11,"column":4},"end":{"line":11,"column":16}},"7":{"start":{"line":15,"column":21},"end":{"line":35,"column":1}},"8":{"start":{"line":16,"column":4},"end":{"line":34,"column":5}},"9":{"start":{"line":17,"column":23},"end":{"line":17,"column":47}},"10":{"start":{"line":20,"column":23},"end":{"line":25,"column":34}},"11":{"start":{"line":27,"column":8},"end":{"line":31,"column":11}},"12":{"start":{"line":33,"column":8},"end":{"line":33,"column":73}},"13":{"start":{"line":38,"column":21},"end":{"line":62,"column":1}},"14":{"start":{"line":39,"column":4},"end":{"line":61,"column":5}},"15":{"start":{"line":40,"column":22},"end":{"line":40,"column":57}},"16":{"start":{"line":42,"column":8},"end":{"line":44,"column":9}},"17":{"start":{"line":43,"column":12},"end":{"line":43,"column":89}},"18":{"start":{"line":47,"column":23},"end":{"line":47,"column":47}},"19":{"start":{"line":48,"column":26},"end":{"line":49,"column":65}},"20":{"start":{"line":49,"column":49},"end":{"line":49,"column":64}},"21":{"start":{"line":51,"column":8},"end":{"line":53,"column":9}},"22":{"start":{"line":52,"column":12},"end":{"line":52,"column":87}},"23":{"start":{"line":55,"column":8},"end":{"line":55,"column":55}},"24":{"start":{"line":57,"column":8},"end":{"line":59,"column":9}},"25":{"start":{"line":58,"column":12},"end":{"line":58,"column":90}},"26":{"start":{"line":60,"column":8},"end":{"line":60,"column":73}},"27":{"start":{"line":65,"column":20},"end":{"line":120,"column":1}},"28":{"start":{"line":66,"column":28},"end":{"line":66,"column":60}},"29":{"start":{"line":67,"column":4},"end":{"line":67,"column":32}},"30":{"start":{"line":67,"column":25},"end":{"line":67,"column":32}},"31":{"start":{"line":69,"column":4},"end":{"line":119,"column":5}},"32":{"start":{"line":70,"column":55},"end":{"line":70,"column":63}},"33":{"start":{"line":71,"column":21},"end":{"line":71,"column":94}},"34":{"start":{"line":72,"column":26},"end":{"line":72,"column":74}},"35":{"start":{"line":74,"column":22},"end":{"line":85,"column":10}},"36":{"start":{"line":87,"column":27},"end":{"line":87,"column":90}},"37":{"start":{"line":87,"column":68},"end":{"line":87,"column":89}},"38":{"start":{"line":88,"column":8},"end":{"line":110,"column":9}},"39":{"start":{"line":89,"column":12},"end":{"line":109,"column":13}},"40":{"start":{"line":90,"column":16},"end":{"line":106,"column":18}},"41":{"start":{"line":91,"column":48},"end":{"line":104,"column":21}},"42":{"start":{"line":108,"column":16},"end":{"line":108,"column":118}},"43":{"start":{"line":112,"column":8},"end":{"line":116,"column":11}},"44":{"start":{"line":118,"column":8},"end":{"line":118,"column":73}},"45":{"start":{"line":123,"column":20},"end":{"line":153,"column":1}},"46":{"start":{"line":124,"column":4},"end":{"line":152,"column":5}},"47":{"start":{"line":125,"column":55},"end":{"line":125,"column":63}},"48":{"start":{"line":126,"column":22},"end":{"line":126,"column":57}},"49":{"start":{"line":128,"column":8},"end":{"line":130,"column":9}},"50":{"start":{"line":129,"column":12},"end":{"line":129,"column":89}},"51":{"start":{"line":133,"column":23},"end":{"line":133,"column":47}},"52":{"start":{"line":134,"column":8},"end":{"line":136,"column":9}},"53":{"start":{"line":135,"column":12},"end":{"line":135,"column":106}},"54":{"start":{"line":138,"column":8},"end":{"line":138,"column":50}},"55":{"start":{"line":138,"column":32},"end":{"line":138,"column":50}},"56":{"start":{"line":139,"column":8},"end":{"line":139,"column":71}},"57":{"start":{"line":139,"column":39},"end":{"line":139,"column":71}},"58":{"start":{"line":140,"column":8},"end":{"line":140,"column":56}},"59":{"start":{"line":140,"column":34},"end":{"line":140,"column":56}},"60":{"start":{"line":141,"column":8},"end":{"line":141,"column":59}},"61":{"start":{"line":141,"column":35},"end":{"line":141,"column":59}},"62":{"start":{"line":143,"column":8},"end":{"line":143,"column":27}},"63":{"start":{"line":145,"column":8},"end":{"line":149,"column":11}},"64":{"start":{"line":151,"column":8},"end":{"line":151,"column":73}},"65":{"start":{"line":156,"column":20},"end":{"line":180,"column":1}},"66":{"start":{"line":157,"column":4},"end":{"line":179,"column":5}},"67":{"start":{"line":158,"column":22},"end":{"line":158,"column":57}},"68":{"start":{"line":160,"column":8},"end":{"line":162,"column":9}},"69":{"start":{"line":161,"column":12},"end":{"line":161,"column":89}},"70":{"start":{"line":165,"column":23},"end":{"line":165,"column":47}},"71":{"start":{"line":166,"column":8},"end":{"line":168,"column":9}},"72":{"start":{"line":167,"column":12},"end":{"line":167,"column":106}},"73":{"start":{"line":171,"column":8},"end":{"line":171,"column":53}},"74":{"start":{"line":173,"column":8},"end":{"line":176,"column":11}},"75":{"start":{"line":178,"column":8},"end":{"line":178,"column":73}},"76":{"start":{"line":183,"column":18},"end":{"line":228,"column":1}},"77":{"start":{"line":184,"column":4},"end":{"line":227,"column":5}},"78":{"start":{"line":185,"column":27},"end":{"line":185,"column":35}},"79":{"start":{"line":186,"column":22},"end":{"line":186,"column":57}},"80":{"start":{"line":188,"column":8},"end":{"line":190,"column":9}},"81":{"start":{"line":189,"column":12},"end":{"line":189,"column":89}},"82":{"start":{"line":193,"column":23},"end":{"line":193,"column":47}},"83":{"start":{"line":194,"column":26},"end":{"line":194,"column":55}},"84":{"start":{"line":195,"column":24},"end":{"line":195,"column":86}},"85":{"start":{"line":195,"column":48},"end":{"line":195,"column":85}},"86":{"start":{"line":197,"column":8},"end":{"line":199,"column":9}},"87":{"start":{"line":198,"column":12},"end":{"line":198,"column":101}},"88":{"start":{"line":202,"column":23},"end":{"line":202,"column":66}},"89":{"start":{"line":202,"column":47},"end":{"line":202,"column":65}},"90":{"start":{"line":203,"column":8},"end":{"line":205,"column":9}},"91":{"start":{"line":204,"column":12},"end":{"line":204,"column":98}},"92":{"start":{"line":207,"column":8},"end":{"line":213,"column":11}},"93":{"start":{"line":215,"column":8},"end":{"line":215,"column":27}},"94":{"start":{"line":217,"column":8},"end":{"line":221,"column":11}},"95":{"start":{"line":223,"column":8},"end":{"line":225,"column":9}},"96":{"start":{"line":224,"column":12},"end":{"line":224,"column":90}},"97":{"start":{"line":226,"column":8},"end":{"line":226,"column":73}},"98":{"start":{"line":231,"column":21},"end":{"line":263,"column":1}},"99":{"start":{"line":232,"column":4},"end":{"line":262,"column":5}},"100":{"start":{"line":233,"column":29},"end":{"line":233,"column":39}},"101":{"start":{"line":234,"column":22},"end":{"line":234,"column":57}},"102":{"start":{"line":236,"column":8},"end":{"line":238,"column":9}},"103":{"start":{"line":237,"column":12},"end":{"line":237,"column":89}},"104":{"start":{"line":241,"column":23},"end":{"line":241,"column":47}},"105":{"start":{"line":242,"column":26},"end":{"line":242,"column":55}},"106":{"start":{"line":243,"column":24},"end":{"line":243,"column":86}},"107":{"start":{"line":243,"column":48},"end":{"line":243,"column":85}},"108":{"start":{"line":245,"column":8},"end":{"line":247,"column":9}},"109":{"start":{"line":246,"column":12},"end":{"line":246,"column":104}},"110":{"start":{"line":249,"column":8},"end":{"line":249,"column":69}},"111":{"start":{"line":249,"column":50},"end":{"line":249,"column":67}},"112":{"start":{"line":250,"column":8},"end":{"line":250,"column":27}},"113":{"start":{"line":252,"column":8},"end":{"line":256,"column":11}},"114":{"start":{"line":258,"column":8},"end":{"line":260,"column":9}},"115":{"start":{"line":259,"column":12},"end":{"line":259,"column":90}},"116":{"start":{"line":261,"column":8},"end":{"line":261,"column":73}},"117":{"start":{"line":265,"column":0},"end":{"line":273,"column":2}}},"fnMap":{"0":{"name":"handleValidationErrors","decl":{"start":{"line":6,"column":9},"end":{"line":6,"column":31}},"loc":{"start":{"line":6,"column":42},"end":{"line":12,"column":1}},"line":6},"1":{"name":"(anonymous_1)","decl":{"start":{"line":15,"column":21},"end":{"line":15,"column":22}},"loc":{"start":{"line":15,"column":41},"end":{"line":35,"column":1}},"line":15},"2":{"name":"(anonymous_2)","decl":{"start":{"line":38,"column":21},"end":{"line":38,"column":22}},"loc":{"start":{"line":38,"column":41},"end":{"line":62,"column":1}},"line":38},"3":{"name":"(anonymous_3)","decl":{"start":{"line":49,"column":44},"end":{"line":49,"column":45}},"loc":{"start":{"line":49,"column":49},"end":{"line":49,"column":64}},"line":49},"4":{"name":"(anonymous_4)","decl":{"start":{"line":65,"column":20},"end":{"line":65,"column":21}},"loc":{"start":{"line":65,"column":40},"end":{"line":120,"column":1}},"line":65},"5":{"name":"(anonymous_5)","decl":{"start":{"line":87,"column":56},"end":{"line":87,"column":57}},"loc":{"start":{"line":87,"column":68},"end":{"line":87,"column":89}},"line":87},"6":{"name":"(anonymous_6)","decl":{"start":{"line":91,"column":35},"end":{"line":91,"column":36}},"loc":{"start":{"line":91,"column":48},"end":{"line":104,"column":21}},"line":91},"7":{"name":"(anonymous_7)","decl":{"start":{"line":123,"column":20},"end":{"line":123,"column":21}},"loc":{"start":{"line":123,"column":40},"end":{"line":153,"column":1}},"line":123},"8":{"name":"(anonymous_8)","decl":{"start":{"line":156,"column":20},"end":{"line":156,"column":21}},"loc":{"start":{"line":156,"column":40},"end":{"line":180,"column":1}},"line":156},"9":{"name":"(anonymous_9)","decl":{"start":{"line":183,"column":18},"end":{"line":183,"column":19}},"loc":{"start":{"line":183,"column":38},"end":{"line":228,"column":1}},"line":183},"10":{"name":"(anonymous_10)","decl":{"start":{"line":195,"column":43},"end":{"line":195,"column":44}},"loc":{"start":{"line":195,"column":48},"end":{"line":195,"column":85}},"line":195},"11":{"name":"(anonymous_11)","decl":{"start":{"line":202,"column":42},"end":{"line":202,"column":43}},"loc":{"start":{"line":202,"column":47},"end":{"line":202,"column":65}},"line":202},"12":{"name":"(anonymous_12)","decl":{"start":{"line":231,"column":21},"end":{"line":231,"column":22}},"loc":{"start":{"line":231,"column":41},"end":{"line":263,"column":1}},"line":231},"13":{"name":"(anonymous_13)","decl":{"start":{"line":243,"column":43},"end":{"line":243,"column":44}},"loc":{"start":{"line":243,"column":48},"end":{"line":243,"column":85}},"line":243},"14":{"name":"(anonymous_14)","decl":{"start":{"line":249,"column":45},"end":{"line":249,"column":46}},"loc":{"start":{"line":249,"column":50},"end":{"line":249,"column":67}},"line":249}},"branchMap":{"0":{"loc":{"start":{"line":8,"column":4},"end":{"line":10,"column":5}},"type":"if","locations":[{"start":{"line":8,"column":4},"end":{"line":10,"column":5}},{"start":{},"end":{}}],"line":8},"1":{"loc":{"start":{"line":17,"column":23},"end":{"line":17,"column":47}},"type":"binary-expr","locations":[{"start":{"line":17,"column":23},"end":{"line":17,"column":35}},{"start":{"line":17,"column":39},"end":{"line":17,"column":47}}],"line":17},"2":{"loc":{"start":{"line":42,"column":8},"end":{"line":44,"column":9}},"type":"if","locations":[{"start":{"line":42,"column":8},"end":{"line":44,"column":9}},{"start":{},"end":{}}],"line":42},"3":{"loc":{"start":{"line":47,"column":23},"end":{"line":47,"column":47}},"type":"binary-expr","locations":[{"start":{"line":47,"column":23},"end":{"line":47,"column":35}},{"start":{"line":47,"column":39},"end":{"line":47,"column":47}}],"line":47},"4":{"loc":{"start":{"line":48,"column":26},"end":{"line":49,"column":65}},"type":"binary-expr","locations":[{"start":{"line":48,"column":26},"end":{"line":48,"column":55}},{"start":{"line":49,"column":25},"end":{"line":49,"column":65}}],"line":48},"5":{"loc":{"start":{"line":51,"column":8},"end":{"line":53,"column":9}},"type":"if","locations":[{"start":{"line":51,"column":8},"end":{"line":53,"column":9}},{"start":{},"end":{}}],"line":51},"6":{"loc":{"start":{"line":57,"column":8},"end":{"line":59,"column":9}},"type":"if","locations":[{"start":{"line":57,"column":8},"end":{"line":59,"column":9}},{"start":{},"end":{}}],"line":57},"7":{"loc":{"start":{"line":67,"column":4},"end":{"line":67,"column":32}},"type":"if","locations":[{"start":{"line":67,"column":4},"end":{"line":67,"column":32}},{"start":{},"end":{}}],"line":67},"8":{"loc":{"start":{"line":71,"column":21},"end":{"line":71,"column":94}},"type":"binary-expr","locations":[{"start":{"line":71,"column":21},"end":{"line":71,"column":29}},{"start":{"line":71,"column":33},"end":{"line":71,"column":94}}],"line":71},"9":{"loc":{"start":{"line":72,"column":26},"end":{"line":72,"column":74}},"type":"binary-expr","locations":[{"start":{"line":72,"column":26},"end":{"line":72,"column":66}},{"start":{"line":72,"column":70},"end":{"line":72,"column":74}}],"line":72},"10":{"loc":{"start":{"line":76,"column":25},"end":{"line":76,"column":42}},"type":"binary-expr","locations":[{"start":{"line":76,"column":25},"end":{"line":76,"column":36}},{"start":{"line":76,"column":40},"end":{"line":76,"column":42}}],"line":76},"11":{"loc":{"start":{"line":77,"column":20},"end":{"line":77,"column":40}},"type":"binary-expr","locations":[{"start":{"line":77,"column":20},"end":{"line":77,"column":26}},{"start":{"line":77,"column":30},"end":{"line":77,"column":40}}],"line":77},"12":{"loc":{"start":{"line":78,"column":21},"end":{"line":78,"column":34}},"type":"binary-expr","locations":[{"start":{"line":78,"column":21},"end":{"line":78,"column":28}},{"start":{"line":78,"column":32},"end":{"line":78,"column":34}}],"line":78},"13":{"loc":{"start":{"line":83,"column":24},"end":{"line":83,"column":43}},"type":"binary-expr","locations":[{"start":{"line":83,"column":24},"end":{"line":83,"column":35}},{"start":{"line":83,"column":39},"end":{"line":83,"column":43}}],"line":83},"14":{"loc":{"start":{"line":87,"column":28},"end":{"line":87,"column":47}},"type":"binary-expr","locations":[{"start":{"line":87,"column":28},"end":{"line":87,"column":41}},{"start":{"line":87,"column":45},"end":{"line":87,"column":47}}],"line":87},"15":{"loc":{"start":{"line":88,"column":8},"end":{"line":110,"column":9}},"type":"if","locations":[{"start":{"line":88,"column":8},"end":{"line":110,"column":9}},{"start":{},"end":{}}],"line":88},"16":{"loc":{"start":{"line":102,"column":44},"end":{"line":102,"column":64}},"type":"binary-expr","locations":[{"start":{"line":102,"column":44},"end":{"line":102,"column":56}},{"start":{"line":102,"column":60},"end":{"line":102,"column":64}}],"line":102},"17":{"loc":{"start":{"line":128,"column":8},"end":{"line":130,"column":9}},"type":"if","locations":[{"start":{"line":128,"column":8},"end":{"line":130,"column":9}},{"start":{},"end":{}}],"line":128},"18":{"loc":{"start":{"line":133,"column":23},"end":{"line":133,"column":47}},"type":"binary-expr","locations":[{"start":{"line":133,"column":23},"end":{"line":133,"column":35}},{"start":{"line":133,"column":39},"end":{"line":133,"column":47}}],"line":133},"19":{"loc":{"start":{"line":134,"column":8},"end":{"line":136,"column":9}},"type":"if","locations":[{"start":{"line":134,"column":8},"end":{"line":136,"column":9}},{"start":{},"end":{}}],"line":134},"20":{"loc":{"start":{"line":138,"column":8},"end":{"line":138,"column":50}},"type":"if","locations":[{"start":{"line":138,"column":8},"end":{"line":138,"column":50}},{"start":{},"end":{}}],"line":138},"21":{"loc":{"start":{"line":139,"column":8},"end":{"line":139,"column":71}},"type":"if","locations":[{"start":{"line":139,"column":8},"end":{"line":139,"column":71}},{"start":{},"end":{}}],"line":139},"22":{"loc":{"start":{"line":140,"column":8},"end":{"line":140,"column":56}},"type":"if","locations":[{"start":{"line":140,"column":8},"end":{"line":140,"column":56}},{"start":{},"end":{}}],"line":140},"23":{"loc":{"start":{"line":141,"column":8},"end":{"line":141,"column":59}},"type":"if","locations":[{"start":{"line":141,"column":8},"end":{"line":141,"column":59}},{"start":{},"end":{}}],"line":141},"24":{"loc":{"start":{"line":160,"column":8},"end":{"line":162,"column":9}},"type":"if","locations":[{"start":{"line":160,"column":8},"end":{"line":162,"column":9}},{"start":{},"end":{}}],"line":160},"25":{"loc":{"start":{"line":165,"column":23},"end":{"line":165,"column":47}},"type":"binary-expr","locations":[{"start":{"line":165,"column":23},"end":{"line":165,"column":35}},{"start":{"line":165,"column":39},"end":{"line":165,"column":47}}],"line":165},"26":{"loc":{"start":{"line":166,"column":8},"end":{"line":168,"column":9}},"type":"if","locations":[{"start":{"line":166,"column":8},"end":{"line":168,"column":9}},{"start":{},"end":{}}],"line":166},"27":{"loc":{"start":{"line":188,"column":8},"end":{"line":190,"column":9}},"type":"if","locations":[{"start":{"line":188,"column":8},"end":{"line":190,"column":9}},{"start":{},"end":{}}],"line":188},"28":{"loc":{"start":{"line":193,"column":23},"end":{"line":193,"column":47}},"type":"binary-expr","locations":[{"start":{"line":193,"column":23},"end":{"line":193,"column":35}},{"start":{"line":193,"column":39},"end":{"line":193,"column":47}}],"line":193},"29":{"loc":{"start":{"line":195,"column":48},"end":{"line":195,"column":85}},"type":"binary-expr","locations":[{"start":{"line":195,"column":48},"end":{"line":195,"column":63}},{"start":{"line":195,"column":67},"end":{"line":195,"column":85}}],"line":195},"30":{"loc":{"start":{"line":197,"column":8},"end":{"line":199,"column":9}},"type":"if","locations":[{"start":{"line":197,"column":8},"end":{"line":199,"column":9}},{"start":{},"end":{}}],"line":197},"31":{"loc":{"start":{"line":197,"column":12},"end":{"line":197,"column":34}},"type":"binary-expr","locations":[{"start":{"line":197,"column":12},"end":{"line":197,"column":22}},{"start":{"line":197,"column":26},"end":{"line":197,"column":34}}],"line":197},"32":{"loc":{"start":{"line":203,"column":8},"end":{"line":205,"column":9}},"type":"if","locations":[{"start":{"line":203,"column":8},"end":{"line":205,"column":9}},{"start":{},"end":{}}],"line":203},"33":{"loc":{"start":{"line":211,"column":18},"end":{"line":211,"column":41}},"type":"binary-expr","locations":[{"start":{"line":211,"column":18},"end":{"line":211,"column":29}},{"start":{"line":211,"column":33},"end":{"line":211,"column":41}}],"line":211},"34":{"loc":{"start":{"line":212,"column":20},"end":{"line":212,"column":41}},"type":"binary-expr","locations":[{"start":{"line":212,"column":20},"end":{"line":212,"column":33}},{"start":{"line":212,"column":37},"end":{"line":212,"column":41}}],"line":212},"35":{"loc":{"start":{"line":223,"column":8},"end":{"line":225,"column":9}},"type":"if","locations":[{"start":{"line":223,"column":8},"end":{"line":225,"column":9}},{"start":{},"end":{}}],"line":223},"36":{"loc":{"start":{"line":223,"column":12},"end":{"line":223,"column":67}},"type":"binary-expr","locations":[{"start":{"line":223,"column":12},"end":{"line":223,"column":37}},{"start":{"line":223,"column":41},"end":{"line":223,"column":67}}],"line":223},"37":{"loc":{"start":{"line":236,"column":8},"end":{"line":238,"column":9}},"type":"if","locations":[{"start":{"line":236,"column":8},"end":{"line":238,"column":9}},{"start":{},"end":{}}],"line":236},"38":{"loc":{"start":{"line":241,"column":23},"end":{"line":241,"column":47}},"type":"binary-expr","locations":[{"start":{"line":241,"column":23},"end":{"line":241,"column":35}},{"start":{"line":241,"column":39},"end":{"line":241,"column":47}}],"line":241},"39":{"loc":{"start":{"line":243,"column":48},"end":{"line":243,"column":85}},"type":"binary-expr","locations":[{"start":{"line":243,"column":48},"end":{"line":243,"column":63}},{"start":{"line":243,"column":67},"end":{"line":243,"column":85}}],"line":243},"40":{"loc":{"start":{"line":245,"column":8},"end":{"line":247,"column":9}},"type":"if","locations":[{"start":{"line":245,"column":8},"end":{"line":247,"column":9}},{"start":{},"end":{}}],"line":245},"41":{"loc":{"start":{"line":245,"column":12},"end":{"line":245,"column":34}},"type":"binary-expr","locations":[{"start":{"line":245,"column":12},"end":{"line":245,"column":22}},{"start":{"line":245,"column":26},"end":{"line":245,"column":34}}],"line":245},"42":{"loc":{"start":{"line":258,"column":8},"end":{"line":260,"column":9}},"type":"if","locations":[{"start":{"line":258,"column":8},"end":{"line":260,"column":9}},{"start":{},"end":{}}],"line":258},"43":{"loc":{"start":{"line":258,"column":12},"end":{"line":258,"column":67}},"type":"binary-expr","locations":[{"start":{"line":258,"column":12},"end":{"line":258,"column":37}},{"start":{"line":258,"column":41},"end":{"line":258,"column":67}}],"line":258}},"s":{"0":3,"1":3,"2":3,"3":9,"4":9,"5":2,"6":7,"7":3,"8":2,"9":2,"10":2,"11":2,"12":0,"13":3,"14":5,"15":5,"16":4,"17":1,"18":3,"19":3,"20":1,"21":3,"22":1,"23":2,"24":1,"25":1,"26":0,"27":3,"28":9,"29":9,"30":2,"31":7,"32":7,"33":7,"34":7,"35":7,"36":7,"37":2,"38":7,"39":1,"40":1,"41":1,"42":0,"43":7,"44":0,"45":3,"46":3,"47":3,"48":3,"49":3,"50":0,"51":3,"52":3,"53":1,"54":2,"55":1,"56":2,"57":1,"58":2,"59":2,"60":2,"61":0,"62":2,"63":2,"64":0,"65":3,"66":4,"67":4,"68":4,"69":1,"70":3,"71":3,"72":1,"73":2,"74":2,"75":0,"76":3,"77":5,"78":5,"79":5,"80":4,"81":0,"82":4,"83":4,"84":4,"85":2,"86":4,"87":0,"88":4,"89":2,"90":4,"91":1,"92":3,"93":3,"94":3,"95":1,"96":1,"97":0,"98":3,"99":2,"100":2,"101":2,"102":1,"103":0,"104":1,"105":1,"106":1,"107":2,"108":1,"109":0,"110":1,"111":2,"112":1,"113":1,"114":1,"115":1,"116":0,"117":3},"f":{"0":9,"1":2,"2":5,"3":1,"4":9,"5":2,"6":1,"7":3,"8":4,"9":5,"10":2,"11":2,"12":2,"13":2,"14":2},"b":{"0":[2,7],"1":[2,0],"2":[1,3],"3":[3,0],"4":[3,2],"5":[1,2],"6":[1,0],"7":[2,7],"8":[7,0],"9":[7,0],"10":[7,1],"11":[7,1],"12":[7,5],"13":[7,7],"14":[7,0],"15":[1,6],"16":[1,0],"17":[0,3],"18":[3,0],"19":[1,2],"20":[1,1],"21":[1,1],"22":[2,0],"23":[0,2],"24":[1,3],"25":[3,0],"26":[1,2],"27":[0,4],"28":[4,0],"29":[2,0],"30":[0,4],"31":[4,0],"32":[1,3],"33":[3,0],"34":[3,3],"35":[1,0],"36":[1,0],"37":[0,1],"38":[1,0],"39":[2,0],"40":[0,1],"41":[1,0],"42":[1,0],"43":[1,0]},"_coverageSchema":"1a1c01bbd47fc00a2c39e90264f33305004495a9","hash":"a5f2eeb72f8816216682230dd909f636aad344cb"}
,"C:\\Users\\lasit\\OneDrive\\Documents\\IDEs\\VS Code\\Task-Management-System\\task-management\\src\\controllers\\taskController.js": {"path":"C:\\Users\\lasit\\OneDrive\\Documents\\IDEs\\VS Code\\Task-Management-System\\task-management\\src\\controllers\\taskController.js","statementMap":{"0":{"start":{"line":1,"column":29},"end":{"line":1,"column":57}},"1":{"start":{"line":2,"column":20},"end":{"line":2,"column":54}},"2":{"start":{"line":3,"column":37},"end":{"line":3,"column":71}},"3":{"start":{"line":7,"column":19},"end":{"line":7,"column":40}},"4":{"start":{"line":8,"column":4},"end":{"line":10,"column":5}},"5":{"start":{"line":9,"column":8},"end":{"line":9,"column":80}},"6":{"start":{"line":11,"column":4},"end":{"line":11,"column":16}},"7":{"start":{"line":15,"column":20},"end":{"line":37,"column":1}},"8":{"start":{"line":16,"column":4},"end":{"line":36,"column":5}},"9":{"start":{"line":17,"column":73},"end":{"line":17,"column":82}},"10":{"start":{"line":18,"column":24},"end":{"line":18,"column":26}},"11":{"start":{"line":20,"column":8},"end":{"line":20,"column":52}},"12":{"start":{"line":20,"column":24},"end":{"line":20,"column":52}},"13":{"start":{"line":21,"column":8},"end":{"line":21,"column":54}},"14":{"start":{"line":21,"column":24},"end":{"line":21,"column":54}},"15":{"start":{"line":22,"column":8},"end":{"line":22,"column":56}},"16":{"start":{"line":22,"column":24},"end":{"line":22,"column":56}},"17":{"start":{"line":23,"column":8},"end":{"line":23,"column":53}},"18":{"start":{"line":23,"column":24},"end":{"line":23,"column":53}},"19":{"start":{"line":24,"column":8},"end":{"line":24,"column":52}},"20":{"start":{"line":24,"column":24},"end":{"line":24,"column":52}},"21":{"start":{"line":25,"column":8},"end":{"line":25,"column":51}},"22":{"start":{"line":25,"column":24},"end":{"line":25,"column":51}},"23":{"start":{"line":27,"column":22},"end":{"line":27,"column":60}},"24":{"start":{"line":29,"column":8},"end":{"line":33,"column":11}},"25":{"start":{"line":35,"column":8},"end":{"line":35,"column":73}},"26":{"start":{"line":40,"column":20},"end":{"line":55,"column":1}},"27":{"start":{"line":41,"column":4},"end":{"line":54,"column":5}},"28":{"start":{"line":42,"column":21},"end":{"line":42,"column":65}},"29":{"start":{"line":44,"column":8},"end":{"line":46,"column":9}},"30":{"start":{"line":45,"column":12},"end":{"line":45,"column":88}},"31":{"start":{"line":48,"column":8},"end":{"line":48,"column":54}},"32":{"start":{"line":50,"column":8},"end":{"line":52,"column":9}},"33":{"start":{"line":51,"column":12},"end":{"line":51,"column":89}},"34":{"start":{"line":53,"column":8},"end":{"line":53,"column":73}},"35":{"start":{"line":58,"column":19},"end":{"line":89,"column":1}},"36":{"start":{"line":59,"column":28},"end":{"line":59,"column":60}},"37":{"start":{"line":60,"column":4},"end":{"line":60,"column":32}},"38":{"start":{"line":60,"column":25},"end":{"line":60,"column":32}},"39":{"start":{"line":62,"column":4},"end":{"line":88,"column":5}},"40":{"start":{"line":63,"column":26},"end":{"line":63,"column":74}},"41":{"start":{"line":64,"column":134},"end":{"line":64,"column":142}},"42":{"start":{"line":66,"column":21},"end":{"line":83,"column":9}},"43":{"start":{"line":85,"column":8},"end":{"line":85,"column":93}},"44":{"start":{"line":87,"column":8},"end":{"line":87,"column":73}},"45":{"start":{"line":92,"column":19},"end":{"line":111,"column":1}},"46":{"start":{"line":93,"column":28},"end":{"line":93,"column":60}},"47":{"start":{"line":94,"column":4},"end":{"line":94,"column":32}},"48":{"start":{"line":94,"column":25},"end":{"line":94,"column":32}},"49":{"start":{"line":96,"column":4},"end":{"line":110,"column":5}},"50":{"start":{"line":97,"column":26},"end":{"line":97,"column":74}},"51":{"start":{"line":98,"column":21},"end":{"line":98,"column":95}},"52":{"start":{"line":100,"column":8},"end":{"line":102,"column":9}},"53":{"start":{"line":101,"column":12},"end":{"line":101,"column":88}},"54":{"start":{"line":104,"column":8},"end":{"line":104,"column":93}},"55":{"start":{"line":106,"column":8},"end":{"line":108,"column":9}},"56":{"start":{"line":107,"column":12},"end":{"line":107,"column":89}},"57":{"start":{"line":109,"column":8},"end":{"line":109,"column":73}},"58":{"start":{"line":115,"column":18},"end":{"line":131,"column":1}},"59":{"start":{"line":116,"column":4},"end":{"line":130,"column":5}},"60":{"start":{"line":117,"column":26},"end":{"line":117,"column":74}},"61":{"start":{"line":118,"column":21},"end":{"line":118,"column":94}},"62":{"start":{"line":120,"column":8},"end":{"line":122,"column":9}},"63":{"start":{"line":121,"column":12},"end":{"line":121,"column":88}},"64":{"start":{"line":124,"column":8},"end":{"line":124,"column":93}},"65":{"start":{"line":126,"column":8},"end":{"line":128,"column":9}},"66":{"start":{"line":127,"column":12},"end":{"line":127,"column":89}},"67":{"start":{"line":129,"column":8},"end":{"line":129,"column":73}},"68":{"start":{"line":134,"column":19},"end":{"line":149,"column":1}},"69":{"start":{"line":135,"column":4},"end":{"line":148,"column":5}},"70":{"start":{"line":136,"column":21},"end":{"line":136,"column":64}},"71":{"start":{"line":138,"column":8},"end":{"line":140,"column":9}},"72":{"start":{"line":139,"column":12},"end":{"line":139,"column":88}},"73":{"start":{"line":142,"column":8},"end":{"line":142,"column":87}},"74":{"start":{"line":144,"column":8},"end":{"line":146,"column":9}},"75":{"start":{"line":145,"column":12},"end":{"line":145,"column":89}},"76":{"start":{"line":147,"column":8},"end":{"line":147,"column":73}},"77":{"start":{"line":152,"column":21},"end":{"line":159,"column":1}},"78":{"start":{"line":153,"column":4},"end":{"line":158,"column":5}},"79":{"start":{"line":154,"column":22},"end":{"line":154,"column":63}},"80":{"start":{"line":155,"column":8},"end":{"line":155,"column":55}},"81":{"start":{"line":157,"column":8},"end":{"line":157,"column":73}},"82":{"start":{"line":162,"column":17},"end":{"line":170,"column":1}},"83":{"start":{"line":163,"column":4},"end":{"line":169,"column":5}},"84":{"start":{"line":164,"column":22},"end":{"line":164,"column":70}},"85":{"start":{"line":165,"column":22},"end":{"line":165,"column":46}},"86":{"start":{"line":166,"column":8},"end":{"line":166,"column":55}},"87":{"start":{"line":168,"column":8},"end":{"line":168,"column":73}},"88":{"start":{"line":173,"column":27},"end":{"line":182,"column":1}},"89":{"start":{"line":174,"column":4},"end":{"line":181,"column":5}},"90":{"start":{"line":175,"column":34},"end":{"line":175,"column":43}},"91":{"start":{"line":176,"column":22},"end":{"line":176,"column":70}},"92":{"start":{"line":177,"column":22},"end":{"line":177,"column":83}},"93":{"start":{"line":178,"column":8},"end":{"line":178,"column":55}},"94":{"start":{"line":180,"column":8},"end":{"line":180,"column":73}},"95":{"start":{"line":185,"column":20},"end":{"line":206,"column":1}},"96":{"start":{"line":186,"column":4},"end":{"line":205,"column":5}},"97":{"start":{"line":187,"column":26},"end":{"line":187,"column":74}},"98":{"start":{"line":188,"column":62},"end":{"line":188,"column":70}},"99":{"start":{"line":189,"column":8},"end":{"line":191,"column":9}},"100":{"start":{"line":190,"column":12},"end":{"line":190,"column":107}},"101":{"start":{"line":192,"column":21},"end":{"line":197,"column":9}},"102":{"start":{"line":198,"column":8},"end":{"line":198,"column":95}},"103":{"start":{"line":198,"column":19},"end":{"line":198,"column":95}},"104":{"start":{"line":199,"column":8},"end":{"line":199,"column":82}},"105":{"start":{"line":201,"column":8},"end":{"line":203,"column":9}},"106":{"start":{"line":202,"column":12},"end":{"line":202,"column":89}},"107":{"start":{"line":204,"column":8},"end":{"line":204,"column":89}},"108":{"start":{"line":209,"column":23},"end":{"line":217,"column":1}},"109":{"start":{"line":210,"column":4},"end":{"line":216,"column":5}},"110":{"start":{"line":211,"column":21},"end":{"line":211,"column":97}},"111":{"start":{"line":212,"column":8},"end":{"line":212,"column":95}},"112":{"start":{"line":212,"column":19},"end":{"line":212,"column":95}},"113":{"start":{"line":213,"column":8},"end":{"line":213,"column":84}},"114":{"start":{"line":215,"column":8},"end":{"line":215,"column":89}},"115":{"start":{"line":220,"column":19},"end":{"line":235,"column":1}},"116":{"start":{"line":221,"column":4},"end":{"line":234,"column":5}},"117":{"start":{"line":222,"column":25},"end":{"line":222,"column":33}},"118":{"start":{"line":223,"column":8},"end":{"line":225,"column":9}},"119":{"start":{"line":224,"column":12},"end":{"line":224,"column":98}},"120":{"start":{"line":226,"column":21},"end":{"line":226,"column":87}},"121":{"start":{"line":227,"column":8},"end":{"line":227,"column":95}},"122":{"start":{"line":227,"column":19},"end":{"line":227,"column":95}},"123":{"start":{"line":228,"column":8},"end":{"line":228,"column":81}},"124":{"start":{"line":230,"column":8},"end":{"line":232,"column":9}},"125":{"start":{"line":231,"column":12},"end":{"line":231,"column":89}},"126":{"start":{"line":233,"column":8},"end":{"line":233,"column":73}},"127":{"start":{"line":238,"column":22},"end":{"line":246,"column":1}},"128":{"start":{"line":239,"column":4},"end":{"line":245,"column":5}},"129":{"start":{"line":240,"column":21},"end":{"line":240,"column":99}},"130":{"start":{"line":241,"column":8},"end":{"line":241,"column":95}},"131":{"start":{"line":241,"column":19},"end":{"line":241,"column":95}},"132":{"start":{"line":242,"column":8},"end":{"line":242,"column":83}},"133":{"start":{"line":244,"column":8},"end":{"line":244,"column":89}},"134":{"start":{"line":249,"column":16},"end":{"line":264,"column":1}},"135":{"start":{"line":250,"column":4},"end":{"line":263,"column":5}},"136":{"start":{"line":251,"column":32},"end":{"line":251,"column":40}},"137":{"start":{"line":252,"column":8},"end":{"line":254,"column":9}},"138":{"start":{"line":253,"column":12},"end":{"line":253,"column":105}},"139":{"start":{"line":255,"column":21},"end":{"line":255,"column":98}},"140":{"start":{"line":256,"column":8},"end":{"line":256,"column":95}},"141":{"start":{"line":256,"column":19},"end":{"line":256,"column":95}},"142":{"start":{"line":257,"column":8},"end":{"line":257,"column":79}},"143":{"start":{"line":259,"column":8},"end":{"line":261,"column":9}},"144":{"start":{"line":260,"column":12},"end":{"line":260,"column":89}},"145":{"start":{"line":262,"column":8},"end":{"line":262,"column":73}},"146":{"start":{"line":266,"column":0},"end":{"line":281,"column":2}}},"fnMap":{"0":{"name":"handleValidationErrors","decl":{"start":{"line":6,"column":9},"end":{"line":6,"column":31}},"loc":{"start":{"line":6,"column":42},"end":{"line":12,"column":1}},"line":6},"1":{"name":"(anonymous_1)","decl":{"start":{"line":15,"column":20},"end":{"line":15,"column":21}},"loc":{"start":{"line":15,"column":40},"end":{"line":37,"column":1}},"line":15},"2":{"name":"(anonymous_2)","decl":{"start":{"line":40,"column":20},"end":{"line":40,"column":21}},"loc":{"start":{"line":40,"column":40},"end":{"line":55,"column":1}},"line":40},"3":{"name":"(anonymous_3)","decl":{"start":{"line":58,"column":19},"end":{"line":58,"column":20}},"loc":{"start":{"line":58,"column":39},"end":{"line":89,"column":1}},"line":58},"4":{"name":"(anonymous_4)","decl":{"start":{"line":92,"column":19},"end":{"line":92,"column":20}},"loc":{"start":{"line":92,"column":39},"end":{"line":111,"column":1}},"line":92},"5":{"name":"(anonymous_5)","decl":{"start":{"line":115,"column":18},"end":{"line":115,"column":19}},"loc":{"start":{"line":115,"column":38},"end":{"line":131,"column":1}},"line":115},"6":{"name":"(anonymous_6)","decl":{"start":{"line":134,"column":19},"end":{"line":134,"column":20}},"loc":{"start":{"line":134,"column":39},"end":{"line":149,"column":1}},"line":134},"7":{"name":"(anonymous_7)","decl":{"start":{"line":152,"column":21},"end":{"line":152,"column":22}},"loc":{"start":{"line":152,"column":41},"end":{"line":159,"column":1}},"line":152},"8":{"name":"(anonymous_8)","decl":{"start":{"line":162,"column":17},"end":{"line":162,"column":18}},"loc":{"start":{"line":162,"column":37},"end":{"line":170,"column":1}},"line":162},"9":{"name":"(anonymous_9)","decl":{"start":{"line":173,"column":27},"end":{"line":173,"column":28}},"loc":{"start":{"line":173,"column":47},"end":{"line":182,"column":1}},"line":173},"10":{"name":"(anonymous_10)","decl":{"start":{"line":185,"column":20},"end":{"line":185,"column":21}},"loc":{"start":{"line":185,"column":40},"end":{"line":206,"column":1}},"line":185},"11":{"name":"(anonymous_11)","decl":{"start":{"line":209,"column":23},"end":{"line":209,"column":24}},"loc":{"start":{"line":209,"column":43},"end":{"line":217,"column":1}},"line":209},"12":{"name":"(anonymous_12)","decl":{"start":{"line":220,"column":19},"end":{"line":220,"column":20}},"loc":{"start":{"line":220,"column":39},"end":{"line":235,"column":1}},"line":220},"13":{"name":"(anonymous_13)","decl":{"start":{"line":238,"column":22},"end":{"line":238,"column":23}},"loc":{"start":{"line":238,"column":42},"end":{"line":246,"column":1}},"line":238},"14":{"name":"(anonymous_14)","decl":{"start":{"line":249,"column":16},"end":{"line":249,"column":17}},"loc":{"start":{"line":249,"column":36},"end":{"line":264,"column":1}},"line":249}},"branchMap":{"0":{"loc":{"start":{"line":8,"column":4},"end":{"line":10,"column":5}},"type":"if","locations":[{"start":{"line":8,"column":4},"end":{"line":10,"column":5}},{"start":{},"end":{}}],"line":8},"1":{"loc":{"start":{"line":20,"column":8},"end":{"line":20,"column":52}},"type":"if","locations":[{"start":{"line":20,"column":8},"end":{"line":20,"column":52}},{"start":{},"end":{}}],"line":20},"2":{"loc":{"start":{"line":21,"column":8},"end":{"line":21,"column":54}},"type":"if","locations":[{"start":{"line":21,"column":8},"end":{"line":21,"column":54}},{"start":{},"end":{}}],"line":21},"3":{"loc":{"start":{"line":22,"column":8},"end":{"line":22,"column":56}},"type":"if","locations":[{"start":{"line":22,"column":8},"end":{"line":22,"column":56}},{"start":{},"end":{}}],"line":22},"4":{"loc":{"start":{"line":23,"column":8},"end":{"line":23,"column":53}},"type":"if","locations":[{"start":{"line":23,"column":8},"end":{"line":23,"column":53}},{"start":{},"end":{}}],"line":23},"5":{"loc":{"start":{"line":24,"column":8},"end":{"line":24,"column":52}},"type":"if","locations":[{"start":{"line":24,"column":8},"end":{"line":24,"column":52}},{"start":{},"end":{}}],"line":24},"6":{"loc":{"start":{"line":25,"column":8},"end":{"line":25,"column":51}},"type":"if","locations":[{"start":{"line":25,"column":8},"end":{"line":25,"column":51}},{"start":{},"end":{}}],"line":25},"7":{"loc":{"start":{"line":44,"column":8},"end":{"line":46,"column":9}},"type":"if","locations":[{"start":{"line":44,"column":8},"end":{"line":46,"column":9}},{"start":{},"end":{}}],"line":44},"8":{"loc":{"start":{"line":50,"column":8},"end":{"line":52,"column":9}},"type":"if","locations":[{"start":{"line":50,"column":8},"end":{"line":52,"column":9}},{"start":{},"end":{}}],"line":50},"9":{"loc":{"start":{"line":60,"column":4},"end":{"line":60,"column":32}},"type":"if","locations":[{"start":{"line":60,"column":4},"end":{"line":60,"column":32}},{"start":{},"end":{}}],"line":60},"10":{"loc":{"start":{"line":63,"column":26},"end":{"line":63,"column":74}},"type":"binary-expr","locations":[{"start":{"line":63,"column":26},"end":{"line":63,"column":66}},{"start":{"line":63,"column":70},"end":{"line":63,"column":74}}],"line":63},"11":{"loc":{"start":{"line":72,"column":26},"end":{"line":72,"column":42}},"type":"binary-expr","locations":[{"start":{"line":72,"column":26},"end":{"line":72,"column":34}},{"start":{"line":72,"column":38},"end":{"line":72,"column":42}}],"line":72},"12":{"loc":{"start":{"line":73,"column":27},"end":{"line":73,"column":42}},"type":"binary-expr","locations":[{"start":{"line":73,"column":27},"end":{"line":73,"column":36}},{"start":{"line":73,"column":40},"end":{"line":73,"column":42}}],"line":73},"13":{"loc":{"start":{"line":74,"column":26},"end":{"line":74,"column":39}},"type":"binary-expr","locations":[{"start":{"line":74,"column":26},"end":{"line":74,"column":34}},{"start":{"line":74,"column":38},"end":{"line":74,"column":39}}],"line":74},"14":{"loc":{"start":{"line":75,"column":22},"end":{"line":75,"column":32}},"type":"binary-expr","locations":[{"start":{"line":75,"column":22},"end":{"line":75,"column":26}},{"start":{"line":75,"column":30},"end":{"line":75,"column":32}}],"line":75},"15":{"loc":{"start":{"line":76,"column":23},"end":{"line":76,"column":36}},"type":"binary-expr","locations":[{"start":{"line":76,"column":23},"end":{"line":76,"column":28}},{"start":{"line":76,"column":32},"end":{"line":76,"column":36}}],"line":76},"16":{"loc":{"start":{"line":77,"column":25},"end":{"line":77,"column":45}},"type":"binary-expr","locations":[{"start":{"line":77,"column":25},"end":{"line":77,"column":32}},{"start":{"line":77,"column":36},"end":{"line":77,"column":45}}],"line":77},"17":{"loc":{"start":{"line":78,"column":24},"end":{"line":78,"column":38}},"type":"binary-expr","locations":[{"start":{"line":78,"column":24},"end":{"line":78,"column":30}},{"start":{"line":78,"column":34},"end":{"line":78,"column":38}}],"line":78},"18":{"loc":{"start":{"line":79,"column":32},"end":{"line":79,"column":54}},"type":"binary-expr","locations":[{"start":{"line":79,"column":32},"end":{"line":79,"column":46}},{"start":{"line":79,"column":50},"end":{"line":79,"column":54}}],"line":79},"19":{"loc":{"start":{"line":94,"column":4},"end":{"line":94,"column":32}},"type":"if","locations":[{"start":{"line":94,"column":4},"end":{"line":94,"column":32}},{"start":{},"end":{}}],"line":94},"20":{"loc":{"start":{"line":97,"column":26},"end":{"line":97,"column":74}},"type":"binary-expr","locations":[{"start":{"line":97,"column":26},"end":{"line":97,"column":66}},{"start":{"line":97,"column":70},"end":{"line":97,"column":74}}],"line":97},"21":{"loc":{"start":{"line":100,"column":8},"end":{"line":102,"column":9}},"type":"if","locations":[{"start":{"line":100,"column":8},"end":{"line":102,"column":9}},{"start":{},"end":{}}],"line":100},"22":{"loc":{"start":{"line":106,"column":8},"end":{"line":108,"column":9}},"type":"if","locations":[{"start":{"line":106,"column":8},"end":{"line":108,"column":9}},{"start":{},"end":{}}],"line":106},"23":{"loc":{"start":{"line":117,"column":26},"end":{"line":117,"column":74}},"type":"binary-expr","locations":[{"start":{"line":117,"column":26},"end":{"line":117,"column":66}},{"start":{"line":117,"column":70},"end":{"line":117,"column":74}}],"line":117},"24":{"loc":{"start":{"line":120,"column":8},"end":{"line":122,"column":9}},"type":"if","locations":[{"start":{"line":120,"column":8},"end":{"line":122,"column":9}},{"start":{},"end":{}}],"line":120},"25":{"loc":{"start":{"line":126,"column":8},"end":{"line":128,"column":9}},"type":"if","locations":[{"start":{"line":126,"column":8},"end":{"line":128,"column":9}},{"start":{},"end":{}}],"line":126},"26":{"loc":{"start":{"line":138,"column":8},"end":{"line":140,"column":9}},"type":"if","locations":[{"start":{"line":138,"column":8},"end":{"line":140,"column":9}},{"start":{},"end":{}}],"line":138},"27":{"loc":{"start":{"line":144,"column":8},"end":{"line":146,"column":9}},"type":"if","locations":[{"start":{"line":144,"column":8},"end":{"line":146,"column":9}},{"start":{},"end":{}}],"line":144},"28":{"loc":{"start":{"line":164,"column":22},"end":{"line":164,"column":70}},"type":"binary-expr","locations":[{"start":{"line":164,"column":22},"end":{"line":164,"column":62}},{"start":{"line":164,"column":66},"end":{"line":164,"column":70}}],"line":164},"29":{"loc":{"start":{"line":175,"column":16},"end":{"line":175,"column":22}},"type":"default-arg","locations":[{"start":{"line":175,"column":20},"end":{"line":175,"column":22}}],"line":175},"30":{"loc":{"start":{"line":176,"column":22},"end":{"line":176,"column":70}},"type":"binary-expr","locations":[{"start":{"line":176,"column":22},"end":{"line":176,"column":62}},{"start":{"line":176,"column":66},"end":{"line":176,"column":70}}],"line":176},"31":{"loc":{"start":{"line":177,"column":43},"end":{"line":177,"column":75}},"type":"cond-expr","locations":[{"start":{"line":177,"column":51},"end":{"line":177,"column":70}},{"start":{"line":177,"column":73},"end":{"line":177,"column":75}}],"line":177},"32":{"loc":{"start":{"line":187,"column":26},"end":{"line":187,"column":74}},"type":"binary-expr","locations":[{"start":{"line":187,"column":26},"end":{"line":187,"column":66}},{"start":{"line":187,"column":70},"end":{"line":187,"column":74}}],"line":187},"33":{"loc":{"start":{"line":189,"column":8},"end":{"line":191,"column":9}},"type":"if","locations":[{"start":{"line":189,"column":8},"end":{"line":191,"column":9}},{"start":{},"end":{}}],"line":189},"34":{"loc":{"start":{"line":189,"column":12},"end":{"line":189,"column":32}},"type":"binary-expr","locations":[{"start":{"line":189,"column":12},"end":{"line":189,"column":23}},{"start":{"line":189,"column":27},"end":{"line":189,"column":32}}],"line":189},"35":{"loc":{"start":{"line":194,"column":43},"end":{"line":194,"column":54}},"type":"binary-expr","locations":[{"start":{"line":194,"column":43},"end":{"line":194,"column":48}},{"start":{"line":194,"column":52},"end":{"line":194,"column":54}}],"line":194},"36":{"loc":{"start":{"line":194,"column":62},"end":{"line":194,"column":78}},"type":"binary-expr","locations":[{"start":{"line":194,"column":62},"end":{"line":194,"column":66}},{"start":{"line":194,"column":70},"end":{"line":194,"column":78}}],"line":194},"37":{"loc":{"start":{"line":194,"column":88},"end":{"line":194,"column":100}},"type":"binary-expr","locations":[{"start":{"line":194,"column":88},"end":{"line":194,"column":94}},{"start":{"line":194,"column":98},"end":{"line":194,"column":100}}],"line":194},"38":{"loc":{"start":{"line":198,"column":8},"end":{"line":198,"column":95}},"type":"if","locations":[{"start":{"line":198,"column":8},"end":{"line":198,"column":95}},{"start":{},"end":{}}],"line":198},"39":{"loc":{"start":{"line":201,"column":8},"end":{"line":203,"column":9}},"type":"if","locations":[{"start":{"line":201,"column":8},"end":{"line":203,"column":9}},{"start":{},"end":{}}],"line":201},"40":{"loc":{"start":{"line":201,"column":12},"end":{"line":201,"column":67}},"type":"binary-expr","locations":[{"start":{"line":201,"column":12},"end":{"line":201,"column":37}},{"start":{"line":201,"column":41},"end":{"line":201,"column":67}}],"line":201},"41":{"loc":{"start":{"line":204,"column":19},"end":{"line":204,"column":38}},"type":"binary-expr","locations":[{"start":{"line":204,"column":19},"end":{"line":204,"column":31}},{"start":{"line":204,"column":35},"end":{"line":204,"column":38}}],"line":204},"42":{"loc":{"start":{"line":212,"column":8},"end":{"line":212,"column":95}},"type":"if","locations":[{"start":{"line":212,"column":8},"end":{"line":212,"column":95}},{"start":{},"end":{}}],"line":212},"43":{"loc":{"start":{"line":215,"column":19},"end":{"line":215,"column":38}},"type":"binary-expr","locations":[{"start":{"line":215,"column":19},"end":{"line":215,"column":31}},{"start":{"line":215,"column":35},"end":{"line":215,"column":38}}],"line":215},"44":{"loc":{"start":{"line":223,"column":8},"end":{"line":225,"column":9}},"type":"if","locations":[{"start":{"line":223,"column":8},"end":{"line":225,"column":9}},{"start":{},"end":{}}],"line":223},"45":{"loc":{"start":{"line":223,"column":12},"end":{"line":223,"column":39}},"type":"binary-expr","locations":[{"start":{"line":223,"column":12},"end":{"line":223,"column":17}},{"start":{"line":223,"column":21},"end":{"line":223,"column":39}}],"line":223},"46":{"loc":{"start":{"line":227,"column":8},"end":{"line":227,"column":95}},"type":"if","locations":[{"start":{"line":227,"column":8},"end":{"line":227,"column":95}},{"start":{},"end":{}}],"line":227},"47":{"loc":{"start":{"line":230,"column":8},"end":{"line":232,"column":9}},"type":"if","locations":[{"start":{"line":230,"column":8},"end":{"line":232,"column":9}},{"start":{},"end":{}}],"line":230},"48":{"loc":{"start":{"line":230,"column":12},"end":{"line":230,"column":67}},"type":"binary-expr","locations":[{"start":{"line":230,"column":12},"end":{"line":230,"column":37}},{"start":{"line":230,"column":41},"end":{"line":230,"column":67}}],"line":230},"49":{"loc":{"start":{"line":241,"column":8},"end":{"line":241,"column":95}},"type":"if","locations":[{"start":{"line":241,"column":8},"end":{"line":241,"column":95}},{"start":{},"end":{}}],"line":241},"50":{"loc":{"start":{"line":244,"column":19},"end":{"line":244,"column":38}},"type":"binary-expr","locations":[{"start":{"line":244,"column":19},"end":{"line":244,"column":31}},{"start":{"line":244,"column":35},"end":{"line":244,"column":38}}],"line":244},"51":{"loc":{"start":{"line":252,"column":8},"end":{"line":254,"column":9}},"type":"if","locations":[{"start":{"line":252,"column":8},"end":{"line":254,"column":9}},{"start":{},"end":{}}],"line":252},"52":{"loc":{"start":{"line":252,"column":12},"end":{"line":252,"column":56}},"type":"binary-expr","locations":[{"start":{"line":252,"column":12},"end":{"line":252,"column":18}},{"start":{"line":252,"column":22},"end":{"line":252,"column":34}},{"start":{"line":252,"column":38},"end":{"line":252,"column":56}}],"line":252},"53":{"loc":{"start":{"line":255,"column":77},"end":{"line":255,"column":87}},"type":"binary-expr","locations":[{"start":{"line":255,"column":77},"end":{"line":255,"column":81}},{"start":{"line":255,"column":85},"end":{"line":255,"column":87}}],"line":255},"54":{"loc":{"start":{"line":256,"column":8},"end":{"line":256,"column":95}},"type":"if","locations":[{"start":{"line":256,"column":8},"end":{"line":256,"column":95}},{"start":{},"end":{}}],"line":256},"55":{"loc":{"start":{"line":259,"column":8},"end":{"line":261,"column":9}},"type":"if","locations":[{"start":{"line":259,"column":8},"end":{"line":261,"column":9}},{"start":{},"end":{}}],"line":259},"56":{"loc":{"start":{"line":259,"column":12},"end":{"line":259,"column":67}},"type":"binary-expr","locations":[{"start":{"line":259,"column":12},"end":{"line":259,"column":37}},{"start":{"line":259,"column":41},"end":{"line":259,"column":67}}],"line":259}},"s":{"0":2,"1":2,"2":2,"3":6,"4":6,"5":1,"6":5,"7":2,"8":2,"9":2,"10":2,"11":2,"12":1,"13":2,"14":0,"15":2,"16":0,"17":2,"18":0,"19":2,"20":0,"21":2,"22":0,"23":2,"24":2,"25":0,"26":2,"27":3,"28":3,"29":2,"30":1,"31":1,"32":1,"33":1,"34":0,"35":2,"36":5,"37":5,"38":1,"39":4,"40":4,"41":4,"42":4,"43":4,"44":0,"45":2,"46":1,"47":1,"48":0,"49":1,"50":1,"51":1,"52":1,"53":0,"54":1,"55":0,"56":0,"57":0,"58":2,"59":1,"60":1,"61":1,"62":1,"63":0,"64":1,"65":0,"66":0,"67":0,"68":2,"69":1,"70":1,"71":1,"72":0,"73":1,"74":0,"75":0,"76":0,"77":2,"78":1,"79":1,"80":1,"81":0,"82":2,"83":1,"84":1,"85":1,"86":1,"87":0,"88":2,"89":3,"90":3,"91":3,"92":3,"93":3,"94":0,"95":2,"96":3,"97":3,"98":3,"99":3,"100":1,"101":2,"102":1,"103":0,"104":1,"105":1,"106":1,"107":0,"108":2,"109":1,"110":1,"111":1,"112":0,"113":1,"114":0,"115":2,"116":4,"117":4,"118":4,"119":2,"120":2,"121":1,"122":0,"123":1,"124":1,"125":1,"126":0,"127":2,"128":1,"129":1,"130":1,"131":0,"132":1,"133":0,"134":2,"135":6,"136":6,"137":6,"138":3,"139":3,"140":2,"141":0,"142":2,"143":1,"144":1,"145":0,"146":2},"f":{"0":6,"1":2,"2":3,"3":5,"4":1,"5":1,"6":1,"7":1,"8":1,"9":3,"10":3,"11":1,"12":4,"13":1,"14":6},"b":{"0":[1,5],"1":[1,1],"2":[0,2],"3":[0,2],"4":[0,2],"5":[0,2],"6":[0,2],"7":[1,1],"8":[1,0],"9":[1,4],"10":[4,0],"11":[4,4],"12":[4,4],"13":[4,4],"14":[4,4],"15":[4,4],"16":[4,3],"17":[4,4],"18":[4,4],"19":[0,1],"20":[1,0],"21":[0,1],"22":[0,0],"23":[1,0],"24":[0,1],"25":[0,0],"26":[0,1],"27":[0,0],"28":[1,0],"29":[1],"30":[3,0],"31":[1,2],"32":[3,0],"33":[1,2],"34":[3,2],"35":[2,1],"36":[2,1],"37":[2,2],"38":[0,1],"39":[1,0],"40":[1,0],"41":[0,0],"42":[0,1],"43":[0,0],"44":[2,2],"45":[4,3],"46":[0,1],"47":[1,0],"48":[1,0],"49":[0,1],"50":[0,0],"51":[3,3],"52":[6,4,4],"53":[3,2],"54":[0,2],"55":[1,0],"56":[1,0]},"_coverageSchema":"1a1c01bbd47fc00a2c39e90264f33305004495a9","hash":"c775413858c5372a5a03c99233500038f661975f"}
,"C:\\Users\\lasit\\OneDrive\\Documents\\IDEs\\VS Code\\Task-Management-System\\task-management\\src\\middleware\\auth.js": {"path":"C:\\Users\\lasit\\OneDrive\\Documents\\IDEs\\VS Code\\Task-Management-System\\task-management\\src\\middleware\\auth.js","statementMap":{"0":{"start":{"line":1,"column":12},"end":{"line":1,"column":35}},"1":{"start":{"line":10,"column":16},"end":{"line":39,"column":1}},"2":{"start":{"line":11,"column":4},"end":{"line":38,"column":5}},"3":{"start":{"line":12,"column":27},"end":{"line":12,"column":52}},"4":{"start":{"line":14,"column":8},"end":{"line":19,"column":9}},"5":{"start":{"line":15,"column":12},"end":{"line":18,"column":15}},"6":{"start":{"line":21,"column":22},"end":{"line":21,"column":46}},"7":{"start":{"line":22,"column":24},"end":{"line":22,"column":65}},"8":{"start":{"line":25,"column":8},"end":{"line":30,"column":10}},"9":{"start":{"line":32,"column":8},"end":{"line":32,"column":15}},"10":{"start":{"line":34,"column":8},"end":{"line":36,"column":9}},"11":{"start":{"line":35,"column":12},"end":{"line":35,"column":87}},"12":{"start":{"line":37,"column":8},"end":{"line":37,"column":83}},"13":{"start":{"line":45,"column":18},"end":{"line":55,"column":1}},"14":{"start":{"line":46,"column":4},"end":{"line":54,"column":6}},"15":{"start":{"line":47,"column":8},"end":{"line":52,"column":9}},"16":{"start":{"line":48,"column":12},"end":{"line":51,"column":15}},"17":{"start":{"line":53,"column":8},"end":{"line":53,"column":15}},"18":{"start":{"line":57,"column":0},"end":{"line":57,"column":40}}},"fnMap":{"0":{"name":"(anonymous_0)","decl":{"start":{"line":10,"column":16},"end":{"line":10,"column":17}},"loc":{"start":{"line":10,"column":36},"end":{"line":39,"column":1}},"line":10},"1":{"name":"(anonymous_1)","decl":{"start":{"line":45,"column":18},"end":{"line":45,"column":19}},"loc":{"start":{"line":45,"column":32},"end":{"line":55,"column":1}},"line":45},"2":{"name":"(anonymous_2)","decl":{"start":{"line":46,"column":11},"end":{"line":46,"column":12}},"loc":{"start":{"line":46,"column":31},"end":{"line":54,"column":5}},"line":46}},"branchMap":{"0":{"loc":{"start":{"line":14,"column":8},"end":{"line":19,"column":9}},"type":"if","locations":[{"start":{"line":14,"column":8},"end":{"line":19,"column":9}},{"start":{},"end":{}}],"line":14},"1":{"loc":{"start":{"line":14,"column":12},"end":{"line":14,"column":60}},"type":"binary-expr","locations":[{"start":{"line":14,"column":12},"end":{"line":14,"column":23}},{"start":{"line":14,"column":27},"end":{"line":14,"column":60}}],"line":14},"2":{"loc":{"start":{"line":27,"column":18},"end":{"line":27,"column":48}},"type":"binary-expr","locations":[{"start":{"line":27,"column":18},"end":{"line":27,"column":30}},{"start":{"line":27,"column":34},"end":{"line":27,"column":48}}],"line":27},"3":{"loc":{"start":{"line":28,"column":19},"end":{"line":28,"column":38}},"type":"binary-expr","locations":[{"start":{"line":28,"column":19},"end":{"line":28,"column":32}},{"start":{"line":28,"column":36},"end":{"line":28,"column":38}}],"line":28},"4":{"loc":{"start":{"line":29,"column":18},"end":{"line":29,"column":40}},"type":"binary-expr","locations":[{"start":{"line":29,"column":18},"end":{"line":29,"column":30}},{"start":{"line":29,"column":34},"end":{"line":29,"column":40}}],"line":29},"5":{"loc":{"start":{"line":34,"column":8},"end":{"line":36,"column":9}},"type":"if","locations":[{"start":{"line":34,"column":8},"end":{"line":36,"column":9}},{"start":{},"end":{}}],"line":34},"6":{"loc":{"start":{"line":47,"column":8},"end":{"line":52,"column":9}},"type":"if","locations":[{"start":{"line":47,"column":8},"end":{"line":52,"column":9}},{"start":{},"end":{}}],"line":47},"7":{"loc":{"start":{"line":47,"column":12},"end":{"line":47,"column":55}},"type":"binary-expr","locations":[{"start":{"line":47,"column":12},"end":{"line":47,"column":21}},{"start":{"line":47,"column":25},"end":{"line":47,"column":55}}],"line":47}},"s":{"0":2,"1":2,"2":69,"3":69,"4":69,"5":5,"6":64,"7":64,"8":62,"9":62,"10":2,"11":0,"12":2,"13":2,"14":0,"15":0,"16":0,"17":0,"18":2},"f":{"0":69,"1":0,"2":0},"b":{"0":[5,64],"1":[69,64],"2":[62,0],"3":[62,0],"4":[62,0],"5":[0,2],"6":[0,0],"7":[0,0]},"_coverageSchema":"1a1c01bbd47fc00a2c39e90264f33305004495a9","hash":"b822d767ba54ba1d03e7699c1c942fa9886ed47f"}
,"C:\\Users\\lasit\\OneDrive\\Documents\\IDEs\\VS Code\\Task-Management-System\\task-management\\src\\middleware\\errorHandler.js": {"path":"C:\\Users\\lasit\\OneDrive\\Documents\\IDEs\\VS Code\\Task-Management-System\\task-management\\src\\middleware\\errorHandler.js","statementMap":{"0":{"start":{"line":5,"column":21},"end":{"line":15,"column":1}},"1":{"start":{"line":6,"column":4},"end":{"line":6,"column":43}},"2":{"start":{"line":8,"column":23},"end":{"line":8,"column":44}},"3":{"start":{"line":10,"column":4},"end":{"line":14,"column":7}},"4":{"start":{"line":17,"column":0},"end":{"line":17,"column":34}}},"fnMap":{"0":{"name":"(anonymous_0)","decl":{"start":{"line":5,"column":21},"end":{"line":5,"column":22}},"loc":{"start":{"line":5,"column":47},"end":{"line":15,"column":1}},"line":5}},"branchMap":{"0":{"loc":{"start":{"line":8,"column":23},"end":{"line":8,"column":44}},"type":"binary-expr","locations":[{"start":{"line":8,"column":23},"end":{"line":8,"column":37}},{"start":{"line":8,"column":41},"end":{"line":8,"column":44}}],"line":8},"1":{"loc":{"start":{"line":12,"column":17},"end":{"line":12,"column":55}},"type":"binary-expr","locations":[{"start":{"line":12,"column":17},"end":{"line":12,"column":28}},{"start":{"line":12,"column":32},"end":{"line":12,"column":55}}],"line":12},"2":{"loc":{"start":{"line":13,"column":12},"end":{"line":13,"column":74}},"type":"binary-expr","locations":[{"start":{"line":13,"column":12},"end":{"line":13,"column":50}},{"start":{"line":13,"column":54},"end":{"line":13,"column":74}}],"line":13}},"s":{"0":2,"1":0,"2":0,"3":0,"4":2},"f":{"0":0},"b":{"0":[0,0],"1":[0,0],"2":[0,0]},"_coverageSchema":"1a1c01bbd47fc00a2c39e90264f33305004495a9","hash":"8e0ea1d5e19d8e0c08191e15359550101e26bd05"}
,"C:\\Users\\lasit\\OneDrive\\Documents\\IDEs\\VS Code\\Task-Management-System\\task-management\\src\\models\\Board.js": {"path":"C:\\Users\\lasit\\OneDrive\\Documents\\IDEs\\VS Code\\Task-Management-System\\task-management\\src\\models\\Board.js","statementMap":{"0":{"start":{"line":1,"column":17},"end":{"line":1,"column":36}},"1":{"start":{"line":5,"column":21},"end":{"line":14,"column":1}},"2":{"start":{"line":18,"column":20},"end":{"line":56,"column":1}},"3":{"start":{"line":59,"column":0},"end":{"line":59,"column":31}},"4":{"start":{"line":60,"column":0},"end":{"line":60,"column":41}},"5":{"start":{"line":61,"column":0},"end":{"line":61,"column":39}},"6":{"start":{"line":63,"column":0},"end":{"line":63,"column":54}}},"fnMap":{},"branchMap":{},"s":{"0":2,"1":2,"2":2,"3":2,"4":2,"5":2,"6":2},"f":{},"b":{},"_coverageSchema":"1a1c01bbd47fc00a2c39e90264f33305004495a9","hash":"08f023ed26c0529f0913f7eddb112e0ece1c794a"}
,"C:\\Users\\lasit\\OneDrive\\Documents\\IDEs\\VS Code\\Task-Management-System\\task-management\\src\\models\\Task.js": {"path":"C:\\Users\\lasit\\OneDrive\\Documents\\IDEs\\VS Code\\Task-Management-System\\task-management\\src\\models\\Task.js","statementMap":{"0":{"start":{"line":1,"column":17},"end":{"line":1,"column":36}},"1":{"start":{"line":5,"column":23},"end":{"line":14,"column":1}},"2":{"start":{"line":16,"column":22},"end":{"line":24,"column":1}},"3":{"start":{"line":26,"column":23},"end":{"line":36,"column":1}},"4":{"start":{"line":38,"column":22},"end":{"line":47,"column":1}},"5":{"start":{"line":49,"column":35},"end":{"line":57,"column":1}},"6":{"start":{"line":61,"column":19},"end":{"line":160,"column":1}},"7":{"start":{"line":163,"column":0},"end":{"line":163,"column":32}},"8":{"start":{"line":164,"column":0},"end":{"line":164,"column":39}},"9":{"start":{"line":165,"column":0},"end":{"line":165,"column":40}},"10":{"start":{"line":166,"column":0},"end":{"line":166,"column":43}},"11":{"start":{"line":167,"column":0},"end":{"line":167,"column":34}},"12":{"start":{"line":168,"column":0},"end":{"line":168,"column":33}},"13":{"start":{"line":169,"column":0},"end":{"line":169,"column":31}},"14":{"start":{"line":172,"column":0},"end":{"line":174,"column":3}},"15":{"start":{"line":173,"column":4},"end":{"line":173,"column":72}},"16":{"start":{"line":173,"column":46},"end":{"line":173,"column":67}},"17":{"start":{"line":176,"column":0},"end":{"line":176,"column":45}},"18":{"start":{"line":178,"column":13},"end":{"line":178,"column":47}},"19":{"start":{"line":180,"column":0},"end":{"line":180,"column":22}}},"fnMap":{"0":{"name":"(anonymous_0)","decl":{"start":{"line":172,"column":43},"end":{"line":172,"column":44}},"loc":{"start":{"line":172,"column":55},"end":{"line":174,"column":1}},"line":172},"1":{"name":"(anonymous_1)","decl":{"start":{"line":173,"column":32},"end":{"line":173,"column":33}},"loc":{"start":{"line":173,"column":46},"end":{"line":173,"column":67}},"line":173}},"branchMap":{},"s":{"0":2,"1":2,"2":2,"3":2,"4":2,"5":2,"6":2,"7":2,"8":2,"9":2,"10":2,"11":2,"12":2,"13":2,"14":2,"15":15,"16":3,"17":2,"18":2,"19":2},"f":{"0":15,"1":3},"b":{},"_coverageSchema":"1a1c01bbd47fc00a2c39e90264f33305004495a9","hash":"8fb172519f8ead19ca239a4fe4b05b610aae06ef"}
,"C:\\Users\\lasit\\OneDrive\\Documents\\IDEs\\VS Code\\Task-Management-System\\task-management\\src\\routes\\boardRoutes.js": {"path":"C:\\Users\\lasit\\OneDrive\\Documents\\IDEs\\VS Code\\Task-Management-System\\task-management\\src\\routes\\boardRoutes.js","statementMap":{"0":{"start":{"line":1,"column":16},"end":{"line":1,"column":34}},"1":{"start":{"line":2,"column":15},"end":{"line":2,"column":31}},"2":{"start":{"line":3,"column":17},"end":{"line":3,"column":45}},"3":{"start":{"line":4,"column":24},"end":{"line":4,"column":65}},"4":{"start":{"line":5,"column":20},"end":{"line":5,"column":49}},"5":{"start":{"line":8,"column":30},"end":{"line":16,"column":1}},"6":{"start":{"line":18,"column":30},"end":{"line":26,"column":1}},"7":{"start":{"line":30,"column":0},"end":{"line":30,"column":55}},"8":{"start":{"line":31,"column":0},"end":{"line":31,"column":58}},"9":{"start":{"line":32,"column":0},"end":{"line":32,"column":78}},"10":{"start":{"line":33,"column":0},"end":{"line":33,"column":80}},"11":{"start":{"line":34,"column":0},"end":{"line":34,"column":60}},"12":{"start":{"line":37,"column":0},"end":{"line":37,"column":64}},"13":{"start":{"line":38,"column":0},"end":{"line":38,"column":79}},"14":{"start":{"line":40,"column":0},"end":{"line":40,"column":24}}},"fnMap":{},"branchMap":{},"s":{"0":2,"1":2,"2":2,"3":2,"4":2,"5":2,"6":2,"7":2,"8":2,"9":2,"10":2,"11":2,"12":2,"13":2,"14":2},"f":{},"b":{},"_coverageSchema":"1a1c01bbd47fc00a2c39e90264f33305004495a9","hash":"4619cda464bb84a5143b67efeaa8778fcb9ada1f"}
,"C:\\Users\\lasit\\OneDrive\\Documents\\IDEs\\VS Code\\Task-Management-System\\task-management\\src\\routes\\taskRoutes.js": {"path":"C:\\Users\\lasit\\OneDrive\\Documents\\IDEs\\VS Code\\Task-Management-System\\task-management\\src\\routes\\taskRoutes.js","statementMap":{"0":{"start":{"line":1,"column":16},"end":{"line":1,"column":34}},"1":{"start":{"line":2,"column":15},"end":{"line":2,"column":31}},"2":{"start":{"line":3,"column":17},"end":{"line":3,"column":45}},"3":{"start":{"line":19,"column":4},"end":{"line":19,"column":44}},"4":{"start":{"line":20,"column":20},"end":{"line":20,"column":49}},"5":{"start":{"line":23,"column":29},"end":{"line":33,"column":1}},"6":{"start":{"line":35,"column":29},"end":{"line":45,"column":1}},"7":{"start":{"line":50,"column":0},"end":{"line":50,"column":58}},"8":{"start":{"line":51,"column":0},"end":{"line":51,"column":54}},"9":{"start":{"line":52,"column":0},"end":{"line":52,"column":64}},"10":{"start":{"line":55,"column":0},"end":{"line":55,"column":57}},"11":{"start":{"line":56,"column":0},"end":{"line":56,"column":78}},"12":{"start":{"line":57,"column":0},"end":{"line":57,"column":57}},"13":{"start":{"line":58,"column":0},"end":{"line":58,"column":78}},"14":{"start":{"line":59,"column":0},"end":{"line":59,"column":77}},"15":{"start":{"line":60,"column":0},"end":{"line":60,"column":56}},"16":{"start":{"line":63,"column":0},"end":{"line":63,"column":69}},"17":{"start":{"line":64,"column":0},"end":{"line":64,"column":72}},"18":{"start":{"line":67,"column":0},"end":{"line":67,"column":68}},"19":{"start":{"line":68,"column":0},"end":{"line":68,"column":71}},"20":{"start":{"line":71,"column":0},"end":{"line":71,"column":65}},"21":{"start":{"line":73,"column":0},"end":{"line":73,"column":24}},"22":{"start":{"line":75,"column":0},"end":{"line":75,"column":24}}},"fnMap":{},"branchMap":{},"s":{"0":2,"1":2,"2":2,"3":2,"4":2,"5":2,"6":2,"7":2,"8":2,"9":2,"10":2,"11":2,"12":2,"13":2,"14":2,"15":2,"16":2,"17":2,"18":2,"19":2,"20":2,"21":2,"22":2},"f":{},"b":{},"_coverageSchema":"1a1c01bbd47fc00a2c39e90264f33305004495a9","hash":"3ddb06068dead708a7b0f77104424148554c2b2d"}
,"C:\\Users\\lasit\\OneDrive\\Documents\\IDEs\\VS Code\\Task-Management-System\\task-management\\src\\services\\deadlineReminderService.js": {"path":"C:\\Users\\lasit\\OneDrive\\Documents\\IDEs\\VS Code\\Task-Management-System\\task-management\\src\\services\\deadlineReminderService.js","statementMap":{"0":{"start":{"line":1,"column":13},"end":{"line":1,"column":38}},"1":{"start":{"line":2,"column":31},"end":{"line":2,"column":63}},"2":{"start":{"line":4,"column":23},"end":{"line":8,"column":2}},"3":{"start":{"line":10,"column":22},"end":{"line":10,"column":26}},"4":{"start":{"line":13,"column":4},"end":{"line":13,"column":84}},"5":{"start":{"line":17,"column":4},"end":{"line":17,"column":120}},"6":{"start":{"line":17,"column":101},"end":{"line":17,"column":118}},"7":{"start":{"line":21,"column":19},"end":{"line":21,"column":63}},"8":{"start":{"line":23,"column":4},"end":{"line":25,"column":5}},"9":{"start":{"line":24,"column":8},"end":{"line":24,"column":38}},"10":{"start":{"line":27,"column":26},"end":{"line":27,"column":51}},"11":{"start":{"line":29,"column":4},"end":{"line":31,"column":5}},"12":{"start":{"line":30,"column":8},"end":{"line":30,"column":46}},"13":{"start":{"line":33,"column":4},"end":{"line":35,"column":5}},"14":{"start":{"line":34,"column":8},"end":{"line":34,"column":46}},"15":{"start":{"line":37,"column":4},"end":{"line":37,"column":16}},"16":{"start":{"line":41,"column":24},"end":{"line":41,"column":61}},"17":{"start":{"line":42,"column":24},"end":{"line":46,"column":5}},"18":{"start":{"line":47,"column":26},"end":{"line":51,"column":5}},"19":{"start":{"line":53,"column":4},"end":{"line":67,"column":6}},"20":{"start":{"line":71,"column":23},"end":{"line":71,"column":70}},"21":{"start":{"line":72,"column":18},"end":{"line":76,"column":6}},"22":{"start":{"line":78,"column":28},"end":{"line":78,"column":29}},"23":{"start":{"line":80,"column":4},"end":{"line":109,"column":5}},"24":{"start":{"line":81,"column":29},"end":{"line":81,"column":68}},"25":{"start":{"line":82,"column":8},"end":{"line":84,"column":9}},"26":{"start":{"line":83,"column":12},"end":{"line":83,"column":21}},"27":{"start":{"line":86,"column":8},"end":{"line":86,"column":72}},"28":{"start":{"line":88,"column":8},"end":{"line":106,"column":9}},"29":{"start":{"line":89,"column":24},"end":{"line":89,"column":73}},"30":{"start":{"line":90,"column":12},"end":{"line":92,"column":13}},"31":{"start":{"line":91,"column":16},"end":{"line":91,"column":25}},"32":{"start":{"line":94,"column":12},"end":{"line":105,"column":13}},"33":{"start":{"line":95,"column":16},"end":{"line":95,"column":109}},"34":{"start":{"line":96,"column":16},"end":{"line":101,"column":19}},"35":{"start":{"line":102,"column":16},"end":{"line":102,"column":39}},"36":{"start":{"line":104,"column":16},"end":{"line":104,"column":105}},"37":{"start":{"line":108,"column":8},"end":{"line":108,"column":26}},"38":{"start":{"line":111,"column":4},"end":{"line":111,"column":61}},"39":{"start":{"line":115,"column":4},"end":{"line":117,"column":5}},"40":{"start":{"line":116,"column":8},"end":{"line":116,"column":15}},"41":{"start":{"line":119,"column":25},"end":{"line":119,"column":64}},"42":{"start":{"line":120,"column":4},"end":{"line":122,"column":5}},"43":{"start":{"line":121,"column":8},"end":{"line":121,"column":15}},"44":{"start":{"line":124,"column":4},"end":{"line":124,"column":68}},"45":{"start":{"line":126,"column":4},"end":{"line":143,"column":5}},"46":{"start":{"line":127,"column":20},"end":{"line":127,"column":69}},"47":{"start":{"line":128,"column":8},"end":{"line":130,"column":9}},"48":{"start":{"line":129,"column":12},"end":{"line":129,"column":21}},"49":{"start":{"line":132,"column":8},"end":{"line":142,"column":9}},"50":{"start":{"line":133,"column":12},"end":{"line":133,"column":105}},"51":{"start":{"line":134,"column":12},"end":{"line":139,"column":15}},"52":{"start":{"line":141,"column":12},"end":{"line":141,"column":101}},"53":{"start":{"line":145,"column":4},"end":{"line":145,"column":22}},"54":{"start":{"line":148,"column":66},"end":{"line":148,"column":70}},"55":{"start":{"line":149,"column":4},"end":{"line":151,"column":5}},"56":{"start":{"line":150,"column":8},"end":{"line":150,"column":31}},"57":{"start":{"line":153,"column":23},"end":{"line":153,"column":90}},"58":{"start":{"line":154,"column":4},"end":{"line":160,"column":19}},"59":{"start":{"line":155,"column":8},"end":{"line":159,"column":9}},"60":{"start":{"line":156,"column":12},"end":{"line":156,"column":64}},"61":{"start":{"line":158,"column":12},"end":{"line":158,"column":78}},"62":{"start":{"line":162,"column":4},"end":{"line":162,"column":27}},"63":{"start":{"line":166,"column":4},"end":{"line":169,"column":5}},"64":{"start":{"line":167,"column":8},"end":{"line":167,"column":39}},"65":{"start":{"line":168,"column":8},"end":{"line":168,"column":31}},"66":{"start":{"line":172,"column":0},"end":{"line":179,"column":2}}},"fnMap":{"0":{"name":"buildReminderKey","decl":{"start":{"line":12,"column":9},"end":{"line":12,"column":25}},"loc":{"start":{"line":12,"column":58},"end":{"line":14,"column":1}},"line":12},"1":{"name":"hasDispatch","decl":{"start":{"line":16,"column":9},"end":{"line":16,"column":20}},"loc":{"start":{"line":16,"column":32},"end":{"line":18,"column":1}},"line":16},"2":{"name":"(anonymous_2)","decl":{"start":{"line":17,"column":90},"end":{"line":17,"column":91}},"loc":{"start":{"line":17,"column":101},"end":{"line":17,"column":118}},"line":17},"3":{"name":"resolveReminderType","decl":{"start":{"line":20,"column":9},"end":{"line":20,"column":28}},"loc":{"start":{"line":20,"column":57},"end":{"line":38,"column":1}},"line":20},"4":{"name":"buildReminderNotification","decl":{"start":{"line":40,"column":9},"end":{"line":40,"column":34}},"loc":{"start":{"line":40,"column":65},"end":{"line":68,"column":1}},"line":40},"5":{"name":"runDeadlineReminderCycle","decl":{"start":{"line":70,"column":15},"end":{"line":70,"column":39}},"loc":{"start":{"line":70,"column":76},"end":{"line":112,"column":1}},"line":70},"6":{"name":"triggerDeadlineReminderForTask","decl":{"start":{"line":114,"column":15},"end":{"line":114,"column":45}},"loc":{"start":{"line":114,"column":88},"end":{"line":146,"column":1}},"line":114},"7":{"name":"startDeadlineReminderScheduler","decl":{"start":{"line":148,"column":9},"end":{"line":148,"column":39}},"loc":{"start":{"line":148,"column":72},"end":{"line":163,"column":1}},"line":148},"8":{"name":"(anonymous_8)","decl":{"start":{"line":148,"column":60},"end":{"line":148,"column":61}},"loc":{"start":{"line":148,"column":66},"end":{"line":148,"column":70}},"line":148},"9":{"name":"(anonymous_9)","decl":{"start":{"line":154,"column":34},"end":{"line":154,"column":35}},"loc":{"start":{"line":154,"column":46},"end":{"line":160,"column":5}},"line":154},"10":{"name":"stopDeadlineReminderScheduler","decl":{"start":{"line":165,"column":9},"end":{"line":165,"column":38}},"loc":{"start":{"line":165,"column":41},"end":{"line":170,"column":1}},"line":165}},"branchMap":{"0":{"loc":{"start":{"line":17,"column":11},"end":{"line":17,"column":119}},"type":"binary-expr","locations":[{"start":{"line":17,"column":11},"end":{"line":17,"column":53}},{"start":{"line":17,"column":57},"end":{"line":17,"column":119}}],"line":17},"1":{"loc":{"start":{"line":20,"column":39},"end":{"line":20,"column":55}},"type":"default-arg","locations":[{"start":{"line":20,"column":45},"end":{"line":20,"column":55}}],"line":20},"2":{"loc":{"start":{"line":23,"column":4},"end":{"line":25,"column":5}},"type":"if","locations":[{"start":{"line":23,"column":4},"end":{"line":25,"column":5}},{"start":{},"end":{}}],"line":23},"3":{"loc":{"start":{"line":29,"column":4},"end":{"line":31,"column":5}},"type":"if","locations":[{"start":{"line":29,"column":4},"end":{"line":31,"column":5}},{"start":{},"end":{}}],"line":29},"4":{"loc":{"start":{"line":33,"column":4},"end":{"line":35,"column":5}},"type":"if","locations":[{"start":{"line":33,"column":4},"end":{"line":35,"column":5}},{"start":{},"end":{}}],"line":33},"5":{"loc":{"start":{"line":58,"column":18},"end":{"line":58,"column":77}},"type":"cond-expr","locations":[{"start":{"line":58,"column":60},"end":{"line":58,"column":66}},{"start":{"line":58,"column":69},"end":{"line":58,"column":77}}],"line":58},"6":{"loc":{"start":{"line":62,"column":21},"end":{"line":62,"column":62}},"type":"cond-expr","locations":[{"start":{"line":62,"column":34},"end":{"line":62,"column":55}},{"start":{"line":62,"column":58},"end":{"line":62,"column":62}}],"line":62},"7":{"loc":{"start":{"line":65,"column":28},"end":{"line":65,"column":50}},"type":"binary-expr","locations":[{"start":{"line":65,"column":28},"end":{"line":65,"column":42}},{"start":{"line":65,"column":46},"end":{"line":65,"column":50}}],"line":65},"8":{"loc":{"start":{"line":70,"column":40},"end":{"line":70,"column":56}},"type":"default-arg","locations":[{"start":{"line":70,"column":52},"end":{"line":70,"column":56}}],"line":70},"9":{"loc":{"start":{"line":70,"column":58},"end":{"line":70,"column":74}},"type":"default-arg","locations":[{"start":{"line":70,"column":64},"end":{"line":70,"column":74}}],"line":70},"10":{"loc":{"start":{"line":82,"column":8},"end":{"line":84,"column":9}},"type":"if","locations":[{"start":{"line":82,"column":8},"end":{"line":84,"column":9}},{"start":{},"end":{}}],"line":82},"11":{"loc":{"start":{"line":86,"column":38},"end":{"line":86,"column":71}},"type":"binary-expr","locations":[{"start":{"line":86,"column":38},"end":{"line":86,"column":65}},{"start":{"line":86,"column":69},"end":{"line":86,"column":71}}],"line":86},"12":{"loc":{"start":{"line":90,"column":12},"end":{"line":92,"column":13}},"type":"if","locations":[{"start":{"line":90,"column":12},"end":{"line":92,"column":13}},{"start":{},"end":{}}],"line":90},"13":{"loc":{"start":{"line":114,"column":52},"end":{"line":114,"column":68}},"type":"default-arg","locations":[{"start":{"line":114,"column":64},"end":{"line":114,"column":68}}],"line":114},"14":{"loc":{"start":{"line":114,"column":70},"end":{"line":114,"column":86}},"type":"default-arg","locations":[{"start":{"line":114,"column":76},"end":{"line":114,"column":86}}],"line":114},"15":{"loc":{"start":{"line":115,"column":4},"end":{"line":117,"column":5}},"type":"if","locations":[{"start":{"line":115,"column":4},"end":{"line":117,"column":5}},{"start":{},"end":{}}],"line":115},"16":{"loc":{"start":{"line":115,"column":8},"end":{"line":115,"column":87}},"type":"binary-expr","locations":[{"start":{"line":115,"column":8},"end":{"line":115,"column":22}},{"start":{"line":115,"column":26},"end":{"line":115,"column":56}},{"start":{"line":115,"column":60},"end":{"line":115,"column":87}}],"line":115},"17":{"loc":{"start":{"line":120,"column":4},"end":{"line":122,"column":5}},"type":"if","locations":[{"start":{"line":120,"column":4},"end":{"line":122,"column":5}},{"start":{},"end":{}}],"line":120},"18":{"loc":{"start":{"line":124,"column":34},"end":{"line":124,"column":67}},"type":"binary-expr","locations":[{"start":{"line":124,"column":34},"end":{"line":124,"column":61}},{"start":{"line":124,"column":65},"end":{"line":124,"column":67}}],"line":124},"19":{"loc":{"start":{"line":128,"column":8},"end":{"line":130,"column":9}},"type":"if","locations":[{"start":{"line":128,"column":8},"end":{"line":130,"column":9}},{"start":{},"end":{}}],"line":128},"20":{"loc":{"start":{"line":148,"column":40},"end":{"line":148,"column":70}},"type":"default-arg","locations":[{"start":{"line":148,"column":60},"end":{"line":148,"column":70}}],"line":148},"21":{"loc":{"start":{"line":149,"column":4},"end":{"line":151,"column":5}},"type":"if","locations":[{"start":
[...]
end":{"line":185,"column":55}},{"start":{"line":185,"column":59},"end":{"line":185,"column":118}}],"line":185},"58":{"loc":{"start":{"line":185,"column":66},"end":{"line":185,"column":85}},"type":"binary-expr","locations":[{"start":{"line":185,"column":66},"end":{"line":185,"column":79}},{"start":{"line":185,"column":83},"end":{"line":185,"column":85}}],"line":185},"59":{"loc":{"start":{"line":185,"column":98},"end":{"line":185,"column":117}},"type":"binary-expr","locations":[{"start":{"line":185,"column":98},"end":{"line":185,"column":111}},{"start":{"line":185,"column":115},"end":{"line":185,"column":117}}],"line":185},"60":{"loc":{"start":{"line":188,"column":8},"end":{"line":190,"column":9}},"type":"if","locations":[{"start":{"line":188,"column":8},"end":{"line":190,"column":9}},{"start":{},"end":{}}],"line":188},"61":{"loc":{"start":{"line":188,"column":12},"end":{"line":188,"column":96}},"type":"binary-expr","locations":[{"start":{"line":188,"column":12},"end":{"line":188,"column":37}},{"start":{"line":188,"column":41},"end":{"line":188,"column":96}}],"line":188},"62":{"loc":{"start":{"line":188,"column":48},"end":{"line":188,"column":65}},"type":"binary-expr","locations":[{"start":{"line":188,"column":48},"end":{"line":188,"column":59}},{"start":{"line":188,"column":63},"end":{"line":188,"column":65}}],"line":188},"63":{"loc":{"start":{"line":188,"column":78},"end":{"line":188,"column":95}},"type":"binary-expr","locations":[{"start":{"line":188,"column":78},"end":{"line":188,"column":89}},{"start":{"line":188,"column":93},"end":{"line":188,"column":95}}],"line":188},"64":{"loc":{"start":{"line":193,"column":4},"end":{"line":198,"column":5}},"type":"if","locations":[{"start":{"line":193,"column":4},"end":{"line":198,"column":5}},{"start":{},"end":{}}],"line":193},"65":{"loc":{"start":{"line":194,"column":31},"end":{"line":194,"column":91}},"type":"cond-expr","locations":[{"start":{"line":194,"column":47},"end":{"line":194,"column":84}},{"start":{"line":194,"column":87},"end":{"line":194,"column":91}}],"line":194},"66":{"loc":{"start":{"line":195,"column":38},"end":{"line":197,"column":16}},"type":"cond-expr","locations":[{"start":{"line":196,"column":14},"end":{"line":196,"column":101}},{"start":{"line":197,"column":14},"end":{"line":197,"column":16}}],"line":195},"67":{"loc":{"start":{"line":196,"column":15},"end":{"line":196,"column":48}},"type":"binary-expr","locations":[{"start":{"line":196,"column":15},"end":{"line":196,"column":42}},{"start":{"line":196,"column":46},"end":{"line":196,"column":48}}],"line":196},"68":{"loc":{"start":{"line":201,"column":4},"end":{"line":201,"column":61}},"type":"if","locations":[{"start":{"line":201,"column":4},"end":{"line":201,"column":61}},{"start":{},"end":{}}],"line":201},"69":{"loc":{"start":{"line":205,"column":4},"end":{"line":211,"column":5}},"type":"if","locations":[{"start":{"line":205,"column":4},"end":{"line":211,"column":5}},{"start":{},"end":{}}],"line":205},"70":{"loc":{"start":{"line":205,"column":8},"end":{"line":205,"column":45}},"type":"binary-expr","locations":[{"start":{"line":205,"column":8},"end":{"line":205,"column":23}},{"start":{"line":205,"column":27},"end":{"line":205,"column":45}}],"line":205},"71":{"loc":{"start":{"line":228,"column":45},"end":{"line":228,"column":56}},"type":"default-arg","locations":[{"start":{"line":228,"column":52},"end":{"line":228,"column":56}}],"line":228},"72":{"loc":{"start":{"line":228,"column":58},"end":{"line":228,"column":74}},"type":"default-arg","locations":[{"start":{"line":228,"column":70},"end":{"line":228,"column":74}}],"line":228},"73":{"loc":{"start":{"line":230,"column":4},"end":{"line":230,"column":27}},"type":"if","locations":[{"start":{"line":230,"column":4},"end":{"line":230,"column":27}},{"start":{},"end":{}}],"line":230},"74":{"loc":{"start":{"line":233,"column":4},"end":{"line":237,"column":5}},"type":"if","locations":[{"start":{"line":233,"column":4},"end":{"line":237,"column":5}},{"start":{},"end":{}}],"line":233},"75":{"loc":{"start":{"line":249,"column":4},"end":{"line":255,"column":5}},"type":"if","locations":[{"start":{"line":249,"column":4},"end":{"line":255,"column":5}},{"start":{},"end":{}}],"line":249},"76":{"loc":{"start":{"line":249,"column":8},"end":{"line":249,"column":43}},"type":"binary-expr","locations":[{"start":{"line":249,"column":8},"end":{"line":249,"column":16}},{"start":{"line":249,"column":20},"end":{"line":249,"column":43}}],"line":249},"77":{"loc":{"start":{"line":263,"column":50},"end":{"line":263,"column":61}},"type":"default-arg","locations":[{"start":{"line":263,"column":57},"end":{"line":263,"column":61}}],"line":263},"78":{"loc":{"start":{"line":265,"column":4},"end":{"line":265,"column":27}},"type":"if","locations":[{"start":{"line":265,"column":4},"end":{"line":265,"column":27}},{"start":{},"end":{}}],"line":265},"79":{"loc":{"start":{"line":270,"column":4},"end":{"line":272,"column":5}},"type":"if","locations":[{"start":{"line":270,"column":4},"end":{"line":272,"column":5}},{"start":{},"end":{}}],"line":270},"80":{"loc":{"start":{"line":284,"column":4},"end":{"line":284,"column":27}},"type":"if","locations":[{"start":{"line":284,"column":4},"end":{"line":284,"column":27}},{"start":{},"end":{}}],"line":284},"81":{"loc":{"start":{"line":303,"column":4},"end":{"line":303,"column":27}},"type":"if","locations":[{"start":{"line":303,"column":4},"end":{"line":303,"column":27}},{"start":{},"end":{}}],"line":303},"82":{"loc":{"start":{"line":306,"column":4},"end":{"line":310,"column":5}},"type":"if","locations":[{"start":{"line":306,"column":4},"end":{"line":310,"column":5}},{"start":{},"end":{}}],"line":306},"83":{"loc":{"start":{"line":324,"column":4},"end":{"line":324,"column":27}},"type":"if","locations":[{"start":{"line":324,"column":4},"end":{"line":324,"column":27}},{"start":{},"end":{}}],"line":324},"84":{"loc":{"start":{"line":330,"column":21},"end":{"line":330,"column":31}},"type":"binary-expr","locations":[{"start":{"line":330,"column":21},"end":{"line":330,"column":25}},{"start":{"line":330,"column":29},"end":{"line":330,"column":31}}],"line":330},"85":{"loc":{"start":{"line":341,"column":28},"end":{"line":341,"column":40}},"type":"default-arg","locations":[{"start":{"line":341,"column":38},"end":{"line":341,"column":40}}],"line":341},"86":{"loc":{"start":{"line":343,"column":4},"end":{"line":343,"column":112}},"type":"if","locations":[{"start":{"line":343,"column":4},"end":{"line":343,"column":112}},{"start":{},"end":{}}],"line":343},"87":{"loc":{"start":{"line":343,"column":8},"end":{"line":343,"column":47}},"type":"binary-expr","locations":[{"start":{"line":343,"column":8},"end":{"line":343,"column":26}},{"start":{"line":343,"column":30},"end":{"line":343,"column":47}}],"line":343},"88":{"loc":{"start":{"line":343,"column":72},"end":{"line":343,"column":111}},"type":"binary-expr","locations":[{"start":{"line":343,"column":72},"end":{"line":343,"column":90}},{"start":{"line":343,"column":94},"end":{"line":343,"column":111}}],"line":343},"89":{"loc":{"start":{"line":344,"column":4},"end":{"line":344,"column":115}},"type":"if","locations":[{"start":{"line":344,"column":4},"end":{"line":344,"column":115}},{"start":{},"end":{}}],"line":344},"90":{"loc":{"start":{"line":344,"column":8},"end":{"line":344,"column":48}},"type":"binary-expr","locations":[{"start":{"line":344,"column":8},"end":{"line":344,"column":26}},{"start":{"line":344,"column":30},"end":{"line":344,"column":48}}],"line":344},"91":{"loc":{"start":{"line":344,"column":74},"end":{"line":344,"column":114}},"type":"binary-expr","locations":[{"start":{"line":344,"column":74},"end":{"line":344,"column":92}},{"start":{"line":344,"column":96},"end":{"line":344,"column":114}}],"line":344},"92":{"loc":{"start":{"line":345,"column":4},"end":{"line":345,"column":63}},"type":"if","locations":[{"start":{"line":345,"column":4},"end":{"line":345,"column":63}},{"start":{},"end":{}}],"line":345},"93":{"loc":{"start":{"line":360,"column":8},"end":{"line":360,"column":47}},"type":"if","locations":[{"start":{"line":360,"column":8},"end":{"line":360,"column":47}},{"start":{},"end":{}}],"line":360}},"s":{"0":3,"1":3,"2":3,"3":5,"4":4,"5":5,"6":4,"7":6,"8":4,"9":2,"10":3,"11":3,"12":2,"13":2,"14":2,"15":0,"16":2,"17":2,"18":0,"19":16,"20":6,"21":6,"22":6,"23":6,"24":6,"25":6,"26":6,"27":6,"28":2,"29":2,"30":1,"31":2,"32":0,"33":2,"34":0,"35":2,"36":0,"37":2,"38":0,"39":2,"40":0,"41":2,"42":0,"43":2,"44":0,"45":2,"46":0,"47":2,"48":3,"49":1,"50":1,"51":0,"52":1,"53":1,"54":1,"55":1,"56":8,"57":2,"58":1,"59":0,"60":0,"61":0,"62":1,"63":1,"64":1,"65":1,"66":1,"67":0,"68":0,"69":0,"70":1,"71":1,"72":1,"73":0,"74":1,"75":1,"76":1,"77":1,"78":6,"79":1,"80":1,"81":0,"82":0,"83":0,"84":1,"85":1,"86":1,"87":1,"88":1,"89":1,"90":0,"91":0,"92":0,"93":1,"94":1,"95":3,"96":2,"97":0,"98":2,"99":0,"100":2,"101":0,"102":0,"103":0,"104":2,"105":2,"106":2,"107":2,"108":2,"109":0,"110":2,"111":2,"112":2,"113":0,"114":2,"115":1,"116":1,"117":0,"118":1,"119":1,"120":1,"121":1,"122":1,"123":1,"124":1,"125":2,"126":1,"127":0,"128":1,"129":1,"130":1,"131":1,"132":1,"133":1,"134":0,"135":1,"136":1,"137":1,"138":0,"139":0,"140":0,"141":1,"142":1,"143":1,"144":3,"145":2,"146":0,"147":2,"148":2,"149":2,"150":1,"151":1,"152":0,"153":1,"154":0,"155":1,"156":0,"157":1,"158":1,"159":1,"160":1,"161":1,"162":1,"163":1,"164":3},"f":{"0":5,"1":4,"2":5,"3":6,"4":3,"5":3,"6":16,"7":6,"8":2,"9":3,"10":1,"11":8,"12":0,"13":1,"14":6,"15":0,"16":1,"17":1,"18":3,"19":0,"20":1,"21":1,"22":1,"23":2,"24":1,"25":1,"26":3,"27":1,"28":1},"b":{"0":[5,0],"1":[0,5],"2":[5,0],"3":[5,0],"4":[0,5],"5":[5,2],"6":[0,4],"7":[0,4],"8":[4,1],"9":[0],"10":[4,2],"11":[6,6],"12":[2,0],"13":[0,2],"14":[0],"15":[0],"16":[0],"17":[16,0],"18":[16,0],"19":[16,0],"20":[16,12],"21":[16,0],"22":[16,2],"23":[0],"24":[0],"25":[6,0],"26":[6,6],"27":[0],"28":[1,1],"29":[0,2],"30":[0,2],"31":[0,2],"32":[0,2],"33":[0,2],"34":[0,2],"35":[0,2],"36":[0,2],"37":[0],"38":[0],"39":[0,1],"40":[1,0],"41":[0,0],"42":[0,0],"43":[2,6],"44":[8,2],"45":[2,0],"46":[2,0],"47":[0,1],"48":[0,0],"49":[0,0],"50":[0,0],"51":[1,0],"52":[0,1],"53":[1,0],"54":[0],"55":[0],"56":[0,1],"57":[1,0],"58":[0,0],"59":[0,0],"60":[1,5],"61":[6,1],"62":[1,0],"63":[1,0],"64":[0,1],"65":[0,0],"66":[0,0],"67":[0,0],"68":[1,0],"69":[0,1],"70":[1,0],"71":[0],"72":[0],"73":[0,2],"74":[0,2],"75":[2,0],"76":[2,2],"77":[0],"78":[0,1],"79":[1,0],"80":[0,1],"81":[0,1],"82":[0,1],"83":[0,2],"84":[2,1],"85":[0],"86":[0,1],"87":[1,1],"88":[0,0],"89":[0,1],"90":[1,1],"91":[0,0],"92":[0,1],"93":[1,0]},"_coverageSchema":"1a1c01bbd47fc00a2c39e90264f33305004495a9","hash":"cffdec8998e39455cb659cac5093c94517618aa0"}
,"C:\\Users\\lasit\\OneDrive\\Documents\\IDEs\\VS Code\\Task-Management-System\\task-management\\src\\services\\userService.js": {"path":"C:\\Users\\lasit\\OneDrive\\Documents\\IDEs\\VS Code\\Task-Management-System\\task-management\\src\\services\\userService.js","statementMap":{"0":{"start":{"line":1,"column":14},"end":{"line":1,"column":30}},"1":{"start":{"line":11,"column":24},"end":{"line":11,"column":80}},"2":{"start":{"line":18,"column":4},"end":{"line":43,"column":5}},"3":{"start":{"line":19,"column":24},"end":{"line":19,"column":26}},"4":{"start":{"line":20,"column":8},"end":{"line":22,"column":9}},"5":{"start":{"line":21,"column":12},"end":{"line":21,"column":58}},"6":{"start":{"line":24,"column":25},"end":{"line":28,"column":10}},"7":{"start":{"line":30,"column":8},"end":{"line":38,"column":9}},"8":{"start":{"line":31,"column":12},"end":{"line":37,"column":16}},"9":{"start":{"line":31,"column":52},"end":{"line":37,"column":13}},"10":{"start":{"line":39,"column":8},"end":{"line":39,"column":18}},"11":{"start":{"line":41,"column":8},"end":{"line":41,"column":83}},"12":{"start":{"line":42,"column":8},"end":{"line":42,"column":18}},"13":{"start":{"line":50,"column":4},"end":{"line":69,"column":5}},"14":{"start":{"line":51,"column":25},"end":{"line":53,"column":10}},"15":{"start":{"line":55,"column":8},"end":{"line":64,"column":9}},"16":{"start":{"line":56,"column":25},"end":{"line":56,"column":43}},"17":{"start":{"line":57,"column":12},"end":{"line":63,"column":14}},"18":{"start":{"line":65,"column":8},"end":{"line":65,"column":20}},"19":{"start":{"line":67,"column":8},"end":{"line":67,"column":67}},"20":{"start":{"line":68,"column":8},"end":{"line":68,"column":20}},"21":{"start":{"line":76,"column":4},"end":{"line":82,"column":5}},"22":{"start":{"line":77,"column":22},"end":{"line":77,"column":41}},"23":{"start":{"line":78,"column":8},"end":{"line":78,"column":58}},"24":{"start":{"line":78,"column":31},"end":{"line":78,"column":48}},"25":{"start":{"line":80,"column":8},"end":{"line":80,"column":78}},"26":{"start":{"line":81,"column":8},"end":{"line":81,"column":20}},"27":{"start":{"line":89,"column":4},"end":{"line":94,"column":5}},"28":{"start":{"line":90,"column":21},"end":{"line":90,"column":42}},"29":{"start":{"line":91,"column":8},"end":{"line":91,"column":29}},"30":{"start":{"line":93,"column":8},"end":{"line":93,"column":21}},"31":{"start":{"line":104,"column":4},"end":{"line":121,"column":5}},"32":{"start":{"line":105,"column":22},"end":{"line":105,"column":50}},"33":{"start":{"line":107,"column":8},"end":{"line":109,"column":9}},"34":{"start":{"line":108,"column":12},"end":{"line":108,"column":41}},"35":{"start":{"line":111,"column":18},"end":{"line":111,"column":37}},"36":{"start":{"line":112,"column":25},"end":{"line":115,"column":9}},"37":{"start":{"line":113,"column":12},"end":{"line":114,"column":48}},"38":{"start":{"line":117,"column":8},"end":{"line":117,"column":40}},"39":{"start":{"line":119,"column":8},"end":{"line":119,"column":63}},"40":{"start":{"line":120,"column":8},"end":{"line":120,"column":18}},"41":{"start":{"line":124,"column":0},"end":{"line":130,"column":2}}},"fnMap":{"0":{"name":"getAllUsers","decl":{"start":{"line":17,"column":15},"end":{"line":17,"column":26}},"loc":{"start":{"line":17,"column":45},"end":{"line":44,"column":1}},"line":17},"1":{"name":"(anonymous_1)","decl":{"start":{"line":31,"column":43},"end":{"line":31,"column":44}},"loc":{"start":{"line":31,"column":52},"end":{"line":37,"column":13}},"line":31},"2":{"name":"getUserById","decl":{"start":{"line":49,"column":15},"end":{"line":49,"column":26}},"loc":{"start":{"line":49,"column":31},"end":{"line":70,"column":1}},"line":49},"3":{"name":"getUserByEmail","decl":{"start":{"line":75,"column":15},"end":{"line":75,"column":29}},"loc":{"start":{"line":75,"column":37},"end":{"line":83,"column":1}},"line":75},"4":{"name":"(anonymous_4)","decl":{"start":{"line":78,"column":26},"end":{"line":78,"column":27}},"loc":{"start":{"line":78,"column":31},"end":{"line":78,"column":48}},"line":78},"5":{"name":"isValidUser","decl":{"start":{"line":88,"column":15},"end":{"line":88,"column":26}},"loc":{"start":{"line":88,"column":31},"end":{"line":95,"column":1}},"line":88},"6":{"name":"searchUsers","decl":{"start":{"line":103,"column":15},"end":{"line":103,"column":26}},"loc":{"start":{"line":103,"column":69},"end":{"line":122,"column":1}},"line":103},"7":{"name":"(anonymous_7)","decl":{"start":{"line":112,"column":38},"end":{"line":112,"column":39}},"loc":{"start":{"line":113,"column":12},"end":{"line":114,"column":48}},"line":113}},"branchMap":{"0":{"loc":{"start":{"line":11,"column":24},"end":{"line":11,"column":80}},"type":"binary-expr","locations":[{"start":{"line":11,"column":24},"end":{"line":11,"column":51}},{"start":{"line":11,"column":55},"end":{"line":11,"column":80}}],"line":11},"1":{"loc":{"start":{"line":17,"column":27},"end":{"line":17,"column":43}},"type":"default-arg","locations":[{"start":{"line":17,"column":39},"end":{"line":17,"column":43}}],"line":17},"2":{"loc":{"start":{"line":20,"column":8},"end":{"line":22,"column":9}},"type":"if","locations":[{"start":{"line":20,"column":8},"end":{"line":22,"column":9}},{"start":{},"end":{}}],"line":20},"3":{"loc":{"start":{"line":30,"column":8},"end":{"line":38,"column":9}},"type":"if","locations":[{"start":{"line":30,"column":8},"end":{"line":38,"column":9}},{"start":{},"end":{}}],"line":30},"4":{"loc":{"start":{"line":30,"column":12},"end":{"line":30,"column":48}},"type":"binary-expr","locations":[{"start":{"line":30,"column":12},"end":{"line":30,"column":25}},{"start":{"line":30,"column":29},"end":{"line":30,"column":48}}],"line":30},"5":{"loc":{"start":{"line":35,"column":22},"end":{"line":35,"column":41}},"type":"binary-expr","locations":[{"start":{"line":35,"column":22},"end":{"line":35,"column":31}},{"start":{"line":35,"column":35},"end":{"line":35,"column":41}}],"line":35},"6":{"loc":{"start":{"line":36,"column":24},"end":{"line":36,"column":134}},"type":"binary-expr","locations":[{"start":{"line":36,"column":24},"end":{"line":36,"column":35}},{"start":{"line":36,"column":39},"end":{"line":36,"column":134}}],"line":36},"7":{"loc":{"start":{"line":55,"column":8},"end":{"line":64,"column":9}},"type":"if","locations":[{"start":{"line":55,"column":8},"end":{"line":64,"column":9}},{"start":{},"end":{}}],"line":55},"8":{"loc":{"start":{"line":55,"column":12},"end":{"line":55,"column":47}},"type":"binary-expr","locations":[{"start":{"line":55,"column":12},"end":{"line":55,"column":25}},{"start":{"line":55,"column":29},"end":{"line":55,"column":47}}],"line":55},"9":{"loc":{"start":{"line":61,"column":22},"end":{"line":61,"column":41}},"type":"binary-expr","locations":[{"start":{"line":61,"column":22},"end":{"line":61,"column":31}},{"start":{"line":61,"column":35},"end":{"line":61,"column":41}}],"line":61},"10":{"loc":{"start":{"line":62,"column":24},"end":{"line":62,"column":134}},"type":"binary-expr","locations":[{"start":{"line":62,"column":24},"end":{"line":62,"column":35}},{"start":{"line":62,"column":39},"end":{"line":62,"column":134}}],"line":62},"11":{"loc":{"start":{"line":78,"column":15},"end":{"line":78,"column":57}},"type":"binary-expr","locations":[{"start":{"line":78,"column":15},"end":{"line":78,"column":49}},{"start":{"line":78,"column":53},"end":{"line":78,"column":57}}],"line":78},"12":{"loc":{"start":{"line":103,"column":27},"end":{"line":103,"column":37}},"type":"default-arg","locations":[{"start":{"line":103,"column":35},"end":{"line":103,"column":37}}],"line":103},"13":{"loc":{"start":{"line":103,"column":39},"end":{"line":103,"column":49}},"type":"default-arg","locations":[{"start":{"line":103,"column":47},"end":{"line":103,"column":49}}],"line":103},"14":{"loc":{"start":{"line":103,"column":51},"end":{"line":103,"column":67}},"type":"default-arg","locations":[{"start":{"line":103,"column":63},"end":{"line":103,"column":67}}],"line":103},"15":{"loc":{"start":{"line":107,"column":8},"end":{"line":109,"column":9}},"type":"if","locations":[{"start":{"line":107,"column":8},"end":{"line":109,"column":9}},{"start":{},"end":{}}],"line":107},"16":{"loc":{"start":{"line":107,"column":12},"end":{"line":107,"column":41}},"type":"binary-expr","locations":[{"start":{"line":107,"column":12},"end":{"line":107,"column":18}},{"start":{"line":107,"column":22},"end":{"line":107,"column":41}}],"line":107},"17":{"loc":{"start":{"line":113,"column":12},"end":{"line":114,"column":48}},"type":"binary-expr","locations":[{"start":{"line":113,"column":12},"end":{"line":113,"column":47}},{"start":{"line":114,"column":12},"end":{"line":114,"column":48}}],"line":113}},"s":{"0":2,"1":2,"2":4,"3":4,"4":4,"5":4,"6":4,"7":4,"8":4,"9":4,"10":0,"11":0,"12":0,"13":0,"14":0,"15":0,"16":0,"17":0,"18":0,"19":0,"20":0,"21":0,"22":0,"23":0,"24":0,"25":0,"26":0,"27":0,"28":0,"29":0,"30":0,"31":3,"32":3,"33":3,"34":1,"35":2,"36":2,"37":2,"38":2,"39":0,"40":0,"41":2},"f":{"0":4,"1":4,"2":0,"3":0,"4":0,"5":0,"6":3,"7":2},"b":{"0":[2,2],"1":[0],"2":[4,0],"3":[4,0],"4":[4,4],"5":[4,0],"6":[4,4],"7":[0,0],"8":[0,0],"9":[0,0],"10":[0,0],"11":[0,0],"12":[0],"13":[0],"14":[0],"15":[1,2],"16":[3,2],"17":[2,2]},"_coverageSchema":"1a1c01bbd47fc00a2c39e90264f33305004495a9","hash":"af9d54ec7f4ee0f0e509bc6a81afb57ec4e2d26c"}
}
