TN:
SF:src\app.js
FN:28,(anonymous_0)
FN:38,(anonymous_1)
FNF:2
FNH:1
FNDA:1,(anonymous_0)
FNDA:0,(anonymous_1)
DA:1,2
DA:2,2
DA:3,2
DA:4,2
DA:5,2
DA:6,2
DA:7,2
DA:9,2
DA:11,2
DA:12,2
DA:15,2
DA:16,0
DA:20,2
DA:21,2
DA:24,2
DA:25,2
DA:28,2
DA:29,1
DA:33,2
DA:36,2
DA:37,0
DA:38,0
DA:39,0
DA:43,2
LF:24
LH:20
BRDA:12,0,0,2
BRDA:12,0,1,2
BRDA:15,1,0,0
BRDA:15,1,1,2
BRDA:36,2,0,0
BRDA:36,2,1,2
BRF:6
BRH:4
end_of_record
TN:
SF:src\config\db.js
FN:3,(anonymous_0)
FNF:1
FNH:0
FNDA:0,(anonymous_0)
DA:1,2
DA:3,2
DA:4,0
DA:5,0
DA:6,0
DA:8,0
DA:9,0
DA:13,2
LF:8
LH:3
BRF:0
BRH:0
end_of_record
TN:
SF:src\controllers\boardController.js
FN:6,handleValidationErrors
FN:15,(anonymous_1)
FN:38,(anonymous_2)
FN:49,(anonymous_3)
FN:65,(anonymous_4)
FN:87,(anonymous_5)
FN:91,(anonymous_6)
FN:123,(anonymous_7)
FN:156,(anonymous_8)
FN:183,(anonymous_9)
FN:195,(anonymous_10)
FN:202,(anonymous_11)
FN:231,(anonymous_12)
FN:243,(anonymous_13)
FN:249,(anonymous_14)
FNF:15
FNH:15
FNDA:9,handleValidationErrors
FNDA:2,(anonymous_1)
FNDA:5,(anonymous_2)
FNDA:1,(anonymous_3)
FNDA:9,(anonymous_4)
FNDA:2,(anonymous_5)
FNDA:1,(anonymous_6)
FNDA:3,(anonymous_7)
FNDA:4,(anonymous_8)
FNDA:5,(anonymous_9)
FNDA:2,(anonymous_10)
FNDA:2,(anonymous_11)
FNDA:2,(anonymous_12)
FNDA:2,(anonymous_13)
FNDA:2,(anonymous_14)
DA:1,3
DA:2,3
DA:3,3
DA:7,9
DA:8,9
DA:9,2
DA:11,7
DA:15,3
DA:16,2
DA:17,2
DA:20,2
DA:27,2
DA:33,0
DA:38,3
DA:39,5
DA:40,5
DA:42,4
DA:43,1
DA:47,3
DA:48,3
DA:49,1
DA:51,3
DA:52,1
DA:55,2
DA:57,1
DA:58,1
DA:60,0
DA:65,3
DA:66,9
DA:67,9
DA:69,7
DA:70,7
DA:71,7
DA:72,7
DA:74,7
DA:87,7
DA:88,7
DA:89,1
DA:90,1
DA:91,1
DA:108,0
DA:112,7
DA:118,0
DA:123,3
DA:124,3
DA:125,3
DA:126,3
DA:128,3
DA:129,0
DA:133,3
DA:134,3
DA:135,1
DA:138,2
DA:139,2
DA:140,2
DA:141,2
DA:143,2
DA:145,2
DA:151,0
DA:156,3
DA:157,4
DA:158,4
DA:160,4
DA:161,1
DA:165,3
DA:166,3
DA:167,1
DA:171,2
DA:173,2
DA:178,0
DA:183,3
DA:184,5
DA:185,5
DA:186,5
DA:188,4
DA:189,0
DA:193,4
DA:194,4
DA:195,4
DA:197,4
DA:198,0
DA:202,4
DA:203,4
DA:204,1
DA:207,3
DA:215,3
DA:217,3
DA:223,1
DA:224,1
DA:226,0
DA:231,3
DA:232,2
DA:233,2
DA:234,2
DA:236,1
DA:237,0
DA:241,1
DA:242,1
DA:243,2
DA:245,1
DA:246,0
DA:249,2
DA:250,1
DA:252,1
DA:258,1
DA:259,1
DA:261,0
DA:265,3
LF:108
LH:95
BRDA:8,0,0,2
BRDA:8,0,1,7
BRDA:17,1,0,2
BRDA:17,1,1,0
BRDA:42,2,0,1
BRDA:42,2,1,3
BRDA:47,3,0,3
BRDA:47,3,1,0
BRDA:48,4,0,3
BRDA:48,4,1,2
BRDA:51,5,0,1
BRDA:51,5,1,2
BRDA:57,6,0,1
BRDA:57,6,1,0
BRDA:67,7,0,2
BRDA:67,7,1,7
BRDA:71,8,0,7
BRDA:71,8,1,0
BRDA:72,9,0,7
BRDA:72,9,1,0
BRDA:76,10,0,7
BRDA:76,10,1,1
BRDA:77,11,0,7
BRDA:77,11,1,1
BRDA:78,12,0,7
BRDA:78,12,1,5
BRDA:83,13,0,7
BRDA:83,13,1,7
BRDA:87,14,0,7
BRDA:87,14,1,0
BRDA:88,15,0,1
BRDA:88,15,1,6
BRDA:102,16,0,1
BRDA:102,16,1,0
BRDA:128,17,0,0
BRDA:128,17,1,3
BRDA:133,18,0,3
BRDA:133,18,1,0
BRDA:134,19,0,1
BRDA:134,19,1,2
BRDA:138,20,0,1
BRDA:138,20,1,1
BRDA:139,21,0,1
BRDA:139,21,1,1
BRDA:140,22,0,2
BRDA:140,22,1,0
BRDA:141,23,0,0
BRDA:141,23,1,2
BRDA:160,24,0,1
BRDA:160,24,1,3
BRDA:165,25,0,3
BRDA:165,25,1,0
BRDA:166,26,0,1
BRDA:166,26,1,2
BRDA:188,27,0,0
BRDA:188,27,1,4
BRDA:193,28,0,4
BRDA:193,28,1,0
BRDA:195,29,0,2
BRDA:195,29,1,0
BRDA:197,30,0,0
BRDA:197,30,1,4
BRDA:197,31,0,4
BRDA:197,31,1,0
BRDA:203,32,0,1
BRDA:203,32,1,3
BRDA:211,33,0,3
BRDA:211,33,1,0
BRDA:212,34,0,3
BRDA:212,34,1,3
BRDA:223,35,0,1
BRDA:223,35,1,0
BRDA:223,36,0,1
BRDA:223,36,1,0
BRDA:236,37,0,0
BRDA:236,37,1,1
BRDA:241,38,0,1
BRDA:241,38,1,0
BRDA:243,39,0,2
BRDA:243,39,1,0
BRDA:245,40,0,0
BRDA:245,40,1,1
BRDA:245,41,0,1
BRDA:245,41,1,0
BRDA:258,42,0,1
BRDA:258,42,1,0
BRDA:258,43,0,1
BRDA:258,43,1,0
BRF:88
BRH:61
end_of_record
TN:
SF:src\controllers\taskController.js
FN:6,handleValidationErrors
FN:15,(anonymous_1)
FN:40,(anonymous_2)
FN:58,(anonymous_3)
FN:92,(anonymous_4)
FN:115,(anonymous_5)
FN:134,(anonymous_6)
FN:152,(anonymous_7)
FN:162,(anonymous_8)
FN:173,(anonymous_9)
FN:185,(anonymous_10)
FN:209,(anonymous_11)
FN:220,(anonymous_12)
FN:238,(anonymous_13)
FN:249,(anonymous_14)
FNF:15
FNH:15
FNDA:6,handleValidationErrors
FNDA:2,(anonymous_1)
FNDA:3,(anonymous_2)
FNDA:5,(anonymous_3)
FNDA:1,(anonymous_4)
FNDA:1,(anonymous_5)
FNDA:1,(anonymous_6)
FNDA:1,(anonymous_7)
FNDA:1,(anonymous_8)
FNDA:3,(anonymous_9)
FNDA:3,(anonymous_10)
FNDA:1,(anonymous_11)
FNDA:4,(anonymous_12)
FNDA:1,(anonymous_13)
FNDA:6,(anonymous_14)
DA:1,2
DA:2,2
DA:3,2
DA:7,6
DA:8,6
DA:9,1
DA:11,5
DA:15,2
DA:16,2
DA:17,2
DA:18,2
DA:20,2
DA:21,2
DA:22,2
DA:23,2
DA:24,2
DA:25,2
DA:27,2
DA:29,2
DA:35,0
DA:40,2
DA:41,3
DA:42,3
DA:44,2
DA:45,1
DA:48,1
DA:50,1
DA:51,1
DA:53,0
DA:58,2
DA:59,5
DA:60,5
DA:62,4
DA:63,4
DA:64,4
DA:66,4
DA:85,4
DA:87,0
DA:92,2
DA:93,1
DA:94,1
DA:96,1
DA:97,1
DA:98,1
DA:100,1
DA:101,0
DA:104,1
DA:106,0
DA:107,0
DA:109,0
DA:115,2
DA:116,1
DA:117,1
DA:118,1
DA:120,1
DA:121,0
DA:124,1
DA:126,0
DA:127,0
DA:129,0
DA:134,2
DA:135,1
DA:136,1
DA:138,1
DA:139,0
DA:142,1
DA:144,0
DA:145,0
DA:147,0
DA:152,2
DA:153,1
DA:154,1
DA:155,1
DA:157,0
DA:162,2
DA:163,1
DA:164,1
DA:165,1
DA:166,1
DA:168,0
DA:173,2
DA:174,3
DA:175,3
DA:176,3
DA:177,3
DA:178,3
DA:180,0
DA:185,2
DA:186,3
DA:187,3
DA:188,3
DA:189,3
DA:190,1
DA:192,2
DA:198,1
DA:199,1
DA:201,1
DA:202,1
DA:204,0
DA:209,2
DA:210,1
DA:211,1
DA:212,1
DA:213,1
DA:215,0
DA:220,2
DA:221,4
DA:222,4
DA:223,4
DA:224,2
DA:226,2
DA:227,1
DA:228,1
DA:230,1
DA:231,1
DA:233,0
DA:238,2
DA:239,1
DA:240,1
DA:241,1
DA:242,1
DA:244,0
DA:249,2
DA:250,6
DA:251,6
DA:252,6
DA:253,3
DA:255,3
DA:256,2
DA:257,2
DA:259,1
DA:260,1
DA:262,0
DA:266,2
LF:134
LH:111
BRDA:8,0,0,1
BRDA:8,0,1,5
BRDA:20,1,0,1
BRDA:20,1,1,1
BRDA:21,2,0,0
BRDA:21,2,1,2
BRDA:22,3,0,0
BRDA:22,3,1,2
BRDA:23,4,0,0
BRDA:23,4,1,2
BRDA:24,5,0,0
BRDA:24,5,1,2
BRDA:25,6,0,0
BRDA:25,6,1,2
BRDA:44,7,0,1
BRDA:44,7,1,1
BRDA:50,8,0,1
BRDA:50,8,1,0
BRDA:60,9,0,1
BRDA:60,9,1,4
BRDA:63,10,0,4
BRDA:63,10,1,0
BRDA:72,11,0,4
BRDA:72,11,1,4
BRDA:73,12,0,4
BRDA:73,12,1,4
BRDA:74,13,0,4
BRDA:74,13,1,4
BRDA:75,14,0,4
BRDA:75,14,1,4
BRDA:76,15,0,4
BRDA:76,15,1,4
BRDA:77,16,0,4
BRDA:77,16,1,3
BRDA:78,17,0,4
BRDA:78,17,1,4
BRDA:79,18,0,4
BRDA:79,18,1,4
BRDA:94,19,0,0
BRDA:94,19,1,1
BRDA:97,20,0,1
BRDA:97,20,1,0
BRDA:100,21,0,0
BRDA:100,21,1,1
BRDA:106,22,0,0
BRDA:106,22,1,0
BRDA:117,23,0,1
BRDA:117,23,1,0
BRDA:120,24,0,0
BRDA:120,24,1,1
BRDA:126,25,0,0
BRDA:126,25,1,0
BRDA:138,26,0,0
BRDA:138,26,1,1
BRDA:144,27,0,0
BRDA:144,27,1,0
BRDA:164,28,0,1
BRDA:164,28,1,0
BRDA:175,29,0,1
BRDA:176,30,0,3
BRDA:176,30,1,0
BRDA:177,31,0,1
BRDA:177,31,1,2
BRDA:187,32,0,3
BRDA:187,32,1,0
BRDA:189,33,0,1
BRDA:189,33,1,2
BRDA:189,34,0,3
BRDA:189,34,1,2
BRDA:194,35,0,2
BRDA:194,35,1,1
BRDA:194,36,0,2
BRDA:194,36,1,1
BRDA:194,37,0,2
BRDA:194,37,1,2
BRDA:198,38,0,0
BRDA:198,38,1,1
BRDA:201,39,0,1
BRDA:201,39,1,0
BRDA:201,40,0,1
BRDA:201,40,1,0
BRDA:204,41,0,0
BRDA:204,41,1,0
BRDA:212,42,0,0
BRDA:212,42,1,1
BRDA:215,43,0,0
BRDA:215,43,1,0
BRDA:223,44,0,2
BRDA:223,44,1,2
BRDA:223,45,0,4
BRDA:223,45,1,3
BRDA:227,46,0,0
BRDA:227,46,1,1
BRDA:230,47,0,1
BRDA:230,47,1,0
BRDA:230,48,0,1
BRDA:230,48,1,0
BRDA:241,49,0,0
BRDA:241,49,1,1
BRDA:244,50,0,0
BRDA:244,50,1,0
BRDA:252,51,0,3
BRDA:252,51,1,3
BRDA:252,52,0,6
BRDA:252,52,1,4
BRDA:252,52,2,4
BRDA:255,53,0,3
BRDA:255,53,1,2
BRDA:256,54,0,0
BRDA:256,54,1,2
BRDA:259,55,0,1
BRDA:259,55,1,0
BRDA:259,56,0,1
BRDA:259,56,1,0
BRF:114
BRH:75
end_of_record
TN:
SF:src\middleware\auth.js
FN:10,(anonymous_0)
FN:45,(anonymous_1)
FN:46,(anonymous_2)
FNF:3
FNH:1
FNDA:69,(anonymous_0)
FNDA:0,(anonymous_1)
FNDA:0,(anonymous_2)
DA:1,2
DA:10,2
DA:11,69
DA:12,69
DA:14,69
DA:15,5
DA:21,64
DA:22,64
DA:25,62
DA:32,62
DA:34,2
DA:35,0
DA:37,2
DA:45,2
DA:46,0
DA:47,0
DA:48,0
DA:53,0
DA:57,2
LF:19
LH:14
BRDA:14,0,0,5
BRDA:14,0,1,64
BRDA:14,1,0,69
BRDA:14,1,1,64
BRDA:27,2,0,62
BRDA:27,2,1,0
BRDA:28,3,0,62
BRDA:28,3,1,0
BRDA:29,4,0,62
BRDA:29,4,1,0
BRDA:34,5,0,0
BRDA:34,5,1,2
BRDA:47,6,0,0
BRDA:47,6,1,0
BRDA:47,7,0,0
BRDA:47,7,1,0
BRF:16
BRH:8
end_of_record
TN:
SF:src\middleware\errorHandler.js
FN:5,(anonymous_0)
FNF:1
FNH:0
FNDA:0,(anonymous_0)
DA:5,2
DA:6,0
DA:8,0
DA:10,0
DA:17,2
LF:5
LH:2
BRDA:8,0,0,0
BRDA:8,0,1,0
BRDA:12,1,0,0
BRDA:12,1,1,0
BRDA:13,2,0,0
BRDA:13,2,1,0
BRF:6
BRH:0
end_of_record
TN:
SF:src\models\Board.js
FNF:0
FNH:0
DA:1,2
DA:5,2
DA:18,2
DA:59,2
DA:60,2
DA:61,2
DA:63,2
LF:7
LH:7
BRF:0
BRH:0
end_of_record
TN:
SF:src\models\Task.js
FN:172,(anonymous_0)
FN:173,(anonymous_1)
FNF:2
FNH:2
FNDA:15,(anonymous_0)
FNDA:3,(anonymous_1)
DA:1,2
DA:5,2
DA:16,2
DA:26,2
DA:38,2
DA:49,2
DA:61,2
DA:163,2
DA:164,2
DA:165,2
DA:166,2
DA:167,2
DA:168,2
DA:169,2
DA:172,2
DA:173,15
DA:176,2
DA:178,2
DA:180,2
LF:19
LH:19
BRF:0
BRH:0
end_of_record
TN:
SF:src\routes\boardRoutes.js
FNF:0
FNH:0
DA:1,2
DA:2,2
DA:3,2
DA:4,2
DA:5,2
DA:8,2
DA:18,2
DA:30,2
DA:31,2
DA:32,2
DA:33,2
DA:34,2
DA:37,2
DA:38,2
DA:40,2
LF:15
LH:15
BRF:0
BRH:0
end_of_record
TN:
SF:src\routes\taskRoutes.js
FNF:0
FNH:0
DA:1,2
DA:2,2
DA:3,2
DA:19,2
DA:20,2
DA:23,2
DA:35,2
DA:50,2
DA:51,2
DA:52,2
DA:55,2
DA:56,2
DA:57,2
DA:58,2
DA:59,2
DA:60,2
DA:63,2
DA:64,2
DA:67,2
DA:68,2
DA:71,2
DA:73,2
DA:75,2
LF:23
LH:23
BRF:0
BRH:0
end_of_record
TN:
SF:src\services\deadlineReminderService.js
FN:12,buildReminderKey
FN:16,hasDispatch
FN:17,(anonymous_2)
FN:20,resolveReminderType
FN:40,buildReminderNotification
FN:70,runDeadlineReminderCycle
FN:114,triggerDeadlineReminderForTask
FN:148,startDeadlineReminderScheduler
FN:148,(anonymous_8)
FN:154,(anonymous_9)
FN:165,stopDeadlineReminderScheduler
FNF:11
FNH:6
FNDA:2,buildReminderKey
FNDA:2,hasDispatch
FNDA:1,(anonymous_2)
FNDA:5,resolveReminderType
FNDA:1,buildReminderNotification
FNDA:2,runDeadlineReminderCycle
FNDA:0,triggerDeadlineReminderForTask
FNDA:0,startDeadlineReminderScheduler
FNDA:0,(anonymous_8)
FNDA:0,(anonymous_9)
FNDA:0,stopDeadlineReminderScheduler
DA:1,4
DA:2,4
DA:4,4
DA:10,4
DA:13,2
DA:17,2
DA:21,5
DA:23,5
DA:24,1
DA:27,4
DA:29,4
DA:30,3
DA:33,1
DA:34,1
DA:37,0
DA:41,1
DA:42,1
DA:47,1
DA:53,1
DA:71,2
DA:72,2
DA:78,2
DA:80,2
DA:81,2
DA:82,2
DA:83,0
DA:86,2
DA:88,2
DA:89,2
DA:90,2
DA:91,1
DA:94,1
DA:95,1
DA:96,1
DA:102,1
DA:104,0
DA:108,2
DA:111,2
DA:115,0
DA:116,0
DA:119,0
DA:120,0
DA:121,0
DA:124,0
DA:126,0
DA:127,0
DA:128,0
DA:129,0
DA:132,0
DA:133,0
DA:134,0
DA:141,0
DA:145,0
DA:148,0
DA:149,0
DA:150,0
DA:153,0
DA:154,0
DA:155,0
DA:156,0
DA:158,0
DA:162,0
DA:166,0
DA:167,0
DA:168,0
DA:172,4
LF:66
LH:36
BRDA:17,0,0,2
BRDA:17,0,1,2
BRDA:20,1,0,0
BRDA:23,2,0,1
BRDA:23,2,1,4
BRDA:29,3,0,3
BRDA:29,3,1,1
BRDA:33,4,0,1
BRDA:33,4,1,0
BRDA:58,5,0,0
BRDA:58,5,1,1
BRDA:62,6,0,0
BRDA:62,6,1,1
BRDA:65,7,0,1
BRDA:65,7,1,1
BRDA:70,8,0,0
BRDA:70,9,0,0
BRDA:82,10,0,0
BRDA:82,10,1,2
BRDA:86,11,0,2
BRDA:86,11,1,0
BRDA:90,12,0,1
BRDA:90,12,1,1
BRDA:114,13,0,0
BRDA:114,14,0,0
BRDA:115,15,0,0
BRDA:115,15,1,0
BRDA:115,16,0,0
BRDA:115,16,1,0
BRDA:115,16,2,0
BRDA:120,17,0,0
BRDA:120,17,1,0
BRDA:124,18,0,0
BRDA:124,18,1,0
BRDA:128,19,0,0
BRDA:128,19,1,0
BRDA:148,20,0,0
BRDA:149,21,0,0
BRDA:149,21,1,0
BRDA:153,22,0,0
BRDA:153,22,1,0
BRDA:166,23,0,0
BRDA:166,23,1,0
BRF:43
BRH:15
end_of_record
TN:
SF:src\services\notificationService.js
FN:6,buildHeaders
FN:23,createNotification
FN:36,createBulkNotifications
FN:41,(anonymous_3)
FNF:4
FNH:2
FNDA:2,buildHeaders
FNDA:2,createNotification
FNDA:0,createBulkNotifications
FNDA:0,(anonymous_3)
DA:1,2
DA:3,2
DA:4,2
DA:7,2
DA:12,2
DA:13,2
DA:16,2
DA:17,0
DA:20,2
DA:24,2
DA:33,2
DA:37,0
DA:38,0
DA:41,0
DA:44,2
LF:15
LH:11
BRDA:3,0,0,2
BRDA:3,0,1,2
BRDA:4,1,0,2
BRDA:4,1,1,2
BRDA:12,2,0,2
BRDA:12,2,1,0
BRDA:16,3,0,0
BRDA:16,3,1,2
BRDA:23,4,0,0
BRDA:33,5,0,2
BRDA:33,5,1,2
BRDA:36,6,0,0
BRDA:37,7,0,0
BRDA:37,7,1,0
BRDA:37,8,0,0
BRDA:37,8,1,0
BRF:16
BRH:8
end_of_record
TN:
SF:src\services\taskService.js
FN:8,buildTaskAssignedNotification
FN:24,buildActorAssignedNotification
FN:25,(anonymous_2)
FN:43,sendAssignmentNotifications
FN:49,(anonymous_4)
FN:50,(anonymous_5)
FN:68,makeActivity
FN:82,createTask
FN:110,getAllTasks
FN:130,getTaskById
FN:137,updateTask
FN:146,(anonymous_11)
FN:155,(anonymous_12)
FN:178,patchTask
FN:187,(anonymous_14)
FN:196,(anonymous_15)
FN:200,(anonymous_16)
FN:219,deleteTask
FN:228,addAssignee
FN:232,(anonymous_19)
FN:263,removeAssignee
FN:267,(anonymous_21)
FN:268,(anonymous_22)
FN:282,addComment
FN:301,deleteComment
FN:305,(anonymous_25)
FN:322,logTime
FN:341,getTaskStats
FN:359,(anonymous_28)
FNF:29
FNH:26
FNDA:5,buildTaskAssignedNotification
FNDA:4,buildActorAssignedNotification
FNDA:5,(anonymous_2)
FNDA:6,sendAssignmentNotifications
FNDA:3,(anonymous_4)
FNDA:3,(anonymous_5)
FNDA:16,makeActivity
FNDA:6,createTask
FNDA:2,getAllTasks
FNDA:3,getTaskById
FNDA:1,updateTask
FNDA:8,(anonymous_11)
FNDA:0,(anonymous_12)
FNDA:1,patchTask
FNDA:6,(anonymous_14)
FNDA:0,(anonymous_15)
FNDA:1,(anonymous_16)
FNDA:1,deleteTask
FNDA:3,addAssignee
FNDA:0,(anonymous_19)
FNDA:1,removeAssignee
FNDA:1,(anonymous_21)
FNDA:1,(anonymous_22)
FNDA:2,addComment
FNDA:1,deleteComment
FNDA:1,(anonymous_25)
FNDA:3,logTime
FNDA:1,getTaskStats
FNDA:1,(anonymous_28)
DA:1,3
DA:5,3
DA:6,3
DA:9,5
DA:25,5
DA:26,4
DA:44,6
DA:45,4
DA:48,2
DA:49,3
DA:50,3
DA:52,2
DA:53,2
DA:56,2
DA:57,0
DA:60,2
DA:61,2
DA:63,0
DA:69,16
DA:83,6
DA:86,6
DA:87,6
DA:96,6
DA:100,6
DA:101,6
DA:102,6
DA:103,6
DA:111,2
DA:113,2
DA:114,2
DA:115,2
DA:116,2
DA:118,2
DA:119,2
DA:120,2
DA:121,2
DA:122,2
DA:124,2
DA:131,3
DA:138,1
DA:139,1
DA:141,1
DA:142,1
DA:144,1
DA:146,1
DA:147,8
DA:148,2
DA:152,1
DA:153,0
DA:154,0
DA:155,0
DA:159,1
DA:160,1
DA:162,1
DA:164,1
DA:165,0
DA:166,0
DA:168,0
DA:172,1
DA:179,1
DA:180,1
DA:182,1
DA:183,1
DA:185,1
DA:187,1
DA:188,6
DA:189,1
DA:193,1
DA:194,0
DA:195,0
DA:196,0
DA:200,1
DA:201,1
DA:203,1
DA:205,1
DA:206,0
DA:207,0
DA:209,0
DA:213,1
DA:220,1
DA:229,3
DA:230,2
DA:232,2
DA:233,2
DA:234,0
DA:235,0
DA:236,0
DA:239,2
DA:240,2
DA:241,2
DA:243,2
DA:244,2
DA:246,0
DA:249,2
DA:250,2
DA:251,2
DA:253,0
DA:257,2
DA:264,1
DA:265,1
DA:267,1
DA:268,1
DA:270,1
DA:271,1
DA:274,1
DA:283,2
DA:284,1
DA:286,1
DA:293,1
DA:294,1
DA:295,1
DA:302,1
DA:303,1
DA:305,1
DA:306,1
DA:307,0
DA:308,0
DA:309,0
DA:312,1
DA:313,1
DA:314,1
DA:323,3
DA:324,2
DA:326,2
DA:334,2
DA:335,2
DA:342,1
DA:343,1
DA:344,1
DA:345,1
DA:347,1
DA:358,1
DA:359,1
DA:360,1
DA:361,1
DA:364,1
DA:367,3
LF:137
LH:115
BRDA:12,0,0,5
BRDA:12,0,1,0
BRDA:14,1,0,0
BRDA:14,1,1,5
BRDA:18,2,0,5
BRDA:18,2,1,0
BRDA:19,3,0,5
BRDA:19,3,1,0
BRDA:20,4,0,0
BRDA:20,4,1,5
BRDA:21,5,0,5
BRDA:21,5,1,2
BRDA:31,6,0,0
BRDA:31,6,1,4
BRDA:37,7,0,0
BRDA:37,7,1,4
BRDA:39,8,0,4
BRDA:39,8,1,1
BRDA:43,9,0,0
BRDA:44,10,0,4
BRDA:44,10,1,2
BRDA:44,11,0,6
BRDA:44,11,1,6
BRDA:52,12,0,2
BRDA:52,12,1,0
BRDA:56,13,0,0
BRDA:56,13,1,2
BRDA:68,14,0,0
BRDA:68,15,0,0
BRDA:68,16,0,0
BRDA:70,17,0,16
BRDA:70,17,1,0
BRDA:71,18,0,16
BRDA:71,18,1,0
BRDA:74,19,0,16
BRDA:74,19,1,0
BRDA:74,20,0,16
BRDA:74,20,1,12
BRDA:75,21,0,16
BRDA:75,21,1,0
BRDA:75,22,0,16
BRDA:75,22,1,2
BRDA:82,23,0,0
BRDA:82,24,0,0
BRDA:86,25,0,6
BRDA:86,25,1,0
BRDA:86,26,0,6
BRDA:86,26,1,6
BRDA:110,27,0,0
BRDA:113,28,0,1
BRDA:113,28,1,1
BRDA:114,29,0,0
BRDA:114,29,1,2
BRDA:115,30,0,0
BRDA:115,30,1,2
BRDA:116,31,0,0
BRDA:116,31,1,2
BRDA:118,32,0,0
BRDA:118,32,1,2
BRDA:119,33,0,0
BRDA:119,33,1,2
BRDA:120,34,0,0
BRDA:120,34,1,2
BRDA:121,35,0,0
BRDA:121,35,1,2
BRDA:122,36,0,0
BRDA:122,36,1,2
BRDA:137,37,0,0
BRDA:137,38,0,0
BRDA:139,39,0,0
BRDA:139,39,1,1
BRDA:144,40,0,1
BRDA:144,40,1,0
BRDA:144,41,0,0
BRDA:144,41,1,0
BRDA:144,42,0,0
BRDA:144,42,1,0
BRDA:147,43,0,2
BRDA:147,43,1,6
BRDA:147,44,0,8
BRDA:147,44,1,2
BRDA:147,45,0,2
BRDA:147,45,1,0
BRDA:147,46,0,2
BRDA:147,46,1,0
BRDA:152,47,0,0
BRDA:152,47,1,1
BRDA:153,48,0,0
BRDA:153,48,1,0
BRDA:154,49,0,0
BRDA:154,49,1,0
BRDA:155,50,0,0
BRDA:155,50,1,0
BRDA:160,51,0,1
BRDA:160,51,1,0
BRDA:164,52,0,0
BRDA:164,52,1,1
BRDA:164,53,0,1
BRDA:164,53,1,0
BRDA:178,54,0,0
BRDA:178,55,0,0
BRDA:180,56,0,0
BRDA:180,56,1,1
BRDA:185,57,0,1
BRDA:185,57,1,0
BRDA:185,58,0,0
BRDA:185,58,1,0
BRDA:185,59,0,0
BRDA:185,59,1,0
BRDA:188,60,0,1
BRDA:188,60,1,5
BRDA:188,61,0,6
BRDA:188,61,1,1
BRDA:188,62,0,1
BRDA:188,62,1,0
BRDA:188,63,0,1
BRDA:188,63,1,0
BRDA:193,64,0,0
BRDA:193,64,1,1
BRDA:194,65,0,0
BRDA:194,65,1,0
BRDA:195,66,0,0
BRDA:195,66,1,0
BRDA:196,67,0,0
BRDA:196,67,1,0
BRDA:201,68,0,1
BRDA:201,68,1,0
BRDA:205,69,0,0
BRDA:205,69,1,1
BRDA:205,70,0,1
BRDA:205,70,1,0
BRDA:228,71,0,0
BRDA:228,72,0,0
BRDA:230,73,0,0
BRDA:230,73,1,2
BRDA:233,74,0,0
BRDA:233,74,1,2
BRDA:249,75,0,2
BRDA:249,75,1,0
BRDA:249,76,0,2
BRDA:249,76,1,2
BRDA:263,77,0,0
BRDA:265,78,0,0
BRDA:265,78,1,1
BRDA:270,79,0,1
BRDA:270,79,1,0
BRDA:284,80,0,0
BRDA:284,80,1,1
BRDA:303,81,0,0
BRDA:303,81,1,1
BRDA:306,82,0,0
BRDA:306,82,1,1
BRDA:324,83,0,0
BRDA:324,83,1,2
BRDA:330,84,0,2
BRDA:330,84,1,1
BRDA:341,85,0,0
BRDA:343,86,0,0
BRDA:343,86,1,1
BRDA:343,87,0,1
BRDA:343,87,1,1
BRDA:343,88,0,0
BRDA:343,88,1,0
BRDA:344,89,0,0
BRDA:344,89,1,1
BRDA:344,90,0,1
BRDA:344,90,1,1
BRDA:344,91,0,0
BRDA:344,91,1,0
BRDA:345,92,0,0
BRDA:345,92,1,1
BRDA:360,93,0,1
BRDA:360,93,1,0
BRF:173
BRH:83
end_of_record
TN:
SF:src\services\userService.js
FN:17,getAllUsers
FN:31,(anonymous_1)
FN:49,getUserById
FN:75,getUserByEmail
FN:78,(anonymous_4)
FN:88,isValidUser
FN:103,searchUsers
FN:112,(anonymous_7)
FNF:8
FNH:4
FNDA:4,getAllUsers
FNDA:4,(anonymous_1)
FNDA:0,getUserById
FNDA:0,getUserByEmail
FNDA:0,(anonymous_4)
FNDA:0,isValidUser
FNDA:3,searchUsers
FNDA:2,(anonymous_7)
DA:1,2
DA:11,2
DA:18,4
DA:19,4
DA:20,4
DA:21,4
DA:24,4
DA:30,4
DA:31,4
DA:39,0
DA:41,0
DA:42,0
DA:50,0
DA:51,0
DA:55,0
DA:56,0
DA:57,0
DA:65,0
DA:67,0
DA:68,0
DA:76,0
DA:77,0
DA:78,0
DA:80,0
DA:81,0
DA:89,0
DA:90,0
DA:91,0
DA:93,0
DA:104,3
DA:105,3
DA:107,3
DA:108,1
DA:111,2
DA:112,2
DA:113,2
DA:117,2
DA:119,0
DA:120,0
DA:124,2
LF:40
LH:18
BRDA:11,0,0,2
BRDA:11,0,1,2
BRDA:17,1,0,0
BRDA:20,2,0,4
BRDA:20,2,1,0
BRDA:30,3,0,4
BRDA:30,3,1,0
BRDA:30,4,0,4
BRDA:30,4,1,4
BRDA:35,5,0,4
BRDA:35,5,1,0
BRDA:36,6,0,4
BRDA:36,6,1,4
BRDA:55,7,0,0
BRDA:55,7,1,0
BRDA:55,8,0,0
BRDA:55,8,1,0
BRDA:61,9,0,0
BRDA:61,9,1,0
BRDA:62,10,0,0
BRDA:62,10,1,0
BRDA:78,11,0,0
BRDA:78,11,1,0
BRDA:103,12,0,0
BRDA:103,13,0,0
BRDA:103,14,0,0
BRDA:107,15,0,1
BRDA:107,15,1,2
BRDA:107,16,0,3
BRDA:107,16,1,2
BRDA:113,17,0,2
BRDA:113,17,1,2
BRF:32
BRH:15
end_of_record
