<?xml version="1.0" encoding="UTF-8"?>
<coverage generated="1790247041804" clover="3.2.0">
  <project timestamp="1790247041804" name="All files">
    <metrics statements="126" coveredstatements="123" conditionals="106" coveredconditionals="97" methods="25" coveredmethods="24" elements="257" coveredelements="244" complexity="0" loc="126" ncloc="126" packages="3" files="7" classes="7"/>
    <package name="src">
      <metrics statements="30" coveredstatements="28" conditionals="2" coveredconditionals="1" methods="4" coveredmethods="3"/>
      <file name="server.js" path="C:\Users\lasit\OneDrive\Documents\IDEs\VS Code\secure-task-management-system\api-gateway\src\server.js">
        <metrics statements="30" coveredstatements="28" conditionals="2" coveredconditionals="1" methods="4" coveredmethods="3"/>
        <line num="1" count="5" type="stmt"/>
        <line num="2" count="5" type="stmt"/>
        <line num="3" count="5" type="stmt"/>
        <line num="4" count="5" type="stmt"/>
        <line num="5" count="5" type="stmt"/>
        <line num="6" count="5" type="stmt"/>
        <line num="7" count="5" type="stmt"/>
        <line num="8" count="5" type="stmt"/>
        <line num="9" count="5" type="stmt"/>
        <line num="11" count="5" type="stmt"/>
        <line num="14" count="7" type="stmt"/>
        <line num="17" count="7" type="stmt"/>
        <line num="22" count="7" type="stmt"/>
        <line num="23" count="7" type="stmt"/>
        <line num="28" count="7" type="stmt"/>
        <line num="29" count="7" type="stmt"/>
        <line num="30" count="7" type="stmt"/>
        <line num="35" count="7" type="stmt"/>
        <line num="36" count="7" type="stmt"/>
        <line num="41" count="7" type="stmt"/>
        <line num="42" count="19" type="stmt"/>
        <line num="45" count="7" type="stmt"/>
        <line num="48" count="7" type="stmt"/>
        <line num="49" count="8" type="stmt"/>
        <line num="55" count="7" type="stmt"/>
        <line num="58" count="5" type="stmt"/>
        <line num="60" count="5" type="cond" truecount="1" falsecount="1"/>
        <line num="61" count="0" type="stmt"/>
        <line num="62" count="0" type="stmt"/>
        <line num="66" count="5" type="stmt"/>
      </file>
    </package>
    <package name="src.config">
      <metrics statements="63" coveredstatements="62" conditionals="77" coveredconditionals="71" methods="18" coveredmethods="18"/>
      <file name="corsConfig.js" path="C:\Users\lasit\OneDrive\Documents\IDEs\VS Code\secure-task-management-system\api-gateway\src\config\corsConfig.js">
        <metrics statements="17" coveredstatements="17" conditionals="10" coveredconditionals="10" methods="4" coveredmethods="4"/>
        <line num="6" count="6" type="stmt"/>
        <line num="8" count="6" type="stmt"/>
        <line num="9" count="6" type="stmt"/>
        <line num="16" count="6" type="stmt"/>
        <line num="19" count="30" type="cond" truecount="4" falsecount="0"/>
        <line num="20" count="15" type="stmt"/>
        <line num="22" count="15" type="cond" truecount="2" falsecount="0"/>
        <line num="26" count="14" type="stmt"/>
        <line num="28" count="14" type="stmt"/>
        <line num="30" count="40" type="cond" truecount="2" falsecount="0"/>
        <line num="31" count="23" type="stmt"/>
        <line num="35" count="17" type="cond" truecount="2" falsecount="0"/>
        <line num="36" count="10" type="stmt"/>
        <line num="40" count="7" type="stmt"/>
        <line num="45" count="13" type="stmt"/>
        <line num="47" count="13" type="stmt"/>
        <line num="58" count="6" type="stmt"/>
      </file>
      <file name="env.js" path="C:\Users\lasit\OneDrive\Documents\IDEs\VS Code\secure-task-management-system\api-gateway\src\config\env.js">
        <metrics statements="12" coveredstatements="12" conditionals="26" coveredconditionals="26" methods="5" coveredmethods="5"/>
        <line num="6" count="10" type="stmt"/>
        <line num="13" count="15" type="cond" truecount="4" falsecount="0"/>
        <line num="14" count="12" type="stmt"/>
        <line num="17" count="3" type="stmt"/>
        <line num="19" count="4" type="stmt"/>
        <line num="20" count="4" type="cond" truecount="2" falsecount="0"/>
        <line num="22" count="3" type="cond" truecount="2" falsecount="0"/>
        <line num="26" count="45" type="stmt"/>
        <line num="27" count="45" type="cond" truecount="4" falsecount="0"/>
        <line num="31" count="15" type="cond" truecount="2" falsecount="0"/>
        <line num="33" count="15" type="stmt"/>
        <line num="52" count="10" type="stmt"/>
      </file>
      <file name="proxyConfig.js" path="C:\Users\lasit\OneDrive\Documents\IDEs\VS Code\secure-task-management-system\api-gateway\src\config\proxyConfig.js">
        <metrics statements="21" coveredstatements="21" conditionals="34" coveredconditionals="29" methods="5" coveredmethods="5"/>
        <line num="5" count="6" type="stmt"/>
        <line num="7" count="6" type="stmt"/>
        <line num="46" count="16" type="cond" truecount="4" falsecount="0"/>
        <line num="47" count="1" type="stmt"/>
        <line num="49" count="15" type="cond" truecount="2" falsecount="0"/>
        <line num="50" count="8" type="stmt"/>
        <line num="52" count="7" type="cond" truecount="4" falsecount="0"/>
        <line num="53" count="2" type="stmt"/>
        <line num="55" count="5" type="cond" truecount="2" falsecount="0"/>
        <line num="56" count="1" type="stmt"/>
        <line num="58" count="4" type="cond" truecount="2" falsecount="0"/>
        <line num="63" count="3" type="stmt"/>
        <line num="65" count="1" type="stmt"/>
        <line num="68" count="12" type="stmt"/>
        <line num="74" count="8" type="stmt"/>
        <line num="77" count="2" type="cond" truecount="2" falsecount="0"/>
        <line num="78" count="1" type="stmt"/>
        <line num="79" count="1" type="cond" truecount="2" falsecount="2"/>
        <line num="83" count="2" type="cond" truecount="2" falsecount="0"/>
        <line num="84" count="1" type="cond" truecount="3" falsecount="3"/>
        <line num="93" count="6" type="stmt"/>
      </file>
      <file name="securityHeaders.js" path="C:\Users\lasit\OneDrive\Documents\IDEs\VS Code\secure-task-management-system\api-gateway\src\config\securityHeaders.js">
        <metrics statements="13" coveredstatements="12" conditionals="7" coveredconditionals="6" methods="4" coveredmethods="4"/>
        <line num="6" count="6" type="stmt"/>
        <line num="7" count="6" type="stmt"/>
        <line num="10" count="17" type="cond" truecount="4" falsecount="0"/>
        <line num="14" count="17" type="stmt"/>
        <line num="47" count="8" type="stmt"/>
        <line num="48" count="8" type="stmt"/>
        <line num="50" count="8" type="stmt"/>
        <line num="51" count="37" type="stmt"/>
        <line num="52" count="37" type="cond" truecount="1" falsecount="1"/>
        <line num="53" count="0" type="stmt"/>
        <line num="55" count="37" type="stmt"/>
        <line num="59" count="37" type="stmt"/>
        <line num="64" count="6" type="stmt"/>
      </file>
    </package>
    <package name="src.middleware">
      <metrics statements="33" coveredstatements="33" conditionals="27" coveredconditionals="25" methods="3" coveredmethods="3"/>
      <file name="logger.js" path="C:\Users\lasit\OneDrive\Documents\IDEs\VS Code\secure-task-management-system\api-gateway\src\middleware\logger.js">
        <metrics statements="5" coveredstatements="5" conditionals="0" coveredconditionals="0" methods="1" coveredmethods="1"/>
        <line num="4" count="6" type="stmt"/>
        <line num="5" count="33" type="stmt"/>
        <line num="6" count="33" type="stmt"/>
        <line num="7" count="33" type="stmt"/>
        <line num="10" count="6" type="stmt"/>
      </file>
      <file name="rateLimiter.js" path="C:\Users\lasit\OneDrive\Documents\IDEs\VS Code\secure-task-management-system\api-gateway\src\middleware\rateLimiter.js">
        <metrics statements="28" coveredstatements="28" conditionals="27" coveredconditionals="25" methods="2" coveredmethods="2"/>
        <line num="5" count="6" type="stmt"/>
        <line num="9" count="7" type="cond" truecount="2" falsecount="0"/>
        <line num="12" count="7" type="cond" truecount="2" falsecount="0"/>
        <line num="14" count="7" type="stmt"/>
        <line num="16" count="7" type="stmt"/>
        <line num="17" count="142" type="cond" truecount="4" falsecount="0"/>
        <line num="18" count="142" type="stmt"/>
        <line num="20" count="142" type="cond" truecount="2" falsecount="0"/>
        <line num="21" count="12" type="stmt"/>
        <line num="23" count="130" type="stmt"/>
        <line num="24" count="130" type="cond" truecount="2" falsecount="0"/>
        <line num="25" count="1" type="stmt"/>
        <line num="26" count="1" type="stmt"/>
        <line num="28" count="129" type="stmt"/>
        <line num="32" count="142" type="stmt"/>
        <line num="33" count="142" type="stmt"/>
        <line num="34" count="142" type="stmt"/>
        <line num="36" count="142" type="cond" truecount="2" falsecount="0"/>
        <line num="37" count="36" type="stmt"/>
        <line num="38" count="36" type="stmt"/>
        <line num="39" count="36" type="stmt"/>
        <line num="42" count="142" type="cond" truecount="2" falsecount="0"/>
        <line num="43" count="2" type="cond" truecount="2" falsecount="0"/>
        <line num="44" count="1" type="stmt"/>
        <line num="46" count="2" type="stmt"/>
        <line num="52" count="140" type="stmt"/>
        <line num="56" count="6" type="stmt"/>
        <line num="58" count="6" type="stmt"/>
      </file>
    </package>
  </project>
</coverage>
