<?xml version="1.0" encoding="UTF-8"?>
<coverage generated="1773745999121" clover="3.2.0">
  <project timestamp="1773745999121" name="All files">
    <metrics statements="57" coveredstatements="43" conditionals="49" coveredconditionals="25" methods="9" coveredmethods="4" elements="115" coveredelements="72" complexity="0" loc="57" ncloc="57" packages="3" files="4" classes="4"/>
    <package name="src">
      <metrics statements="32" coveredstatements="18" conditionals="29" coveredconditionals="5" methods="7" coveredmethods="2"/>
      <file name="server.js" path="C:\Users\lasit\OneDrive\Documents\IDEs\VS Code\Task-Management-System\api-gateway\src\server.js">
        <metrics statements="32" coveredstatements="18" conditionals="29" coveredconditionals="5" methods="7" coveredmethods="2"/>
        <line num="1" count="1" type="stmt"/>
        <line num="2" count="1" type="stmt"/>
        <line num="3" count="1" type="stmt"/>
        <line num="4" count="1" type="stmt"/>
        <line num="5" count="1" type="stmt"/>
        <line num="7" count="1" type="stmt"/>
        <line num="9" count="1" type="cond" truecount="2" falsecount="0"/>
        <line num="12" count="0" type="cond" truecount="0" falsecount="2"/>
        <line num="13" count="0" type="cond" truecount="0" falsecount="2"/>
        <line num="15" count="0" type="cond" truecount="0" falsecount="4"/>
        <line num="16" count="0" type="cond" truecount="0" falsecount="2"/>
        <line num="18" count="0" type="cond" truecount="0" falsecount="2"/>
        <line num="19" count="0" type="cond" truecount="0" falsecount="2"/>
        <line num="21" count="0" type="cond" truecount="0" falsecount="5"/>
        <line num="22" count="0" type="cond" truecount="0" falsecount="2"/>
        <line num="24" count="0" type="cond" truecount="0" falsecount="2"/>
        <line num="28" count="1" type="stmt"/>
        <line num="30" count="1" type="stmt"/>
        <line num="31" count="1" type="stmt"/>
        <line num="32" count="1" type="stmt"/>
        <line num="34" count="1" type="stmt"/>
        <line num="35" count="1" type="stmt"/>
        <line num="38" count="1" type="stmt"/>
        <line num="41" count="0" type="stmt"/>
        <line num="44" count="0" type="stmt"/>
        <line num="47" count="0" type="stmt"/>
        <line num="52" count="1" type="stmt"/>
        <line num="55" count="1" type="stmt"/>
        <line num="57" count="1" type="cond" truecount="1" falsecount="1"/>
        <line num="58" count="0" type="stmt"/>
        <line num="59" count="0" type="stmt"/>
        <line num="63" count="1" type="stmt"/>
      </file>
    </package>
    <package name="src.config">
      <metrics statements="2" coveredstatements="2" conditionals="14" coveredconditionals="14" methods="0" coveredmethods="0"/>
      <file name="proxyConfig.js" path="C:\Users\lasit\OneDrive\Documents\IDEs\VS Code\Task-Management-System\api-gateway\src\config\proxyConfig.js">
        <metrics statements="2" coveredstatements="2" conditionals="14" coveredconditionals="14" methods="0" coveredmethods="0"/>
        <line num="5" count="1" type="stmt"/>
        <line num="45" count="1" type="stmt"/>
      </file>
    </package>
    <package name="src.middleware">
      <metrics statements="23" coveredstatements="23" conditionals="6" coveredconditionals="6" methods="2" coveredmethods="2"/>
      <file name="logger.js" path="C:\Users\lasit\OneDrive\Documents\IDEs\VS Code\Task-Management-System\api-gateway\src\middleware\logger.js">
        <metrics statements="5" coveredstatements="5" conditionals="0" coveredconditionals="0" methods="1" coveredmethods="1"/>
        <line num="4" count="2" type="stmt"/>
        <line num="5" count="2" type="stmt"/>
        <line num="6" count="2" type="stmt"/>
        <line num="7" count="2" type="stmt"/>
        <line num="10" count="2" type="stmt"/>
      </file>
      <file name="rateLimiter.js" path="C:\Users\lasit\OneDrive\Documents\IDEs\VS Code\Task-Management-System\api-gateway\src\middleware\rateLimiter.js">
        <metrics statements="18" coveredstatements="18" conditionals="6" coveredconditionals="6" methods="1" coveredmethods="1"/>
        <line num="5" count="2" type="stmt"/>
        <line num="7" count="2" type="stmt"/>
        <line num="8" count="2" type="stmt"/>
        <line num="10" count="2" type="stmt"/>
        <line num="11" count="105" type="stmt"/>
        <line num="12" count="105" type="stmt"/>
        <line num="14" count="105" type="cond" truecount="2" falsecount="0"/>
        <line num="15" count="4" type="stmt"/>
        <line num="16" count="4" type="stmt"/>
        <line num="19" count="101" type="stmt"/>
        <line num="21" count="101" type="cond" truecount="2" falsecount="0"/>
        <line num="22" count="1" type="stmt"/>
        <line num="23" count="1" type="stmt"/>
        <line num="26" count="100" type="cond" truecount="2" falsecount="0"/>
        <line num="27" count="1" type="stmt"/>
        <line num="33" count="99" type="stmt"/>
        <line num="34" count="99" type="stmt"/>
        <line num="37" count="2" type="stmt"/>
      </file>
    </package>
  </project>
</coverage>
