{"C:\\Users\\lasit\\OneDrive\\Documents\\IDEs\\VS Code\\secure-task-management-system\\api-gateway\\src\\server.js": {"path":"C:\\Users\\lasit\\OneDrive\\Documents\\IDEs\\VS Code\\secure-task-management-system\\api-gateway\\src\\server.js","statementMap":{"0":{"start":{"line":1,"column":16},"end":{"line":1,"column":34}},"1":{"start":{"line":2,"column":13},"end":{"line":2,"column":28}},"2":{"start":{"line":3,"column":34},"end":{"line":3,"column":66}},"3":{"start":{"line":4,"column":24},"end":{"line":4,"column":59}},"4":{"start":{"line":5,"column":19},"end":{"line":5,"column":49}},"5":{"start":{"line":6,"column":41},"end":{"line":6,"column":76}},"6":{"start":{"line":7,"column":27},"end":{"line":7,"column":57}},"7":{"start":{"line":8,"column":19},"end":{"line":8,"column":42}},"8":{"start":{"line":10,"column":13},"end":{"line":10,"column":24}},"9":{"start":{"line":13,"column":4},"end":{"line":15,"column":5}},"10":{"start":{"line":14,"column":8},"end":{"line":14,"column":46}},"11":{"start":{"line":16,"column":4},"end":{"line":18,"column":5}},"12":{"start":{"line":17,"column":8},"end":{"line":17,"column":46}},"13":{"start":{"line":19,"column":4},"end":{"line":21,"column":5}},"14":{"start":{"line":20,"column":8},"end":{"line":20,"column":54}},"15":{"start":{"line":22,"column":4},"end":{"line":24,"column":5}},"16":{"start":{"line":23,"column":8},"end":{"line":23,"column":51}},"17":{"start":{"line":25,"column":4},"end":{"line":25,"column":42}},"18":{"start":{"line":29,"column":16},"end":{"line":29,"column":25}},"19":{"start":{"line":32,"column":4},"end":{"line":32,"column":30}},"20":{"start":{"line":37,"column":4},"end":{"line":37,"column":32}},"21":{"start":{"line":38,"column":4},"end":{"line":38,"column":44}},"22":{"start":{"line":43,"column":24},"end":{"line":43,"column":40}},"23":{"start":{"line":44,"column":4},"end":{"line":44,"column":31}},"24":{"start":{"line":45,"column":4},"end":{"line":45,"column":40}},"25":{"start":{"line":50,"column":4},"end":{"line":50,"column":20}},"26":{"start":{"line":51,"column":4},"end":{"line":51,"column":25}},"27":{"start":{"line":56,"column":4},"end":{"line":58,"column":7}},"28":{"start":{"line":57,"column":8},"end":{"line":57,"column":71}},"29":{"start":{"line":60,"column":4},"end":{"line":72,"column":8}},"30":{"start":{"line":63,"column":31},"end":{"line":63,"column":44}},"31":{"start":{"line":66,"column":12},"end":{"line":66,"column":97}},"32":{"start":{"line":69,"column":12},"end":{"line":69,"column":109}},"33":{"start":{"line":74,"column":4},"end":{"line":74,"column":15}},"34":{"start":{"line":77,"column":22},"end":{"line":77,"column":33}},"35":{"start":{"line":79,"column":0},"end":{"line":83,"column":1}},"36":{"start":{"line":80,"column":4},"end":{"line":82,"column":7}},"37":{"start":{"line":81,"column":8},"end":{"line":81,"column":59}},"38":{"start":{"line":85,"column":0},"end":{"line":85,"column":51}}},"fnMap":{"0":{"name":"resolveTarget","decl":{"start":{"line":12,"column":9},"end":{"line":12,"column":22}},"loc":{"start":{"line":12,"column":28},"end":{"line":26,"column":1}},"line":12},"1":{"name":"createApp","decl":{"start":{"line":28,"column":9},"end":{"line":28,"column":18}},"loc":{"start":{"line":28,"column":21},"end":{"line":75,"column":1}},"line":28},"2":{"name":"(anonymous_2)","decl":{"start":{"line":56,"column":23},"end":{"line":56,"column":24}},"loc":{"start":{"line":56,"column":37},"end":{"line":58,"column":5}},"line":56},"3":{"name":"(anonymous_3)","decl":{"start":{"line":63,"column":21},"end":{"line":63,"column":22}},"loc":{"start":{"line":63,"column":31},"end":{"line":63,"column":44}},"line":63},"4":{"name":"(anonymous_4)","decl":{"start":{"line":65,"column":20},"end":{"line":65,"column":21}},"loc":{"start":{"line":65,"column":40},"end":{"line":67,"column":9}},"line":65},"5":{"name":"(anonymous_5)","decl":{"start":{"line":68,"column":20},"end":{"line":68,"column":21}},"loc":{"start":{"line":68,"column":39},"end":{"line":70,"column":9}},"line":68},"6":{"name":"(anonymous_6)","decl":{"start":{"line":80,"column":31},"end":{"line":80,"column":32}},"loc":{"start":{"line":80,"column":37},"end":{"line":82,"column":5}},"line":80}},"branchMap":{"0":{"loc":{"start":{"line":13,"column":4},"end":{"line":15,"column":5}},"type":"if","locations":[{"start":{"line":13,"column":4},"end":{"line":15,"column":5}},{"start":{},"end":{}}],"line":13},"1":{"loc":{"start":{"line":16,"column":4},"end":{"line":18,"column":5}},"type":"if","locations":[{"start":{"line":16,"column":4},"end":{"line":18,"column":5}},{"start":{},"end":{}}],"line":16},"2":{"loc":{"start":{"line":16,"column":8},"end":{"line":16,"column":69}},"type":"binary-expr","locations":[{"start":{"line":16,"column":8},"end":{"line":16,"column":36}},{"start":{"line":16,"column":40},"end":{"line":16,"column":69}}],"line":16},"3":{"loc":{"start":{"line":19,"column":4},"end":{"line":21,"column":5}},"type":"if","locations":[{"start":{"line":19,"column":4},"end":{"line":21,"column":5}},{"start":{},"end":{}}],"line":19},"4":{"loc":{"start":{"line":22,"column":4},"end":{"line":24,"column":5}},"type":"if","locations":[{"start":{"line":22,"column":4},"end":{"line":24,"column":5}},{"start":{},"end":{}}],"line":22},"5":{"loc":{"start":{"line":22,"column":8},"end":{"line":22,"column":105}},"type":"binary-expr","locations":[{"start":{"line":22,"column":8},"end":{"line":22,"column":38}},{"start":{"line":22,"column":42},"end":{"line":22,"column":74}},{"start":{"line":22,"column":78},"end":{"line":22,"column":105}}],"line":22},"6":{"loc":{"start":{"line":79,"column":0},"end":{"line":83,"column":1}},"type":"if","locations":[{"start":{"line":79,"column":0},"end":{"line":83,"column":1}},{"start":{},"end":{}}],"line":79}},"s":{"0":3,"1":3,"2":3,"3":3,"4":3,"5":3,"6":3,"7":3,"8":3,"9":0,"10":0,"11":0,"12":0,"13":0,"14":0,"15":0,"16":0,"17":0,"18":3,"19":3,"20":3,"21":3,"22":3,"23":3,"24":3,"25":3,"26":3,"27":3,"28":8,"29":3,"30":0,"31":0,"32":0,"33":3,"34":3,"35":3,"36":0,"37":0,"38":3},"f":{"0":0,"1":3,"2":8,"3":0,"4":0,"5":0,"6":0},"b":{"0":[0,0],"1":[0,0],"2":[0,0],"3":[0,0],"4":[0,0],"5":[0,0,0],"6":[0,3]},"_coverageSchema":"1a1c01bbd47fc00a2c39e90264f33305004495a9","hash":"ac93bb1c1edf87fa2ef55f3085bebbce3ec2fb8e"}
,"C:\\Users\\lasit\\OneDrive\\Documents\\IDEs\\VS Code\\secure-task-management-system\\api-gateway\\src\\config\\corsConfig.js": {"path":"C:\\Users\\lasit\\OneDrive\\Documents\\IDEs\\VS Code\\secure-task-management-system\\api-gateway\\src\\config\\corsConfig.js","statementMap":{"0":{"start":{"line":6,"column":36},"end":{"line":6,"column":52}},"1":{"start":{"line":8,"column":24},"end":{"line":8,"column":76}},"2":{"start":{"line":9,"column":24},"end":{"line":15,"column":1}},"3":{"start":{"line":16,"column":24},"end":{"line":16,"column":60}},"4":{"start":{"line":19,"column":4},"end":{"line":21,"column":5}},"5":{"start":{"line":20,"column":8},"end":{"line":20,"column":29}},"6":{"start":{"line":22,"column":4},"end":{"line":22,"column":57}},"7":{"start":{"line":26,"column":22},"end":{"line":26,"column":55}},"8":{"start":{"line":28,"column":4},"end":{"line":41,"column":6}},"9":{"start":{"line":30,"column":8},"end":{"line":32,"column":9}},"10":{"start":{"line":31,"column":12},"end":{"line":31,"column":40}},"11":{"start":{"line":35,"column":8},"end":{"line":37,"column":9}},"12":{"start":{"line":36,"column":12},"end":{"line":36,"column":40}},"13":{"start":{"line":40,"column":8},"end":{"line":40,"column":37}},"14":{"start":{"line":45,"column":27},"end":{"line":45,"column":59}},"15":{"start":{"line":47,"column":4},"end":{"line":55,"column":6}},"16":{"start":{"line":58,"column":0},"end":{"line":66,"column":2}}},"fnMap":{"0":{"name":"getAllowedOrigins","decl":{"start":{"line":18,"column":9},"end":{"line":18,"column":26}},"loc":{"start":{"line":18,"column":42},"end":{"line":23,"column":1}},"line":18},"1":{"name":"createOriginValidator","decl":{"start":{"line":25,"column":9},"end":{"line":25,"column":30}},"loc":{"start":{"line":25,"column":47},"end":{"line":42,"column":1}},"line":25},"2":{"name":"validateOrigin","decl":{"start":{"line":28,"column":20},"end":{"line":28,"column":34}},"loc":{"start":{"line":28,"column":53},"end":{"line":41,"column":5}},"line":28},"3":{"name":"getCorsOptions","decl":{"start":{"line":44,"column":9},"end":{"line":44,"column":23}},"loc":{"start":{"line":44,"column":39},"end":{"line":56,"column":1}},"line":44}},"branchMap":{"0":{"loc":{"start":{"line":19,"column":4},"end":{"line":21,"column":5}},"type":"if","locations":[{"start":{"line":19,"column":4},"end":{"line":21,"column":5}},{"start":{},"end":{}}],"line":19},"1":{"loc":{"start":{"line":19,"column":8},"end":{"line":19,"column":64}},"type":"binary-expr","locations":[{"start":{"line":19,"column":8},"end":{"line":19,"column":36}},{"start":{"line":19,"column":40},"end":{"line":19,"column":64}}],"line":19},"2":{"loc":{"start":{"line":22,"column":11},"end":{"line":22,"column":56}},"type":"binary-expr","locations":[{"start":{"line":22,"column":11},"end":{"line":22,"column":37}},{"start":{"line":22,"column":41},"end":{"line":22,"column":56}}],"line":22},"3":{"loc":{"start":{"line":30,"column":8},"end":{"line":32,"column":9}},"type":"if","locations":[{"start":{"line":30,"column":8},"end":{"line":32,"column":9}},{"start":{},"end":{}}],"line":30},"4":{"loc":{"start":{"line":35,"column":8},"end":{"line":37,"column":9}},"type":"if","locations":[{"start":{"line":35,"column":8},"end":{"line":37,"column":9}},{"start":{},"end":{}}],"line":35}},"s":{"0":4,"1":4,"2":4,"3":4,"4":17,"5":9,"6":8,"7":8,"8":8,"9":15,"10":5,"11":10,"12":5,"13":5,"14":7,"15":7,"16":4},"f":{"0":17,"1":8,"2":15,"3":7},"b":{"0":[9,8],"1":[17,9],"2":[8,0],"3":[5,10],"4":[5,5]},"_coverageSchema":"1a1c01bbd47fc00a2c39e90264f33305004495a9","hash":"759a4f7aea47e30055386f1c23d0a1df01a2875a"}
,"C:\\Users\\lasit\\OneDrive\\Documents\\IDEs\\VS Code\\secure-task-management-system\\api-gateway\\src\\config\\env.js": {"path":"C:\\Users\\lasit\\OneDrive\\Documents\\IDEs\\VS Code\\secure-task-management-system\\api-gateway\\src\\config\\env.js","statementMap":{"0":{"start":{"line":6,"column":24},"end":{"line":10,"column":1}},"1":{"start":{"line":13,"column":4},"end":{"line":15,"column":5}},"2":{"start":{"line":14,"column":8},"end":{"line":14,"column":36}},"3":{"start":{"line":17,"column":20},"end":{"line":20,"column":64}},"4":{"start":{"line":19,"column":25},"end":{"line":19,"column":38}},"5":{"start":{"line":20,"column":28},"end":{"line":20,"column":63}},"6":{"start":{"line":22,"column":4},"end":{"line":22,"column":63}},"7":{"start":{"line":26,"column":19},"end":{"line":26,"column":36}},"8":{"start":{"line":27,"column":4},"end":{"line":27,"column":70}},"9":{"start":{"line":31,"column":23},"end":{"line":31,"column":70}},"10":{"start":{"line":33,"column":4},"end":{"line":49,"column":6}},"11":{"start":{"line":52,"column":0},"end":{"line":56,"column":2}}},"fnMap":{"0":{"name":"parseOrigins","decl":{"start":{"line":12,"column":9},"end":{"line":12,"column":21}},"loc":{"start":{"line":12,"column":33},"end":{"line":23,"column":1}},"line":12},"1":{"name":"(anonymous_1)","decl":{"start":{"line":19,"column":13},"end":{"line":19,"column":14}},"loc":{"start":{"line":19,"column":25},"end":{"line":19,"column":38}},"line":19},"2":{"name":"(anonymous_2)","decl":{"start":{"line":20,"column":16},"end":{"line":20,"column":17}},"loc":{"start":{"line":20,"column":28},"end":{"line":20,"column":63}},"line":20},"3":{"name":"parsePositiveInt","decl":{"start":{"line":25,"column":9},"end":{"line":25,"column":25}},"loc":{"start":{"line":25,"column":41},"end":{"line":28,"column":1}},"line":25},"4":{"name":"getEnv","decl":{"start":{"line":30,"column":9},"end":{"line":30,"column":15}},"loc":{"start":{"line":30,"column":41},"end":{"line":50,"column":1}},"line":30}},"branchMap":{"0":{"loc":{"start":{"line":13,"column":4},"end":{"line":15,"column":5}},"type":"if","locations":[{"start":{"line":13,"column":4},"end":{"line":15,"column":5}},{"start":{},"end":{}}],"line":13},"1":{"loc":{"start":{"line":13,"column":8},"end":{"line":13,"column":51}},"type":"binary-expr","locations":[{"start":{"line":13,"column":8},"end":{"line":13,"column":18}},{"start":{"line":13,"column":22},"end":{"line":13,"column":51}}],"line":13},"2":{"loc":{"start":{"line":20,"column":28},"end":{"line":20,"column":63}},"type":"binary-expr","locations":[{"start":{"line":20,"column":28},"end":{"line":20,"column":45}},{"start":{"line":20,"column":49},"end":{"line":20,"column":63}}],"line":20},"3":{"loc":{"start":{"line":22,"column":11},"end":{"line":22,"column":62}},"type":"cond-expr","locations":[{"start":{"line":22,"column":32},"end":{"line":22,"column":39}},{"start":{"line":22,"column":42},"end":{"line":22,"column":62}}],"line":22},"4":{"loc":{"start":{"line":27,"column":11},"end":{"line":27,"column":69}},"type":"cond-expr","locations":[{"start":{"line":27,"column":52},"end":{"line":27,"column":58}},{"start":{"line":27,"column":61},"end":{"line":27,"column":69}}],"line":27},"5":{"loc":{"start":{"line":27,"column":11},"end":{"line":27,"column":49}},"type":"binary-expr","locations":[{"start":{"line":27,"column":11},"end":{"line":27,"column":35}},{"start":{"line":27,"column":39},"end":{"line":27,"column":49}}],"line":27},"6":{"loc":{"start":{"line":30,"column":16},"end":{"line":30,"column":39}},"type":"default-arg","locations":[{"start":{"line":30,"column":28},"end":{"line":30,"column":39}}],"line":30},"7":{"loc":{"start":{"line":31,"column":23},"end":{"line":31,"column":70}},"type":"binary-expr","locations":[{"start":{"line":31,"column":23},"end":{"line":31,"column":44}},{"start":{"line":31,"column":48},"end":{"line":31,"column":70}}],"line":31},"8":{"loc":{"start":{"line":35,"column":17},"end":{"line":35,"column":52}},"type":"binary-expr","locations":[{"start":{"line":35,"column":17},"end":{"line":35,"column":35}},{"start":{"line":35,"column":39},"end":{"line":35,"column":52}}],"line":35},"9":{"loc":{"start":{"line":44,"column":28},"end":{"line":44,"column":81}},"type":"binary-expr","locations":[{"start":{"line":44,"column":28},"end":{"line":44,"column":54}},{"start":{"line":44,"column":58},"end":{"line":44,"column":81}}],"line":44},"10":{"loc":{"start":{"line":45,"column":28},"end":{"line":45,"column":81}},"type":"binary-expr","locations":[{"start":{"line":45,"column":28},"end":{"line":45,"column":54}},{"start":{"line":45,"column":58},"end":{"line":45,"column":81}}],"line":45},"11":{"loc":{"start":{"line":46,"column":36},"end":{"line":46,"column":97}},"type":"binary-expr","locations":[{"start":{"line":46,"column":36},"end":{"line":46,"column":70}},{"start":{"line":46,"column":74},"end":{"line":46,"column":97}}],"line":46},"12":{"loc":{"start":{"line":47,"column":33},"end":{"line":47,"column":123}},"type":"binary-expr","locations":[{"start":{"line":47,"column":33},"end":{"line":47,"column":64}},{"start":{"line":47,"column":68},"end":{"line":47,"column":96}},{"start":{"line":47,"column":100},"end":{"line":47,"column":123}}],"line":47}},"s":{"0":6,"1":11,"2":8,"3":3,"4":4,"5":4,"6":3,"7":33,"8":33,"9":11,"10":11,"11":6},"f":{"0":11,"1":4,"2":4,"3":33,"4":11},"b":{"0":[8,3],"1":[11,3],"2":[4,4],"3":[2,1],"4":[3,30],"5":[33,4],"6":[6],"7":[11,9],"8":[11,4],"9":[11,10],"10":[11,10],"11":[11,10],"12":[11,10,10]},"_coverageSchema":"1a1c01bbd47fc00a2c39e90264f33305004495a9","hash":"f7441e93e7d303036b201bb7428a8d9b07baf0f2"}
,"C:\\Users\\lasit\\OneDrive\\Documents\\IDEs\\VS Code\\secure-task-management-system\\api-gateway\\src\\config\\proxyConfig.js": {"path":"C:\\Users\\lasit\\OneDrive\\Documents\\IDEs\\VS Code\\secure-task-management-system\\api-gateway\\src\\config\\proxyConfig.js","statementMap":{"0":{"start":{"line":5,"column":20},"end":{"line":43,"column":1}},"1":{"start":{"line":45,"column":0},"end":{"line":45,"column":29}}},"fnMap":{},"branchMap":{"0":{"loc":{"start":{"line":9,"column":20},"end":{"line":9,"column":75}},"type":"binary-expr","locations":[{"start":{"line":9,"column":20},"end":{"line":9,"column":48}},{"start":{"line":9,"column":52},"end":{"line":9,"column":75}}],"line":9},"1":{"loc":{"start":{"line":14,"column":20},"end":{"line":14,"column":75}},"type":"binary-expr","locations":[{"start":{"line":14,"column":20},"end":{"line":14,"column":48}},{"start":{"line":14,"column":52},"end":{"line":14,"column":75}}],"line":14},"2":{"loc":{"start":{"line":19,"column":20},"end":{"line":19,"column":75}},"type":"binary-expr","locations":[{"start":{"line":19,"column":20},"end":{"line":19,"column":48}},{"start":{"line":19,"column":52},"end":{"line":19,"column":75}}],"line":19},"3":{"loc":{"start":{"line":24,"column":20},"end":{"line":24,"column":83}},"type":"binary-expr","locations":[{"start":{"line":24,"column":20},"end":{"line":24,"column":56}},{"start":{"line":24,"column":60},"end":{"line":24,"column":83}}],"line":24},"4":{"loc":{"start":{"line":29,"column":20},"end":{"line":29,"column":77}},"type":"binary-expr","locations":[{"start":{"line":29,"column":20},"end":{"line":29,"column":50}},{"start":{"line":29,"column":54},"end":{"line":29,"column":77}}],"line":29},"5":{"loc":{"start":{"line":34,"column":20},"end":{"line":34,"column":77}},"type":"binary-expr","locations":[{"start":{"line":34,"column":20},"end":{"line":34,"column":50}},{"start":{"line":34,"column":54},"end":{"line":34,"column":77}}],"line":34},"6":{"loc":{"start":{"line":39,"column":20},"end":{"line":39,"column":77}},"type":"binary-expr","locations":[{"start":{"line":39,"column":20},"end":{"line":39,"column":50}},{"start":{"line":39,"column":54},"end":{"line":39,"column":77}}],"line":39}},"s":{"0":1,"1":1},"f":{},"b":{"0":[1,1],"1":[1,1],"2":[1,1],"3":[1,1],"4":[1,1],"5":[1,1],"6":[1,1]},"_coverageSchema":"1a1c01bbd47fc00a2c39e90264f33305004495a9","hash":"13c6a56c7a29423ccfe16eb64bc6bc96f4c6235c"}
,"C:\\Users\\lasit\\OneDrive\\Documents\\IDEs\\VS Code\\secure-task-management-system\\api-gateway\\src\\config\\securityHeaders.js": {"path":"C:\\Users\\lasit\\OneDrive\\Documents\\IDEs\\VS Code\\secure-task-management-system\\api-gateway\\src\\config\\securityHeaders.js","statementMap":{"0":{"start":{"line":6,"column":15},"end":{"line":6,"column":32}},"1":{"start":{"line":7,"column":36},"end":{"line":7,"column":52}},"2":{"start":{"line":10,"column":20},"end":{"line":12,"column":25}},"3":{"start":{"line":14,"column":4},"end":{"line":42,"column":6}},"4":{"start":{"line":46,"column":20},"end":{"line":46,"column":61}},"5":{"start":{"line":47,"column":29},"end":{"line":47,"column":44}},"6":{"start":{"line":49,"column":4},"end":{"line":60,"column":6}},"7":{"start":{"line":50,"column":8},"end":{"line":59,"column":11}},"8":{"start":{"line":51,"column":12},"end":{"line":53,"column":13}},"9":{"start":{"line":52,"column":16},"end":{"line":52,"column":33}},"10":{"start":{"line":54,"column":12},"end":{"line":57,"column":14}},"11":{"start":{"line":58,"column":12},"end":{"line":58,"column":19}},"12":{"start":{"line":63,"column":0},"end":{"line":67,"column":2}}},"fnMap":{"0":{"name":"getSecurityHeadersOptions","decl":{"start":{"line":9,"column":9},"end":{"line":9,"column":34}},"loc":{"start":{"line":9,"column":80},"end":{"line":43,"column":1}},"line":9},"1":{"name":"getSecurityHeadersMiddleware","decl":{"start":{"line":45,"column":9},"end":{"line":45,"column":37}},"loc":{"start":{"line":45,"column":54},"end":{"line":61,"column":1}},"line":45},"2":{"name":"(anonymous_2)","decl":{"start":{"line":49,"column":11},"end":{"line":49,"column":12}},"loc":{"start":{"line":49,"column":31},"end":{"line":60,"column":5}},"line":49},"3":{"name":"(anonymous_3)","decl":{"start":{"line":50,"column":35},"end":{"line":50,"column":36}},"loc":{"start":{"line":50,"column":44},"end":{"line":59,"column":9}},"line":50}},"branchMap":{"0":{"loc":{"start":{"line":9,"column":35},"end":{"line":9,"column":78}},"type":"default-arg","locations":[{"start":{"line":9,"column":52},"end":{"line":9,"column":78}}],"line":9},"1":{"loc":{"start":{"line":10,"column":20},"end":{"line":12,"column":25}},"type":"cond-expr","locations":[{"start":{"line":11,"column":10},"end":{"line":11,"column":24}},{"start":{"line":12,"column":10},"end":{"line":12,"column":25}}],"line":10},"2":{"loc":{"start":{"line":10,"column":20},"end":{"line":10,"column":78}},"type":"binary-expr","locations":[{"start":{"line":10,"column":20},"end":{"line":10,"column":49}},{"start":{"line":10,"column":53},"end":{"line":10,"column":78}}],"line":10},"3":{"loc":{"start":{"line":51,"column":12},"end":{"line":53,"column":13}},"type":"if","locations":[{"start":{"line":51,"column":12},"end":{"line":53,"column":13}},{"start":{},"end":{}}],"line":51}},"s":{"0":4,"1":4,"2":9,"3":9,"4":4,"5":4,"6":4,"7":12,"8":12,"9":0,"10":12,"11":12,"12":4},"f":{"0":9,"1":4,"2":12,"3":12},"b":{"0":[7],"1":[9,0],"2":[9,9],"3":[0,12]},"_coverageSchema":"1a1c01bbd47fc00a2c39e90264f33305004495a9","hash":"12e7d543244135d443ada70895b2a5ee14346a4f"}
,"C:\\Users\\lasit\\OneDrive\\Documents\\IDEs\\VS Code\\secure-task-management-system\\api-gateway\\src\\middleware\\logger.js": {"path":"C:\\Users\\lasit\\OneDrive\\Documents\\IDEs\\VS Code\\secure-task-management-system\\api-gateway\\src\\middleware\\logger.js","statementMap":{"0":{"start":{"line":4,"column":15},"end":{"line":8,"column":1}},"1":{"start":{"line":5,"column":22},"end":{"line":5,"column":46}},"2":{"start":{"line":6,"column":4},"end":{"line":6,"column":67}},"3":{"start":{"line":7,"column":4},"end":{"line":7,"column":11}},"4":{"start":{"line":10,"column":0},"end":{"line":10,"column":28}}},"fnMap":{"0":{"name":"(anonymous_0)","decl":{"start":{"line":4,"column":15},"end":{"line":4,"column":16}},"loc":{"start":{"line":4,"column":35},"end":{"line":8,"column":1}},"line":4}},"branchMap":{},"s":{"0":4,"1":11,"2":11,"3":11,"4":4},"f":{"0":11},"b":{},"_coverageSchema":"1a1c01bbd47fc00a2c39e90264f33305004495a9","hash":"9f1652b4e478a9e5bfc092a84034a9a76d1d0c49"}
,"C:\\Users\\lasit\\OneDrive\\Documents\\IDEs\\VS Code\\secure-task-management-system\\api-gateway\\src\\middleware\\rateLimiter.js": {"path":"C:\\Users\\lasit\\OneDrive\\Documents\\IDEs\\VS Code\\secure-task-management-system\\api-gateway\\src\\middleware\\rateLimiter.js","statementMap":{"0":{"start":{"line":5,"column":22},"end":{"line":5,"column":31}},"1":{"start":{"line":7,"column":18},"end":{"line":7,"column":32}},"2":{"start":{"line":8,"column":21},"end":{"line":8,"column":24}},"3":{"start":{"line":10,"column":20},"end":{"line":35,"column":1}},"4":{"start":{"line":11,"column":15},"end":{"line":11,"column":21}},"5":{"start":{"line":12,"column":16},"end":{"line":12,"column":26}},"6":{"start":{"line":14,"column":4},"end":{"line":17,"column":5}},"7":{"start":{"line":15,"column":8},"end":{"line":15,"column":60}},"8":{"start":{"line":16,"column":8},"end":{"line":16,"column":22}},"9":{"start":{"line":19,"column":19},"end":{"line":19,"column":40}},"10":{"start":{"line":21,"column":4},"end":{"line":24,"column":5}},"11":{"start":{"line":22,"column":8},"end":{"line":22,"column":60}},"12":{"start":{"line":23,"column":8},"end":{"line":23,"column":22}},"13":{"start":{"line":26,"column":4},"end":{"line":31,"column":5}},"14":{"start":{"line":27,"column":8},"end":{"line":30,"column":11}},"15":{"start":{"line":33,"column":4},"end":{"line":33,"column":22}},"16":{"start":{"line":34,"column":4},"end":{"line":34,"column":11}},"17":{"start":{"line":37,"column":0},"end":{"line":37,"column":33}}},"fnMap":{"0":{"name":"(anonymous_0)","decl":{"start":{"line":10,"column":20},"end":{"line":10,"column":21}},"loc":{"start":{"line":10,"column":40},"end":{"line":35,"column":1}},"line":10}},"branchMap":{"0":{"loc":{"start":{"line":14,"column":4},"end":{"line":17,"column":5}},"type":"if","locations":[{"start":{"line":14,"column":4},"end":{"line":17,"column":5}},{"start":{},"end":{}}],"line":14},"1":{"loc":{"start":{"line":21,"column":4},"end":{"line":24,"column":5}},"type":"if","locations":[{"start":{"line":21,"column":4},"end":{"line":24,"column":5}},{"start":{},"end":{}}],"line":21},"2":{"loc":{"start":{"line":26,"column":4},"end":{"line":31,"column":5}},"type":"if","locations":[{"start":{"line":26,"column":4},"end":{"line":31,"column":5}},{"start":{},"end":{}}],"line":26}},"s":{"0":4,"1":4,"2":4,"3":4,"4":114,"5":114,"6":114,"7":6,"8":6,"9":108,"10":108,"11":1,"12":1,"13":107,"14":1,"15":106,"16":106,"17":4},"f":{"0":114},"b":{"0":[6,108],"1":[1,107],"2":[1,106]},"_coverageSchema":"1a1c01bbd47fc00a2c39e90264f33305004495a9","hash":"2639cc03a58dcb96de688839e8b8b54d264bd30e"}
}
