{"C:\\Users\\lasit\\OneDrive\\Documents\\IDEs\\VS Code\\secure-task-management-system\\api-gateway\\src\\server.js": {"path":"C:\\Users\\lasit\\OneDrive\\Documents\\IDEs\\VS Code\\secure-task-management-system\\api-gateway\\src\\server.js","statementMap":{"0":{"start":{"line":1,"column":16},"end":{"line":1,"column":34}},"1":{"start":{"line":2,"column":13},"end":{"line":2,"column":28}},"2":{"start":{"line":3,"column":34},"end":{"line":3,"column":66}},"3":{"start":{"line":4,"column":24},"end":{"line":4,"column":59}},"4":{"start":{"line":5,"column":19},"end":{"line":5,"column":49}},"5":{"start":{"line":6,"column":41},"end":{"line":6,"column":76}},"6":{"start":{"line":7,"column":27},"end":{"line":7,"column":57}},"7":{"start":{"line":8,"column":19},"end":{"line":8,"column":42}},"8":{"start":{"line":9,"column":28},"end":{"line":9,"column":59}},"9":{"start":{"line":11,"column":13},"end":{"line":11,"column":24}},"10":{"start":{"line":14,"column":16},"end":{"line":14,"column":25}},"11":{"start":{"line":17,"column":4},"end":{"line":17,"column":30}},"12":{"start":{"line":22,"column":4},"end":{"line":22,"column":32}},"13":{"start":{"line":23,"column":4},"end":{"line":23,"column":44}},"14":{"start":{"line":28,"column":24},"end":{"line":28,"column":40}},"15":{"start":{"line":29,"column":4},"end":{"line":29,"column":31}},"16":{"start":{"line":30,"column":4},"end":{"line":30,"column":40}},"17":{"start":{"line":35,"column":4},"end":{"line":35,"column":20}},"18":{"start":{"line":36,"column":4},"end":{"line":36,"column":25}},"19":{"start":{"line":41,"column":4},"end":{"line":43,"column":7}},"20":{"start":{"line":42,"column":8},"end":{"line":42,"column":71}},"21":{"start":{"line":45,"column":4},"end":{"line":45,"column":62}},"22":{"start":{"line":47,"column":4},"end":{"line":47,"column":15}},"23":{"start":{"line":50,"column":22},"end":{"line":50,"column":33}},"24":{"start":{"line":52,"column":0},"end":{"line":56,"column":1}},"25":{"start":{"line":53,"column":4},"end":{"line":55,"column":7}},"26":{"start":{"line":54,"column":8},"end":{"line":54,"column":59}},"27":{"start":{"line":58,"column":0},"end":{"line":58,"column":51}}},"fnMap":{"0":{"name":"createApp","decl":{"start":{"line":13,"column":9},"end":{"line":13,"column":18}},"loc":{"start":{"line":13,"column":21},"end":{"line":48,"column":1}},"line":13},"1":{"name":"(anonymous_1)","decl":{"start":{"line":41,"column":23},"end":{"line":41,"column":24}},"loc":{"start":{"line":41,"column":37},"end":{"line":43,"column":5}},"line":41},"2":{"name":"(anonymous_2)","decl":{"start":{"line":53,"column":31},"end":{"line":53,"column":32}},"loc":{"start":{"line":53,"column":37},"end":{"line":55,"column":5}},"line":53}},"branchMap":{"0":{"loc":{"start":{"line":52,"column":0},"end":{"line":56,"column":1}},"type":"if","locations":[{"start":{"line":52,"column":0},"end":{"line":56,"column":1}},{"start":{},"end":{}}],"line":52}},"s":{"0":4,"1":4,"2":4,"3":4,"4":4,"5":4,"6":4,"7":4,"8":4,"9":4,"10":5,"11":5,"12":5,"13":5,"14":5,"15":5,"16":5,"17":5,"18":5,"19":5,"20":11,"21":5,"22":5,"23":4,"24":4,"25":0,"26":0,"27":4},"f":{"0":5,"1":11,"2":0},"b":{"0":[0,4]},"_coverageSchema":"1a1c01bbd47fc00a2c39e90264f33305004495a9","hash":"53cfd4814b4e1e27416f92b11189a01b75350700"}
,"C:\\Users\\lasit\\OneDrive\\Documents\\IDEs\\VS Code\\secure-task-management-system\\api-gateway\\src\\config\\corsConfig.js": {"path":"C:\\Users\\lasit\\OneDrive\\Documents\\IDEs\\VS Code\\secure-task-management-system\\api-gateway\\src\\config\\corsConfig.js","statementMap":{"0":{"start":{"line":6,"column":36},"end":{"line":6,"column":52}},"1":{"start":{"line":8,"column":24},"end":{"line":8,"column":76}},"2":{"start":{"line":9,"column":24},"end":{"line":15,"column":1}},"3":{"start":{"line":16,"column":24},"end":{"line":16,"column":60}},"4":{"start":{"line":19,"column":4},"end":{"line":21,"column":5}},"5":{"start":{"line":20,"column":8},"end":{"line":20,"column":29}},"6":{"start":{"line":22,"column":4},"end":{"line":22,"column":57}},"7":{"start":{"line":26,"column":22},"end":{"line":26,"column":55}},"8":{"start":{"line":28,"column":4},"end":{"line":41,"column":6}},"9":{"start":{"line":30,"column":8},"end":{"line":32,"column":9}},"10":{"start":{"line":31,"column":12},"end":{"line":31,"column":40}},"11":{"start":{"line":35,"column":8},"end":{"line":37,"column":9}},"12":{"start":{"line":36,"column":12},"end":{"line":36,"column":40}},"13":{"start":{"line":40,"column":8},"end":{"line":40,"column":37}},"14":{"start":{"line":45,"column":27},"end":{"line":45,"column":59}},"15":{"start":{"line":47,"column":4},"end":{"line":55,"column":6}},"16":{"start":{"line":58,"column":0},"end":{"line":66,"column":2}}},"fnMap":{"0":{"name":"getAllowedOrigins","decl":{"start":{"line":18,"column":9},"end":{"line":18,"column":26}},"loc":{"start":{"line":18,"column":42},"end":{"line":23,"column":1}},"line":18},"1":{"name":"createOriginValidator","decl":{"start":{"line":25,"column":9},"end":{"line":25,"column":30}},"loc":{"start":{"line":25,"column":47},"end":{"line":42,"column":1}},"line":25},"2":{"name":"validateOrigin","decl":{"start":{"line":28,"column":20},"end":{"line":28,"column":34}},"loc":{"start":{"line":28,"column":53},"end":{"line":41,"column":5}},"line":28},"3":{"name":"getCorsOptions","decl":{"start":{"line":44,"column":9},"end":{"line":44,"column":23}},"loc":{"start":{"line":44,"column":39},"end":{"line":56,"column":1}},"line":44}},"branchMap":{"0":{"loc":{"start":{"line":19,"column":4},"end":{"line":21,"column":5}},"type":"if","locations":[{"start":{"line":19,"column":4},"end":{"line":21,"column":5}},{"start":{},"end":{}}],"line":19},"1":{"loc":{"start":{"line":19,"column":8},"end":{"line":19,"column":64}},"type":"binary-expr","locations":[{"start":{"line":19,"column":8},"end":{"line":19,"column":36}},{"start":{"line":19,"column":40},"end":{"line":19,"column":64}}],"line":19},"2":{"loc":{"start":{"line":22,"column":11},"end":{"line":22,"column":56}},"type":"binary-expr","locations":[{"start":{"line":22,"column":11},"end":{"line":22,"column":37}},{"start":{"line":22,"column":41},"end":{"line":22,"column":56}}],"line":22},"3":{"loc":{"start":{"line":30,"column":8},"end":{"line":32,"column":9}},"type":"if","locations":[{"start":{"line":30,"column":8},"end":{"line":32,"column":9}},{"start":{},"end":{}}],"line":30},"4":{"loc":{"start":{"line":35,"column":8},"end":{"line":37,"column":9}},"type":"if","locations":[{"start":{"line":35,"column":8},"end":{"line":37,"column":9}},{"start":{},"end":{}}],"line":35}},"s":{"0":5,"1":5,"2":5,"3":5,"4":23,"5":12,"6":11,"7":11,"8":11,"9":25,"10":12,"11":13,"12":7,"13":6,"14":10,"15":10,"16":5},"f":{"0":23,"1":11,"2":25,"3":10},"b":{"0":[12,11],"1":[23,12],"2":[11,0],"3":[12,13],"4":[7,6]},"_coverageSchema":"1a1c01bbd47fc00a2c39e90264f33305004495a9","hash":"759a4f7aea47e30055386f1c23d0a1df01a2875a"}
,"C:\\Users\\lasit\\OneDrive\\Documents\\IDEs\\VS Code\\secure-task-management-system\\api-gateway\\src\\config\\env.js": {"path":"C:\\Users\\lasit\\OneDrive\\Documents\\IDEs\\VS Code\\secure-task-management-system\\api-gateway\\src\\config\\env.js","statementMap":{"0":{"start":{"line":6,"column":24},"end":{"line":10,"column":1}},"1":{"start":{"line":13,"column":4},"end":{"line":15,"column":5}},"2":{"start":{"line":14,"column":8},"end":{"line":14,"column":36}},"3":{"start":{"line":17,"column":20},"end":{"line":20,"column":64}},"4":{"start":{"line":19,"column":25},"end":{"line":19,"column":38}},"5":{"start":{"line":20,"column":28},"end":{"line":20,"column":63}},"6":{"start":{"line":22,"column":4},"end":{"line":22,"column":63}},"7":{"start":{"line":26,"column":19},"end":{"line":26,"column":36}},"8":{"start":{"line":27,"column":4},"end":{"line":27,"column":70}},"9":{"start":{"line":31,"column":23},"end":{"line":31,"column":70}},"10":{"start":{"line":33,"column":4},"end":{"line":49,"column":6}},"11":{"start":{"line":52,"column":0},"end":{"line":56,"column":2}}},"fnMap":{"0":{"name":"parseOrigins","decl":{"start":{"line":12,"column":9},"end":{"line":12,"column":21}},"loc":{"start":{"line":12,"column":33},"end":{"line":23,"column":1}},"line":12},"1":{"name":"(anonymous_1)","decl":{"start":{"line":19,"column":13},"end":{"line":19,"column":14}},"loc":{"start":{"line":19,"column":25},"end":{"line":19,"column":38}},"line":19},"2":{"name":"(anonymous_2)","decl":{"start":{"line":20,"column":16},"end":{"line":20,"column":17}},"loc":{"start":{"line":20,"column":28},"end":{"line":20,"column":63}},"line":20},"3":{"name":"parsePositiveInt","decl":{"start":{"line":25,"column":9},"end":{"line":25,"column":25}},"loc":{"start":{"line":25,"column":41},"end":{"line":28,"column":1}},"line":25},"4":{"name":"getEnv","decl":{"start":{"line":30,"column":9},"end":{"line":30,"column":15}},"loc":{"start":{"line":30,"column":41},"end":{"line":50,"column":1}},"line":30}},"branchMap":{"0":{"loc":{"start":{"line":13,"column":4},"end":{"line":15,"column":5}},"type":"if","locations":[{"start":{"line":13,"column":4},"end":{"line":15,"column":5}},{"start":{},"end":{}}],"line":13},"1":{"loc":{"start":{"line":13,"column":8},"end":{"line":13,"column":51}},"type":"binary-expr","locations":[{"start":{"line":13,"column":8},"end":{"line":13,"column":18}},{"start":{"line":13,"column":22},"end":{"line":13,"column":51}}],"line":13},"2":{"loc":{"start":{"line":20,"column":28},"end":{"line":20,"column":63}},"type":"binary-expr","locations":[{"start":{"line":20,"column":28},"end":{"line":20,"column":45}},{"start":{"line":20,"column":49},"end":{"line":20,"column":63}}],"line":20},"3":{"loc":{"start":{"line":22,"column":11},"end":{"line":22,"column":62}},"type":"cond-expr","locations":[{"start":{"line":22,"column":32},"end":{"line":22,"column":39}},{"start":{"line":22,"column":42},"end":{"line":22,"column":62}}],"line":22},"4":{"loc":{"start":{"line":27,"column":11},"end":{"line":27,"column":69}},"type":"cond-expr","locations":[{"start":{"line":27,"column":52},"end":{"line":27,"column":58}},{"start":{"line":27,"column":61},"end":{"line":27,"column":69}}],"line":27},"5":{"loc":{"start":{"line":27,"column":11},"end":{"line":27,"column":49}},"type":"binary-expr","locations":[{"start":{"line":27,"column":11},"end":{"line":27,"column":35}},{"start":{"line":27,"column":39},"end":{"line":27,"column":49}}],"line":27},"6":{"loc":{"start":{"line":30,"column":16},"end":{"line":30,"column":39}},"type":"default-arg","locations":[{"start":{"line":30,"column":28},"end":{"line":30,"column":39}}],"line":30},"7":{"loc":{"start":{"line":31,"column":23},"end":{"line":31,"column":70}},"type":"binary-expr","locations":[{"start":{"line":31,"column":23},"end":{"line":31,"column":44}},{"start":{"line":31,"column":48},"end":{"line":31,"column":70}}],"line":31},"8":{"loc":{"start":{"line":35,"column":17},"end":{"line":35,"column":52}},"type":"binary-expr","locations":[{"start":{"line":35,"column":17},"end":{"line":35,"column":35}},{"start":{"line":35,"column":39},"end":{"line":35,"column":52}}],"line":35},"9":{"loc":{"start":{"line":44,"column":28},"end":{"line":44,"column":81}},"type":"binary-expr","locations":[{"start":{"line":44,"column":28},"end":{"line":44,"column":54}},{"start":{"line":44,"column":58},"end":{"line":44,"column":81}}],"line":44},"10":{"loc":{"start":{"line":45,"column":28},"end":{"line":45,"column":81}},"type":"binary-expr","locations":[{"start":{"line":45,"column":28},"end":{"line":45,"column":54}},{"start":{"line":45,"column":58},"end":{"line":45,"column":81}}],"line":45},"11":{"loc":{"start":{"line":46,"column":36},"end":{"line":46,"column":97}},"type":"binary-expr","locations":[{"start":{"line":46,"column":36},"end":{"line":46,"column":70}},{"start":{"line":46,"column":74},"end":{"line":46,"column":97}}],"line":46},"12":{"loc":{"start":{"line":47,"column":33},"end":{"line":47,"column":123}},"type":"binary-expr","locations":[{"start":{"line":47,"column":33},"end":{"line":47,"column":64}},{"start":{"line":47,"column":68},"end":{"line":47,"column":96}},{"start":{"line":47,"column":100},"end":{"line":47,"column":123}}],"line":47}},"s":{"0":9,"1":14,"2":11,"3":3,"4":4,"5":4,"6":3,"7":42,"8":42,"9":14,"10":14,"11":9},"f":{"0":14,"1":4,"2":4,"3":42,"4":14},"b":{"0":[11,3],"1":[14,3],"2":[4,4],"3":[2,1],"4":[3,39],"5":[42,4],"6":[9],"7":[14,12],"8":[14,4],"9":[14,13],"10":[14,13],"11":[14,13],"12":[14,13,13]},"_coverageSchema":"1a1c01bbd47fc00a2c39e90264f33305004495a9","hash":"f7441e93e7d303036b201bb7428a8d9b07baf0f2"}
,"C:\\Users\\lasit\\OneDrive\\Documents\\IDEs\\VS Code\\secure-task-management-system\\api-gateway\\src\\config\\proxyConfig.js": {"path":"C:\\Users\\lasit\\OneDrive\\Documents\\IDEs\\VS Code\\secure-task-management-system\\api-gateway\\src\\config\\proxyConfig.js","statementMap":{"0":{"start":{"line":5,"column":19},"end":{"line":5,"column":35}},"1":{"start":{"line":7,"column":20},"end":{"line":91,"column":1}},"2":{"start":{"line":46,"column":8},"end":{"line":48,"column":9}},"3":{"start":{"line":47,"column":12},"end":{"line":47,"column":50}},"4":{"start":{"line":49,"column":8},"end":{"line":51,"column":9}},"5":{"start":{"line":50,"column":12},"end":{"line":50,"column":50}},"6":{"start":{"line":52,"column":8},"end":{"line":54,"column":9}},"7":{"start":{"line":53,"column":12},"end":{"line":53,"column":50}},"8":{"start":{"line":55,"column":8},"end":{"line":57,"column":9}},"9":{"start":{"line":56,"column":12},"end":{"line":56,"column":58}},"10":{"start":{"line":58,"column":8},"end":{"line":64,"column":9}},"11":{"start":{"line":63,"column":12},"end":{"line":63,"column":55}},"12":{"start":{"line":65,"column":8},"end":{"line":65,"column":46}},"13":{"start":{"line":68,"column":8},"end":{"line":89,"column":10}},"14":{"start":{"line":74,"column":35},"end":{"line":74,"column":48}},"15":{"start":{"line":77,"column":16},"end":{"line":80,"column":17}},"16":{"start":{"line":78,"column":35},"end":{"line":78,"column":65}},"17":{"start":{"line":79,"column":20},"end":{"line":79,"column":122}},"18":{"start":{"line":83,"column":16},"end":{"line":85,"column":17}},"19":{"start":{"line":84,"column":20},"end":{"line":84,"column":169}},"20":{"start":{"line":93,"column":0},"end":{"line":93,"column":29}}},"fnMap":{"0":{"name":"(anonymous_0)","decl":{"start":{"line":45,"column":4},"end":{"line":45,"column":5}},"loc":{"start":{"line":45,"column":23},"end":{"line":66,"column":5}},"line":45},"1":{"name":"(anonymous_1)","decl":{"start":{"line":67,"column":4},"end":{"line":67,"column":5}},"loc":{"start":{"line":67,"column":36},"end":{"line":90,"column":5}},"line":67},"2":{"name":"(anonymous_2)","decl":{"start":{"line":74,"column":25},"end":{"line":74,"column":26}},"loc":{"start":{"line":74,"column":35},"end":{"line":74,"column":48}},"line":74},"3":{"name":"(anonymous_3)","decl":{"start":{"line":76,"column":24},"end":{"line":76,"column":25}},"loc":{"start":{"line":76,"column":44},"end":{"line":81,"column":13}},"line":76},"4":{"name":"(anonymous_4)","decl":{"start":{"line":82,"column":24},"end":{"line":82,"column":25}},"loc":{"start":{"line":82,"column":43},"end":{"line":86,"column":13}},"line":82}},"branchMap":{"0":{"loc":{"start":{"line":46,"column":8},"end":{"line":48,"column":9}},"type":"if","locations":[{"start":{"line":46,"column":8},"end":{"line":48,"column":9}},{"start":{},"end":{}}],"line":46},"1":{"loc":{"start":{"line":46,"column":12},"end":{"line":46,"column":28}},"type":"binary-expr","locations":[{"start":{"line":46,"column":12},"end":{"line":46,"column":16}},{"start":{"line":46,"column":20},"end":{"line":46,"column":28}}],"line":46},"2":{"loc":{"start":{"line":49,"column":8},"end":{"line":51,"column":9}},"type":"if","locations":[{"start":{"line":49,"column":8},"end":{"line":51,"column":9}},{"start":{},"end":{}}],"line":49},"3":{"loc":{"start":{"line":52,"column":8},"end":{"line":54,"column":9}},"type":"if","locations":[{"start":{"line":52,"column":8},"end":{"line":54,"column":9}},{"start":{},"end":{}}],"line":52},"4":{"loc":{"start":{"line":52,"column":12},"end":{"line":52,"column":73}},"type":"binary-expr","locations":[{"start":{"line":52,"column":12},"end":{"line":52,"column":40}},{"start":{"line":52,"column":44},"end":{"line":52,"column":73}}],"line":52},"5":{"loc":{"start":{"line":55,"column":8},"end":{"line":57,"column":9}},"type":"if","locations":[{"start":{"line":55,"column":8},"end":{"line":57,"column":9}},{"start":{},"end":{}}],"line":55},"6":{"loc":{"start":{"line":58,"column":8},"end":{"line":64,"column":9}},"type":"if","locations":[{"start":{"line":58,"column":8},"end":{"line":64,"column":9}},{"start":{},"end":{}}],"line":58},"7":{"loc":{"start":{"line":59,"column":12},"end":{"line":61,"column":39}},"type":"binary-expr","locations":[{"start":{"line":59,"column":12},"end":{"line":59,"column":42}},{"start":{"line":60,"column":12},"end":{"line":60,"column":44}},{"start":{"line":61,"column":12},"end":{"line":61,"column":39}}],"line":59},"8":{"loc":{"start":{"line":67,"column":20},"end":{"line":67,"column":34}},"type":"default-arg","locations":[{"start":{"line":67,"column":32},"end":{"line":67,"column":34}}],"line":67},"9":{"loc":{"start":{"line":77,"column":16},"end":{"line":80,"column":17}},"type":"if","locations":[{"start":{"line":77,"column":16},"end":{"line":80,"column":17}},{"start":{},"end":{}}],"line":77},"10":{"loc":{"start":{"line":79,"column":51},"end":{"line":79,"column":79}},"type":"cond-expr","locations":[{"start":{"line":79,"column":57},"end":{"line":79,"column":67}},{"start":{"line":79,"column":70},"end":{"line":79,"column":79}}],"line":79},"11":{"loc":{"start":{"line":79,"column":87},"end":{"line":79,"column":105}},"type":"cond-expr","locations":[{"start":{"line":79,"column":93},"end":{"line":79,"column":100}},{"start":{"line":79,"column":103},"end":{"line":79,"column":105}}],"line":79},"12":{"loc":{"start":{"line":83,"column":16},"end":{"line":85,"column":17}},"type":"if","locations":[{"start":{"line":83,"column":16},"end":{"line":85,"column":17}},{"start":{},"end":{}}],"line":83},"13":{"loc":{"start":{"line":84,"column":61},"end":{"line":84,"column":103}},"type":"cond-expr","locations":[{"start":{"line":84,"column":72},"end":{"line":84,"column":91}},{"start":{"line":84,"column":94},"end":{"line":84,"column":103}}],"line":84},"14":{"loc":{"start":{"line":84,"column":111},"end":{"line":84,"column":139}},"type":"cond-expr","locations":[{"start":{"line":84,"column":117},"end":{"line":84,"column":127}},{"start":{"line":84,"column":130},"end":{"line":84,"column":139}}],"line":84},"15":{"loc":{"start":{"line":84,"column":147},"end":{"line":84,"column":165}},"type":"cond-expr","locations":[{"start":{"line":84,"column":153},"end":{"line":84,"column":160}},{"start":{"line":84,"column":163},"end":{"line":84,"column":165}}],"line":84},"16":{"loc":{"start":{"line":87,"column":22},"end":{"line":87,"column":74}},"type":"cond-expr","locations":[{"start":{"line":87,"column":56},"end":{"line":87,"column":64}},{"start":{"line":87,"column":67},"end":{"line":87,"column":74}}],"line":87}},"s":{"0":5,"1":5,"2":15,"3":1,"4":14,"5":7,"6":7,"7":2,"8":5,"9":1,"10":4,"11":3,"12":1,"13":9,"14":8,"15":1,"16":0,"17":0,"18":1,"19":0,"20":5},"f":{"0":15,"1":9,"2":8,"3":1,"4":1},"b":{"0":[1,14],"1":[15,14],"2":[7,7],"3":[2,5],"4":[7,6],"5":[1,4],"6":[3,1],"7":[4,3,2],"8":[8],"9":[0,1],"10":[0,0],"11":[0,0],"12":[0,1],"13":[0,0],"14":[0,0],"15":[0,0],"16":[9,0]},"_coverageSchema":"1a1c01bbd47fc00a2c39e90264f33305004495a9","hash":"a6779b55ac63248d36e5750d493d48fc7779058c"}
,"C:\\Users\\lasit\\OneDrive\\Documents\\IDEs\\VS Code\\secure-task-management-system\\api-gateway\\src\\config\\securityHeaders.js": {"path":"C:\\Users\\lasit\\OneDrive\\Documents\\IDEs\\VS Code\\secure-task-management-system\\api-gateway\\src\\config\\securityHeaders.js","statementMap":{"0":{"start":{"line":6,"column":15},"end":{"line":6,"column":32}},"1":{"start":{"line":7,"column":36},"end":{"line":7,"column":52}},"2":{"start":{"line":10,"column":20},"end":{"line":12,"column":25}},"3":{"start":{"line":14,"column":4},"end":{"line":42,"column":6}},"4":{"start":{"line":46,"column":20},"end":{"line":46,"column":61}},"5":{"start":{"line":47,"column":29},"end":{"line":47,"column":44}},"6":{"start":{"line":49,"column":4},"end":{"line":60,"column":6}},"7":{"start":{"line":50,"column":8},"end":{"line":59,"column":11}},"8":{"start":{"line":51,"column":12},"end":{"line":53,"column":13}},"9":{"start":{"line":52,"column":16},"end":{"line":52,"column":33}},"10":{"start":{"line":54,"column":12},"end":{"line":57,"column":14}},"11":{"start":{"line":58,"column":12},"end":{"line":58,"column":19}},"12":{"start":{"line":63,"column":0},"end":{"line":67,"column":2}}},"fnMap":{"0":{"name":"getSecurityHeadersOptions","decl":{"start":{"line":9,"column":9},"end":{"line":9,"column":34}},"loc":{"start":{"line":9,"column":80},"end":{"line":43,"column":1}},"line":9},"1":{"name":"getSecurityHeadersMiddleware","decl":{"start":{"line":45,"column":9},"end":{"line":45,"column":37}},"loc":{"start":{"line":45,"column":54},"end":{"line":61,"column":1}},"line":45},"2":{"name":"(anonymous_2)","decl":{"start":{"line":49,"column":11},"end":{"line":49,"column":12}},"loc":{"start":{"line":49,"column":31},"end":{"line":60,"column":5}},"line":49},"3":{"name":"(anonymous_3)","decl":{"start":{"line":50,"column":35},"end":{"line":50,"column":36}},"loc":{"start":{"line":50,"column":44},"end":{"line":59,"column":9}},"line":50}},"branchMap":{"0":{"loc":{"start":{"line":9,"column":35},"end":{"line":9,"column":78}},"type":"default-arg","locations":[{"start":{"line":9,"column":52},"end":{"line":9,"column":78}}],"line":9},"1":{"loc":{"start":{"line":10,"column":20},"end":{"line":12,"column":25}},"type":"cond-expr","locations":[{"start":{"line":11,"column":10},"end":{"line":11,"column":24}},{"start":{"line":12,"column":10},"end":{"line":12,"column":25}}],"line":10},"2":{"loc":{"start":{"line":10,"column":20},"end":{"line":10,"column":78}},"type":"binary-expr","locations":[{"start":{"line":10,"column":20},"end":{"line":10,"column":49}},{"start":{"line":10,"column":53},"end":{"line":10,"column":78}}],"line":10},"3":{"loc":{"start":{"line":51,"column":12},"end":{"line":53,"column":13}},"type":"if","locations":[{"start":{"line":51,"column":12},"end":{"line":53,"column":13}},{"start":{},"end":{}}],"line":51}},"s":{"0":5,"1":5,"2":12,"3":12,"4":6,"5":6,"6":6,"7":22,"8":22,"9":0,"10":22,"11":22,"12":5},"f":{"0":12,"1":6,"2":22,"3":22},"b":{"0":[10],"1":[12,0],"2":[12,12],"3":[0,22]},"_coverageSchema":"1a1c01bbd47fc00a2c39e90264f33305004495a9","hash":"12e7d543244135d443ada70895b2a5ee14346a4f"}
,"C:\\Users\\lasit\\OneDrive\\Documents\\IDEs\\VS Code\\secure-task-management-system\\api-gateway\\src\\middleware\\logger.js": {"path":"C:\\Users\\lasit\\OneDrive\\Documents\\IDEs\\VS Code\\secure-task-management-system\\api-gateway\\src\\middleware\\logger.js","statementMap":{"0":{"start":{"line":4,"column":15},"end":{"line":8,"column":1}},"1":{"start":{"line":5,"column":22},"end":{"line":5,"column":46}},"2":{"start":{"line":6,"column":4},"end":{"line":6,"column":67}},"3":{"start":{"line":7,"column":4},"end":{"line":7,"column":11}},"4":{"start":{"line":10,"column":0},"end":{"line":10,"column":28}}},"fnMap":{"0":{"name":"(anonymous_0)","decl":{"start":{"line":4,"column":15},"end":{"line":4,"column":16}},"loc":{"start":{"line":4,"column":35},"end":{"line":8,"column":1}},"line":4}},"branchMap":{},"s":{"0":5,"1":20,"2":20,"3":20,"4":5},"f":{"0":20},"b":{},"_coverageSchema":"1a1c01bbd47fc00a2c39e90264f33305004495a9","hash":"9f1652b4e478a9e5bfc092a84034a9a76d1d0c49"}
,"C:\\Users\\lasit\\OneDrive\\Documents\\IDEs\\VS Code\\secure-task-management-system\\api-gateway\\src\\middleware\\rateLimiter.js": {"path":"C:\\Users\\lasit\\OneDrive\\Documents\\IDEs\\VS Code\\secure-task-management-system\\api-gateway\\src\\middleware\\rateLimiter.js","statementMap":{"0":{"start":{"line":5,"column":19},"end":{"line":5,"column":43}},"1":{"start":{"line":9,"column":8},"end":{"line":10,"column":81}},"2":{"start":{"line":12,"column":8},"end":{"line":13,"column":73}},"3":{"start":{"line":14,"column":26},"end":{"line":14,"column":35}},"4":{"start":{"line":16,"column":4},"end":{"line":53,"column":6}},"5":{"start":{"line":17,"column":19},"end":{"line":17,"column":92}},"6":{"start":{"line":18,"column":20},"end":{"line":18,"column":30}},"7":{"start":{"line":20,"column":8},"end":{"line":30,"column":9}},"8":{"start":{"line":21,"column":12},"end":{"line":21,"column":64}},"9":{"start":{"line":23,"column":27},"end":{"line":23,"column":48}},"10":{"start":{"line":24,"column":12},"end":{"line":29,"column":13}},"11":{"start":{"line":25,"column":16},"end":{"line":25,"column":33}},"12":{"start":{"line":26,"column":16},"end":{"line":26,"column":39}},"13":{"start":{"line":28,"column":16},"end":{"line":28,"column":34}},"14":{"start":{"line":32,"column":23},"end":{"line":32,"column":44}},"15":{"start":{"line":33,"column":26},"end":{"line":33,"column":65}},"16":{"start":{"line":34,"column":29},"end":{"line":34,"column":95}},"17":{"start":{"line":36,"column":8},"end":{"line":40,"column":9}},"18":{"start":{"line":37,"column":12},"end":{"line":37,"column":58}},"19":{"start":{"line":38,"column":12},"end":{"line":38,"column":60}},"20":{"start":{"line":39,"column":12},"end":{"line":39,"column":59}},"21":{"start":{"line":42,"column":8},"end":{"line":50,"column":9}},"22":{"start":{"line":43,"column":12},"end":{"line":45,"column":13}},"23":{"start":{"line":44,"column":16},"end":{"line":44,"column":59}},"24":{"start":{"line":46,"column":12},"end":{"line":49,"column":15}},"25":{"start":{"line":52,"column":8},"end":{"line":52,"column":15}},"26":{"start":{"line":56,"column":20},"end":{"line":56,"column":39}},"27":{"start":{"line":58,"column":0},"end":{"line":61,"column":2}}},"fnMap":{"0":{"name":"createRateLimiter","decl":{"start":{"line":7,"column":9},"end":{"line":7,"column":26}},"loc":{"start":{"line":7,"column":41},"end":{"line":54,"column":1}},"line":7},"1":{"name":"rateLimiterMiddleware","decl":{"start":{"line":16,"column":20},"end":{"line":16,"column":41}},"loc":{"start":{"line":16,"column":58},"end":{"line":53,"column":5}},"line":16}},"branchMap":{"0":{"loc":{"start":{"line":7,"column":27},"end":{"line":7,"column":39}},"type":"default-arg","locations":[{"start":{"line":7,"column":37},"end":{"line":7,"column":39}}],"line":7},"1":{"loc":{"start":{"line":9,"column":8},"end":{"line":10,"column":81}},"type":"binary-expr","locations":[{"start":{"line":9,"column":8},"end":{"line":9,"column":24}},{"start":{"line":10,"column":9},"end":{"line":10,"column":80}}],"line":9},"2":{"loc":{"start":{"line":10,"column":9},"end":{"line":10,"column":80}},"type":"cond-expr","locations":[{"start":{"line":10,"column":38},"end":{"line":10,"column":63}},{"start":{"line":10,"column":66},"end":{"line":10,"column":80}}],"line":10},"3":{"loc":{"start":{"line":10,"column":9},"end":{"line":10,"column":35}},"type":"binary-expr","locations":[{"start":{"line":10,"column":9},"end":{"line":10,"column":15}},{"start":{"line":10,"column":19},"end":{"line":10,"column":35}}],"line":10},"4":{"loc":{"start":{"line":12,"column":8},"end":{"line":13,"column":73}},"type":"binary-expr","locations":[{"start":{"line":12,"column":8},"end":{"line":12,"column":27}},{"start":{"line":13,"column":9},"end":{"line":13,"column":72}}],"line":12},"5":{"loc":{"start":{"line":13,"column":9},"end":{"line":13,"column":72}},"type":"cond-expr","locations":[{"start":{"line":13,"column":38},"end":{"line":13,"column":66}},{"start":{"line":13,"column":69},"end":{"line":13,"column":72}}],"line":13},"6":{"loc":{"start":{"line":13,"column":9},"end":{"line":13,"column":35}},"type":"binary-expr","locations":[{"start":{"line":13,"column":9},"end":{"line":13,"column":15}},{"start":{"line":13,"column":19},"end":{"line":13,"column":35}}],"line":13},"7":{"loc":{"start":{"line":17,"column":19},"end":{"line":17,"column":92}},"type":"binary-expr","locations":[{"start":{"line":17,"column":19},"end":{"line":17,"column":25}},{"start":{"line":17,"column":30},"end":{"line":17,"column":44}},{"start":{"line":17,"column":48},"end":{"line":17,"column":76}},{"start":{"line":17,"column":81},"end":{"line":17,"column":92}}],"line":17},"8":{"loc":{"start":{"line":20,"column":8},"end":{"line":30,"column":9}},"type":"if","locations":[{"start":{"line":20,"column":8},"end":{"line":30,"column":9}},{"start":{"line":22,"column":15},"end":{"line":30,"column":9}}],"line":20},"9":{"loc":{"start":{"line":24,"column":12},"end":{"line":29,"column":13}},"type":"if","locations":[{"start":{"line":24,"column":12},"end":{"line":29,"column":13}},{"start":{"line":27,"column":19},"end":{"line":29,"column":13}}],"line":24},"10":{"loc":{"start":{"line":36,"column":8},"end":{"line":40,"column":9}},"type":"if","locations":[{"start":{"line":36,"column":8},"end":{"line":40,"column":9}},{"start":{},"end":{}}],"line":36},"11":{"loc":{"start":{"line":42,"column":8},"end":{"line":50,"column":9}},"type":"if","locations":[{"start":{"line":42,"column":8},"end":{"line":50,"column":9}},{"start":{},"end":{}}],"line":42},"12":{"loc":{"start":{"line":43,"column":12},"end":{"line":45,"column":13}},"type":"if","locations":[{"start":{"line":43,"column":12},"end":{"line":45,"column":13}},{"start":{},"end":{}}],"line":43}},"s":{"0":5,"1":6,"2":6,"3":6,"4":6,"5":127,"6":127,"7":127,"8":9,"9":118,"10":118,"11":1,"12":1,"13":117,"14":127,"15":127,"16":127,"17":127,"18":23,"19":23,"20":23,"21":127,"22":2,"23":1,"24":2,"25":125,"26":5,"27":5},"f":{"0":6,"1":127},"b":{"0":[5],"1":[6,5],"2":[5,0],"3":[5,5],"4":[6,5],"5":[5,0],"6":[5,5],"7":[127,0,0,0],"8":[9,118],"9":[1,117],"10":[23,104],"11":[2,125],"12":[1,1]},"_coverageSchema":"1a1c01bbd47fc00a2c39e90264f33305004495a9","hash":"07cd42056bd5cef5f6a57fc66637a6a56cf06d03"}
}
