TN:
SF:src\server.js
FN:12,resolveTarget
FN:28,createApp
FN:43,(anonymous_2)
FN:50,(anonymous_3)
FN:52,(anonymous_4)
FN:55,(anonymous_5)
FN:67,(anonymous_6)
FNF:7
FNH:2
FNDA:0,resolveTarget
FNDA:2,createApp
FNDA:2,(anonymous_2)
FNDA:0,(anonymous_3)
FNDA:0,(anonymous_4)
FNDA:0,(anonymous_5)
FNDA:0,(anonymous_6)
DA:1,2
DA:2,2
DA:3,2
DA:4,2
DA:5,2
DA:6,2
DA:8,2
DA:10,2
DA:13,0
DA:14,0
DA:16,0
DA:17,0
DA:19,0
DA:20,0
DA:22,0
DA:23,0
DA:25,0
DA:29,2
DA:32,2
DA:33,2
DA:35,2
DA:39,2
DA:40,2
DA:41,2
DA:43,2
DA:44,2
DA:47,2
DA:50,0
DA:53,0
DA:56,0
DA:61,2
DA:64,2
DA:66,2
DA:67,0
DA:68,0
DA:72,2
LF:36
LH:22
BRDA:10,0,0,2
BRDA:10,0,1,2
BRDA:13,1,0,0
BRDA:13,1,1,0
BRDA:14,2,0,0
BRDA:14,2,1,0
BRDA:16,3,0,0
BRDA:16,3,1,0
BRDA:16,4,0,0
BRDA:16,4,1,0
BRDA:17,5,0,0
BRDA:17,5,1,0
BRDA:19,6,0,0
BRDA:19,6,1,0
BRDA:20,7,0,0
BRDA:20,7,1,0
BRDA:22,8,0,0
BRDA:22,8,1,0
BRDA:22,9,0,0
BRDA:22,9,1,0
BRDA:22,9,2,0
BRDA:23,10,0,0
BRDA:23,10,1,0
BRDA:25,11,0,0
BRDA:25,11,1,0
BRDA:36,12,0,0
BRDA:36,12,1,2
BRDA:48,13,0,2
BRDA:48,13,1,2
BRDA:66,14,0,0
BRDA:66,14,1,2
BRF:31
BRH:6
end_of_record
TN:
SF:src\config\env.js
FN:12,parseOrigins
FN:19,(anonymous_1)
FN:20,(anonymous_2)
FN:25,parsePositiveInt
FN:30,getEnv
FNF:5
FNH:5
FNDA:9,parseOrigins
FNDA:4,(anonymous_1)
FNDA:4,(anonymous_2)
FNDA:27,parsePositiveInt
FNDA:9,getEnv
DA:6,4
DA:13,9
DA:14,6
DA:17,3
DA:19,4
DA:20,4
DA:22,3
DA:26,27
DA:27,27
DA:31,9
DA:33,9
DA:52,4
LF:12
LH:12
BRDA:13,0,0,6
BRDA:13,0,1,3
BRDA:13,1,0,9
BRDA:13,1,1,3
BRDA:20,2,0,4
BRDA:20,2,1,4
BRDA:22,3,0,2
BRDA:22,3,1,1
BRDA:27,4,0,3
BRDA:27,4,1,24
BRDA:27,5,0,27
BRDA:27,5,1,4
BRDA:30,6,0,4
BRDA:31,7,0,9
BRDA:31,7,1,7
BRDA:35,8,0,9
BRDA:35,8,1,4
BRDA:44,9,0,9
BRDA:44,9,1,8
BRDA:45,10,0,9
BRDA:45,10,1,8
BRDA:46,11,0,9
BRDA:46,11,1,8
BRDA:47,12,0,9
BRDA:47,12,1,8
BRDA:47,12,2,8
BRF:26
BRH:26
end_of_record
TN:
SF:src\config\proxyConfig.js
FNF:0
FNH:0
DA:5,1
DA:45,1
LF:2
LH:2
BRDA:9,0,0,1
BRDA:9,0,1,1
BRDA:14,1,0,1
BRDA:14,1,1,1
BRDA:19,2,0,1
BRDA:19,2,1,1
BRDA:24,3,0,1
BRDA:24,3,1,1
BRDA:29,4,0,1
BRDA:29,4,1,1
BRDA:34,5,0,1
BRDA:34,5,1,1
BRDA:39,6,0,1
BRDA:39,6,1,1
BRF:14
BRH:14
end_of_record
TN:
SF:src\config\securityHeaders.js
FN:9,getSecurityHeadersOptions
FN:45,getSecurityHeadersMiddleware
FN:49,(anonymous_2)
FN:50,(anonymous_3)
FNF:4
FNH:4
FNDA:7,getSecurityHeadersOptions
FNDA:3,getSecurityHeadersMiddleware
FNDA:4,(anonymous_2)
FNDA:4,(anonymous_3)
DA:6,3
DA:7,3
DA:10,7
DA:14,7
DA:46,3
DA:47,3
DA:49,3
DA:50,4
DA:51,4
DA:52,0
DA:54,4
DA:58,4
DA:63,3
LF:13
LH:12
BRDA:9,0,0,5
BRDA:10,1,0,7
BRDA:10,1,1,0
BRDA:10,2,0,7
BRDA:10,2,1,7
BRDA:51,3,0,0
BRDA:51,3,1,4
BRF:7
BRH:5
end_of_record
TN:
SF:src\middleware\logger.js
FN:4,(anonymous_0)
FNF:1
FNH:1
FNDA:4,(anonymous_0)
DA:4,3
DA:5,4
DA:6,4
DA:7,4
DA:10,3
LF:5
LH:5
BRF:0
BRH:0
end_of_record
TN:
SF:src\middleware\rateLimiter.js
FN:10,(anonymous_0)
FNF:1
FNH:1
FNDA:107,(anonymous_0)
DA:5,3
DA:7,3
DA:8,3
DA:10,3
DA:11,107
DA:12,107
DA:14,107
DA:15,5
DA:16,5
DA:19,102
DA:21,102
DA:22,1
DA:23,1
DA:26,101
DA:27,1
DA:33,100
DA:34,100
DA:37,3
LF:18
LH:18
BRDA:14,0,0,5
BRDA:14,0,1,102
BRDA:21,1,0,1
BRDA:21,1,1,101
BRDA:26,2,0,1
BRDA:26,2,1,100
BRF:6
BRH:6
end_of_record
