TN:
SF:src\server.js
FN:11,resolveTarget
FN:27,createApp
FN:38,(anonymous_2)
FN:45,(anonymous_3)
FN:47,(anonymous_4)
FN:50,(anonymous_5)
FN:62,(anonymous_6)
FNF:7
FNH:2
FNDA:0,resolveTarget
FNDA:1,createApp
FNDA:1,(anonymous_2)
FNDA:0,(anonymous_3)
FNDA:0,(anonymous_4)
FNDA:0,(anonymous_5)
FNDA:0,(anonymous_6)
DA:1,1
DA:2,1
DA:3,1
DA:4,1
DA:5,1
DA:7,1
DA:9,1
DA:12,0
DA:13,0
DA:15,0
DA:16,0
DA:18,0
DA:19,0
DA:21,0
DA:22,0
DA:24,0
DA:28,1
DA:30,1
DA:34,1
DA:35,1
DA:36,1
DA:38,1
DA:39,1
DA:42,1
DA:45,0
DA:48,0
DA:51,0
DA:56,1
DA:59,1
DA:61,1
DA:62,0
DA:63,0
DA:67,1
LF:33
LH:19
BRDA:9,0,0,1
BRDA:9,0,1,1
BRDA:12,1,0,0
BRDA:12,1,1,0
BRDA:13,2,0,0
BRDA:13,2,1,0
BRDA:15,3,0,0
BRDA:15,3,1,0
BRDA:15,4,0,0
BRDA:15,4,1,0
BRDA:16,5,0,0
BRDA:16,5,1,0
BRDA:18,6,0,0
BRDA:18,6,1,0
BRDA:19,7,0,0
BRDA:19,7,1,0
BRDA:21,8,0,0
BRDA:21,8,1,0
BRDA:21,9,0,0
BRDA:21,9,1,0
BRDA:21,9,2,0
BRDA:22,10,0,0
BRDA:22,10,1,0
BRDA:24,11,0,0
BRDA:24,11,1,0
BRDA:31,12,0,0
BRDA:31,12,1,1
BRDA:43,13,0,1
BRDA:43,13,1,1
BRDA:61,14,0,0
BRDA:61,14,1,1
BRF:31
BRH:6
end_of_record
TN:
SF:src\config\env.js
FN:12,parseOrigins
FN:19,(anonymous_1)
FN:20,(anonymous_2)
FN:25,parsePositiveInt
FN:30,getEnv
FNF:5
FNH:5
FNDA:6,parseOrigins
FNDA:4,(anonymous_1)
FNDA:4,(anonymous_2)
FNDA:18,parsePositiveInt
FNDA:6,getEnv
DA:6,1
DA:13,6
DA:14,3
DA:17,3
DA:19,4
DA:20,4
DA:22,3
DA:26,18
DA:27,18
DA:31,6
DA:33,6
DA:52,1
LF:12
LH:12
BRDA:13,0,0,3
BRDA:13,0,1,3
BRDA:13,1,0,6
BRDA:13,1,1,3
BRDA:20,2,0,4
BRDA:20,2,1,4
BRDA:22,3,0,2
BRDA:22,3,1,1
BRDA:27,4,0,3
BRDA:27,4,1,15
BRDA:27,5,0,18
BRDA:27,5,1,4
BRDA:30,6,0,1
BRDA:31,7,0,6
BRDA:31,7,1,4
BRDA:35,8,0,6
BRDA:35,8,1,4
BRDA:44,9,0,6
BRDA:44,9,1,5
BRDA:45,10,0,6
BRDA:45,10,1,5
BRDA:46,11,0,6
BRDA:46,11,1,5
BRDA:47,12,0,6
BRDA:47,12,1,5
BRDA:47,12,2,5
BRF:26
BRH:26
end_of_record
TN:
SF:src\config\proxyConfig.js
FNF:0
FNH:0
DA:5,1
DA:45,1
LF:2
LH:2
BRDA:9,0,0,1
BRDA:9,0,1,1
BRDA:14,1,0,1
BRDA:14,1,1,1
BRDA:19,2,0,1
BRDA:19,2,1,1
BRDA:24,3,0,1
BRDA:24,3,1,1
BRDA:29,4,0,1
BRDA:29,4,1,1
BRDA:34,5,0,1
BRDA:34,5,1,1
BRDA:39,6,0,1
BRDA:39,6,1,1
BRF:14
BRH:14
end_of_record
TN:
SF:src\middleware\logger.js
FN:4,(anonymous_0)
FNF:1
FNH:1
FNDA:2,(anonymous_0)
DA:4,2
DA:5,2
DA:6,2
DA:7,2
DA:10,2
LF:5
LH:5
BRF:0
BRH:0
end_of_record
TN:
SF:src\middleware\rateLimiter.js
FN:10,(anonymous_0)
FNF:1
FNH:1
FNDA:105,(anonymous_0)
DA:5,2
DA:7,2
DA:8,2
DA:10,2
DA:11,105
DA:12,105
DA:14,105
DA:15,4
DA:16,4
DA:19,101
DA:21,101
DA:22,1
DA:23,1
DA:26,100
DA:27,1
DA:33,99
DA:34,99
DA:37,2
LF:18
LH:18
BRDA:14,0,0,4
BRDA:14,0,1,101
BRDA:21,1,0,1
BRDA:21,1,1,100
BRDA:26,2,0,1
BRDA:26,2,1,99
BRF:6
BRH:6
end_of_record
