{"C:\\Users\\lasit\\OneDrive\\Documents\\IDEs\\VS Code\\Task-Management-System\\notifications-management\\frontend\\src\\App.jsx": {"path":"C:\\Users\\lasit\\OneDrive\\Documents\\IDEs\\VS Code\\Task-Management-System\\notifications-management\\frontend\\src\\App.jsx","all":true,"statementMap":{"0":{"start":{"line":1,"column":0},"end":{"line":1,"column":32}},"1":{"start":{"line":2,"column":0},"end":{"line":2,"column":65}},"2":{"start":{"line":3,"column":0},"end":{"line":3,"column":46}},"3":{"start":{"line":4,"column":0},"end":{"line":4,"column":0}},"4":{"start":{"line":5,"column":0},"end":{"line":5,"column":31}},"5":{"start":{"line":6,"column":0},"end":{"line":6,"column":58}},"6":{"start":{"line":7,"column":0},"end":{"line":7,"column":0}},"7":{"start":{"line":8,"column":0},"end":{"line":8,"column":58}},"8":{"start":{"line":9,"column":0},"end":{"line":9,"column":1}}},"s":{"0":0,"1":0,"2":0,"3":0,"4":0,"5":0,"6":0,"7":0,"8":0},"branchMap":{"0":{"type":"branch","line":1,"loc":{"start":{"line":1,"column":0},"end":{"line":9,"column":1}},"locations":[{"start":{"line":1,"column":0},"end":{"line":9,"column":1}}]}},"b":{"0":[0]},"fnMap":{"0":{"name":"(empty-report)","decl":{"start":{"line":1,"column":0},"end":{"line":9,"column":1}},"loc":{"start":{"line":1,"column":0},"end":{"line":9,"column":1}},"line":1}},"f":{"0":0}}
,"C:\\Users\\lasit\\OneDrive\\Documents\\IDEs\\VS Code\\Task-Management-System\\notifications-management\\frontend\\src\\main.jsx": {"path":"C:\\Users\\lasit\\OneDrive\\Documents\\IDEs\\VS Code\\Task-Management-System\\notifications-management\\frontend\\src\\main.jsx","all":true,"statementMap":{"0":{"start":{"line":1,"column":0},"end":{"line":1,"column":26}},"1":{"start":{"line":2,"column":0},"end":{"line":2,"column":40}},"2":{"start":{"line":3,"column":0},"end":{"line":3,"column":24}},"3":{"start":{"line":4,"column":0},"end":{"line":4,"column":21}},"4":{"start":{"line":5,"column":0},"end":{"line":5,"column":0}},"5":{"start":{"line":6,"column":0},"end":{"line":6,"column":34}},"6":{"start":{"line":7,"column":0},"end":{"line":7,"column":41}},"7":{"start":{"line":8,"column":0},"end":{"line":8,"column":34}},"8":{"start":{"line":9,"column":0},"end":{"line":9,"column":39}},"9":{"start":{"line":10,"column":0},"end":{"line":10,"column":89}},"10":{"start":{"line":11,"column":0},"end":{"line":11,"column":1}},"11":{"start":{"line":12,"column":0},"end":{"line":12,"column":0}},"12":{"start":{"line":13,"column":0},"end":{"line":13,"column":71}},"13":{"start":{"line":14,"column":0},"end":{"line":14,"column":64}},"14":{"start":{"line":15,"column":0},"end":{"line":15,"column":1}},"15":{"start":{"line":16,"column":0},"end":{"line":16,"column":0}},"16":{"start":{"line":17,"column":0},"end":{"line":17,"column":60}},"17":{"start":{"line":18,"column":0},"end":{"line":18,"column":20}},"18":{"start":{"line":19,"column":0},"end":{"line":19,"column":11}},"19":{"start":{"line":20,"column":0},"end":{"line":20,"column":21}},"20":{"start":{"line":21,"column":0},"end":{"line":21,"column":2}}},"s":{"0":0,"1":0,"2":0,"3":0,"4":0,"5":0,"6":0,"7":0,"8":0,"9":0,"10":0,"11":0,"12":0,"13":0,"14":0,"15":0,"16":0,"17":0,"18":0,"19":0,"20":0},"branchMap":{"0":{"type":"branch","line":1,"loc":{"start":{"line":1,"column":0},"end":{"line":21,"column":2}},"locations":[{"start":{"line":1,"column":0},"end":{"line":21,"column":2}}]}},"b":{"0":[0]},"fnMap":{"0":{"name":"(empty-report)","decl":{"start":{"line":1,"column":0},"end":{"line":21,"column":2}},"loc":{"start":{"line":1,"column":0},"end":{"line":21,"column":2}},"line":1}},"f":{"0":0}}
,"C:\\Users\\lasit\\OneDrive\\Documents\\IDEs\\VS Code\\Task-Management-System\\notifications-management\\frontend\\src\\api\\notificationsApi.js": {"path":"C:\\Users\\lasit\\OneDrive\\Documents\\IDEs\\VS Code\\Task-Management-System\\notifications-management\\frontend\\src\\api\\notificationsApi.js","all":false,"statementMap":{"0":{"start":{"line":1,"column":0},"end":{"line":1,"column":47}},"1":{"start":{"line":2,"column":0},"end":{"line":2,"column":0}},"2":{"start":{"line":3,"column":0},"end":{"line":3,"column":70}},"3":{"start":{"line":4,"column":0},"end":{"line":4,"column":0}},"4":{"start":{"line":5,"column":0},"end":{"line":5,"column":49}},"5":{"start":{"line":6,"column":0},"end":{"line":6,"column":33}},"6":{"start":{"line":7,"column":0},"end":{"line":7,"column":19}},"7":{"start":{"line":8,"column":0},"end":{"line":8,"column":39}},"8":{"start":{"line":9,"column":0},"end":{"line":9,"column":4}},"9":{"start":{"line":10,"column":0},"end":{"line":10,"column":0}},"10":{"start":{"line":11,"column":0},"end":{"line":11,"column":14}},"11":{"start":{"line":12,"column":0},"end":{"line":12,"column":46}},"12":{"start":{"line":13,"column":0},"end":{"line":13,"column":3}},"13":{"start":{"line":14,"column":0},"end":{"line":14,"column":0}},"14":{"start":{"line":15,"column":0},"end":{"line":15,"column":24}},"15":{"start":{"line":16,"column":0},"end":{"line":16,"column":44}},"16":{"start":{"line":17,"column":0},"end":{"line":17,"column":3}},"17":{"start":{"line":18,"column":0},"end":{"line":18,"column":0}},"18":{"start":{"line":19,"column":0},"end":{"line":19,"column":54}},"19":{"start":{"line":20,"column":0},"end":{"line":20,"column":12}},"20":{"start":{"line":21,"column":0},"end":{"line":21,"column":15}},"21":{"start":{"line":22,"column":0},"end":{"line":22,"column":5}},"22":{"start":{"line":23,"column":0},"end":{"line":23,"column":0}},"23":{"start":{"line":24,"column":0},"end":{"line":24,"column":65}},"24":{"start":{"line":25,"column":0},"end":{"line":25,"column":90}},"25":{"start":{"line":26,"column":0},"end":{"line":26,"column":0}},"26":{"start":{"line":27,"column":0},"end":{"line":27,"column":51}},"27":{"start":{"line":28,"column":0},"end":{"line":28,"column":97}},"28":{"start":{"line":29,"column":0},"end":{"line":29,"column":35}},"29":{"start":{"line":30,"column":0},"end":{"line":30,"column":28}},"30":{"start":{"line":31,"column":0},"end":{"line":31,"column":16}},"31":{"start":{"line":32,"column":0},"end":{"line":32,"column":3}},"32":{"start":{"line":33,"column":0},"end":{"line":33,"column":0}},"33":{"start":{"line":34,"column":0},"end":{"line":34,"column":17}},"34":{"start":{"line":35,"column":0},"end":{"line":35,"column":1}},"35":{"start":{"line":36,"column":0},"end":{"line":36,"column":0}},"36":{"start":{"line":37,"column":0},"end":{"line":37,"column":59}},"37":{"start":{"line":38,"column":0},"end":{"line":38,"column":76}},"38":{"start":{"line":39,"column":0},"end":{"line":39,"column":42}},"39":{"start":{"line":40,"column":0},"end":{"line":40,"column":1}},"40":{"start":{"line":41,"column":0},"end":{"line":41,"column":0}},"41":{"start":{"line":42,"column":0},"end":{"line":42,"column":42}},"42":{"start":{"line":43,"column":0},"end":{"line":43,"column":53}},"43":{"start":{"line":44,"column":0},"end":{"line":44,"column":1}},"44":{"start":{"line":45,"column":0},"end":{"line":45,"column":0}},"45":{"start":{"line":46,"column":0},"end":{"line":46,"column":55}},"46":{"start":{"line":47,"column":0},"end":{"line":47,"column":31}},"47":{"start":{"line":48,"column":0},"end":{"line":48,"column":20}},"48":{"start":{"line":49,"column":0},"end":{"line":49,"column":42}},"49":{"start":{"line":50,"column":0},"end":{"line":50,"column":5}},"50":{"start":{"line":51,"column":0},"end":{"line":51,"column":1}},"51":{"start":{"line":52,"column":0},"end":{"line":52,"column":0}},"52":{"start":{"line":53,"column":0},"end":{"line":53,"column":40}},"53":{"start":{"line":54,"column":0},"end":{"line":54,"column":49}},"54":{"start":{"line":55,"column":0},"end":{"line":55,"column":1}},"55":{"start":{"line":56,"column":0},"end":{"line":56,"column":0}},"56":{"start":{"line":57,"column":0},"end":{"line":57,"column":40}},"57":{"start":{"line":58,"column":0},"end":{"line":58,"column":43}},"58":{"start":{"line":59,"column":0},"end":{"line":59,"column":1}},"59":{"start":{"line":60,"column":0},"end":{"line":60,"column":0}},"60":{"start":{"line":61,"column":0},"end":{"line":61,"column":56}},"61":{"start":{"line":62,"column":0},"end":{"line":62,"column":44}},"62":{"start":{"line":63,"column":0},"end":{"line":63,"column":18}},"63":{"start":{"line":64,"column":0},"end":{"line":64,"column":38}},"64":{"start":{"line":65,"column":0},"end":{"line":65,"column":5}},"65":{"start":{"line":66,"column":0},"end":{"line":66,"column":1}}},"s":{"0":1,"1":1,"2":1,"3":1,"4":6,"5":6,"6":6,"7":6,"8":6,"9":6,"10":6,"11":6,"12":6,"13":6,"14":6,"15":0,"16":0,"17":6,"18":6,"19":6,"20":6,"21":6,"22":6,"23":6,"24":6,"25":6,"26":6,"27":2,"28":2,"29":2,"30":2,"31":2,"32":4,"33":4,"34":4,"35":1,"36":1,"37":1,"38":1,"39":1,"40":1,"41":1,"42":1,"43":1,"44":1,"45":1,"46":1,"47":1,"48":1,"49":1,"50":1,"51":1,"52":1,"53":1,"54":1,"55":1,"56":1,"57":1,"58":1,"59":1,"60":1,"61":1,"62":1,"63":1,"64":1,"65":1},"branchMap":{"0":{"type":"branch","line":5,"loc":{"start":{"line":5,"column":0},"end":{"line":35,"column":1}},"locations":[{"start":{"line":5,"column":0},"end":{"line":35,"column":1}}]},"1":{"type":"branch","line":15,"loc":{"start":{"line":15,"column":23},"end":{"line":17,"column":3}},"locations":[{"start":{"line":15,"column":23},"end":{"line":17,"column":3}}]},"2":{"type":"branch","line":24,"loc":{"start":{"line":24,"column":59},"end":{"line":24,"column":64}},"locations":[{"start":{"line":24,"column":59},"end":{"line":24,"column":64}}]},"3":{"type":"branch","line":25,"loc":{"start":{"line":25,"column":59},"end":{"line":25,"column":83}},"locations":[{"start":{"line":25,"column":59},"end":{"line":25,"column":83}}]},"4":{"type":"branch","line":25,"loc":{"start":{"line":25,"column":83},"end":{"line":25,"column":89}},"locations":[{"start":{"line":25,"column":83},"end":{"line":25,"column":89}}]},"5":{"type":"branch","line":27,"loc":{"start":{"line":27,"column":19},"end":{"line":27,"column":48}},"locations":[{"start":{"line":27,"column":19},"end":{"line":27,"column":48}}]},"6":{"type":"branch","line":27,"loc":{"start":{"line":27,"column":50},"end":{"line":32,"column":3}},"locations":[{"start":{"line":27,"column":50},"end":{"line":32,"column":3}}]},"7":{"type":"branch","line":28,"loc":{"start":{"line":28,"column":35},"end":{"line":28,"column":44}},"locations":[{"start":{"line":28,"column":35},"end":{"line":28,"column":44}}]},"8":{"type":"branch","line":28,"loc":{"start":{"line":28,"column":45},"end":{"line":28,"column":95}},"locations":[{"start":{"line":28,"column":45},"end":{"line":28,"column":95}}]},"9":{"type":"branch","line":32,"loc":{"start":{"line":32,"column":2},"end":{"line":35,"column":1}},"locations":[{"start":{"line":32,"column":2},"end":{"line":35,"column":1}}]},"10":{"type":"branch","line":37,"loc":{"start":{"line":37,"column":7},"end":{"line":40,"column":1}},"locations":[{"start":{"line":37,"column":7},"end":{"line":40,"column":1}}]},"11":{"type":"branch","line":42,"loc":{"start":{"line":42,"column":7},"end":{"line":44,"column":1}},"locations":[{"start":{"line":42,"column":7},"end":{"line":44,"column":1}}]},"12":{"type":"branch","line":46,"loc":{"start":{"line":46,"column":7},"end":{"line":51,"column":1}},"locations":[{"start":{"line":46,"column":7},"end":{"line":51,"column":1}}]},"13":{"type":"branch","line":53,"loc":{"start":{"line":53,"column":7},"end":{"line":55,"column":1}},"locations":[{"start":{"line":53,"column":7},"end":{"line":55,"column":1}}]},"14":{"type":"branch","line":57,"loc":{"start":{"line":57,"column":7},"end":{"line":59,"column":1}},"locations":[{"start":{"line":57,"column":7},"end":{"line":59,"column":1}}]},"15":{"type":"branch","line":61,"loc":{"start":{"line":61,"column":7},"end":{"line":66,"column":1}},"locations":[{"start":{"line":61,"column":7},"end":{"line":66,"column":1}}]}},"b":{"0":[6],"1":[0],"2":[0],"3":[5],"4":[1],"5":[4],"6":[2],"7":[1],"8":[1],"9":[4],"10":[1],"11":[1],"12":[1],"13":[1],"14":[1],"15":[1]},"fnMap":{"0":{"name":"request","decl":{"start":{"line":5,"column":0},"end":{"line":35,"column":1}},"loc":{"start":{"line":5,"column":0},"end":{"line":35,"column":1}},"line":5},"1":{"name":"getNotifications","decl":{"start":{"line":37,"column":7},"end":{"line":40,"column":1}},"loc":{"start":{"line":37,"column":7},"end":{"line":40,"column":1}},"line":37},"2":{"name":"markNotificationRead","decl":{"start":{"line":42,"column":7},"end":{"line":44,"column":1}},"loc":{"start":{"line":42,"column":7},"end":{"line":44,"column":1}},"line":42},"3":{"name":"markAllNotificationsRead","decl":{"start":{"line":46,"column":7},"end":{"line":51,"column":1}},"loc":{"start":{"line":46,"column":7},"end":{"line":51,"column":1}},"line":46},"4":{"name":"deleteNotification","decl":{"start":{"line":53,"column":7},"end":{"line":55,"column":1}},"loc":{"start":{"line":53,"column":7},"end":{"line":55,"column":1}},"line":53},"5":{"name":"getPreferences","decl":{"start":{"line":57,"column":7},"end":{"line":59,"column":1}},"loc":{"start":{"line":57,"column":7},"end":{"line":59,"column":1}},"line":57},"6":{"name":"updatePreferences","decl":{"start":{"line":61,"column":7},"end":{"line":66,"column":1}},"loc":{"start":{"line":61,"column":7},"end":{"line":66,"column":1}},"line":61}},"f":{"0":6,"1":1,"2":1,"3":1,"4":1,"5":1,"6":1}}
,"C:\\Users\\lasit\\OneDrive\\Documents\\IDEs\\VS Code\\Task-Management-System\\notifications-management\\frontend\\src\\components\\NotificationCard.jsx": {"path":"C:\\Users\\lasit\\OneDrive\\Documents\\IDEs\\VS Code\\Task-Management-System\\notifications-management\\frontend\\src\\components\\NotificationCard.jsx","all":false,"statementMap":{"0":{"start":{"line":1,"column":0},"end":{"line":1,"column":58}},"2":{"start":{"line":3,"column":0},"end":{"line":3,"column":27}},"3":{"start":{"line":4,"column":0},"end":{"line":4,"column":80}},"4":{"start":{"line":5,"column":0},"end":{"line":5,"column":38}},"5":{"start":{"line":6,"column":0},"end":{"line":6,"column":40}},"6":{"start":{"line":7,"column":0},"end":{"line":7,"column":39}},"7":{"start":{"line":8,"column":0},"end":{"line":8,"column":36}},"8":{"start":{"line":9,"column":0},"end":{"line":9,"column":37}},"9":{"start":{"line":10,"column":0},"end":{"line":10,"column":36}},"10":{"start":{"line":11,"column":0},"end":{"line":11,"column":38}},"11":{"start":{"line":12,"column":0},"end":{"line":12,"column":91}},"12":{"start":{"line":13,"column":0},"end":{"line":13,"column":1}},"14":{"start":{"line":15,"column":0},"end":{"line":15,"column":82}},"15":{"start":{"line":16,"column":0},"end":{"line":16,"column":48}},"16":{"start":{"line":17,"column":0},"end":{"line":17,"column":17}},"17":{"start":{"line":18,"column":0},"end":{"line":18,"column":24}},"18":{"start":{"line":19,"column":0},"end":{"line":19,"column":26}},"19":{"start":{"line":20,"column":0},"end":{"line":20,"column":4}},"21":{"start":{"line":22,"column":0},"end":{"line":22,"column":10}},"22":{"start":{"line":23,"column":0},"end":{"line":23,"column":80}},"23":{"start":{"line":24,"column":0},"end":{"line":24,"column":62}},"24":{"start":{"line":25,"column":0},"end":{"line":25,"column":68}},"25":{"start":{"line":26,"column":0},"end":{"line":26,"column":12}},"26":{"start":{"line":27,"column":0},"end":{"line":27,"column":34}},"27":{"start":{"line":28,"column":0},"end":{"line":28,"column":38}},"28":{"start":{"line":29,"column":0},"end":{"line":29,"column":65}},"29":{"start":{"line":30,"column":0},"end":{"line":30,"column":14}},"30":{"start":{"line":31,"column":0},"end":{"line":31,"column":67}},"31":{"start":{"line":32,"column":0},"end":{"line":32,"column":36}},"32":{"start":{"line":33,"column":0},"end":{"line":33,"column":39}},"33":{"start":{"line":34,"column":0},"end":{"line":34,"column":69}},"34":{"start":{"line":35,"column":0},"end":{"line":35,"column":45}},"35":{"start":{"line":36,"column":0},"end":{"line":36,"column":17}},"36":{"start":{"line":37,"column":0},"end":{"line":37,"column":100}},"37":{"start":{"line":38,"column":0},"end":{"line":38,"column":14}},"38":{"start":{"line":39,"column":0},"end":{"line":39,"column":12}},"39":{"start":{"line":40,"column":0},"end":{"line":40,"column":37}},"40":{"start":{"line":41,"column":0},"end":{"line":41,"column":33}},"41":{"start":{"line":42,"column":0},"end":{"line":42,"column":113}},"42":{"start":{"line":43,"column":0},"end":{"line":43,"column":65}},"43":{"start":{"line":44,"column":0},"end":{"line":44,"column":19}},"44":{"start":{"line":45,"column":0},"end":{"line":45,"column":17}},"45":{"start":{"line":46,"column":0},"end":{"line":46,"column":110}},"46":{"start":{"line":47,"column":0},"end":{"line":47,"column":73}},"47":{"start":{"line":48,"column":0},"end":{"line":48,"column":17}},"48":{"start":{"line":49,"column":0},"end":{"line":49,"column":12}},"49":{"start":{"line":50,"column":0},"end":{"line":50,"column":10}},"51":{"start":{"line":52,"column":0},"end":{"line":52,"column":1}}},"s":{"0":1,"2":15,"3":15,"4":15,"5":15,"6":15,"7":13,"8":13,"9":0,"10":0,"11":0,"12":0,"14":15,"15":15,"16":0,"17":0,"18":0,"19":0,"21":15,"22":15,"23":15,"24":15,"25":15,"26":15,"27":15,"28":15,"29":15,"30":15,"31":15,"32":15,"33":15,"34":15,"35":15,"36":15,"37":15,"38":15,"39":15,"40":15,"41":5,"42":5,"43":5,"44":10,"45":15,"46":15,"47":15,"48":15,"49":15,"51":15},"branchMap":{"0":{"type":"branch","line":3,"loc":{"start":{"line":3,"column":0},"end":{"line":13,"column":1}},"locations":[{"start":{"line":3,"column":0},"end":{"line":13,"column":1}}]},"1":{"type":"branch","line":5,"loc":{"start":{"line":5,"column":20},"end":{"line":5,"column":38}},"locations":[{"start":{"line":5,"column":20},"end":{"line":5,"column":38}}]},"2":{"type":"branch","line":7,"loc":{"start":{"line":7,"column":17},"end":{"line":7,"column":39}},"locations":[{"start":{"line":7,"column":17},"end":{"line":7,"column":39}}]},"3":{"type":"branch","line":7,"loc":{"start":{"line":7,"column":31},"end":{"line":13,"column":1}},"locations":[{"start":{"line":7,"column":31},"end":{"line":13,"column":1}}]},"4":{"type":"branch","line":9,"loc":{"start":{"line":9,"column":29},"end":{"line":13,"column":1}},"locations":[{"start":{"line":9,"column":29},"end":{"line":13,"column":1}}]},"5":{"type":"branch","line":15,"loc":{"start":{"line":15,"column":0},"end":{"line":52,"column":1}},"locations":[{"start":{"line":15,"column":0},"end":{"line":52,"column":1}}]},"6":{"type":"branch","line":16,"loc":{"start":{"line":16,"column":42},"end":{"line":20,"column":4}},"locations":[{"start":{"line":16,"column":42},"end":{"line":20,"column":4}}]},"7":{"type":"branch","line":23,"loc":{"start":{"line":23,"column":54},"end":{"line":23,"column":68}},"locations":[{"start":{"line":23,"column":54},"end":{"line":23,"column":68}}]},"8":{"type":"branch","line":23,"loc":{"start":{"line":23,"column":63},"end":{"line":23,"column":76}},"locations":[{"start":{"line":23,"column":63},"end":{"line":23,"column":76}}]},"9":{"type":"branch","line":41,"loc":{"start":{"line":41,"column":23},"end":{"line":44,"column":19}},"locations":[{"start":{"line":41,"column":23},"end":{"line":44,"column":19}}]},"10":{"type":"branch","line":44,"loc":{"start":{"line":44,"column":10},"end":{"line":45,"column":17}},"locations":[{"start":{"line":44,"column":10},"end":{"line":45,"column":17}}]},"11":{"type":"branch","line":42,"loc":{"start":{"line":42,"column":56},"end":{"line":42,"column":92}},"locations":[{"start":{"line":42,"column":56},"end":{"line":42,"column":92}}]},"12":{"type":"branch","line":46,"loc":{"start":{"line":46,"column":61},"end":{"line":46,"column":95}},"locations":[{"start":{"line":46,"column":61},"end":{"line":46,"column":95}}]}},"b":{"0":[15],"1":[0],"2":[2],"3":[13],"4":[0],"5":[15],"6":[0],"7":[10],"8":[5],"9":[5],"10":[10],"11":[2],"12":[2]},"fnMap":{"0":{"name":"timeAgo","decl":{"start":{"line":3,"column":0},"end":{"line":13,"column":1}},"loc":{"start":{"line":3,"column":0},"end":{"line":13,"column":1}},"line":3},"1":{"name":"NotificationCard","decl":{"start":{"line":15,"column":0},"end":{"line":52,"column":1}},"loc":{"start":{"line":15,"column":0},"end":{"line":52,"column":1}},"line":15},"2":{"name":"onClick","decl":{"start":{"line":42,"column":56},"end":{"line":42,"column":92}},"loc":{"start":{"line":42,"column":56},"end":{"line":42,"column":92}},"line":42},"3":{"name":"onClick","decl":{"start":{"line":46,"column":61},"end":{"line":46,"column":95}},"loc":{"start":{"line":46,"column":61},"end":{"line":46,"column":95}},"line":46}},"f":{"0":15,"1":15,"2":2,"3":2}}
,"C:\\Users\\lasit\\OneDrive\\Documents\\IDEs\\VS Code\\Task-Management-System\\notifications-management\\frontend\\src\\components\\NotificationCenter.jsx": {"path":"C:\\Users\\lasit\\OneDrive\\Documents\\IDEs\\VS Code\\Task-Management-System\\notifications-management\\frontend\\src\\components\\NotificationCenter.jsx","all":false,"statementMap":{"0":{"start":{"line":1,"column":0},"end":{"line":1,"column":35}},"1":{"start":{"line":2,"column":0},"end":{"line":2,"column":53}},"2":{"start":{"line":3,"column":0},"end":{"line":3,"column":8}},"10":{"start":{"line":11,"column":0},"end":{"line":11,"column":83}},"11":{"start":{"line":12,"column":0},"end":{"line":12,"column":50}},"12":{"start":{"line":13,"column":0},"end":{"line":13,"column":50}},"14":{"start":{"line":15,"column":0},"end":{"line":15,"column":26}},"15":{"start":{"line":16,"column":0},"end":{"line":16,"column":21}},"16":{"start":{"line":17,"column":0},"end":{"line":17,"column":21}},"17":{"start":{"line":18,"column":0},"end":{"line":18,"column":18}},"18":{"start":{"line":19,"column":0},"end":{"line":19,"column":2}},"20":{"start":{"line":21,"column":0},"end":{"line":21,"column":40}},"21":{"start":{"line":22,"column":0},"end":{"line":22,"column":17}},"22":{"start":{"line":23,"column":0},"end":{"line":23,"column":28}},"23":{"start":{"line":24,"column":0},"end":{"line":24,"column":3}},"25":{"start":{"line":26,"column":0},"end":{"line":26,"column":51}},"26":{"start":{"line":27,"column":0},"end":{"line":27,"column":120}},"27":{"start":{"line":28,"column":0},"end":{"line":28,"column":64}},"29":{"start":{"line":30,"column":0},"end":{"line":30,"column":10}},"30":{"start":{"line":31,"column":0},"end":{"line":31,"column":47}},"31":{"start":{"line":32,"column":0},"end":{"line":32,"column":47}},"32":{"start":{"line":33,"column":0},"end":{"line":33,"column":43}},"33":{"start":{"line":34,"column":0},"end":{"line":34,"column":4}},"34":{"start":{"line":35,"column":0},"end":{"line":35,"column":1}},"36":{"start":{"line":37,"column":0},"end":{"line":37,"column":37}},"37":{"start":{"line":38,"column":0},"end":{"line":38,"column":88}},"38":{"start":{"line":39,"column":0},"end":{"line":39,"column":43}},"39":{"start":{"line":40,"column":0},"end":{"line":40,"column":46}},"40":{"start":{"line":41,"column":0},"end":{"line":41,"column":51}},"41":{"start":{"line":42,"column":0},"end":{"line":42,"column":30}},"42":{"start":{"line":43,"column":0},"end":{"line":43,"column":5}},"43":{"start":{"line":44,"column":0},"end":{"line":44,"column":5}},"44":{"start":{"line":45,"column":0},"end":{"line":45,"column":16}},"45":{"start":{"line":46,"column":0},"end":{"line":46,"column":1}},"47":{"start":{"line":48,"column":0},"end":{"line":48,"column":28}},"48":{"start":{"line":49,"column":0},"end":{"line":49,"column":10}},"49":{"start":{"line":50,"column":0},"end":{"line":50,"column":6}},"50":{"start":{"line":51,"column":0},"end":{"line":51,"column":31}},"51":{"start":{"line":52,"column":0},"end":{"line":52,"column":49}},"52":{"start":{"line":53,"column":0},"end":{"line":53,"column":52}},"53":{"start":{"line":54,"column":0},"end":{"line":54,"column":41}},"54":{"start":{"line":55,"column":0},"end":{"line":55,"column":55}},"55":{"start":{"line":56,"column":0},"end":{"line":56,"column":54}},"56":{"start":{"line":57,"column":0},"end":{"line":57,"column":60}},"57":{"start":{"line":58,"column":0},"end":{"line":58,"column":16}},"58":{"start":{"line":59,"column":0},"end":{"line":59,"column":14}},"59":{"start":{"line":60,"column":0},"end":{"line":60,"column":9}},"60":{"start":{"line":61,"column":0},"end":{"line":61,"column":7}},"62":{"start":{"line":63,"column":0},"end":{"line":63,"column":1}},"64":{"start":{"line":65,"column":0},"end":{"line":65,"column":28}},"65":{"start":{"line":66,"column":0},"end":{"line":66,"column":10}},"66":{"start":{"line":67,"column":0},"end":{"line":67,"column":37}},"67":{"start":{"line":68,"column":0},"end":{"line":68,"column":29}},"68":{"start":{"line":69,"column":0},"end":{"line":69,"column":62}},"69":{"start":{"line":70,"column":0},"end":{"line":70,"column":112}},"70":{"start":{"line":71,"column":0},"end":{"line":71,"column":38}},"71":{"start":{"line":72,"column":0},"end":{"line":72,"column":14}},"72":{"start":{"line":73,"column":0},"end":{"line":73,"column":9}},"73":{"start":{"line":74,"column":0},"end":{"line":74,"column":10}},"75":{"start":{"line":76,"column":0},"end":{"line":76,"column":1}},"77":{"start":{"line":78,"column":0},"end":{"line":78,"column":20}},"78":{"start":{"line":79,"column":0},"end":{"line":79,"column":27}},"79":{"start":{"line":80,"column":0},"end":{"line":80,"column":21}},"80":{"start":{"line":81,"column":0},"end":{"line":81,"column":38}},"81":{"start":{"line":82,"column":0},"end":{"line":82,"column":43}},"82":{"start":{"line":83,"column":0},"end":{"line":83,"column":40}},"83":{"start":{"line":84,"column":0},"end":{"line":84,"column":6}},"84":{"start":{"line":85,"column":0},"end":{"line":85,"column":15}},"85":{"start":{"line":86,"column":0},"end":{"line":86,"column":2}},"87":{"start":{"line":88,"column":0},"end":{"line":88,"column":33}},"88":{"start":{"line":89,"column":0},"end":{"line":89,"column":13}},"89":{"start":{"line":90,"column":0},"end":{"line":90,"column":15}},"90":{"start":{"line":91,"column":0},"end":{"line":91,"column":20}},"91":{"start":{"line":92,"column":0},"end":{"line":92,"column":16}},"92":{"start":{"line":93,"column":0},"end":{"line":93,"column":48}},"93":{"start":{"line":94,"column":0},"end":{"line":94,"column":22}},"94":{"start":{"line":95,"column":0},"end":{"line":95,"column":1}},"96":{"start":{"line":97,"column":0},"end":{"line":97,"column":68}},"97":{"start":{"line":98,"column":0},"end":{"line":98,"column":57}},"98":{"start":{"line":99,"column":0},"end":{"line":99,"column":58}},"99":{"start":{"line":100,"column":0},"end":{"line":100,"column":58}},"100":{"start":{"line":101,"column":0},"end":{"line":101,"column":56}},"101":{"start":{"line":102,"column":0},"end":{"line":102,"column":52}},"102":{"start":{"line":103,"column":0},"end":{"line":103,"column":67}},"103":{"start":{"line":104,"column":0},"end":{"line":104,"column":47}},"104":{"start":{"line":105,"column":0},"end":{"line":105,"column":41}},"105":{"start":{"line":106,"column":0},"end":{"line":106,"column":56}},"106":{"start":{"line":107,"column":0},"end":{"line":107,"column":43}},"108":{"start":{"line":109,"column":0},"end":{"line":109,"column":48}},"109":{"start":{"line":110,"column":0},"end":{"line":110,"column":60}},"110":{"start":{"line":111,"column":0},"end":{"line":111,"column":73}},"111":{"start":{"line":112,"column":0},"end":{"line":112,"column":59}},"113":{"start":{"line":114,"column":0},"end":{"line":114,"column":106}},"114":{"start":{"line":115,"column":0},"end":{"line":115,"column":76}},"116":{"start":{"line":117,"column":0},"end":{"line":117,"column":40}},"117":{"start":{"line":118,"column":0},"end":{"line":118,"column":9}},"118":{"start":{"line":119,"column":0},"end":{"line":119,"column":46}},"119":{"start":{"line":120,"column":0},"end":{"line":120,"column":50}},"120":{"start":{"line":121,"column":0},"end":{"line":121,"column":94}},"121":{"start":{"line":122,"column":0},"end":{"line":122,"column":29}},"122":{"start":{"line":123,"column":0},"end":{"line":123,"column":35}},"123":{"start":{"line":124,"column":0},"end":{"line":124,"column":64}},"124":{"start":{"line":125,"column":0},"end":{"line":125,"column":59}},"125":{"start":{"line":126,"column":0},"end":{"line":126,"column":46}},"126":{"start":{"line":127,"column":0},"end":{"line":127,"column":9}},"127":{"start":{"line":128,"column":0},"end":{"line":128,"column":47}},"128":{"start":{"line":129,"column":0},"end":{"line":129,"column":4}},"130":{"start":{"line":131,"column":0},"end":{"line":131,"column":19}},"131":{"start":{"line":132,"column":0},"end":{"line":132,"column":26}},"133":{"start":{"line":134,"column":0},"end":{"line":134,"column":38}},"134":{"start":{"line":135,"column":0},"end":{"line":135,"column":23}},"135":{"start":{"line":136,"column":0},"end":{"line":136,"column":19}},"137":{"start":{"line":138,"column":0},"end":{"line":138,"column":27}},"138":{"start":{"line":139,"column":0},"end":{"line":139,"column":29}},"139":{"start":{"line":140,"column":0},"end":{"line":140,"column":41}},"140":{"start":{"line":141,"column":0},"end":{"line":141,"column":114}},"141":{"start":{"line":142,"column":0},"end":{"line":142,"column":26}},"142":{"start":{"line":143,"column":0},"end":{"line":143,"column":15}},"143":{"start":{"line":144,"column":0},"end":{"line":144,"column":7}},"145":{"start":{"line":146,"column":0},"end":{"line":146,"column":11}},"146":{"start":{"line":147,"column":0},"end":{"line":147,"column":79}},"147":{"start":{"line":148,"column":0},"end":{"line":148,"column":46}},"148":{"start":{"line":149,"column":0},"end":{"line":149,"column":40}},"149":{"start":{"line":150,"column":0},"end":{"line":150,"column":11}},"151":{"start":{"line":152,"column":0},"end":{"line":152,"column":24}},"152":{"start":{"line":153,"column":0},"end":{"line":153,"column":17}},"153":{"start":{"line":154,"column":0},"end":{"line":154,"column":9}},"155":{"start":{"line":156,"column":0},"end":{"line":156,"column":72}},"156":{"start":{"line":157,"column":0},"end":{"line":157,"column":71}},"157":{"start":{"line":158,"column":0},"end":{"line":158,"column":15}},"158":{"start":{"line":159,"column":0},"end":{"line":159,"column":25}},"159":{"start":{"line":160,"column":0},"end":{"line":160,"column":122}},"160":{"start":{"line":161,"column":0},"end":{"line":161,"column":9}},"161":{"start":{"line":162,"column":0},"end":{"line":162,"column":17}},"162":{"start":{"line":163,"column":0},"end":{"line":163,"column":25}},"163":{"start":{"line":164,"column":0},"end":{"line":164,"column":28}},"164":{"start":{"line":165,"column":0},"end":{"line":165,"column":9}},"165":{"start":{"line":166,"column":0},"end":{"line":166,"column":7}},"166":{"start":{"line":167,"column":0},"end":{"line":167,"column":5}},"168":{"start":{"line":169,"column":0},"end":{"line":169,"column":22}},"170":{"start":{"line":171,"column":0},"end":{"line":171,"column":18}},"171":{"start":{"line":172,"column":0},"end":{"line":172,"column":23}},"172":{"start":{"line":173,"column":0},"end":{"line":173,"column":6}},"173":{"start":{"line":174,"column":0},"end":{"line":174,"column":22}},"175":{"start":{"line":176,"column":0},"end":{"line":176,"column":19}},"176":{"start":{"line":177,"column":0},"end":{"line":177,"column":25}},"177":{"start":{"line":178,"column":0},"end":{"line":178,"column":23}},"178":{"start":{"line":179,"column":0},"end":{"line":179,"column":5}},"180":{"start":{"line":181,"column":0},"end":{"line":181,"column":47}},"181":{"start":{"line":182,"column":0},"end":{"line":182,"column":47}},"182":{"start":{"line":183,"column":0},"end":{"line":183,"column":13}},"184":{"start":{"line":185,"column":0},"end":{"line":185,"column":48}},"185":{"start":{"line":186,"column":0},"end":{"line":186,"column":15}},"187":{"start":{"line":188,"column":0},"end":{"line":188,"column":49}},"188":{"start":{"line":189,"column":0},"end":{"line":189,"column":98}},"189":{"start":{"line":190,"column":0},"end":{"line":190,"column":3}},"191":{"start":{"line":192,"column":0},"end":{"line":192,"column":37}},"192":{"start":{"line":193,"column":0},"end":{"line":193,"column":9}},"193":{"start":{"line":194,"column":0},"end":{"line":194,"column":37}},"194":{"start":{"line":195,"column":0},"end":{"line":195,"column":113}},"195":{"start":{"line":196,"column":0},"end":{"line":196,"column":47}},"196":{"start":{"line":197,"column":0},"end":{"line":197,"column":13}},"197":{"start":{"line":198,"column":0},"end":{"line":198,"column":51}},"198":{"start":{"line":199,"column":0},"end":{"line":199,"column":5}},"199":{"start":{"line":200,"column":0},"end":{"line":200,"column":3}},"201":{"start":{"line":202,"column":0},"end":{"line":202,"column":38}},"202":{"start":{"line":203,"column":0},"end":{"line":203,"column":9}},"203":{"start":{"line":204,"column":0},"end":{"line":204,"column":27}},"204":{"start":{"line":205,"column":0},"end":{"line":205,"column":15}},"205":{"start":{"line":206,"column":0},"end":{"line":206,"column":7}},"207":{"start":{"line":208,"column":0},"end":{"line":208,"column":52}},"208":{"start":{"line":209,"column":0},"end":{"line":209,"column":88}},"209":{"start":{"line":210,"column":0},"end":{"line":210,"column":52}},"210":{"start":{"line":211,"column":0},"end":{"line":211,"column":13}},"211":{"start":{"line":212,"column":0},"end":{"line":212,"column":55}},"212":{"start":{"line":213,"column":0},"end":{"line":213,"column":5}},"213":{"start":{"line":214,"column":0},"end":{"line":214,"column":3}},"215":{"start":{"line":216,"column":0},"end":{"line":216,"column":35}},"216":{"start":{"line":217,"column":0},"end":{"line":217,"column":9}},"217":{"start":{"line":218,"column":0},"end":{"line":218,"column":35}},"218":{"start":{"line":219,"column":0},"end":{"line":219,"column":79}},"219":{"start":{"line":220,"column":0},"end":{"line":220,"column":40}},"220":{"start":{"line":221,"column":0},"end":{"line":221,"column":13}},"221":{"start":{"line":222,"column":0},"end":{"line":222,"column":58}},"222":{"start":{"line":223,"column":0},"end":{"line":223,"column":5}},"223":{"start":{"line":224,"column":0},"end":{"line":224,"column":3}},"225":{"start":{"line":226,"column":0},"end":{"line":226,"column":40}},"226":{"start":{"line":227,"column":0},"end":{"line":227,"column":34}},"227":{"start":{"line":228,"column":0},"end":{"line":228,"column":17}},"228":{"start":{"line":229,"column":0},"end":{"line":229,"column":27}},"229":{"start":{"line":230,"column":0},"end":{"line":230,"column":8}},"230":{"start":{"line":231,"column":0},"end":{"line":231,"column":3}},"232":{"start":{"line":233,"column":0},"end":{"line":233,"column":39}},"233":{"start":{"line":234,"column":0},"end":{"line":234,"column":34}},"234":{"start":{"line":235,"column":0},"end":{"line":235,"column":17}},"235":{"start":{"line":236,"column":0},"end":{"line":236,"column":20}},"236":{"start":{"line":237,"column":0},"end":{"line":237,"column":31}},"237":{"start":{"line":238,"column":0},"end":{"line":238,"column":17}},"238":{"start":{"line":239,"column":0},"end":{"line":239,"column":65}},"239":{"start":{"line":240,"column":0},"end":{"line":240,"column":58}},"240":{"start":{"line":241,"column":0},"end":{"line":241,"column":58}},"241":{"start":{"line":242,"column":0},"end":{"line":242,"column":10}},"242":{"start":{"line":243,"column":0},"end":{"line":243,"column":8}},"243":{"start":{"line":244,"column":0},"end":{"line":244,"column":8}},"244":{"start":{"line":245,"column":0},"end":{"line":245,"column":3}},"246":{"start":{"line":247,"column":0},"end":{"line":247,"column":42}},"247":{"start":{"line":248,"column":0},"end":{"line":248,"column":25}},"248":{"start":{"line":249,"column":0},"end":{"line":249,"column":9}},"249":{"start":{"line":250,"column":0},"end":{"line":250,"column":27}},"250":{"start":{"line":251,"column":0},"end":{"line":251,"column":51}},"251":{"start":{"line":252,"column":0},"end":{"line":252,"column":7}},"253":{"start":{"line":254,"column":0},"end":{"line":254,"column":23}},"254":{"start":{"line":255,"column":0},"end":{"line":255,"column":47}},"255":{"start":{"line":256,"column":0},"end":{"line":256,"column":47}},"256":{"start":{"line":257,"column":0},"end":{"line":257,"column":45}},"257":{"start":{"line":258,"column":0},"end":{"line":258,"column":8}},"258":{"start":{"line":259,"column":0},"end":{"line":259,"column":71}},"259":{"start":{"line":260,"column":0},"end":{"line":260,"column":58}},"260":{"start":{"line":261,"column":0},"end":{"line":261,"column":37}},"261":{"start":{"line":262,"column":0},"end":{"line":262,"column":26}},"262":{"start":{"line":263,"column":0},"end":{"line":263,"column":13}},"263":{"start":{"line":264,"column":0},"end":{"line":264,"column":55}},"264":{"start":{"line":265,"column":0},"end":{"line":265,"column":15}},"265":{"start":{"line":266,"column":0},"end":{"line":266,"column":28}},"266":{"start":{"line":267,"column":0},"end":{"line":267,"column":5}},"267":{"start":{"line":268,"column":0},"end":{"line":268,"column":3}},"269":{"start":{"line":270,"column":0},"end":{"line":270,"column":27}},"270":{"start":{"line":271,"column":0},"end":{"line":271,"column":26}},"271":{"start":{"line":272,"column":0},"end":{"line":272,"column":3}},"273":{"start":{"line":274,"column":0},"end":{"line":274,"column":40}},"274":{"start":{"line":275,"column":0},"end":{"line":275,"column":79}},"275":{"start":{"line":276,"column":0},"end":{"line":276,"column":29}},"276":{"start":{"line":277,"column":0},"end":{"line":277,"column":21}},"277":{"start":{"line":278,"column":0},"end":{"line":278,"column":5}},"278":{"start":{"line":279,"column":0},"end":{"line":279,"column":3}},"280":{"start":{"line":281,"column":0},"end":{"line":281,"column":57}},"281":{"start":{"line":282,"column":0},"end":{"line":282,"column":12}},"282":{"start":{"line":283,"column":0},"end":{"line":283,"column":79}},"283":{"start":{"line":284,"column":0},"end":{"line":284,"column":82}},"284":{"start":{"line":285,"column":0},"end":{"line":285,"column":28}},"285":{"start":{"line":286,"column":0},"end":{"line":286,"column":93}},"286":{"start":{"line":287,"column":0},"end":{"line":287,"column":15}},"288":{"start":{"line":289,"column":0},"end":{"line":289,"column":3}},"290":{"start":{"line":291,"column":0},"end":{"line":291,"column":10}},"291":{"start":{"line":292,"column":0},"end":{"line":292,"column":6}},"292":{"start":{"line":293,"column":0},"end":{"line":293,"column":55}},"293":{"start":{"line":294,"column":0},"end":{"line":294,"column":102}},"294":{"start":{"line":295,"column":0},"end":{"line":295,"column":63}},"295":{"start":{"line":296,"column":0},"end":{"line":296,"column":17}},"296":{"start":{"line":297,"column":0},"end":{"line":297,"column":55}},"297":{"start":{"line":298,"column":0},"end":{"line":298,"column":44}},"298":{"start":{"line":299,"column":0},"end":{"line":299,"column":72}},"299":{"start":{"line":300,"column":0},"end":{"line":300,"column":67}},"300":{"start":{"line":301,"column":0},"end":{"line":301,"column":14}},"301":{"start":{"line":302,"column":0},"end":{"line":302,"column":12}},"303":{"start":{"line":304,"column":0},"end":{"line":304,"column":13}},"304":{"start":{"line":305,"column":0},"end":{"line":305,"column":21}},"305":{"start":{"line":306,"column":0},"end":{"line":306,"column":66}},"306":{"start":{"line":307,"column":0},"end":{"line":307,"column":30}},"307":{"start":{"line":308,"column":0},"end":{"line":308,"column":40}},"308":{"start":{"line":309,"column":0},"end":{"line":309,"column":31}},"309":{"start":{"line":310,"column":0},"end":{"line":310,"column":8}},"311":{"start":{"line":312,"column":0},"end":{"line":312,"column":34}},"312":{"start":{"line":313,"column":0},"end":{"line":313,"column":66}},"313":{"start":{"line":314,"column":0},"end":{"line":314,"column":42}},"314":{"start":{"line":315,"column":0},"end":{"line":315,"column":42}},"315":{"start":{"line":316,"column":0},"end":{"line":316,"column":48}},"316":{"start":{"line":317,"column":0},"end":{"line":317,"column":19}},"317":{"start":{"line":318,"column":0},"end":{"line":318,"column":59}},"318":{"start":{"line":319,"column":0},"end":{"line":319,"column":79}},"319":{"start":{"line":320,"column":0},"end":{"line":320,"column":20}},"320":{"start":{"line":321,"column":0},"end":{"line":321,"column":18}},"321":{"start":{"line":322,"column":0},"end":{"line":322,"column":16}},"322":{"start":{"line":323,"column":0},"end":{"line":323,"column":39}},"323":{"start":{"line":324,"column":0},"end":{"line":324,"column":57}},"324":{"start":{"line":325,"column":0},"end":{"line":325,"column":53}},"325":{"start":{"line":326,"column":0},"end":{"line":326,"column":57}},"326":{"start":{"line":327,"column":0},"end":{"line":327,"column":67}},"327":{"start":{"line":328,"column":0},"end":{"line":328,"column":50}},"328":{"start":{"line":329,"column":0},"end":{"line":329,"column":61}},"329":{"start":{"line":330,"column":0},"end":{"line":330,"column":53}},"330":{"start":{"line":331,"column":0},"end":{"line":331,"column":51}},"331":{"start":{"line":332,"column":0},"end":{"line":332,"column":16}},"332":{"start":{"line":333,"column":0},"end":{"line":333,"column":42}},"333":{"start":{"line":334,"column":0},"end":{"line":334,"column":39}},"334":{"start":{"line":335,"column":0},"end":{"line":335,"column":70}},"335":{"start":{"line":336,"column":0},"end":{"line":336,"column":41}},"336":{"start":{"line":337,"column":0},"end":{"line":337,"column":66}},"337":{"start":{"line":338,"column":0},"end":{"line":338,"column":66}},"338":{"start":{"line":339,"column":0},"end":{"line":339,"column":20}},"339":{"start":{"line":340,"column":0},"end":{"line":340,"column":81}},"340":{"start":{"line":341,"column":0},"end":{"line":341,"column":18}},"341":{"start":{"line":342,"column":0},"end":{"line":342,"column":16}},"342":{"start":{"line":343,"column":0},"end":{"line":343,"column":16}},"344":{"start":{"line":345,"column":0},"end":{"line":345,"column":39}},"345":{"start":{"line":346,"column":0},"end":{"line":346,"column":42}},"346":{"start":{"line":347,"column":0},"end":{"line":347,"column":45}},"347":{"start":{"line":348,"column":0},"end":{"line":348,"column":41}},"349":{"start":{"line":350,"column":0},"end":{"line":350,"column":21}},"350":{"start":{"line":351,"column":0},"end":{"line":351,"column":67}},"351":{"start":{"line":352,"column":0},"end":{"line":352,"column":19}},"352":{"start":{"line":353,"column":0},"end":{"line":353,"column":46}},"353":{"start":{"line":354,"column":0},"end":{"line":354,"column":85}},"354":{"start":{"line":355,"column":0},"end":{"line":355,"column":90}},"355":{"start":{"line":356,"column":0},"end":{"line":356,"column":42}},"356":{"start":{"line":357,"column":0},"end":{"line":357,"column":25}},"357":{"start":{"line":358,"column":0},"end":{"line":358,"column":80}},"358":{"start":{"line":359,"column":0},"end":{"line":359,"column":94}},"359":{"start":{"line":360,"column":0},"end":{"line":360,"column":44}},"360":{"start":{"line":361,"column":0},"end":{"line":361,"column":25}},"361":{"start":{"line":362,"column":0},"end":{"line":362,"column":20}},"362":{"start":{"line":363,"column":0},"end":{"line":363,"column":18}},"363":{"start":{"line":364,"column":0},"end":{"line":364,"column":44}},"365":{"start":{"line":366,"column":0},"end":{"line":366,"column":16}},"366":{"start":{"line":367,"column":0},"end":{"line":367,"column":19}},"368":{"start":{"line":369,"column":0},"end":{"line":369,"column":38}},"369":{"start":{"line":370,"column":0},"end":{"line":370,"column":38}},"370":{"start":{"line":371,"column":0},"end":{"line":371,"column":21}},"371":{"start":{"line":372,"column":0},"end":{"line":372,"column":32}},"372":{"start":{"line":373,"column":0},"end":{"line":373,"column":87}},"373":{"start":{"line":374,"column":0},"end":{"line":374,"column":59}},"375":{"start":{"line":376,"column":0},"end":{"line":376,"column":32}},"376":{"start":{"line":377,"column":0},"end":{"line":377,"column":96}},"377":{"start":{"line":378,"column":0},"end":{"line":378,"column":25}},"378":{"start":{"line":379,"column":0},"end":{"line":379,"column":30}},"379":{"start":{"line":380,"column":0},"end":{"line":380,"column":78}},"380":{"start":{"line":381,"column":0},"end":{"line":381,"column":23}},"381":{"start":{"line":382,"column":0},"end":{"line":382,"column":15}},"382":{"start":{"line":383,"column":0},"end":{"line":383,"column":16}},"384":{"start":{"line":385,"column":0},"end":{"line":385,"column":39}},"385":{"start":{"line":386,"column":0},"end":{"line":386,"column":45}},"386":{"start":{"line":387,"column":0},"end":{"line":387,"column":21}},"387":{"start":{"line":388,"column":0},"end":{"line":388,"column":32}},"388":{"start":{"line":389,"column":0},"end":{"line":389,"column":87}},"389":{"start":{"line":390,"column":0},"end":{"line":390,"column":59}},"391":{"start":{"line":392,"column":0},"end":{"line":392,"column":30}},"392":{"start":{"line":393,"column":0},"end":{"line":393,"column":23}},"393":{"start":{"line":394,"column":0},"end":{"line":394,"column":15}},"394":{"start":{"line":395,"column":0},"end":{"line":395,"column":16}},"396":{"start":{"line":397,"column":0},"end":{"line":397,"column":45}},"397":{"start":{"line":398,"column":0},"end":{"line":398,"column":50}},"399":{"start":{"line":400,"column":0},"end":{"line":400,"column":34}},"400":{"start":{"line":401,"column":0},"end":{"line":401,"column":43}},"401":{"start":{"line":402,"column":0},"end":{"line":402,"column":74}},"402":{"start":{"line":403,"column":0},"end":{"line":403,"column":41}},"403":{"start":{"line":404,"column":0},"end":{"line":404,"column":30}},"404":{"start":{"line":405,"column":0},"end":{"line":405,"column":20}},"405":{"start":{"line":406,"column":0},"end":{"line":406,"column":21}},"407":{"start":{"line":408,"column":0},"end":{"line":408,"column":73}},"408":{"start":{"line":409,"column":0},"end":{"line":409,"column":43}},"409":{"start":{"line":410,"column":0},"end":{"line":410,"column":83}},"410":{"start":{"line":411,"column":0},"end":{"line":411,"column":41}},"411":{"start":{"line":412,"column":0},"end":{"line":412,"column":78}},"412":{"start":{"line":413,"column":0},"end":{"line":413,"column":20}},"413":{"start":{"line":414,"column":0},"end":{"line":414,"column":21}},"415":{"start":{"line":416,"column":0},"end":{"line":416,"column":31}},"416":{"start":{"line":417,"column":0},"end":{"line":417,"column":61}},"417":{"start":{"line":418,"column":0},"end":{"line":418,"column":35}},"418":{"start":{"line":419,"column":0},"end":{"line":419,"column":42}},"419":{"start":{"line":420,"column":0},"end":{"line":420,"column":47}},"420":{"start":{"line":421,"column":0},"end":{"line":421,"column":47}},"421":{"start":{"line":422,"column":0},"end":{"line":422,"column":43}},"422":{"start":{"line":423,"column":0},"end":{"line":423,"column":20}},"423":{"start":{"line":424,"column":0},"end":{"line":424,"column":18}},"424":{"start":{"line":425,"column":0},"end":{"line":425,"column":21}},"425":{"start":{"line":426,"column":0},"end":{"line":426,"column":16}},"426":{"start":{"line":427,"column":0},"end":{"line":427,"column":15}},"427":{"start":{"line":428,"column":0},"end":{"line":428,"column":12}},"429":{"start":{"line":430,"column":0},"end":{"line":430,"column":23}},"430":{"start":{"line":431,"column":0},"end":{"line":431,"column":26}},"431":{"start":{"line":432,"column":0},"end":{"line":432,"column":33}},"432":{"start":{"line":433,"column":0},"end":{"line":433,"column":59}},"433":{"start":{"line":434,"column":0},"end":{"line":434,"column":38}},"434":{"start":{"line":435,"column":0},"end":{"line":435,"column":47}},"435":{"start":{"line":436,"column":0},"end":{"line":436,"column":43}},"436":{"start":{"line":437,"column":0},"end":{"line":437,"column":8}},"438":{"start":{"line":439,"column":0},"end":{"line":439,"column":31}},"439":{"start":{"line":440,"column":0},"end":{"line":440,"column":7}},"441":{"start":{"line":442,"column":0},"end":{"line":442,"column":1}},"443":{"start":{"line":444,"column":0},"end":{"line":444,"column":32}},"444":{"start":{"line":445,"column":0},"end":{"line":445,"column":32}},"445":{"start":{"line":446,"column":0},"end":{"line":446,"column":25}},"446":{"start":{"line":447,"column":0},"end":{"line":447,"column":27}},"447":{"start":{"line":448,"column":0},"end":{"line":448,"column":28}},"448":{"start":{"line":449,"column":0},"end":{"line":449,"column":27}},"449":{"start":{"line":450,"column":0},"end":{"line":450,"column":5}},"450":{"start":{"line":451,"column":0},"end":{"line":451,"column":2}}},"s":{"0":1,"1":1,"2":1,"10":1,"11":1,"12":1,"14":1,"15":1,"16":1,"17":1,"18":1,"20":3,"21":3,"22":0,"23":0,"25":3,"26":3,"27":3,"29":3,"30":3,"31":3,"32":3,"33":3,"34":3,"36":9,"37":9,"38":9,"39":7,"40":7,"41":7,"42":7,"43":9,"44":9,"45":9,"47":4,"48":4,"49":4,"50":4,"51":12,"52":12,"53":12,"54":12,"55":12,"56":12,"57":12,"58":12,"59":4,"60":4,"62":4,"64":16,"65":16,"66":16,"67":16,"68":12,"69":12,"70":12,"71":12,"72":16,"73":16,"75":16,"77":1,"78":1,"79":1,"80":1,"81":1,"82":1,"83":1,"84":1,"85":1,"87":19,"88":19,"89":19,"90":19,"91":19,"92":19,"93":19,"94":19,"96":19,"97":19,"98":19,"99":19,"100":19,"101":19,"102":19,"103":19,"104":19,"105":19,"106":19,"108":19,"109":19,"110":19,"111":19,"113":19,"114":19,"116":19,"117":19,"118":11,"119":11,"120":11,"121":11,"122":11,"123":2,"124":1,"125":11,"126":11,"127":19,"128":19,"130":19,"131":4,"133":4,"134":4,"135":4,"137":4,"138":1,"139":1,"140":1,"141":1,"142":1,"143":1,"145":3,"146":3,"147":3,"148":3,"149":3,"151":4,"152":0,"153":0,"155":4,"156":4,"157":4,"158":1,"159":1,"160":1,"161":4,"162":3,"163":3,"164":3,"165":3,"166":4,"168":4,"170":4,"171":4,"172":4,"173":19,"175":19,"176":7,"177":4,"178":4,"180":3,"181":0,"182":3,"184":3,"185":19,"187":19,"188":3,"189":3,"191":19,"192":1,"193":1,"194":1,"195":1,"196":1,"197":0,"198":0,"199":1,"201":19,"202":0,"203":0,"204":0,"205":0,"207":0,"208":0,"209":0,"210":0,"211":0,"212":0,"213":0,"215":19,"216":1,"217":1,"218":1,"219":1,"220":1,"221":0,"222":0,"223":1,"225":19,"226":1,"227":1,"228":1,"229":1,"230":1,"232":19,"233":0,"234":0,"235":0,"236":0,"237":0,"238":0,"239":0,"240":0,"241":0,"242":0,"243":0,"244":0,"246":19,"247":1,"248":1,"249":1,"250":0,"251":0,"253":1,"254":1,"255":1,"256":1,"257":1,"258":1,"259":1,"260":1,"261":1,"262":1,"263":0,"264":1,"265":1,"266":1,"267":1,"269":19,"270":0,"271":0,"273":19,"274":0,"275":0,"276":0,"277":0,"278":0,"280":19,"281":114,"282":114,"283":114,"284":114,"285":114,"286":114,"288":114,"290":19,"291":19,"292":19,"293":19,"294":19,"295":19,"296":19,"297":19,"298":19,"299":19,"300":19,"301":19,"303":19,"304":19,"305":19,"306":19,"307":19,"308":19,"309":19,"311":19,"312":19,"313":19,"314":19,"315":19,"316":19,"317":19,"318":19,"319":19,"320":19,"321":19,"322":19,"323":19,"324":19,"325":19,"326":19,"327":19,"328":19,"329":19,"330":19,"331":19,"332":19,"333":19,"334":19,"335":19,"336":19,"337":19,"338":19,"339":19,"340":19,"341":19,"342":19,"344":19,"345":19,"346":19,"347":19,"349":19,"350":19,"351":19,"352":19,"353":19,"354":19,"355":19,"356":19,"357":19,"358":19,"359":19,"360":19,"361":19,"362":19,"363":19,"365":19,"366":19,"368":19,"369":19,"370":95,"371":95,"372":95,"373":95,"375":95,"376":76,"377":19,"378":95,"379":95,"380":95,"381":19,"382":19,"384":19,"385":19,"386":57,"387":57,"388":57,"389":57,"391":57,"392":57,"393":19,"394":19,"396":19,"397":19,"399":19,"400":3,"401":3,"402":3,"403":3,"404":3,"405":16,"407":19,"408":0,"409":0,"410":0,"411":0,"412":0,"413":19,"415":19,"416":12,"417":16,"418":16,"419":16,"420":16,"421":16,"422":16,"423":12,"424":7,"425":19,"426":19,"427":19,"429":19,"430":19,"431":19,"432":19,"433":19,"434":19,"435":19,"436":19,"438":19,"439":19,"441":19,"443":1,"444":1,"445":1,"446":1,"447":1,"448":1,"449":1,"450":1},"branchMap":{"0":{"type":"branch","line":21,"loc":{"start":{"line":21,"column":0},"end":{"line":35,"column":1}},"locations":[{"start":{"line":21,"column":0},"end":{"line":35,"column":1}}]},"1":{"type":"branch","line":22,"loc":{"start":{"line":22,"column":16},"end":{"line":24,"column":3}},"locations":[{"start":{"line":22,"column":16},"end":{"line":24,"column":3}}]},"2":{"type":"branch","line":26,"loc":{"start":{"line":26,"column":33},"end":{"line":26,"column":51}},"locations":[{"start":{"line":26,"column":33},"end":{"line":26,"column":51}}]},"3":{"type":"branch","line":27,"loc":{"start":{"line":27,"column":44},"end":{"line":27,"column":89}},"locations":[{"start":{"line":27,"column":44},"end":{"line":27,"column":89}}]},"4":{"type":"branch","line":31,"loc":{"start":{"line":31,"column":26},"end":{"line":31,"column":47}},"locations":[{"start":{"line":31,"column":26},"end":{"line":31,"column":47}}]},"5":{"type":"branch","line":32,"loc":{"start":{"line":32,"column":26},"end":{"line":32,"column":47}},"locations":[{"start":{"line":32,"column":26},"end":{"line":32,"column":47}}]},"6":{"type":"branch","line":37,"loc":{"start":{"line":37,"column":0},"end":{"line":46,"column":1}},"locations":[{"start":{"line":37,"column":0},"end":{"line":46,"column":1}}]},"7":{"type":"branch","line":39,"loc":{"start":{"line":39,"column":24},"end":{"line":44,"column":3}},"locations":[{"start":{"line":39,"column":24},"end":{"line":44,"column":3}}]},"8":{"type":"branch","line":48,"loc":{"start":{"line":48,"column":0},"end":{"line":63,"column":1}},"locations":[{"start":{"line":48,"column":0},"end":{"line":63,"column":1}}]},"9":{"type":"branch","line":51,"loc":{"start":{"line":51,"column":21},"end":{"line":59,"column":14}},"locations":[{"start":{"line":51,"column":21},"end":{"line":59,"column":14}}]},"10":{"type":"branch","line":65,"loc":{"start":{"line":65,"column":0},"end":{"line":76,"column":1}},"locations":[{"start":{"line":65,"column":0},"end":{"line":76,"column":1}}]},"11":{"type":"branch","line":68,"loc":{"start":{"line":68,"column":17},"end":{"line":72,"column":14}},"locations":[{"start":{"line":68,"column":17},"end":{"line":72,"column":14}}]},"12":{"type":"branch","line":70,"loc":{"start":{"line":70,"column":80},"end":{"line":70,"column":105}},"locations":[{"start":{"line":70,"column":80},"end":{"line":70,"column":105}}]},"13":{"type":"branch","line":88,"loc":{"start":{"line":88,"column":0},"end":{"line":95,"column":1}},"locations":[{"start":{"line":88,"column":0},"end":{"line":95,"column":1}}]},"14":{"type":"branch","line":94,"loc":{"start":{"line":94,"column":12},"end":{"line":94,"column":22}},"locations":[{"start":{"line":94,"column":12},"end":{"line":94,"column":22}}]},"15":{"type":"branch","line":93,"loc":{"start":{"line":93,"column":9},"end":{"line":93,"column":47}},"locations":[{"start":{"line":93,"column":9},"end":{"line":93,"column":47}}]},"16":{"type":"branch","line":93,"loc":{"start":{"line":93,"column":40},"end":{"line":93,"column":47}},"locations":[{"start":{"line":93,"column":40},"end":{"line":93,"column":47}}]},"17":{"type":"branch","line":97,"loc":{"start":{"line":97,"column":0},"end":{"line":442,"column":1}},"locations":[{"start":{"line":97,"column":0},"end":{"line":442,"column":1}}]},"18":{"type":"branch","line":109,"loc":{"start":{"line":109,"column":24},"end":{"line":109,"column":43}},"locations":[{"start":{"line":109,"column":24},"end":{"line":109,"column":43}}]},"19":{"type":"branch","line":109,"loc":{"start":{"line":109,"column":37},"end":{"line":109,"column":48}},"locations":[{"start":{"line":109,"column":37},"end":{"line":109,"column":48}}]},"20":{"type":"branch","line":110,"loc":{"start":{"line":110,"column":26},"end":{"line":110,"column":47}},"locations":[{"start":{"line":110,"column":26},"end":{"line":110,"column":47}}]},"21":{"type":"branch","line":110,"loc":{"start":{"line":110,"column":39},"end":{"line":110,"column":60}},"locations":[{"start":{"line":110,"column":39},"end":{"line":110,"column":60}}]},"22":{"type":"branch","line":111,"loc":{"start":{"line":111,"column":26},"end":{"line":111,"column":47}},"locations":[{"start":{"line":111,"column":26},"end":{"line":111,"column":47}}]},"23":{"type":"branch","line":111,"loc":{"start":{"line":111,"column":39},"end":{"line":111,"column":73}},"locations":[{"start":{"line":111,"column":39},"end":{"line":111,"column":73}}]},"24":{"type":"branch","line":300,"loc":{"start":{"line":300,"column":25},"end":{"line":300,"column":62}},"locations":[{"start":{"line":300,"column":25},"end":{"line":300,"column":62}}]},"25":{"type":"branch","line":300,"loc":{"start":{"line":300,"column":57},"end":{"line":300,"column":67}},"locations":[{"start":{"line":300,"column":57},"end":{"line":300,"column":67}}]},"26":{"type":"branch","line":306,"loc":{"start":{"line":306,"column":38},"end":{"line":306,"column":61}},"locations":[{"start":{"line":306,"column":38},"end":{"line":306,"column":61}}]},"27":{"type":"branch","line":313,"loc":{"start":{"line":313,"column":37},"end":{"line":313,"column":60}},"locations":[{"start":{"line":313,"column":37},"end":{"line":313,"column":60}}]},"28":{"type":"branch","line":398,"loc":{"start":{"line":398,"column":13},"end":{"line":398,"column":45}},"locations":[{"start":{"line":398,"column":13},"end":{"line":398,"column":45}}]},"29":{"type":"branch","line":398,"loc":{"start":{"line":398,"column":40},"end":{"line":398,"column":50}},"locations":[{"start":{"line":398,"column":40},"end":{"line":398,"column":50}}]},"30":{"type":"branch","line":400,"loc":{"start":{"line":400,"column":14},"end":{"line":400,"column":34}},"locations":[{"start":{"line":400,"column":14},"end":{"line":400,"column":34}}]},"31":{"type":"branch","line":400,"loc":{"start":{"line":400,"column":25},"end":{"line":405,"column":20}},"locations":[{"start":{"line":400,"column":25},"end":{"line":405,"column":20}}]},"32":{"type":"branch","line":405,"loc":{"start":{"line":405,"column":14},"end":{"line":406,"column":21}},"locations":[{"start":{"line":405,"column":14},"end":{"line":406,"column":21}}]},"33":{"type":"branch","line":408,"loc":{"start":{"line":408,"column":14},"end":{"line":408,"column":35}},"locations":[{"start":{"line":408,"column":14},"end":{"line":408,"column":35}}]},"34":{"type":"branch","line":408,"loc":{"start":{"line":408,"column":26},"end":{"line":408,"column":73}},"locations":[{"start":{"line":408,"column":26},"end":{"line":408,"column":73}}]},"35":{"type":"branch","line":408,"loc":{"start":{"line":408,"column":68},"end":{"line":413,"column":20}},"locations":[{"start":{"line":408,"column":68},"end":{"line":413,"column":20}}]},"36":{"type":"branch","line":416,"loc":{"start":{"line":416,"column":14},"end":{"line":416,"column":31}},"locations":[{"start":{"line":416,"column":14},"end":{"line":416,"column":31}}]},"37":{"type":"branch","line":416,"loc":{"start":{"line":416,"column":26},"end":{"line":424,"column":18}},"locations":[{"start":{"line":416,"column":26},"end":{"line":424,"column":18}}]},"38":{"type":"branch","line":424,"loc":{"start":{"line":424,"column":17},"end":{"line":425,"column":21}},"locations":[{"start":{"line":424,"column":17},"end":{"line":425,"column":21}}]},"39":{"type":"branch","line":114,"loc":{"start":{"line":114,"column":30},"end":{"line":114,"column":89}},"locations":[{"start":{"line":114,"column":30},"end":{"line":114,"column":89}}]},"40":{"type":"branch","line":114,"loc":{"start":{"line":114,"column":57},"end":{"line":114,"column":79}},"locations":[{"start":{"line":114,"column":57},"end":{"line":114,"column":79}}]},"41":{"type":"branch","line":115,"loc":{"start":{"line":115,"column":25},"end":{"line":115,"column":59}},"locations":[{"start":{"line":115,"column":25},"end":{"line":115,"column":59}}]},"42":{"type":"branch","line":118,"loc":{"start":{"line":118,"column":4},"end":{"line":127,"column":9}},"locations":[{"start":{"line":118,"column":4},"end":{"line":127,"column":9}}]},"43":{"type":"branch","line":119,"loc":{"start":{"line":119,"column":27},"end":{"line":127,"column":7}},"locations":[{"start":{"line":119,"column":27},"end":{"line":127,"column":7}}]},"44":{"type":"branch","line":121,"loc":{"start":{"line":121,"column":47},"end":{"line":121,"column":94}},"locations":[{"start":{"line":121,"column":47},"end":{"line":121,"column":94}}]},"45":{"type":"branch","line":123,"loc":{"start":{"line":123,"column":27},"end":{"line":124,"column":64}},"locations":[{"start":{"line":123,"column":27},"end":{"line":124,"column":64}}]},"46":{"type":"branch","line":124,"loc":{"start":{"line":124,"column":54},"end":{"line":125,"column":59}},"locations":[{"start":{"line":124,"column":54},"end":{"line":125,"column":59}}]},"47":{"type":"branch","line":125,"loc":{"start":{"line":125,"column":28},"end":{"line":125,"column":59}},"locations":[{"start":{"line":125,"column":28},"end":{"line":125,"column":59}}]},"48":{"type":"branch","line":126,"loc":{"start":{"line":126,"column":15},"end":{"line":126,"column":46}},"locations":[{"start":{"line":126,"column":15},"end":{"line":126,"column":46}}]},"49":{"type":"branch","line":131,"loc":{"start":{"line":131,"column":12},"end":{"line":174,"column":5}},"locations":[{"start":{"line":131,"column":12},"end":{"line":174,"column":5}}]},"50":{"type":"branch","line":134,"loc":{"start":{"line":134,"column":4},"end":{"line":167,"column":5}},"locations":[{"start":{"line":134,"column":4},"end":{"line":167,"column":5}}]},"51":{"type":"branch","line":138,"loc":{"start":{"line":138,"column":26},"end":{"line":144,"column":7}},"locations":[{"start":{"line":138,"column":26},"end":{"line":144,"column":7}}]},"52":{"type":"branch","line":144,"loc":{"start":{"line":144,"column":6},"end":{"line":150,"column":11}},"locations":[{"start":{"line":144,"column":6},"end":{"line":150,"column":11}}]},"53":{"type":"branch","line":150,"loc":{"start":{"line":150,"column":9},"end":{"line":152,"column":23}},"locations":[{"start":{"line":150,"column":9},"end":{"line":152,"column":23}}]},"54":{"type":"branch","line":152,"loc":{"start":{"line":152,"column":23},"end":{"line":154,"column":9}},"locations":[{"start":{"line":152,"column":23},"end":{"line":154,"column":9}}]},"55":{"type":"branch","line":154,"loc":{"start":{"line":154,"column":8},"end":{"line":156,"column":68}},"locations":[{"start":{"line":154,"column":8},"end":{"line":156,"column":68}}]},"56":{"type":"branch","line":156,"loc":{"start":{"line":156,"column":51},"end":{"line":156,"column":70}},"locations":[{"start":{"line":156,"column":51},"end":{"line":156,"column":70}}]},"57":{"type":"branch","line":158,"loc":{"start":{"line":158,"column":6},"end":{"line":162,"column":8}},"locations":[{"start":{"line":158,"column":6},"end":{"line":162,"column":8}}]},"58":{"type":"branch","line":162,"loc":{"start":{"line":162,"column":6},"end":{"line":166,"column":7}},"locations":[{"start":{"line":162,"column":6},"end":{"line":166,"column":7}}]},"59":{"type":"branch","line":171,"loc":{"start":{"line":171,"column":11},"end":{"line":173,"column":6}},"locations":[{"start":{"line":171,"column":11},"end":{"line":173,"column":6}}]},"60":{"type":"branch","line":176,"loc":{"start":{"line":176,"column":12},"end":{"line":186,"column":5}},"locations":[{"start":{"line":176,"column":12},"end":{"line":186,"column":5}}]},"61":{"type":"branch","line":177,"loc":{"start":{"line":177,"column":24},"end":{"line":179,"column":5}},"locations":[{"start":{"line":177,"column":24},"end":{"line":179,"column":5}}]},"62":{"type":"branch","line":179,"loc":{"start":{"line":179,"column":4},"end":{"line":185,"column":48}},"locations":[{"start":{"line":179,"column":4},"end":{"line":185,"column":48}}]},"63":{"type":"branch","line":185,"loc":{"start":{"line":185,"column":11},"end":{"line":185,"column":48}},"locations":[{"start":{"line":185,"column":11},"end":{"line":185,"column":48}}]},"64":{"type":"branch","line":188,"loc":{"start":{"line":188,"column":2},"end":{"line":190,"column":3}},"locations":[{"start":{"line":188,"column":2},"end":{"line":190,"column":3}}]},"65":{"type":"branch","line":189,"loc":{"start":{"line":189,"column":14},"end":{"line":189,"column":96}},"locations":[{"start":{"line":189,"column":14},"end":{"line":189,"column":96}}]},"66":{"type":"branch","line":192,"loc":{"start":{"line":192,"column":2},"end":{"line":200,"column":3}},"locations":[{"start":{"line":192,"column":2},"end":{"line":200,"column":3}}]},"67":{"type":"branch","line":197,"loc":{"start":{"line":197,"column":4},"end":{"line":199,"column":5}},"locations":[{"start":{"line":197,"column":4},"end":{"line":199,"column":5}}]},"68":{"type":"branch","line":195,"loc":{"start":{"line":195,"column":23},"end":{"line":195,"column":111}},"locations":[{"start":{"line":195,"column":23},"end":{"line":195,"column":111}}]},"69":{"type":"branch","line":195,"loc":{"start":{"line":195,"column":48},"end":{"line":195,"column":110}},"locations":[{"start":{"line":195,"column":48},"end":{"line":195,"column":110}}]},"70":{"type":"branch","line":195,"loc":{"start":{"line":195,"column":72},"end":{"line":195,"column":105}},"locations":[{"start":{"line":195,"column":72},"end":{"line":195,"column":105}}]},"71":{"type":"branch","line":195,"loc":{"start":{"line":195,"column":101},"end":{"line":195,"column":110}},"locations":[{"start":{"line":195,"column":101},"end":{"line":195,"column":110}}]},"72":{"type":"branch","line":216,"loc":{"start":{"line":216,"column":2},"end":{"line":224,"column":3}},"locations":[{"start":{"line":216,"column":2},"end":{"line":224,"column":3}}]},"73":{"type":"branch","line":221,"loc":{"start":{"line":221,"column":4},"end":{"line":223,"column":5}},"locations":[{"start":{"line":221,"column":4},"end":{"line":223,"column":5}}]},"74":{"type":"branch","line":219,"loc":{"start":{"line":219,"column":23},"end":{"line":219,"column":77}},"locations":[{"start":{"line":219,"column":23},"end":{"line":219,"column":77}}]},"75":{"type":"branch","line":219,"loc":{"start":{"line":219,"column":51},"end":{"line":219,"column":76}},"locations":[{"start":{"line":219,"column":51},"end":{"line":219,"column":76}}]},"76":{"type":"branch","line":226,"loc":{"start":{"line":226,"column":2},"end":{"line":231,"column":3}},"locations":[{"start":{"line":226,"column":2},"end":{"line":231,"column":3}}]},"77":{"type":"branch","line":227,"loc":{"start":{"line":227,"column":19},"end":{"line":230,"column":6}},"locations":[{"start":{"line":227,"column":19},"end":{"line":230,"column":6}}]},"78":{"type":"branch","line":247,"loc":{"start":{"line":247,"column":2},"end":{"line":268,"column":3}},"locations":[{"start":{"line":247,"column":2},"end":{"line":268,"column":3}}]},"79":{"type":"branch","line":250,"loc":{"start":{"line":250,"column":26},"end":{"line":252,"column":7}},"locations":[{"start":{"line":250,"column":26},"end":{"line":252,"column":7}}]},"80":{"type":"branch","line":263,"loc":{"start":{"line":263,"column":4},"end":{"line":265,"column":6}},"locations":[{"start":{"line":263,"column":4},"end":{"line":265,"column":6}}]},"81":{"type":"branch","line":281,"loc":{"start":{"line":281,"column":2},"end":{"line":289,"column":3}},"locations":[{"start":{"line":281,"column":2},"end":{"line":289,"column":3}}]},"82":{"type":"branch","line":283,"loc":{"start":{"line":283,"column":51},"end":{"line":283,"column":73}},"locations":[{"start":{"line":283,"column":51},"end":{"line":283,"column":73}}]},"83":{"type":"branch","line":283,"loc":{"start":{"line":283,"column":62},"end":{"line":283,"column":75}},"locations":[{"start":{"line":283,"column":62},"end":{"line":283,"column":75}}]},"84":{"type":"branch","line":286,"loc":{"start":{"line":286,"column":19},"end":{"line":286,"column":88}},"locations":[{"start":{"line":286,"column":19},"end":{"line":286,"column":88}}]},"85":{"type":"branch","line":286,"loc":{"start":{"line":286,"column":78},"end":{"line":286,"column":93}},"locations":[{"start":{"line":286,"column":78},"end":{"line":286,"column":93}}]},"86":{"type":"branch","line":354,"loc":{"start":{"line":354,"column":59},"end":{"line":354,"column":85}},"locations":[{"start":{"line":354,"column":59},"end":{"line":354,"column":85}}]},"87":{"type":"branch","line":370,"loc":{"start":{"line":370,"column":25},"end":{"line":381,"column":23}},"locations":[{"start":{"line":370,"column":25},"end":{"line":381,"column":23}}]},"88":{"type":"branch","line":373,"loc":{"start":{"line":373,"column":65},"end":{"line":373,"column":82}},"locations":[{"start":{"line":373,"column":65},"end":{"line":373,"column":82}}]},"89":{"type":"branch","line":373,"loc":{"start":{"line":373,"column":71},"end":{"line":373,"column":84}},"locations":[{"start":{"line":373,"column":71},"end":{"line":373,"column":84}}]},"90":{"type":"branch","line":376,"loc":{"start":{"line":376,"column":24},"end":{"line":377,"column":96}},"locations":[{"start":{"line":376,"column":24},"end":{"line":377,"column":96}}]},"91":{"type":"branch","line":377,"loc":{"start":{"line":377,"column":89},"end":{"line":378,"column":25}},"locations":[{"start":{"line":377,"column":89},"end":{"line":378,"column":25}}]},"92":{"type":"branch","line":380,"loc":{"start":{"line":380,"column":63},"end":{"line":380,"column":70}},"locations":[{"start":{"line":380,"column":63},"end":{"line":380,"column":70}}]},"93":{"type":"branch","line":374,"loc":{"start":{"line":374,"column":25},"end":{"line":374,"column":59}},"locations":[{"start":{"line":374,"column":25},"end":{"line":374,"column":59}}]},"94":{"type":"branch","line":386,"loc":{"start":{"line":386,"column":32},"end":{"line":393,"column":23}},"locations":[{"start":{"line":386,"column":32},"end":{"line":393,"column":23}}]},"95":{"type":"branch","line":389,"loc":{"start":{"line":389,"column":65},"end":{"line":389,"column":82}},"locations":[{"start":{"line":389,"column":65},"end":{"line":389,"column":82}}]},"96":{"type":"branch","line":389,"loc":{"start":{"line":389,"column":71},"end":{"line":389,"column":84}},"locations":[{"start":{"line":389,"column":71},"end":{"line":389,"column":84}}]},"97":{"type":"branch","line":390,"loc":{"start":{"line":390,"column":25},"end":{"line":390,"column":59}},"locations":[{"start":{"line":390,"column":25},"end":{"line":390,"column":59}}]},"98":{"type":"branch","line":417,"loc":{"start":{"line":417,"column":42},"end":{"line":423,"column":20}},"locations":[{"start":{"line":417,"column":42},"end":{"line":423,"column":20}}]}},"b":{"0":[3],"1":[0],"2":[0],"3":[0],"4":[0],"5":[0],"6":[9],"7":[7],"8":[4],"9":[12],"10":[16],"11":[12],"12":[0],"13":[19],"14":[0],"15":[38],"16":[0],"17":[19],"18":[17],"19":[2],"20":[17],"21":[2],"22":[17],"23":[2],"24":[6],"25":[13],"26":[0],"27":[0],"28":[4],"29":[15],"30":[15],"31":[3],"32":[16],"33":[15],"34":[12],"35":[0],"36":[15],"37":[12],"38":[7],"39":[9],"40":[7],"41":[9],"42":[11],"43":[11],"44":[4],"45":[2],"46":[1],"47":[0],"48":[9],"49":[4],"50":[4],"51":[1],"52":[3],"53":[2],"54":[0],"55":[2],"56":[0],"57":[1],"58":[3],"59":[4],"60":[7],"61":[4],"62":[3],"63":[3],"64":[3],"65":[3],"66":[1],"67":[0],"68":[1],"69":[2],"70":[1],"71":[1],"72":[1],"73":[0],"74":[1],"75":[2],"76":[1],"77":[1],"78":[1],"79":[0],"80":[0],"81":[114],"82":[19],"83":[95],"84":[19],"85":[95],"86":[1],"87":[95],"88":[19],"89":[76],"90":[76],"91":[19],"92":[0],"93":[1],"94":[57],"95":[19],"96":[38],"97":[2],"98":[16]},"fnMap":{"0":{"name":"normalizePreferences","decl":{"start":{"line":21,"column":0},"end":{"line":35,"column":1}},"loc":{"start":{"line":21,"column":0},"end":{"line":35,"column":1}},"line":21},"1":{"name":"buildCounts","decl":{"start":{"line":37,"column":0},"end":{"line":46,"column":1}},"loc":{"start":{"line":37,"column":0},"end":{"line":46,"column":1}},"line":37},"2":{"name":"LoadingSkeleton","decl":{"start":{"line":48,"column":0},"end":{"line":63,"column":1}},"loc":{"start":{"line":48,"column":0},"end":{"line":63,"column":1}},"line":48},"3":{"name":"Toasts","decl":{"start":{"line":65,"column":0},"end":{"line":76,"column":1}},"loc":{"start":{"line":65,"column":0},"end":{"line":76,"column":1}},"line":65},"4":{"name":"getInitials","decl":{"start":{"line":88,"column":0},"end":{"line":95,"column":1}},"loc":{"start":{"line":88,"column":0},"end":{"line":95,"column":1}},"line":88},"5":{"name":"NotificationCenter","decl":{"start":{"line":97,"column":0},"end":{"line":442,"column":1}},"loc":{"start":{"line":97,"column":0},"end":{"line":442,"column":1}},"line":97},"6":{"name":"loadInitialData","decl":{"start":{"line":134,"column":4},"end":{"line":167,"column":5}},"loc":{"start":{"line":134,"column":4},"end":{"line":167,"column":5}},"line":134},"7":{"name":"pushToast","decl":{"start":{"line":188,"column":2},"end":{"line":190,"column":3}},"loc":{"start":{"line":188,"column":2},"end":{"line":190,"column":3}},"line":188},"8":{"name":"handleMarkRead","decl":{"start":{"line":192,"column":2},"end":{"line":200,"column":3}},"loc":{"start":{"line":192,"column":2},"end":{"line":200,"column":3}},"line":192},"9":{"name":"handleMarkAllRead","decl":{"start":{"line":202,"column":2},"end":{"line":214,"column":3}},"loc":{"start":{"line":202,"column":2},"end":{"line":214,"column":3}},"line":202},"10":{"name":"handleDelete","decl":{"start":{"line":216,"column":2},"end":{"line":224,"column":3}},"loc":{"start":{"line":216,"column":2},"end":{"line":224,"column":3}},"line":216},"11":{"name":"toggleGlobalPreference","decl":{"start":{"line":226,"column":2},"end":{"line":231,"column":3}},"loc":{"start":{"line":226,"column":2},"end":{"line":231,"column":3}},"line":226},"12":{"name":"toggleTypePreference","decl":{"start":{"line":233,"column":2},"end":{"line":245,"column":3}},"loc":{"start":{"line":233,"column":2},"end":{"line":245,"column":3}},"line":233},"13":{"name":"handleSavePreferences","decl":{"start":{"line":247,"column":2},"end":{"line":268,"column":3}},"loc":{"start":{"line":247,"column":2},"end":{"line":268,"column":3}},"line":247},"14":{"name":"closeSidebar","decl":{"start":{"line":270,"column":2},"end":{"line":272,"column":3}},"loc":{"start":{"line":270,"column":2},"end":{"line":272,"column":3}},"line":270},"15":{"name":"handleOverlayKeyDown","decl":{"start":{"line":274,"column":2},"end":{"line":279,"column":3}},"loc":{"start":{"line":274,"column":2},"end":{"line":279,"column":3}},"line":274},"16":{"name":"renderNavItem","decl":{"start":{"line":281,"column":2},"end":{"line":289,"column":3}},"loc":{"start":{"line":281,"column":2},"end":{"line":289,"column":3}},"line":281},"17":{"name":"onClick","decl":{"start":{"line":294,"column":51},"end":{"line":294,"column":79}},"loc":{"start":{"line":294,"column":51},"end":{"line":294,"column":79}},"line":294},"18":{"name":"onClick","decl":{"start":{"line":354,"column":59},"end":{"line":354,"column":85}},"loc":{"start":{"line":354,"column":59},"end":{"line":354,"column":85}},"line":354},"19":{"name":"onClick","decl":{"start":{"line":374,"column":25},"end":{"line":374,"column":59}},"loc":{"start":{"line":374,"column":25},"end":{"line":374,"column":59}},"line":374},"20":{"name":"onClick","decl":{"start":{"line":390,"column":25},"end":{"line":390,"column":59}},"loc":{"start":{"line":390,"column":25},"end":{"line":390,"column":59}},"line":390},"21":{"name":"onClose","decl":{"start":{"line":433,"column":17},"end":{"line":433,"column":59}},"loc":{"start":{"line":433,"column":17},"end":{"line":433,"column":59}},"line":433}},"f":{"0":3,"1":9,"2":4,"3":16,"4":19,"5":19,"6":4,"7":3,"8":1,"9":0,"10":1,"11":1,"12":0,"13":1,"14":0,"15":0,"16":114,"17":0,"18":1,"19":1,"20":2,"21":0}}
,"C:\\Users\\lasit\\OneDrive\\Documents\\IDEs\\VS Code\\Task-Management-System\\notifications-management\\frontend\\src\\components\\PreferencesPanel.jsx": {"path":"C:\\Users\\lasit\\OneDrive\\Documents\\IDEs\\VS Code\\Task-Management-System\\notifications-management\\frontend\\src\\components\\PreferencesPanel.jsx","all":false,"statementMap":{"0":{"start":{"line":1,"column":0},"end":{"line":1,"column":60}},"2":{"start":{"line":3,"column":0},"end":{"line":3,"column":114}},"3":{"start":{"line":4,"column":0},"end":{"line":4,"column":56}},"5":{"start":{"line":6,"column":0},"end":{"line":6,"column":10}},"6":{"start":{"line":7,"column":0},"end":{"line":7,"column":6}},"7":{"start":{"line":8,"column":0},"end":{"line":8,"column":83}},"8":{"start":{"line":9,"column":0},"end":{"line":9,"column":61}},"9":{"start":{"line":10,"column":0},"end":{"line":10,"column":38}},"10":{"start":{"line":11,"column":0},"end":{"line":11,"column":43}},"11":{"start":{"line":12,"column":0},"end":{"line":12,"column":64}},"12":{"start":{"line":13,"column":0},"end":{"line":13,"column":66}},"13":{"start":{"line":14,"column":0},"end":{"line":14,"column":19}},"14":{"start":{"line":15,"column":0},"end":{"line":15,"column":14}},"15":{"start":{"line":16,"column":0},"end":{"line":16,"column":36}},"16":{"start":{"line":17,"column":0},"end":{"line":17,"column":40}},"17":{"start":{"line":18,"column":0},"end":{"line":18,"column":69}},"18":{"start":{"line":19,"column":0},"end":{"line":19,"column":38}},"19":{"start":{"line":20,"column":0},"end":{"line":20,"column":19}},"20":{"start":{"line":21,"column":0},"end":{"line":21,"column":69}},"21":{"start":{"line":22,"column":0},"end":{"line":22,"column":73}},"22":{"start":{"line":23,"column":0},"end":{"line":23,"column":20}},"23":{"start":{"line":24,"column":0},"end":{"line":24,"column":40}},"24":{"start":{"line":25,"column":0},"end":{"line":25,"column":22}},"25":{"start":{"line":26,"column":0},"end":{"line":26,"column":33}},"26":{"start":{"line":27,"column":0},"end":{"line":27,"column":61}},"27":{"start":{"line":28,"column":0},"end":{"line":28,"column":65}},"28":{"start":{"line":29,"column":0},"end":{"line":29,"column":18}},"29":{"start":{"line":30,"column":0},"end":{"line":30,"column":50}},"30":{"start":{"line":31,"column":0},"end":{"line":31,"column":22}},"31":{"start":{"line":32,"column":0},"end":{"line":32,"column":18}},"32":{"start":{"line":33,"column":0},"end":{"line":33,"column":38}},"33":{"start":{"line":34,"column":0},"end":{"line":34,"column":19}},"34":{"start":{"line":35,"column":0},"end":{"line":35,"column":70}},"35":{"start":{"line":36,"column":0},"end":{"line":36,"column":83}},"36":{"start":{"line":37,"column":0},"end":{"line":37,"column":20}},"37":{"start":{"line":38,"column":0},"end":{"line":38,"column":40}},"38":{"start":{"line":39,"column":0},"end":{"line":39,"column":22}},"39":{"start":{"line":40,"column":0},"end":{"line":40,"column":33}},"40":{"start":{"line":41,"column":0},"end":{"line":41,"column":61}},"41":{"start":{"line":42,"column":0},"end":{"line":42,"column":65}},"42":{"start":{"line":43,"column":0},"end":{"line":43,"column":18}},"43":{"start":{"line":44,"column":0},"end":{"line":44,"column":50}},"44":{"start":{"line":45,"column":0},"end":{"line":45,"column":22}},"45":{"start":{"line":46,"column":0},"end":{"line":46,"column":18}},"46":{"start":{"line":47,"column":0},"end":{"line":47,"column":16}},"47":{"start":{"line":48,"column":0},"end":{"line":48,"column":40}},"48":{"start":{"line":49,"column":0},"end":{"line":49,"column":74}},"49":{"start":{"line":50,"column":0},"end":{"line":50,"column":17}},"50":{"start":{"line":51,"column":0},"end":{"line":51,"column":67}},"51":{"start":{"line":52,"column":0},"end":{"line":52,"column":53}},"52":{"start":{"line":53,"column":0},"end":{"line":53,"column":23}},"53":{"start":{"line":54,"column":0},"end":{"line":54,"column":61}},"54":{"start":{"line":55,"column":0},"end":{"line":55,"column":86}},"55":{"start":{"line":56,"column":0},"end":{"line":56,"column":24}},"56":{"start":{"line":57,"column":0},"end":{"line":57,"column":44}},"57":{"start":{"line":58,"column":0},"end":{"line":58,"column":26}},"58":{"start":{"line":59,"column":0},"end":{"line":59,"column":37}},"59":{"start":{"line":60,"column":0},"end":{"line":60,"column":70}},"60":{"start":{"line":61,"column":0},"end":{"line":61,"column":57}},"61":{"start":{"line":62,"column":0},"end":{"line":62,"column":22}},"62":{"start":{"line":63,"column":0},"end":{"line":63,"column":54}},"63":{"start":{"line":64,"column":0},"end":{"line":64,"column":26}},"64":{"start":{"line":65,"column":0},"end":{"line":65,"column":22}},"65":{"start":{"line":66,"column":0},"end":{"line":66,"column":17}},"66":{"start":{"line":67,"column":0},"end":{"line":67,"column":18}},"67":{"start":{"line":68,"column":0},"end":{"line":68,"column":16}},"68":{"start":{"line":69,"column":0},"end":{"line":69,"column":14}},"69":{"start":{"line":70,"column":0},"end":{"line":70,"column":38}},"70":{"start":{"line":71,"column":0},"end":{"line":71,"column":77}},"71":{"start":{"line":72,"column":0},"end":{"line":72,"column":63}},"72":{"start":{"line":73,"column":0},"end":{"line":73,"column":65}},"74":{"start":{"line":75,"column":0},"end":{"line":75,"column":19}},"75":{"start":{"line":76,"column":0},"end":{"line":76,"column":14}},"76":{"start":{"line":77,"column":0},"end":{"line":77,"column":12}},"77":{"start":{"line":78,"column":0},"end":{"line":78,"column":7}},"79":{"start":{"line":80,"column":0},"end":{"line":80,"column":1}}},"s":{"0":1,"2":17,"3":17,"5":17,"6":17,"7":17,"8":17,"9":17,"10":17,"11":17,"12":17,"13":17,"14":17,"15":17,"16":17,"17":17,"18":17,"19":17,"20":17,"21":17,"22":17,"23":17,"24":17,"25":17,"26":17,"27":17,"28":17,"29":17,"30":17,"31":17,"32":17,"33":17,"34":17,"35":17,"36":17,"37":17,"38":17,"39":17,"40":17,"41":17,"42":17,"43":17,"44":17,"45":17,"46":17,"47":17,"48":17,"49":17,"50":17,"51":102,"52":102,"53":102,"54":102,"55":102,"56":102,"57":102,"58":102,"59":102,"60":102,"61":102,"62":102,"63":102,"64":102,"65":17,"66":17,"67":17,"68":17,"69":17,"70":17,"71":17,"72":17,"74":17,"75":17,"76":17,"77":17,"79":17},"branchMap":{"0":{"type":"branch","line":3,"loc":{"start":{"line":3,"column":0},"end":{"line":80,"column":1}},"locations":[{"start":{"line":3,"column":0},"end":{"line":80,"column":1}}]},"1":{"type":"branch","line":4,"loc":{"start":{"line":4,"column":38},"end":{"line":4,"column":56}},"locations":[{"start":{"line":4,"column":38},"end":{"line":4,"column":56}}]},"2":{"type":"branch","line":8,"loc":{"start":{"line":8,"column":39},"end":{"line":8,"column":57}},"locations":[{"start":{"line":8,"column":39},"end":{"line":8,"column":57}}]},"3":{"type":"branch","line":8,"loc":{"start":{"line":8,"column":48},"end":{"line":8,"column":59}},"locations":[{"start":{"line":8,"column":48},"end":{"line":8,"column":59}}]},"4":{"type":"branch","line":9,"loc":{"start":{"line":9,"column":37},"end":{"line":9,"column":55}},"locations":[{"start":{"line":9,"column":37},"end":{"line":9,"column":55}}]},"5":{"type":"branch","line":9,"loc":{"start":{"line":9,"column":46},"end":{"line":9,"column":57}},"locations":[{"start":{"line":9,"column":46},"end":{"line":9,"column":57}}]},"6":{"type":"branch","line":28,"loc":{"start":{"line":28,"column":28},"end":{"line":28,"column":65}},"locations":[{"start":{"line":28,"column":28},"end":{"line":28,"column":65}}]},"7":{"type":"branch","line":51,"loc":{"start":{"line":51,"column":47},"end":{"line":65,"column":22}},"locations":[{"start":{"line":51,"column":47},"end":{"line":65,"column":22}}]},"8":{"type":"branch","line":60,"loc":{"start":{"line":60,"column":51},"end":{"line":60,"column":65}},"locations":[{"start":{"line":60,"column":51},"end":{"line":60,"column":65}}]},"9":{"type":"branch","line":60,"loc":{"start":{"line":60,"column":54},"end":{"line":60,"column":70}},"locations":[{"start":{"line":60,"column":54},"end":{"line":60,"column":70}}]},"10":{"type":"branch","line":61,"loc":{"start":{"line":61,"column":32},"end":{"line":61,"column":57}},"locations":[{"start":{"line":61,"column":32},"end":{"line":61,"column":57}}]}},"b":{"0":[17],"1":[0],"2":[4],"3":[13],"4":[4],"5":[13],"6":[2],"7":[102],"8":[2],"9":[100],"10":[1]},"fnMap":{"0":{"name":"PreferencesPanel","decl":{"start":{"line":3,"column":0},"end":{"line":80,"column":1}},"loc":{"start":{"line":3,"column":0},"end":{"line":80,"column":1}},"line":3},"1":{"name":"onChange","decl":{"start":{"line":28,"column":28},"end":{"line":28,"column":65}},"loc":{"start":{"line":28,"column":28},"end":{"line":28,"column":65}},"line":28},"2":{"name":"onChange","decl":{"start":{"line":42,"column":28},"end":{"line":42,"column":65}},"loc":{"start":{"line":42,"column":28},"end":{"line":42,"column":65}},"line":42},"3":{"name":"onChange","decl":{"start":{"line":61,"column":32},"end":{"line":61,"column":57}},"loc":{"start":{"line":61,"column":32},"end":{"line":61,"column":57}},"line":61}},"f":{"0":17,"1":2,"2":0,"3":1}}
,"C:\\Users\\lasit\\OneDrive\\Documents\\IDEs\\VS Code\\Task-Management-System\\notifications-management\\frontend\\src\\constants\\notificationMeta.js": {"path":"C:\\Users\\lasit\\OneDrive\\Documents\\IDEs\\VS Code\\Task-Management-System\\notifications-management\\frontend\\src\\constants\\notificationMeta.js","all":false,"statementMap":{"0":{"start":{"line":1,"column":0},"end":{"line":1,"column":26}},"1":{"start":{"line":2,"column":0},"end":{"line":2,"column":102}},"2":{"start":{"line":3,"column":0},"end":{"line":3,"column":92}},"3":{"start":{"line":4,"column":0},"end":{"line":4,"column":96}},"4":{"start":{"line":5,"column":0},"end":{"line":5,"column":99}},"5":{"start":{"line":6,"column":0},"end":{"line":6,"column":93}},"6":{"start":{"line":7,"column":0},"end":{"line":7,"column":93}},"7":{"start":{"line":8,"column":0},"end":{"line":8,"column":2}},"8":{"start":{"line":9,"column":0},"end":{"line":9,"column":0}},"9":{"start":{"line":10,"column":0},"end":{"line":10,"column":28}},"10":{"start":{"line":11,"column":0},"end":{"line":11,"column":36}},"11":{"start":{"line":12,"column":0},"end":{"line":12,"column":38}},"12":{"start":{"line":13,"column":0},"end":{"line":13,"column":42}},"13":{"start":{"line":14,"column":0},"end":{"line":14,"column":39}},"14":{"start":{"line":15,"column":0},"end":{"line":15,"column":30}},"15":{"start":{"line":16,"column":0},"end":{"line":16,"column":32}},"16":{"start":{"line":17,"column":0},"end":{"line":17,"column":2}},"17":{"start":{"line":18,"column":0},"end":{"line":18,"column":0}},"18":{"start":{"line":19,"column":0},"end":{"line":19,"column":24}},"19":{"start":{"line":20,"column":0},"end":{"line":20,"column":43}},"20":{"start":{"line":21,"column":0},"end":{"line":21,"column":54}},"21":{"start":{"line":22,"column":0},"end":{"line":22,"column":50}},"22":{"start":{"line":23,"column":0},"end":{"line":23,"column":48}},"23":{"start":{"line":24,"column":0},"end":{"line":24,"column":61}},"24":{"start":{"line":25,"column":0},"end":{"line":25,"column":2}},"25":{"start":{"line":26,"column":0},"end":{"line":26,"column":0}},"26":{"start":{"line":27,"column":0},"end":{"line":27,"column":31}},"27":{"start":{"line":28,"column":0},"end":{"line":28,"column":31}},"28":{"start":{"line":29,"column":0},"end":{"line":29,"column":37}},"29":{"start":{"line":30,"column":0},"end":{"line":30,"column":33}},"30":{"start":{"line":31,"column":0},"end":{"line":31,"column":2}}},"s":{"0":1,"1":1,"2":1,"3":1,"4":1,"5":1,"6":1,"7":1,"8":1,"9":1,"10":1,"11":1,"12":1,"13":1,"14":1,"15":1,"16":1,"17":1,"18":1,"19":1,"20":1,"21":1,"22":1,"23":1,"24":1,"25":1,"26":1,"27":1,"28":1,"29":1,"30":1},"branchMap":{},"b":{},"fnMap":{},"f":{}}
,"C:\\Users\\lasit\\OneDrive\\Documents\\IDEs\\VS Code\\Task-Management-System\\notifications-management\\frontend\\src\\utils\\auth.js": {"path":"C:\\Users\\lasit\\OneDrive\\Documents\\IDEs\\VS Code\\Task-Management-System\\notifications-management\\frontend\\src\\utils\\auth.js","all":true,"statementMap":{"0":{"start":{"line":1,"column":0},"end":{"line":1,"column":34}},"1":{"start":{"line":2,"column":0},"end":{"line":2,"column":7}},"2":{"start":{"line":3,"column":0},"end":{"line":3,"column":41}},"3":{"start":{"line":4,"column":0},"end":{"line":4,"column":66}},"4":{"start":{"line":5,"column":0},"end":{"line":5,"column":43}},"5":{"start":{"line":6,"column":0},"end":{"line":6,"column":18}},"6":{"start":{"line":7,"column":0},"end":{"line":7,"column":18}},"7":{"start":{"line":8,"column":0},"end":{"line":8,"column":90}},"8":{"start":{"line":9,"column":0},"end":{"line":9,"column":17}},"9":{"start":{"line":10,"column":0},"end":{"line":10,"column":5}},"10":{"start":{"line":11,"column":0},"end":{"line":11,"column":0}},"11":{"start":{"line":12,"column":0},"end":{"line":12,"column":34}},"12":{"start":{"line":13,"column":0},"end":{"line":13,"column":19}},"13":{"start":{"line":14,"column":0},"end":{"line":14,"column":49}},"14":{"start":{"line":15,"column":0},"end":{"line":15,"column":15}},"15":{"start":{"line":16,"column":0},"end":{"line":16,"column":3}},"16":{"start":{"line":17,"column":0},"end":{"line":17,"column":1}},"17":{"start":{"line":18,"column":0},"end":{"line":18,"column":0}},"18":{"start":{"line":19,"column":0},"end":{"line":19,"column":34}},"19":{"start":{"line":20,"column":0},"end":{"line":20,"column":38}},"20":{"start":{"line":21,"column":0},"end":{"line":21,"column":1}},"21":{"start":{"line":22,"column":0},"end":{"line":22,"column":0}},"22":{"start":{"line":23,"column":0},"end":{"line":23,"column":34}},"23":{"start":{"line":24,"column":0},"end":{"line":24,"column":32}},"24":{"start":{"line":25,"column":0},"end":{"line":25,"column":15}},"25":{"start":{"line":26,"column":0},"end":{"line":26,"column":15}},"26":{"start":{"line":27,"column":0},"end":{"line":27,"column":3}},"27":{"start":{"line":28,"column":0},"end":{"line":28,"column":0}},"28":{"start":{"line":29,"column":0},"end":{"line":29,"column":34}},"29":{"start":{"line":30,"column":0},"end":{"line":30,"column":17}},"30":{"start":{"line":31,"column":0},"end":{"line":31,"column":15}},"31":{"start":{"line":32,"column":0},"end":{"line":32,"column":3}},"32":{"start":{"line":33,"column":0},"end":{"line":33,"column":0}},"33":{"start":{"line":34,"column":0},"end":{"line":34,"column":10}},"34":{"start":{"line":35,"column":0},"end":{"line":35,"column":19}},"35":{"start":{"line":36,"column":0},"end":{"line":36,"column":23}},"36":{"start":{"line":37,"column":0},"end":{"line":37,"column":25}},"37":{"start":{"line":38,"column":0},"end":{"line":38,"column":23}},"38":{"start":{"line":39,"column":0},"end":{"line":39,"column":3}},"39":{"start":{"line":40,"column":0},"end":{"line":40,"column":1}}},"s":{"0":0,"1":0,"2":0,"3":0,"4":0,"5":0,"6":0,"7":0,"8":0,"9":0,"10":0,"11":0,"12":0,"13":0,"14":0,"15":0,"16":0,"17":0,"18":0,"19":0,"20":0,"21":0,"22":0,"23":0,"24":0,"25":0,"26":0,"27":0,"28":0,"29":0,"30":0,"31":0,"32":0,"33":0,"34":0,"35":0,"36":0,"37":0,"38":0,"39":0},"branchMap":{"0":{"type":"branch","line":1,"loc":{"start":{"line":1,"column":0},"end":{"line":40,"column":1}},"locations":[{"start":{"line":1,"column":0},"end":{"line":40,"column":1}}]}},"b":{"0":[0]},"fnMap":{"0":{"name":"(empty-report)","decl":{"start":{"line":1,"column":0},"end":{"line":40,"column":1}},"loc":{"start":{"line":1,"column":0},"end":{"line":40,"column":1}},"line":1}},"f":{"0":0}}
}
