TN:
SF:src\controllers\analyticsController.js
FN:7,(anonymous_0)
FN:20,(anonymous_1)
FN:32,(anonymous_2)
FN:44,(anonymous_3)
FN:56,(anonymous_4)
FN:62,(anonymous_5)
FNF:6
FNH:4
FNDA:2,(anonymous_0)
FNDA:1,(anonymous_1)
FNDA:1,(anonymous_2)
FNDA:1,(anonymous_3)
FNDA:0,(anonymous_4)
FNDA:0,(anonymous_5)
DA:1,3
DA:2,3
DA:7,3
DA:8,2
DA:9,2
DA:10,2
DA:11,2
DA:13,0
DA:20,3
DA:21,1
DA:22,1
DA:23,1
DA:25,0
DA:32,3
DA:33,1
DA:34,1
DA:35,1
DA:37,0
DA:44,3
DA:45,1
DA:46,1
DA:47,1
DA:49,0
DA:56,3
DA:57,0
DA:58,0
DA:59,0
DA:61,0
DA:62,0
DA:63,0
DA:64,0
DA:66,0
DA:78,0
DA:82,3
LF:34
LH:21
BRDA:9,0,0,1
BRDA:64,1,0,0
BRDA:64,1,1,0
BRF:3
BRH:1
end_of_record
TN:
SF:src\controllers\reportsController.js
FN:6,(anonymous_0)
FN:20,(anonymous_1)
FN:32,(anonymous_2)
FN:45,(anonymous_3)
FN:58,(anonymous_4)
FNF:5
FNH:4
FNDA:1,(anonymous_0)
FNDA:1,(anonymous_1)
FNDA:1,(anonymous_2)
FNDA:1,(anonymous_3)
FNDA:0,(anonymous_4)
DA:1,3
DA:6,3
DA:7,1
DA:8,1
DA:9,1
DA:10,1
DA:11,1
DA:13,0
DA:20,3
DA:21,1
DA:22,1
DA:23,1
DA:25,0
DA:32,3
DA:33,1
DA:34,1
DA:35,1
DA:36,1
DA:38,0
DA:45,3
DA:46,1
DA:47,1
DA:48,1
DA:49,1
DA:51,0
DA:58,3
DA:59,0
DA:60,0
DA:61,0
DA:62,0
DA:64,0
DA:68,3
LF:32
LH:23
BRDA:9,0,0,1
BRDA:9,0,1,1
BRF:2
BRH:2
end_of_record
TN:
SF:src\controllers\syncController.js
FN:6,(anonymous_0)
FNF:1
FNH:1
FNDA:2,(anonymous_0)
DA:1,3
DA:6,3
DA:7,2
DA:8,2
DA:9,2
DA:11,0
DA:15,3
LF:7
LH:6
BRF:0
BRH:0
end_of_record
TN:
SF:src\middleware\authMiddleware.js
FN:8,(anonymous_0)
FNF:1
FNH:1
FNDA:12,(anonymous_0)
DA:1,3
DA:8,3
DA:10,12
DA:11,2
DA:15,10
DA:16,10
DA:19,0
DA:20,0
DA:22,0
DA:23,0
DA:30,0
DA:31,0
DA:36,0
DA:40,0
DA:41,0
DA:46,0
DA:48,0
DA:55,3
LF:18
LH:7
BRDA:10,0,0,2
BRDA:10,0,1,10
BRDA:10,1,0,12
BRDA:10,1,1,12
BRDA:15,2,0,10
BRDA:15,2,1,0
BRDA:22,3,0,0
BRDA:22,3,1,0
BRDA:30,4,0,0
BRDA:30,4,1,0
BRDA:40,5,0,0
BRDA:40,5,1,0
BRDA:42,6,0,0
BRDA:42,6,1,0
BRDA:42,6,2,0
BRDA:43,7,0,0
BRDA:43,7,1,0
BRDA:43,7,2,0
BRDA:44,8,0,0
BRDA:44,8,1,0
BRF:20
BRH:5
end_of_record
TN:
SF:src\middleware\errorHandler.js
FN:5,(anonymous_0)
FNF:1
FNH:0
FNDA:0,(anonymous_0)
DA:5,3
DA:6,0
DA:8,0
DA:10,0
DA:17,3
LF:5
LH:2
BRDA:8,0,0,0
BRDA:8,0,1,0
BRDA:12,1,0,0
BRDA:12,1,1,0
BRDA:13,2,0,0
BRDA:13,2,1,0
BRF:6
BRH:0
end_of_record
TN:
SF:src\middleware\rateLimiter.js
FN:12,(anonymous_0)
FNF:1
FNH:1
FNDA:12,(anonymous_0)
DA:1,3
DA:6,3
DA:14,12
DA:18,3
LF:4
LH:4
BRF:0
BRH:0
end_of_record
TN:
SF:src\middleware\validateRequest.js
FN:6,(anonymous_0)
FNF:1
FNH:1
FNDA:2,(anonymous_0)
DA:1,3
DA:6,3
DA:7,2
DA:22,2
DA:24,2
DA:25,1
DA:31,1
DA:32,1
DA:35,3
LF:9
LH:9
BRDA:24,0,0,1
BRDA:24,0,1,1
BRF:2
BRH:2
end_of_record
TN:
SF:src\models\AnalyticsCache.js
FNF:0
FNH:0
DA:1,0
DA:3,0
DA:37,0
LF:3
LH:0
BRF:0
BRH:0
end_of_record
TN:
SF:src\models\Report.js
FNF:0
FNH:0
DA:1,4
DA:3,4
DA:46,4
LF:3
LH:3
BRF:0
BRH:0
end_of_record
TN:
SF:src\models\TasksMirror.js
FNF:0
FNH:0
DA:1,7
DA:3,7
DA:45,7
LF:3
LH:3
BRF:0
BRH:0
end_of_record
TN:
SF:src\routes\analyticsRoutes.js
FNF:0
FNH:0
DA:1,3
DA:2,3
DA:3,3
DA:4,3
DA:10,3
DA:16,3
DA:22,3
DA:28,3
DA:35,3
DA:37,3
LF:10
LH:10
BRF:0
BRH:0
end_of_record
TN:
SF:src\routes\reportRoutes.js
FNF:0
FNH:0
DA:1,3
DA:2,3
DA:3,3
DA:4,3
DA:5,3
DA:11,3
DA:18,3
DA:24,3
DA:31,3
DA:37,3
DA:39,3
LF:11
LH:11
BRF:0
BRH:0
end_of_record
TN:
SF:src\routes\syncRoutes.js
FNF:0
FNH:0
DA:1,3
DA:2,3
DA:3,3
DA:9,3
DA:11,3
LF:5
LH:5
BRF:0
BRH:0
end_of_record
TN:
SF:src\services\analyticsService.js
FN:15,(anonymous_0)
FN:82,(anonymous_1)
FN:102,(anonymous_2)
FN:107,(anonymous_3)
FN:113,(anonymous_4)
FN:127,(anonymous_5)
FN:160,(anonymous_6)
FN:183,(anonymous_7)
FNF:8
FNH:7
FNDA:4,(anonymous_0)
FNDA:3,(anonymous_1)
FNDA:21,(anonymous_2)
FNDA:0,(anonymous_3)
FNDA:21,(anonymous_4)
FNDA:3,(anonymous_5)
FNDA:2,(anonymous_6)
FNDA:2,(anonymous_7)
DA:1,5
DA:2,5
DA:8,5
DA:15,5
DA:16,4
DA:19,4
DA:20,4
DA:21,4
DA:22,4
DA:23,4
DA:24,4
DA:25,4
DA:26,4
DA:29,4
DA:30,4
DA:31,4
DA:32,4
DA:33,4
DA:34,4
DA:37,4
DA:41,4
DA:46,4
DA:51,4
DA:55,4
DA:60,4
DA:64,4
DA:73,0
DA:74,0
DA:82,5
DA:83,3
DA:85,3
DA:86,3
DA:87,3
DA:88,3
DA:89,3
DA:90,3
DA:91,3
DA:92,3
DA:95,3
DA:101,3
DA:102,3
DA:103,21
DA:107,3
DA:108,0
DA:109,0
DA:113,21
DA:118,0
DA:119,0
DA:127,5
DA:128,3
DA:129,3
DA:130,3
DA:131,3
DA:132,3
DA:134,3
DA:150,0
DA:151,0
DA:160,5
DA:161,2
DA:162,2
DA:164,2
DA:183,2
DA:193,0
DA:194,0
DA:198,5
LF:65
LH:55
BRDA:15,0,0,0
BRDA:22,1,0,0
BRDA:22,1,1,4
BRDA:46,2,0,4
BRDA:46,2,1,0
BRDA:60,3,0,3
BRDA:60,3,1,1
BRDA:88,4,0,0
BRDA:88,4,1,3
BRDA:137,5,0,3
BRDA:137,5,1,0
BRDA:141,6,0,3
BRDA:141,6,1,0
BRDA:145,7,0,3
BRDA:145,7,1,0
BRDA:160,8,0,2
BRDA:162,9,0,0
BRDA:162,9,1,2
BRDA:188,10,0,2
BRDA:188,10,1,0
BRF:20
BRH:11
end_of_record
TN:
SF:src\services\reportsService.js
FN:12,(anonymous_0)
FN:37,(anonymous_1)
FN:56,(anonymous_2)
FN:71,(anonymous_3)
FN:89,(anonymous_4)
FN:108,(anonymous_5)
FNF:6
FNH:5
FNDA:3,(anonymous_0)
FNDA:3,(anonymous_1)
FNDA:2,(anonymous_2)
FNDA:3,(anonymous_3)
FNDA:3,(anonymous_4)
FNDA:0,(anonymous_5)
DA:1,4
DA:2,4
DA:12,4
DA:13,3
DA:15,3
DA:24,3
DA:25,3
DA:28,3
DA:36,3
DA:37,3
DA:40,3
DA:41,3
DA:42,3
DA:44,3
DA:45,3
DA:47,0
DA:48,0
DA:56,4
DA:57,2
DA:58,2
DA:59,2
DA:61,0
DA:62,0
DA:71,4
DA:72,3
DA:73,3
DA:74,3
DA:75,1
DA:77,2
DA:79,1
DA:80,1
DA:89,4
DA:90,3
DA:91,3
DA:92,3
DA:93,1
DA:95,2
DA:96,2
DA:98,1
DA:99,1
DA:108,4
DA:109,0
DA:110,0
DA:111,0
DA:113,0
DA:114,0
DA:118,4
LF:47
LH:38
BRDA:12,0,0,2
BRDA:36,1,0,3
BRDA:36,1,1,0
BRDA:74,2,0,1
BRDA:74,2,1,2
BRDA:92,3,0,1
BRDA:92,3,1,2
BRF:7
BRH:6
end_of_record
TN:
SF:src\services\syncService.js
FN:9,(anonymous_0)
FN:35,(anonymous_1)
FNF:2
FNH:2
FNDA:6,(anonymous_0)
FNDA:42,(anonymous_1)
DA:1,4
DA:2,4
DA:3,4
DA:9,4
DA:10,6
DA:11,6
DA:14,6
DA:17,6
DA:23,6
DA:29,5
DA:31,5
DA:32,1
DA:35,42
DA:46,4
DA:49,3
DA:50,42
DA:57,3
DA:58,3
DA:64,3
DA:65,3
DA:72,4
LF:21
LH:21
BRDA:14,0,0,6
BRDA:14,0,1,0
BRDA:29,1,0,5
BRDA:29,1,1,3
BRDA:29,1,2,0
BRDA:29,1,3,0
BRDA:31,2,0,1
BRDA:31,2,1,4
BRDA:36,3,0,42
BRDA:36,3,1,0
BRDA:39,4,0,42
BRDA:39,4,1,1
BRDA:39,4,2,0
BRDA:40,5,0,42
BRDA:40,5,1,1
BRDA:42,6,0,42
BRDA:42,6,1,42
BRDA:42,7,0,1
BRDA:42,7,1,41
BRF:19
BRH:14
end_of_record
TN:
SF:src\utils\constants.js
FNF:0
FNH:0
DA:2,5
DA:9,5
DA:16,5
DA:22,5
DA:31,5
DA:34,5
DA:36,5
LF:7
LH:7
BRF:0
BRH:0
end_of_record
TN:
SF:src\utils\helpers.js
FN:8,(anonymous_0)
FN:35,(anonymous_1)
FN:66,(anonymous_2)
FN:75,(anonymous_3)
FN:86,(anonymous_4)
FN:96,(anonymous_5)
FNF:6
FNH:1
FNDA:0,(anonymous_0)
FNDA:0,(anonymous_1)
FNDA:12,(anonymous_2)
FNDA:0,(anonymous_3)
FNDA:0,(anonymous_4)
FNDA:0,(anonymous_5)
DA:1,5
DA:8,5
DA:9,0
DA:10,0
DA:11,0
DA:13,0
DA:14,0
DA:15,0
DA:16,0
DA:17,0
DA:18,0
DA:19,0
DA:20,0
DA:21,0
DA:22,0
DA:23,0
DA:24,0
DA:27,0
DA:35,5
DA:36,0
DA:37,0
DA:38,0
DA:40,0
DA:42,0
DA:43,0
DA:44,0
DA:45,0
DA:46,0
DA:47,0
DA:48,0
DA:50,0
DA:51,0
DA:52,0
DA:53,0
DA:54,0
DA:57,0
DA:66,5
DA:67,12
DA:68,9
DA:75,5
DA:76,0
DA:77,0
DA:78,0
DA:86,5
DA:87,0
DA:88,0
DA:96,5
DA:97,0
DA:100,5
LF:49
LH:10
BRDA:13,0,0,0
BRDA:13,0,1,0
BRDA:15,1,0,0
BRDA:15,1,1,0
BRDA:19,2,0,0
BRDA:19,2,1,0
BRDA:40,3,0,0
BRDA:40,3,1,0
BRDA:43,4,0,0
BRDA:43,4,1,0
BRDA:48,5,0,0
BRDA:48,5,1,0
BRDA:67,6,0,3
BRDA:67,6,1,9
BRDA:67,7,0,0
BRDA:67,7,1,3
BRF:16
BRH:3
end_of_record
